2022-08-27 16:47:29,776{GMT}	INFO	[jepsen test runner] jepsen.core: Test version b09ea6e9c27394cd025aaa125aada17b06f8d78d (plus uncommitted changes)
2022-08-27 16:47:29,776{GMT}	INFO	[jepsen test runner] jepsen.core: Command line:
lein run test --node localhost --username codedump --password 123456 --time-limit 10
2022-08-27 16:47:29,804{GMT}	INFO	[jepsen test runner] jepsen.core: Running test:
{:remote #jepsen.control.SSHRemote{:session nil}
 :concurrency 1
 :db
 #object[jepsen.etcdemo$db$reify__2513
         "0x3f7f9d3f"
         "jepsen.etcdemo$db$reify__2513@3f7f9d3f"]
 :leave-db-running? false
 :name "etcd"
 :logging-json? false
 :start-time
 #object[org.joda.time.DateTime "0x5cfde2a4" "2022-08-27T16:47:29.000+08:00"]
 :net
 #object[jepsen.net$reify__9085 "0x53fb3e1b" "jepsen.net$reify__9085@53fb3e1b"]
 :client #jepsen.etcdemo.Client{:conn nil}
 :barrier
 #object[java.util.concurrent.CyclicBarrier
         "0xf5a680"
         "java.util.concurrent.CyclicBarrier@f5a680"]
 :pure-generators true
 :ssh
 {:dummy? false,
  :username "codedump",
  :password "123456",
  :strict-host-key-checking false,
  :private-key-path nil}
 :checker
 #object[jepsen.checker$linearizable$reify__8632
         "0x48a2b492"
         "jepsen.checker$linearizable$reify__8632@48a2b492"]
 :argv
 ("test"
  "--node"
  "localhost"
  "--username"
  "codedump"
  "--password"
  "123456"
  "--time-limit"
  "10")
 :nemesis
 #object[jepsen.nemesis$partitioner$reify__9233
         "0x7bf997e0"
         "jepsen.nemesis$partitioner$reify__9233@7bf997e0"]
 :active-histories
 #object[clojure.lang.Atom "0x363ee411" {:status :ready, :val #{}}]
 :nodes ["localhost"]
 :test-count 1
 :generator
 (jepsen.generator.TimeLimit
  {:limit 10000000000,
   :cutoff nil,
   :gen (jepsen.generator.Any
         {:gens [(jepsen.generator.OnThreads
                  {:f #{:nemesis},
                   :gen ({:type :sleep, :value 5}
                         {:type :info, :f :start}
                         {:type :sleep, :value 5}
                         {:type :info, :f :stop}
                         {:type :sleep, :value 5}
                         {:type :info, :f :start}
                         {:type :sleep, :value 5}
                         {:type :info, :f :stop}
                         ...)})
                 (jepsen.generator.OnThreads
                  {:f #object[clojure.core$complement$fn__5654
                              "0x4b74a4d"
                              "clojure.core$complement$fn__5654@4b74a4d"],
                   :gen (jepsen.generator.Stagger
                         {:dt 40000000,
                          :next-time nil,
                          :gen (jepsen.generator.Mix
                                {:i 2,
                                 :gens [#object[jepsen.etcdemo$r
                                                "0x63df2eb8"
                                                "jepsen.etcdemo$r@63df2eb8"]
                                        #object[jepsen.etcdemo$w
                                                "0x49c72fb7"
                                                "jepsen.etcdemo$w@49c72fb7"]
                                        #object[jepsen.etcdemo$cas
                                                "0x565983f3"
                                                "jepsen.etcdemo$cas@565983f3"]]})})})]})})
 :os
 #object[jepsen.os.ubuntu.Ubuntu
         "0x68024e57"
         "jepsen.os.ubuntu.Ubuntu@68024e57"]
 :time-limit 10}

2022-08-27 16:47:29,904{GMT}	INFO	[jepsen node localhost] jepsen.os.ubuntu: localhost setting up ubuntu
2022-08-27 16:47:30,660{GMT}	INFO	[jepsen test runner] jepsen.db: Tearing down DB
2022-08-27 16:47:30,661{GMT}	INFO	[jepsen node localhost] jepsen.etcdemo: localhost tearing down etcd
2022-08-27 16:47:30,662{GMT}	INFO	[jepsen node localhost] jepsen.control.util: Stopping etcd
2022-08-27 16:47:30,971{GMT}	INFO	[jepsen test runner] jepsen.db: Setting up DB
2022-08-27 16:47:30,972{GMT}	INFO	[jepsen node localhost] jepsen.etcdemo: localhost installing etcd v3.1.5
2022-08-27 16:47:32,193{GMT}	INFO	[jepsen node localhost] jepsen.control.util: starting etcd
2022-08-27 16:47:42,399{GMT}	INFO	[jepsen test runner] jepsen.core: Relative time begins now
2022-08-27 16:47:42,619{GMT}	INFO	[jepsen worker 0] jepsen.util: 0	:invoke	:cas	[2 1]
2022-08-27 16:47:42,664{GMT}	INFO	[jepsen worker 0] jepsen.util: 0	:fail	:cas	[2 1]	:not-found
2022-08-27 16:47:42,664{GMT}	INFO	[jepsen worker 0] jepsen.util: 0	:invoke	:write	4
2022-08-27 16:47:42,666{GMT}	INFO	[jepsen worker 0] jepsen.util: 0	:ok	:write	4
2022-08-27 16:47:42,666{GMT}	INFO	[jepsen worker 0] jepsen.util: 0	:invoke	:write	4
2022-08-27 16:47:42,668{GMT}	INFO	[jepsen worker 0] jepsen.util: 0	:ok	:write	4
2022-08-27 16:47:42,668{GMT}	INFO	[jepsen worker 0] jepsen.util: 0	:invoke	:read	nil
2022-08-27 16:47:42,669{GMT}	INFO	[jepsen worker 0] jepsen.util: 0	:ok	:read	4
2022-08-27 16:47:42,670{GMT}	INFO	[jepsen worker 0] jepsen.util: 0	:invoke	:write	2
2022-08-27 16:47:42,671{GMT}	INFO	[jepsen worker 0] jepsen.util: 0	:ok	:write	2
2022-08-27 16:47:42,704{GMT}	INFO	[jepsen worker 0] jepsen.util: 0	:invoke	:read	nil
2022-08-27 16:47:42,708{GMT}	INFO	[jepsen worker 0] jepsen.util: 0	:ok	:read	2
2022-08-27 16:47:42,726{GMT}	INFO	[jepsen worker 0] jepsen.util: 0	:invoke	:read	nil
2022-08-27 16:47:42,731{GMT}	INFO	[jepsen worker 0] jepsen.util: 0	:ok	:read	2
2022-08-27 16:47:42,737{GMT}	INFO	[jepsen worker 0] jepsen.util: 0	:invoke	:write	2
2022-08-27 16:47:42,741{GMT}	INFO	[jepsen worker 0] jepsen.util: 0	:ok	:write	2
2022-08-27 16:47:42,741{GMT}	INFO	[jepsen worker 0] jepsen.util: 0	:invoke	:cas	[2 4]
2022-08-27 16:47:42,744{GMT}	INFO	[jepsen worker 0] jepsen.util: 0	:ok	:cas	[2 4]
2022-08-27 16:47:42,770{GMT}	INFO	[jepsen worker 0] jepsen.util: 0	:invoke	:read	nil
2022-08-27 16:47:42,775{GMT}	INFO	[jepsen worker 0] jepsen.util: 0	:ok	:read	4
2022-08-27 16:47:42,785{GMT}	INFO	[jepsen worker 0] jepsen.util: 0	:invoke	:cas	[1 2]
2022-08-27 16:47:42,790{GMT}	INFO	[jepsen worker 0] jepsen.util: 0	:fail	:cas	[1 2]
2022-08-27 16:47:42,803{GMT}	INFO	[jepsen worker 0] jepsen.util: 0	:invoke	:write	4
2022-08-27 16:47:42,808{GMT}	INFO	[jepsen worker 0] jepsen.util: 0	:ok	:write	4
2022-08-27 16:47:42,835{GMT}	INFO	[jepsen worker 0] jepsen.util: 0	:invoke	:cas	[3 1]
2022-08-27 16:47:42,841{GMT}	INFO	[jepsen worker 0] jepsen.util: 0	:fail	:cas	[3 1]
2022-08-27 16:47:42,841{GMT}	INFO	[jepsen worker 0] jepsen.util: 0	:invoke	:write	2
2022-08-27 16:47:42,845{GMT}	INFO	[jepsen worker 0] jepsen.util: 0	:ok	:write	2
2022-08-27 16:47:42,846{GMT}	INFO	[jepsen worker 0] jepsen.util: 0	:invoke	:cas	[2 3]
2022-08-27 16:47:42,850{GMT}	INFO	[jepsen worker 0] jepsen.util: 0	:ok	:cas	[2 3]
2022-08-27 16:47:42,855{GMT}	INFO	[jepsen worker 0] jepsen.util: 0	:invoke	:cas	[0 2]
2022-08-27 16:47:42,858{GMT}	INFO	[jepsen worker 0] jepsen.util: 0	:fail	:cas	[0 2]
2022-08-27 16:47:42,874{GMT}	INFO	[jepsen worker 0] jepsen.util: 0	:invoke	:write	2
2022-08-27 16:47:42,879{GMT}	INFO	[jepsen worker 0] jepsen.util: 0	:ok	:write	2
2022-08-27 16:47:42,881{GMT}	INFO	[jepsen worker 0] jepsen.util: 0	:invoke	:read	nil
2022-08-27 16:47:42,885{GMT}	INFO	[jepsen worker 0] jepsen.util: 0	:ok	:read	2
2022-08-27 16:47:42,902{GMT}	INFO	[jepsen worker 0] jepsen.util: 0	:invoke	:write	0
2022-08-27 16:47:42,906{GMT}	INFO	[jepsen worker 0] jepsen.util: 0	:ok	:write	0
2022-08-27 16:47:42,934{GMT}	INFO	[jepsen worker 0] jepsen.util: 0	:invoke	:cas	[0 2]
2022-08-27 16:47:42,939{GMT}	INFO	[jepsen worker 0] jepsen.util: 0	:ok	:cas	[0 2]
2022-08-27 16:47:42,953{GMT}	INFO	[jepsen worker 0] jepsen.util: 0	:invoke	:read	nil
2022-08-27 16:47:42,957{GMT}	INFO	[jepsen worker 0] jepsen.util: 0	:ok	:read	2
2022-08-27 16:47:42,987{GMT}	INFO	[jepsen worker 0] jepsen.util: 0	:invoke	:read	nil
2022-08-27 16:47:42,992{GMT}	INFO	[jepsen worker 0] jepsen.util: 0	:ok	:read	2
2022-08-27 16:47:43,027{GMT}	INFO	[jepsen worker 0] jepsen.util: 0	:invoke	:cas	[4 3]
2022-08-27 16:47:43,032{GMT}	INFO	[jepsen worker 0] jepsen.util: 0	:fail	:cas	[4 3]
2022-08-27 16:47:43,048{GMT}	INFO	[jepsen worker 0] jepsen.util: 0	:invoke	:cas	[1 0]
2022-08-27 16:47:43,053{GMT}	INFO	[jepsen worker 0] jepsen.util: 0	:fail	:cas	[1 0]
2022-08-27 16:47:43,064{GMT}	INFO	[jepsen worker 0] jepsen.util: 0	:invoke	:read	nil
2022-08-27 16:47:43,068{GMT}	INFO	[jepsen worker 0] jepsen.util: 0	:ok	:read	2
2022-08-27 16:47:43,094{GMT}	INFO	[jepsen worker 0] jepsen.util: 0	:invoke	:read	nil
2022-08-27 16:47:43,098{GMT}	INFO	[jepsen worker 0] jepsen.util: 0	:ok	:read	2
2022-08-27 16:47:43,108{GMT}	INFO	[jepsen worker 0] jepsen.util: 0	:invoke	:cas	[1 2]
2022-08-27 16:47:43,114{GMT}	INFO	[jepsen worker 0] jepsen.util: 0	:fail	:cas	[1 2]
2022-08-27 16:47:43,147{GMT}	INFO	[jepsen worker 0] jepsen.util: 0	:invoke	:write	4
2022-08-27 16:47:43,151{GMT}	INFO	[jepsen worker 0] jepsen.util: 0	:ok	:write	4
2022-08-27 16:47:43,166{GMT}	INFO	[jepsen worker 0] jepsen.util: 0	:invoke	:read	nil
2022-08-27 16:47:43,170{GMT}	INFO	[jepsen worker 0] jepsen.util: 0	:ok	:read	4
2022-08-27 16:47:43,191{GMT}	INFO	[jepsen worker 0] jepsen.util: 0	:invoke	:read	nil
2022-08-27 16:47:43,195{GMT}	INFO	[jepsen worker 0] jepsen.util: 0	:ok	:read	4
2022-08-27 16:47:43,224{GMT}	INFO	[jepsen worker 0] jepsen.util: 0	:invoke	:cas	[1 0]
2022-08-27 16:47:43,230{GMT}	INFO	[jepsen worker 0] jepsen.util: 0	:fail	:cas	[1 0]
2022-08-27 16:47:43,249{GMT}	INFO	[jepsen worker 0] jepsen.util: 0	:invoke	:write	3
2022-08-27 16:47:43,254{GMT}	INFO	[jepsen worker 0] jepsen.util: 0	:ok	:write	3
2022-08-27 16:47:43,265{GMT}	INFO	[jepsen worker 0] jepsen.util: 0	:invoke	:cas	[3 0]
2022-08-27 16:47:43,269{GMT}	INFO	[jepsen worker 0] jepsen.util: 0	:ok	:cas	[3 0]
2022-08-27 16:47:43,272{GMT}	INFO	[jepsen worker 0] jepsen.util: 0	:invoke	:cas	[2 3]
2022-08-27 16:47:43,276{GMT}	INFO	[jepsen worker 0] jepsen.util: 0	:fail	:cas	[2 3]
2022-08-27 16:47:43,300{GMT}	INFO	[jepsen worker 0] jepsen.util: 0	:invoke	:write	4
2022-08-27 16:47:43,304{GMT}	INFO	[jepsen worker 0] jepsen.util: 0	:ok	:write	4
2022-08-27 16:47:43,315{GMT}	INFO	[jepsen worker 0] jepsen.util: 0	:invoke	:write	3
2022-08-27 16:47:43,319{GMT}	INFO	[jepsen worker 0] jepsen.util: 0	:ok	:write	3
2022-08-27 16:47:43,333{GMT}	INFO	[jepsen worker 0] jepsen.util: 0	:invoke	:write	0
2022-08-27 16:47:43,337{GMT}	INFO	[jepsen worker 0] jepsen.util: 0	:ok	:write	0
2022-08-27 16:47:43,361{GMT}	INFO	[jepsen worker 0] jepsen.util: 0	:invoke	:write	0
2022-08-27 16:47:43,365{GMT}	INFO	[jepsen worker 0] jepsen.util: 0	:ok	:write	0
2022-08-27 16:47:43,373{GMT}	INFO	[jepsen worker 0] jepsen.util: 0	:invoke	:read	nil
2022-08-27 16:47:43,377{GMT}	INFO	[jepsen worker 0] jepsen.util: 0	:ok	:read	0
2022-08-27 16:47:43,411{GMT}	INFO	[jepsen worker 0] jepsen.util: 0	:invoke	:cas	[1 1]
2022-08-27 16:47:43,416{GMT}	INFO	[jepsen worker 0] jepsen.util: 0	:fail	:cas	[1 1]
2022-08-27 16:47:43,433{GMT}	INFO	[jepsen worker 0] jepsen.util: 0	:invoke	:read	nil
2022-08-27 16:47:43,437{GMT}	INFO	[jepsen worker 0] jepsen.util: 0	:ok	:read	0
2022-08-27 16:47:43,453{GMT}	INFO	[jepsen worker 0] jepsen.util: 0	:invoke	:read	nil
2022-08-27 16:47:43,457{GMT}	INFO	[jepsen worker 0] jepsen.util: 0	:ok	:read	0
2022-08-27 16:47:43,460{GMT}	INFO	[jepsen worker 0] jepsen.util: 0	:invoke	:cas	[3 4]
2022-08-27 16:47:43,465{GMT}	INFO	[jepsen worker 0] jepsen.util: 0	:fail	:cas	[3 4]
2022-08-27 16:47:43,487{GMT}	INFO	[jepsen worker 0] jepsen.util: 0	:invoke	:write	2
2022-08-27 16:47:43,491{GMT}	INFO	[jepsen worker 0] jepsen.util: 0	:ok	:write	2
2022-08-27 16:47:43,517{GMT}	INFO	[jepsen worker 0] jepsen.util: 0	:invoke	:write	1
2022-08-27 16:47:43,521{GMT}	INFO	[jepsen worker 0] jepsen.util: 0	:ok	:write	1
2022-08-27 16:47:43,555{GMT}	INFO	[jepsen worker 0] jepsen.util: 0	:invoke	:cas	[3 1]
2022-08-27 16:47:43,560{GMT}	INFO	[jepsen worker 0] jepsen.util: 0	:fail	:cas	[3 1]
2022-08-27 16:47:43,588{GMT}	INFO	[jepsen worker 0] jepsen.util: 0	:invoke	:write	2
2022-08-27 16:47:43,592{GMT}	INFO	[jepsen worker 0] jepsen.util: 0	:ok	:write	2
2022-08-27 16:47:43,618{GMT}	INFO	[jepsen worker 0] jepsen.util: 0	:invoke	:read	nil
2022-08-27 16:47:43,622{GMT}	INFO	[jepsen worker 0] jepsen.util: 0	:ok	:read	2
2022-08-27 16:47:43,632{GMT}	INFO	[jepsen worker 0] jepsen.util: 0	:invoke	:write	1
2022-08-27 16:47:43,636{GMT}	INFO	[jepsen worker 0] jepsen.util: 0	:ok	:write	1
2022-08-27 16:47:43,658{GMT}	INFO	[jepsen worker 0] jepsen.util: 0	:invoke	:read	nil
2022-08-27 16:47:43,662{GMT}	INFO	[jepsen worker 0] jepsen.util: 0	:ok	:read	1
2022-08-27 16:47:43,665{GMT}	INFO	[jepsen worker 0] jepsen.util: 0	:invoke	:read	nil
2022-08-27 16:47:43,668{GMT}	INFO	[jepsen worker 0] jepsen.util: 0	:ok	:read	1
2022-08-27 16:47:43,679{GMT}	INFO	[jepsen worker 0] jepsen.util: 0	:invoke	:cas	[2 3]
2022-08-27 16:47:43,683{GMT}	INFO	[jepsen worker 0] jepsen.util: 0	:fail	:cas	[2 3]
2022-08-27 16:47:43,692{GMT}	INFO	[jepsen worker 0] jepsen.util: 0	:invoke	:write	4
2022-08-27 16:47:43,695{GMT}	INFO	[jepsen worker 0] jepsen.util: 0	:ok	:write	4
2022-08-27 16:47:43,708{GMT}	INFO	[jepsen worker 0] jepsen.util: 0	:invoke	:cas	[0 3]
2022-08-27 16:47:43,713{GMT}	INFO	[jepsen worker 0] jepsen.util: 0	:fail	:cas	[0 3]
2022-08-27 16:47:43,747{GMT}	INFO	[jepsen worker 0] jepsen.util: 0	:invoke	:cas	[0 0]
2022-08-27 16:47:43,751{GMT}	INFO	[jepsen worker 0] jepsen.util: 0	:fail	:cas	[0 0]
2022-08-27 16:47:43,765{GMT}	INFO	[jepsen worker 0] jepsen.util: 0	:invoke	:read	nil
2022-08-27 16:47:43,769{GMT}	INFO	[jepsen worker 0] jepsen.util: 0	:ok	:read	4
2022-08-27 16:47:43,772{GMT}	INFO	[jepsen worker 0] jepsen.util: 0	:invoke	:write	2
2022-08-27 16:47:43,776{GMT}	INFO	[jepsen worker 0] jepsen.util: 0	:ok	:write	2
2022-08-27 16:47:43,782{GMT}	INFO	[jepsen worker 0] jepsen.util: 0	:invoke	:cas	[1 3]
2022-08-27 16:47:43,786{GMT}	INFO	[jepsen worker 0] jepsen.util: 0	:fail	:cas	[1 3]
2022-08-27 16:47:43,793{GMT}	INFO	[jepsen worker 0] jepsen.util: 0	:invoke	:write	4
2022-08-27 16:47:43,796{GMT}	INFO	[jepsen worker 0] jepsen.util: 0	:ok	:write	4
2022-08-27 16:47:43,807{GMT}	INFO	[jepsen worker 0] jepsen.util: 0	:invoke	:cas	[1 1]
2022-08-27 16:47:43,811{GMT}	INFO	[jepsen worker 0] jepsen.util: 0	:fail	:cas	[1 1]
2022-08-27 16:47:43,816{GMT}	INFO	[jepsen worker 0] jepsen.util: 0	:invoke	:write	3
2022-08-27 16:47:43,819{GMT}	INFO	[jepsen worker 0] jepsen.util: 0	:ok	:write	3
2022-08-27 16:47:43,822{GMT}	INFO	[jepsen worker 0] jepsen.util: 0	:invoke	:cas	[2 4]
2022-08-27 16:47:43,826{GMT}	INFO	[jepsen worker 0] jepsen.util: 0	:fail	:cas	[2 4]
2022-08-27 16:47:43,859{GMT}	INFO	[jepsen worker 0] jepsen.util: 0	:invoke	:write	3
2022-08-27 16:47:43,863{GMT}	INFO	[jepsen worker 0] jepsen.util: 0	:ok	:write	3
2022-08-27 16:47:43,894{GMT}	INFO	[jepsen worker 0] jepsen.util: 0	:invoke	:write	2
2022-08-27 16:47:43,898{GMT}	INFO	[jepsen worker 0] jepsen.util: 0	:ok	:write	2
2022-08-27 16:47:43,898{GMT}	INFO	[jepsen worker 0] jepsen.util: 0	:invoke	:cas	[0 0]
2022-08-27 16:47:43,902{GMT}	INFO	[jepsen worker 0] jepsen.util: 0	:fail	:cas	[0 0]
2022-08-27 16:47:43,905{GMT}	INFO	[jepsen worker 0] jepsen.util: 0	:invoke	:read	nil
2022-08-27 16:47:43,908{GMT}	INFO	[jepsen worker 0] jepsen.util: 0	:ok	:read	2
2022-08-27 16:47:43,911{GMT}	INFO	[jepsen worker 0] jepsen.util: 0	:invoke	:read	nil
2022-08-27 16:47:43,914{GMT}	INFO	[jepsen worker 0] jepsen.util: 0	:ok	:read	2
2022-08-27 16:47:43,950{GMT}	INFO	[jepsen worker 0] jepsen.util: 0	:invoke	:cas	[3 1]
2022-08-27 16:47:43,955{GMT}	INFO	[jepsen worker 0] jepsen.util: 0	:fail	:cas	[3 1]
2022-08-27 16:47:43,981{GMT}	INFO	[jepsen worker 0] jepsen.util: 0	:invoke	:write	0
2022-08-27 16:47:43,985{GMT}	INFO	[jepsen worker 0] jepsen.util: 0	:ok	:write	0
2022-08-27 16:47:44,020{GMT}	INFO	[jepsen worker 0] jepsen.util: 0	:invoke	:cas	[3 2]
2022-08-27 16:47:44,024{GMT}	INFO	[jepsen worker 0] jepsen.util: 0	:fail	:cas	[3 2]
2022-08-27 16:47:44,036{GMT}	INFO	[jepsen worker 0] jepsen.util: 0	:invoke	:write	3
2022-08-27 16:47:44,039{GMT}	INFO	[jepsen worker 0] jepsen.util: 0	:ok	:write	3
2022-08-27 16:47:44,054{GMT}	INFO	[jepsen worker 0] jepsen.util: 0	:invoke	:write	4
2022-08-27 16:47:44,058{GMT}	INFO	[jepsen worker 0] jepsen.util: 0	:ok	:write	4
2022-08-27 16:47:44,092{GMT}	INFO	[jepsen worker 0] jepsen.util: 0	:invoke	:read	nil
2022-08-27 16:47:44,096{GMT}	INFO	[jepsen worker 0] jepsen.util: 0	:ok	:read	4
2022-08-27 16:47:44,096{GMT}	INFO	[jepsen worker 0] jepsen.util: 0	:invoke	:cas	[0 4]
2022-08-27 16:47:44,100{GMT}	INFO	[jepsen worker 0] jepsen.util: 0	:fail	:cas	[0 4]
2022-08-27 16:47:44,116{GMT}	INFO	[jepsen worker 0] jepsen.util: 0	:invoke	:write	2
2022-08-27 16:47:44,119{GMT}	INFO	[jepsen worker 0] jepsen.util: 0	:ok	:write	2
2022-08-27 16:47:44,124{GMT}	INFO	[jepsen worker 0] jepsen.util: 0	:invoke	:write	1
2022-08-27 16:47:44,127{GMT}	INFO	[jepsen worker 0] jepsen.util: 0	:ok	:write	1
2022-08-27 16:47:44,150{GMT}	INFO	[jepsen worker 0] jepsen.util: 0	:invoke	:read	nil
2022-08-27 16:47:44,153{GMT}	INFO	[jepsen worker 0] jepsen.util: 0	:ok	:read	1
2022-08-27 16:47:44,173{GMT}	INFO	[jepsen worker 0] jepsen.util: 0	:invoke	:read	nil
2022-08-27 16:47:44,176{GMT}	INFO	[jepsen worker 0] jepsen.util: 0	:ok	:read	1
2022-08-27 16:47:44,183{GMT}	INFO	[jepsen worker 0] jepsen.util: 0	:invoke	:cas	[3 0]
2022-08-27 16:47:44,187{GMT}	INFO	[jepsen worker 0] jepsen.util: 0	:fail	:cas	[3 0]
2022-08-27 16:47:44,218{GMT}	INFO	[jepsen worker 0] jepsen.util: 0	:invoke	:cas	[2 4]
2022-08-27 16:47:44,222{GMT}	INFO	[jepsen worker 0] jepsen.util: 0	:fail	:cas	[2 4]
2022-08-27 16:47:44,234{GMT}	INFO	[jepsen worker 0] jepsen.util: 0	:invoke	:read	nil
2022-08-27 16:47:44,238{GMT}	INFO	[jepsen worker 0] jepsen.util: 0	:ok	:read	1
2022-08-27 16:47:44,238{GMT}	INFO	[jepsen worker 0] jepsen.util: 0	:invoke	:cas	[1 1]
2022-08-27 16:47:44,241{GMT}	INFO	[jepsen worker 0] jepsen.util: 0	:ok	:cas	[1 1]
2022-08-27 16:47:44,252{GMT}	INFO	[jepsen worker 0] jepsen.util: 0	:invoke	:write	0
2022-08-27 16:47:44,255{GMT}	INFO	[jepsen worker 0] jepsen.util: 0	:ok	:write	0
2022-08-27 16:47:44,264{GMT}	INFO	[jepsen worker 0] jepsen.util: 0	:invoke	:cas	[1 0]
2022-08-27 16:47:44,268{GMT}	INFO	[jepsen worker 0] jepsen.util: 0	:fail	:cas	[1 0]
2022-08-27 16:47:44,279{GMT}	INFO	[jepsen worker 0] jepsen.util: 0	:invoke	:cas	[2 1]
2022-08-27 16:47:44,284{GMT}	INFO	[jepsen worker 0] jepsen.util: 0	:fail	:cas	[2 1]
2022-08-27 16:47:44,314{GMT}	INFO	[jepsen worker 0] jepsen.util: 0	:invoke	:write	1
2022-08-27 16:47:44,318{GMT}	INFO	[jepsen worker 0] jepsen.util: 0	:ok	:write	1
2022-08-27 16:47:44,346{GMT}	INFO	[jepsen worker 0] jepsen.util: 0	:invoke	:cas	[0 2]
2022-08-27 16:47:44,351{GMT}	INFO	[jepsen worker 0] jepsen.util: 0	:fail	:cas	[0 2]
2022-08-27 16:47:44,367{GMT}	INFO	[jepsen worker 0] jepsen.util: 0	:invoke	:cas	[3 0]
2022-08-27 16:47:44,371{GMT}	INFO	[jepsen worker 0] jepsen.util: 0	:fail	:cas	[3 0]
2022-08-27 16:47:44,378{GMT}	INFO	[jepsen worker 0] jepsen.util: 0	:invoke	:read	nil
2022-08-27 16:47:44,381{GMT}	INFO	[jepsen worker 0] jepsen.util: 0	:ok	:read	1
2022-08-27 16:47:44,404{GMT}	INFO	[jepsen worker 0] jepsen.util: 0	:invoke	:write	2
2022-08-27 16:47:44,408{GMT}	INFO	[jepsen worker 0] jepsen.util: 0	:ok	:write	2
2022-08-27 16:47:44,413{GMT}	INFO	[jepsen worker 0] jepsen.util: 0	:invoke	:write	2
2022-08-27 16:47:44,416{GMT}	INFO	[jepsen worker 0] jepsen.util: 0	:ok	:write	2
2022-08-27 16:47:44,430{GMT}	INFO	[jepsen worker 0] jepsen.util: 0	:invoke	:read	nil
2022-08-27 16:47:44,433{GMT}	INFO	[jepsen worker 0] jepsen.util: 0	:ok	:read	2
2022-08-27 16:47:44,463{GMT}	INFO	[jepsen worker 0] jepsen.util: 0	:invoke	:cas	[4 1]
2022-08-27 16:47:44,468{GMT}	INFO	[jepsen worker 0] jepsen.util: 0	:fail	:cas	[4 1]
2022-08-27 16:47:44,502{GMT}	INFO	[jepsen worker 0] jepsen.util: 0	:invoke	:read	nil
2022-08-27 16:47:44,505{GMT}	INFO	[jepsen worker 0] jepsen.util: 0	:ok	:read	2
2022-08-27 16:47:44,509{GMT}	INFO	[jepsen worker 0] jepsen.util: 0	:invoke	:write	0
2022-08-27 16:47:44,512{GMT}	INFO	[jepsen worker 0] jepsen.util: 0	:ok	:write	0
2022-08-27 16:47:44,546{GMT}	INFO	[jepsen worker 0] jepsen.util: 0	:invoke	:cas	[4 4]
2022-08-27 16:47:44,550{GMT}	INFO	[jepsen worker 0] jepsen.util: 0	:fail	:cas	[4 4]
2022-08-27 16:47:44,550{GMT}	INFO	[jepsen worker 0] jepsen.util: 0	:invoke	:cas	[0 2]
2022-08-27 16:47:44,553{GMT}	INFO	[jepsen worker 0] jepsen.util: 0	:ok	:cas	[0 2]
2022-08-27 16:47:44,579{GMT}	INFO	[jepsen worker 0] jepsen.util: 0	:invoke	:cas	[3 2]
2022-08-27 16:47:44,583{GMT}	INFO	[jepsen worker 0] jepsen.util: 0	:fail	:cas	[3 2]
2022-08-27 16:47:44,601{GMT}	INFO	[jepsen worker 0] jepsen.util: 0	:invoke	:cas	[2 2]
2022-08-27 16:47:44,604{GMT}	INFO	[jepsen worker 0] jepsen.util: 0	:ok	:cas	[2 2]
2022-08-27 16:47:44,607{GMT}	INFO	[jepsen worker 0] jepsen.util: 0	:invoke	:cas	[4 3]
2022-08-27 16:47:44,611{GMT}	INFO	[jepsen worker 0] jepsen.util: 0	:fail	:cas	[4 3]
2022-08-27 16:47:44,615{GMT}	INFO	[jepsen worker 0] jepsen.util: 0	:invoke	:read	nil
2022-08-27 16:47:44,618{GMT}	INFO	[jepsen worker 0] jepsen.util: 0	:ok	:read	2
2022-08-27 16:47:44,618{GMT}	INFO	[jepsen worker 0] jepsen.util: 0	:invoke	:write	2
2022-08-27 16:47:44,621{GMT}	INFO	[jepsen worker 0] jepsen.util: 0	:ok	:write	2
2022-08-27 16:47:44,640{GMT}	INFO	[jepsen worker 0] jepsen.util: 0	:invoke	:write	3
2022-08-27 16:47:44,643{GMT}	INFO	[jepsen worker 0] jepsen.util: 0	:ok	:write	3
2022-08-27 16:47:44,671{GMT}	INFO	[jepsen worker 0] jepsen.util: 0	:invoke	:write	4
2022-08-27 16:47:44,674{GMT}	INFO	[jepsen worker 0] jepsen.util: 0	:ok	:write	4
2022-08-27 16:47:44,681{GMT}	INFO	[jepsen worker 0] jepsen.util: 0	:invoke	:cas	[0 4]
2022-08-27 16:47:44,685{GMT}	INFO	[jepsen worker 0] jepsen.util: 0	:fail	:cas	[0 4]
2022-08-27 16:47:44,704{GMT}	INFO	[jepsen worker 0] jepsen.util: 0	:invoke	:write	1
2022-08-27 16:47:44,707{GMT}	INFO	[jepsen worker 0] jepsen.util: 0	:ok	:write	1
2022-08-27 16:47:44,718{GMT}	INFO	[jepsen worker 0] jepsen.util: 0	:invoke	:read	nil
2022-08-27 16:47:44,722{GMT}	INFO	[jepsen worker 0] jepsen.util: 0	:ok	:read	1
2022-08-27 16:47:44,722{GMT}	INFO	[jepsen worker 0] jepsen.util: 0	:invoke	:read	nil
2022-08-27 16:47:44,725{GMT}	INFO	[jepsen worker 0] jepsen.util: 0	:ok	:read	1
2022-08-27 16:47:44,752{GMT}	INFO	[jepsen worker 0] jepsen.util: 0	:invoke	:write	1
2022-08-27 16:47:44,755{GMT}	INFO	[jepsen worker 0] jepsen.util: 0	:ok	:write	1
2022-08-27 16:47:44,755{GMT}	INFO	[jepsen worker 0] jepsen.util: 0	:invoke	:write	1
2022-08-27 16:47:44,758{GMT}	INFO	[jepsen worker 0] jepsen.util: 0	:ok	:write	1
2022-08-27 16:47:44,786{GMT}	INFO	[jepsen worker 0] jepsen.util: 0	:invoke	:cas	[1 0]
2022-08-27 16:47:44,789{GMT}	INFO	[jepsen worker 0] jepsen.util: 0	:ok	:cas	[1 0]
2022-08-27 16:47:44,790{GMT}	INFO	[jepsen worker 0] jepsen.util: 0	:invoke	:read	nil
2022-08-27 16:47:44,792{GMT}	INFO	[jepsen worker 0] jepsen.util: 0	:ok	:read	0
2022-08-27 16:47:44,793{GMT}	INFO	[jepsen worker 0] jepsen.util: 0	:invoke	:read	nil
2022-08-27 16:47:44,796{GMT}	INFO	[jepsen worker 0] jepsen.util: 0	:ok	:read	0
2022-08-27 16:47:44,818{GMT}	INFO	[jepsen worker 0] jepsen.util: 0	:invoke	:write	1
2022-08-27 16:47:44,822{GMT}	INFO	[jepsen worker 0] jepsen.util: 0	:ok	:write	1
2022-08-27 16:47:44,849{GMT}	INFO	[jepsen worker 0] jepsen.util: 0	:invoke	:write	1
2022-08-27 16:47:44,852{GMT}	INFO	[jepsen worker 0] jepsen.util: 0	:ok	:write	1
2022-08-27 16:47:44,878{GMT}	INFO	[jepsen worker 0] jepsen.util: 0	:invoke	:cas	[1 0]
2022-08-27 16:47:44,882{GMT}	INFO	[jepsen worker 0] jepsen.util: 0	:ok	:cas	[1 0]
2022-08-27 16:47:44,907{GMT}	INFO	[jepsen worker 0] jepsen.util: 0	:invoke	:write	4
2022-08-27 16:47:44,910{GMT}	INFO	[jepsen worker 0] jepsen.util: 0	:ok	:write	4
2022-08-27 16:47:44,938{GMT}	INFO	[jepsen worker 0] jepsen.util: 0	:invoke	:write	4
2022-08-27 16:47:44,941{GMT}	INFO	[jepsen worker 0] jepsen.util: 0	:ok	:write	4
2022-08-27 16:47:44,948{GMT}	INFO	[jepsen worker 0] jepsen.util: 0	:invoke	:read	nil
2022-08-27 16:47:44,951{GMT}	INFO	[jepsen worker 0] jepsen.util: 0	:ok	:read	4
2022-08-27 16:47:44,962{GMT}	INFO	[jepsen worker 0] jepsen.util: 0	:invoke	:cas	[2 1]
2022-08-27 16:47:44,967{GMT}	INFO	[jepsen worker 0] jepsen.util: 0	:fail	:cas	[2 1]
2022-08-27 16:47:44,979{GMT}	INFO	[jepsen worker 0] jepsen.util: 0	:invoke	:cas	[3 1]
2022-08-27 16:47:44,983{GMT}	INFO	[jepsen worker 0] jepsen.util: 0	:fail	:cas	[3 1]
2022-08-27 16:47:44,983{GMT}	INFO	[jepsen worker 0] jepsen.util: 0	:invoke	:write	1
2022-08-27 16:47:44,986{GMT}	INFO	[jepsen worker 0] jepsen.util: 0	:ok	:write	1
2022-08-27 16:47:45,001{GMT}	INFO	[jepsen worker 0] jepsen.util: 0	:invoke	:read	nil
2022-08-27 16:47:45,005{GMT}	INFO	[jepsen worker 0] jepsen.util: 0	:ok	:read	1
2022-08-27 16:47:45,039{GMT}	INFO	[jepsen worker 0] jepsen.util: 0	:invoke	:read	nil
2022-08-27 16:47:45,043{GMT}	INFO	[jepsen worker 0] jepsen.util: 0	:ok	:read	1
2022-08-27 16:47:45,079{GMT}	INFO	[jepsen worker 0] jepsen.util: 0	:invoke	:cas	[4 1]
2022-08-27 16:47:45,083{GMT}	INFO	[jepsen worker 0] jepsen.util: 0	:fail	:cas	[4 1]
2022-08-27 16:47:45,085{GMT}	INFO	[jepsen worker 0] jepsen.util: 0	:invoke	:cas	[3 3]
2022-08-27 16:47:45,090{GMT}	INFO	[jepsen worker 0] jepsen.util: 0	:fail	:cas	[3 3]
2022-08-27 16:47:45,090{GMT}	INFO	[jepsen worker 0] jepsen.util: 0	:invoke	:write	4
2022-08-27 16:47:45,094{GMT}	INFO	[jepsen worker 0] jepsen.util: 0	:ok	:write	4
2022-08-27 16:47:45,099{GMT}	INFO	[jepsen worker 0] jepsen.util: 0	:invoke	:cas	[2 2]
2022-08-27 16:47:45,106{GMT}	INFO	[jepsen worker 0] jepsen.util: 0	:fail	:cas	[2 2]
2022-08-27 16:47:45,112{GMT}	INFO	[jepsen worker 0] jepsen.util: 0	:invoke	:cas	[2 0]
2022-08-27 16:47:45,115{GMT}	INFO	[jepsen worker 0] jepsen.util: 0	:fail	:cas	[2 0]
2022-08-27 16:47:45,144{GMT}	INFO	[jepsen worker 0] jepsen.util: 0	:invoke	:read	nil
2022-08-27 16:47:45,147{GMT}	INFO	[jepsen worker 0] jepsen.util: 0	:ok	:read	4
2022-08-27 16:47:45,161{GMT}	INFO	[jepsen worker 0] jepsen.util: 0	:invoke	:read	nil
2022-08-27 16:47:45,164{GMT}	INFO	[jepsen worker 0] jepsen.util: 0	:ok	:read	4
2022-08-27 16:47:45,185{GMT}	INFO	[jepsen worker 0] jepsen.util: 0	:invoke	:write	3
2022-08-27 16:47:45,188{GMT}	INFO	[jepsen worker 0] jepsen.util: 0	:ok	:write	3
2022-08-27 16:47:45,202{GMT}	INFO	[jepsen worker 0] jepsen.util: 0	:invoke	:cas	[3 3]
2022-08-27 16:47:45,205{GMT}	INFO	[jepsen worker 0] jepsen.util: 0	:ok	:cas	[3 3]
2022-08-27 16:47:45,227{GMT}	INFO	[jepsen worker 0] jepsen.util: 0	:invoke	:read	nil
2022-08-27 16:47:45,230{GMT}	INFO	[jepsen worker 0] jepsen.util: 0	:ok	:read	3
2022-08-27 16:47:45,235{GMT}	INFO	[jepsen worker 0] jepsen.util: 0	:invoke	:write	1
2022-08-27 16:47:45,238{GMT}	INFO	[jepsen worker 0] jepsen.util: 0	:ok	:write	1
2022-08-27 16:47:45,272{GMT}	INFO	[jepsen worker 0] jepsen.util: 0	:invoke	:cas	[0 2]
2022-08-27 16:47:45,277{GMT}	INFO	[jepsen worker 0] jepsen.util: 0	:fail	:cas	[0 2]
2022-08-27 16:47:45,283{GMT}	INFO	[jepsen worker 0] jepsen.util: 0	:invoke	:cas	[3 4]
2022-08-27 16:47:45,287{GMT}	INFO	[jepsen worker 0] jepsen.util: 0	:fail	:cas	[3 4]
2022-08-27 16:47:45,287{GMT}	INFO	[jepsen worker 0] jepsen.util: 0	:invoke	:cas	[1 3]
2022-08-27 16:47:45,290{GMT}	INFO	[jepsen worker 0] jepsen.util: 0	:ok	:cas	[1 3]
2022-08-27 16:47:45,316{GMT}	INFO	[jepsen worker 0] jepsen.util: 0	:invoke	:read	nil
2022-08-27 16:47:45,320{GMT}	INFO	[jepsen worker 0] jepsen.util: 0	:ok	:read	3
2022-08-27 16:47:45,334{GMT}	INFO	[jepsen worker 0] jepsen.util: 0	:invoke	:read	nil
2022-08-27 16:47:45,337{GMT}	INFO	[jepsen worker 0] jepsen.util: 0	:ok	:read	3
2022-08-27 16:47:45,364{GMT}	INFO	[jepsen worker 0] jepsen.util: 0	:invoke	:read	nil
2022-08-27 16:47:45,367{GMT}	INFO	[jepsen worker 0] jepsen.util: 0	:ok	:read	3
2022-08-27 16:47:45,378{GMT}	INFO	[jepsen worker 0] jepsen.util: 0	:invoke	:read	nil
2022-08-27 16:47:45,381{GMT}	INFO	[jepsen worker 0] jepsen.util: 0	:ok	:read	3
2022-08-27 16:47:45,405{GMT}	INFO	[jepsen worker 0] jepsen.util: 0	:invoke	:read	nil
2022-08-27 16:47:45,408{GMT}	INFO	[jepsen worker 0] jepsen.util: 0	:ok	:read	3
2022-08-27 16:47:45,430{GMT}	INFO	[jepsen worker 0] jepsen.util: 0	:invoke	:cas	[2 1]
2022-08-27 16:47:45,434{GMT}	INFO	[jepsen worker 0] jepsen.util: 0	:fail	:cas	[2 1]
2022-08-27 16:47:45,445{GMT}	INFO	[jepsen worker 0] jepsen.util: 0	:invoke	:cas	[4 3]
2022-08-27 16:47:45,448{GMT}	INFO	[jepsen worker 0] jepsen.util: 0	:fail	:cas	[4 3]
2022-08-27 16:47:45,465{GMT}	INFO	[jepsen worker 0] jepsen.util: 0	:invoke	:cas	[0 2]
2022-08-27 16:47:45,467{GMT}	INFO	[jepsen worker 0] jepsen.util: 0	:fail	:cas	[0 2]
2022-08-27 16:47:45,499{GMT}	INFO	[jepsen worker 0] jepsen.util: 0	:invoke	:read	nil
2022-08-27 16:47:45,501{GMT}	INFO	[jepsen worker 0] jepsen.util: 0	:ok	:read	3
2022-08-27 16:47:45,533{GMT}	INFO	[jepsen worker 0] jepsen.util: 0	:invoke	:cas	[1 3]
2022-08-27 16:47:45,537{GMT}	INFO	[jepsen worker 0] jepsen.util: 0	:fail	:cas	[1 3]
2022-08-27 16:47:45,537{GMT}	INFO	[jepsen worker 0] jepsen.util: 0	:invoke	:read	nil
2022-08-27 16:47:45,540{GMT}	INFO	[jepsen worker 0] jepsen.util: 0	:ok	:read	3
2022-08-27 16:47:45,555{GMT}	INFO	[jepsen worker 0] jepsen.util: 0	:invoke	:read	nil
2022-08-27 16:47:45,558{GMT}	INFO	[jepsen worker 0] jepsen.util: 0	:ok	:read	3
2022-08-27 16:47:45,577{GMT}	INFO	[jepsen worker 0] jepsen.util: 0	:invoke	:read	nil
2022-08-27 16:47:45,580{GMT}	INFO	[jepsen worker 0] jepsen.util: 0	:ok	:read	3
2022-08-27 16:47:45,601{GMT}	INFO	[jepsen worker 0] jepsen.util: 0	:invoke	:write	1
2022-08-27 16:47:45,605{GMT}	INFO	[jepsen worker 0] jepsen.util: 0	:ok	:write	1
2022-08-27 16:47:45,606{GMT}	INFO	[jepsen worker 0] jepsen.util: 0	:invoke	:write	2
2022-08-27 16:47:45,608{GMT}	INFO	[jepsen worker 0] jepsen.util: 0	:ok	:write	2
2022-08-27 16:47:45,645{GMT}	INFO	[jepsen worker 0] jepsen.util: 0	:invoke	:cas	[3 4]
2022-08-27 16:47:45,649{GMT}	INFO	[jepsen worker 0] jepsen.util: 0	:fail	:cas	[3 4]
2022-08-27 16:47:45,677{GMT}	INFO	[jepsen worker 0] jepsen.util: 0	:invoke	:read	nil
2022-08-27 16:47:45,681{GMT}	INFO	[jepsen worker 0] jepsen.util: 0	:ok	:read	2
2022-08-27 16:47:45,701{GMT}	INFO	[jepsen worker 0] jepsen.util: 0	:invoke	:write	4
2022-08-27 16:47:45,704{GMT}	INFO	[jepsen worker 0] jepsen.util: 0	:ok	:write	4
2022-08-27 16:47:45,729{GMT}	INFO	[jepsen worker 0] jepsen.util: 0	:invoke	:write	3
2022-08-27 16:47:45,732{GMT}	INFO	[jepsen worker 0] jepsen.util: 0	:ok	:write	3
2022-08-27 16:47:45,756{GMT}	INFO	[jepsen worker 0] jepsen.util: 0	:invoke	:read	nil
2022-08-27 16:47:45,759{GMT}	INFO	[jepsen worker 0] jepsen.util: 0	:ok	:read	3
2022-08-27 16:47:45,767{GMT}	INFO	[jepsen worker 0] jepsen.util: 0	:invoke	:cas	[0 4]
2022-08-27 16:47:45,770{GMT}	INFO	[jepsen worker 0] jepsen.util: 0	:fail	:cas	[0 4]
2022-08-27 16:47:45,781{GMT}	INFO	[jepsen worker 0] jepsen.util: 0	:invoke	:read	nil
2022-08-27 16:47:45,785{GMT}	INFO	[jepsen worker 0] jepsen.util: 0	:ok	:read	3
2022-08-27 16:47:45,794{GMT}	INFO	[jepsen worker 0] jepsen.util: 0	:invoke	:read	nil
2022-08-27 16:47:45,797{GMT}	INFO	[jepsen worker 0] jepsen.util: 0	:ok	:read	3
2022-08-27 16:47:45,829{GMT}	INFO	[jepsen worker 0] jepsen.util: 0	:invoke	:write	3
2022-08-27 16:47:45,833{GMT}	INFO	[jepsen worker 0] jepsen.util: 0	:ok	:write	3
2022-08-27 16:47:45,849{GMT}	INFO	[jepsen worker 0] jepsen.util: 0	:invoke	:write	0
2022-08-27 16:47:45,852{GMT}	INFO	[jepsen worker 0] jepsen.util: 0	:ok	:write	0
2022-08-27 16:47:45,880{GMT}	INFO	[jepsen worker 0] jepsen.util: 0	:invoke	:read	nil
2022-08-27 16:47:45,883{GMT}	INFO	[jepsen worker 0] jepsen.util: 0	:ok	:read	0
2022-08-27 16:47:45,889{GMT}	INFO	[jepsen worker 0] jepsen.util: 0	:invoke	:read	nil
2022-08-27 16:47:45,894{GMT}	INFO	[jepsen worker 0] jepsen.util: 0	:ok	:read	0
2022-08-27 16:47:45,895{GMT}	INFO	[jepsen worker 0] jepsen.util: 0	:invoke	:cas	[1 0]
2022-08-27 16:47:45,898{GMT}	INFO	[jepsen worker 0] jepsen.util: 0	:fail	:cas	[1 0]
2022-08-27 16:47:45,924{GMT}	INFO	[jepsen worker 0] jepsen.util: 0	:invoke	:read	nil
2022-08-27 16:47:45,927{GMT}	INFO	[jepsen worker 0] jepsen.util: 0	:ok	:read	0
2022-08-27 16:47:45,949{GMT}	INFO	[jepsen worker 0] jepsen.util: 0	:invoke	:read	nil
2022-08-27 16:47:45,953{GMT}	INFO	[jepsen worker 0] jepsen.util: 0	:ok	:read	0
2022-08-27 16:47:45,969{GMT}	INFO	[jepsen worker 0] jepsen.util: 0	:invoke	:cas	[0 4]
2022-08-27 16:47:45,972{GMT}	INFO	[jepsen worker 0] jepsen.util: 0	:ok	:cas	[0 4]
2022-08-27 16:47:46,003{GMT}	INFO	[jepsen worker 0] jepsen.util: 0	:invoke	:cas	[1 2]
2022-08-27 16:47:46,007{GMT}	INFO	[jepsen worker 0] jepsen.util: 0	:fail	:cas	[1 2]
2022-08-27 16:47:46,020{GMT}	INFO	[jepsen worker 0] jepsen.util: 0	:invoke	:cas	[2 4]
2022-08-27 16:47:46,024{GMT}	INFO	[jepsen worker 0] jepsen.util: 0	:fail	:cas	[2 4]
2022-08-27 16:47:46,057{GMT}	INFO	[jepsen worker 0] jepsen.util: 0	:invoke	:cas	[4 0]
2022-08-27 16:47:46,061{GMT}	INFO	[jepsen worker 0] jepsen.util: 0	:ok	:cas	[4 0]
2022-08-27 16:47:46,080{GMT}	INFO	[jepsen worker 0] jepsen.util: 0	:invoke	:cas	[2 0]
2022-08-27 16:47:46,084{GMT}	INFO	[jepsen worker 0] jepsen.util: 0	:fail	:cas	[2 0]
2022-08-27 16:47:46,100{GMT}	INFO	[jepsen worker 0] jepsen.util: 0	:invoke	:cas	[0 4]
2022-08-27 16:47:46,103{GMT}	INFO	[jepsen worker 0] jepsen.util: 0	:ok	:cas	[0 4]
2022-08-27 16:47:46,104{GMT}	INFO	[jepsen worker 0] jepsen.util: 0	:invoke	:write	4
2022-08-27 16:47:46,106{GMT}	INFO	[jepsen worker 0] jepsen.util: 0	:ok	:write	4
2022-08-27 16:47:46,129{GMT}	INFO	[jepsen worker 0] jepsen.util: 0	:invoke	:write	3
2022-08-27 16:47:46,131{GMT}	INFO	[jepsen worker 0] jepsen.util: 0	:ok	:write	3
2022-08-27 16:47:46,132{GMT}	INFO	[jepsen worker 0] jepsen.util: 0	:invoke	:read	nil
2022-08-27 16:47:46,134{GMT}	INFO	[jepsen worker 0] jepsen.util: 0	:ok	:read	3
2022-08-27 16:47:46,147{GMT}	INFO	[jepsen worker 0] jepsen.util: 0	:invoke	:write	2
2022-08-27 16:47:46,150{GMT}	INFO	[jepsen worker 0] jepsen.util: 0	:ok	:write	2
2022-08-27 16:47:46,151{GMT}	INFO	[jepsen worker 0] jepsen.util: 0	:invoke	:cas	[1 0]
2022-08-27 16:47:46,154{GMT}	INFO	[jepsen worker 0] jepsen.util: 0	:fail	:cas	[1 0]
2022-08-27 16:47:46,184{GMT}	INFO	[jepsen worker 0] jepsen.util: 0	:invoke	:cas	[0 3]
2022-08-27 16:47:46,188{GMT}	INFO	[jepsen worker 0] jepsen.util: 0	:fail	:cas	[0 3]
2022-08-27 16:47:46,188{GMT}	INFO	[jepsen worker 0] jepsen.util: 0	:invoke	:write	4
2022-08-27 16:47:46,190{GMT}	INFO	[jepsen worker 0] jepsen.util: 0	:ok	:write	4
2022-08-27 16:47:46,219{GMT}	INFO	[jepsen worker 0] jepsen.util: 0	:invoke	:cas	[0 1]
2022-08-27 16:47:46,223{GMT}	INFO	[jepsen worker 0] jepsen.util: 0	:fail	:cas	[0 1]
2022-08-27 16:47:46,223{GMT}	INFO	[jepsen worker 0] jepsen.util: 0	:invoke	:cas	[0 2]
2022-08-27 16:47:46,227{GMT}	INFO	[jepsen worker 0] jepsen.util: 0	:fail	:cas	[0 2]
2022-08-27 16:47:46,258{GMT}	INFO	[jepsen worker 0] jepsen.util: 0	:invoke	:cas	[4 4]
2022-08-27 16:47:46,261{GMT}	INFO	[jepsen worker 0] jepsen.util: 0	:ok	:cas	[4 4]
2022-08-27 16:47:46,274{GMT}	INFO	[jepsen worker 0] jepsen.util: 0	:invoke	:cas	[3 1]
2022-08-27 16:47:46,279{GMT}	INFO	[jepsen worker 0] jepsen.util: 0	:fail	:cas	[3 1]
2022-08-27 16:47:46,279{GMT}	INFO	[jepsen worker 0] jepsen.util: 0	:invoke	:read	nil
2022-08-27 16:47:46,282{GMT}	INFO	[jepsen worker 0] jepsen.util: 0	:ok	:read	4
2022-08-27 16:47:46,287{GMT}	INFO	[jepsen worker 0] jepsen.util: 0	:invoke	:cas	[1 0]
2022-08-27 16:47:46,290{GMT}	INFO	[jepsen worker 0] jepsen.util: 0	:fail	:cas	[1 0]
2022-08-27 16:47:46,307{GMT}	INFO	[jepsen worker 0] jepsen.util: 0	:invoke	:write	1
2022-08-27 16:47:46,311{GMT}	INFO	[jepsen worker 0] jepsen.util: 0	:ok	:write	1
2022-08-27 16:47:46,336{GMT}	INFO	[jepsen worker 0] jepsen.util: 0	:invoke	:write	4
2022-08-27 16:47:46,339{GMT}	INFO	[jepsen worker 0] jepsen.util: 0	:ok	:write	4
2022-08-27 16:47:46,367{GMT}	INFO	[jepsen worker 0] jepsen.util: 0	:invoke	:write	2
2022-08-27 16:47:46,370{GMT}	INFO	[jepsen worker 0] jepsen.util: 0	:ok	:write	2
2022-08-27 16:47:46,406{GMT}	INFO	[jepsen worker 0] jepsen.util: 0	:invoke	:write	2
2022-08-27 16:47:46,409{GMT}	INFO	[jepsen worker 0] jepsen.util: 0	:ok	:write	2
2022-08-27 16:47:46,423{GMT}	INFO	[jepsen worker 0] jepsen.util: 0	:invoke	:cas	[2 3]
2022-08-27 16:47:46,427{GMT}	INFO	[jepsen worker 0] jepsen.util: 0	:ok	:cas	[2 3]
2022-08-27 16:47:46,427{GMT}	INFO	[jepsen worker 0] jepsen.util: 0	:invoke	:write	3
2022-08-27 16:47:46,430{GMT}	INFO	[jepsen worker 0] jepsen.util: 0	:ok	:write	3
2022-08-27 16:47:46,432{GMT}	INFO	[jepsen worker 0] jepsen.util: 0	:invoke	:write	2
2022-08-27 16:47:46,435{GMT}	INFO	[jepsen worker 0] jepsen.util: 0	:ok	:write	2
2022-08-27 16:47:46,452{GMT}	INFO	[jepsen worker 0] jepsen.util: 0	:invoke	:cas	[4 2]
2022-08-27 16:47:46,456{GMT}	INFO	[jepsen worker 0] jepsen.util: 0	:fail	:cas	[4 2]
2022-08-27 16:47:46,468{GMT}	INFO	[jepsen worker 0] jepsen.util: 0	:invoke	:read	nil
2022-08-27 16:47:46,471{GMT}	INFO	[jepsen worker 0] jepsen.util: 0	:ok	:read	2
2022-08-27 16:47:46,500{GMT}	INFO	[jepsen worker 0] jepsen.util: 0	:invoke	:cas	[1 2]
2022-08-27 16:47:46,504{GMT}	INFO	[jepsen worker 0] jepsen.util: 0	:fail	:cas	[1 2]
2022-08-27 16:47:46,504{GMT}	INFO	[jepsen worker 0] jepsen.util: 0	:invoke	:cas	[0 1]
2022-08-27 16:47:46,508{GMT}	INFO	[jepsen worker 0] jepsen.util: 0	:fail	:cas	[0 1]
2022-08-27 16:47:46,540{GMT}	INFO	[jepsen worker 0] jepsen.util: 0	:invoke	:read	nil
2022-08-27 16:47:46,544{GMT}	INFO	[jepsen worker 0] jepsen.util: 0	:ok	:read	2
2022-08-27 16:47:46,553{GMT}	INFO	[jepsen worker 0] jepsen.util: 0	:invoke	:write	1
2022-08-27 16:47:46,556{GMT}	INFO	[jepsen worker 0] jepsen.util: 0	:ok	:write	1
2022-08-27 16:47:46,577{GMT}	INFO	[jepsen worker 0] jepsen.util: 0	:invoke	:write	2
2022-08-27 16:47:46,580{GMT}	INFO	[jepsen worker 0] jepsen.util: 0	:ok	:write	2
2022-08-27 16:47:46,614{GMT}	INFO	[jepsen worker 0] jepsen.util: 0	:invoke	:cas	[4 1]
2022-08-27 16:47:46,618{GMT}	INFO	[jepsen worker 0] jepsen.util: 0	:fail	:cas	[4 1]
2022-08-27 16:47:46,618{GMT}	INFO	[jepsen worker 0] jepsen.util: 0	:invoke	:read	nil
2022-08-27 16:47:46,621{GMT}	INFO	[jepsen worker 0] jepsen.util: 0	:ok	:read	2
2022-08-27 16:47:46,621{GMT}	INFO	[jepsen worker 0] jepsen.util: 0	:invoke	:read	nil
2022-08-27 16:47:46,623{GMT}	INFO	[jepsen worker 0] jepsen.util: 0	:ok	:read	2
2022-08-27 16:47:46,652{GMT}	INFO	[jepsen worker 0] jepsen.util: 0	:invoke	:cas	[2 1]
2022-08-27 16:47:46,655{GMT}	INFO	[jepsen worker 0] jepsen.util: 0	:ok	:cas	[2 1]
2022-08-27 16:47:46,686{GMT}	INFO	[jepsen worker 0] jepsen.util: 0	:invoke	:write	3
2022-08-27 16:47:46,690{GMT}	INFO	[jepsen worker 0] jepsen.util: 0	:ok	:write	3
2022-08-27 16:47:46,711{GMT}	INFO	[jepsen worker 0] jepsen.util: 0	:invoke	:read	nil
2022-08-27 16:47:46,714{GMT}	INFO	[jepsen worker 0] jepsen.util: 0	:ok	:read	3
2022-08-27 16:47:46,727{GMT}	INFO	[jepsen worker 0] jepsen.util: 0	:invoke	:write	0
2022-08-27 16:47:46,730{GMT}	INFO	[jepsen worker 0] jepsen.util: 0	:ok	:write	0
2022-08-27 16:47:46,766{GMT}	INFO	[jepsen worker 0] jepsen.util: 0	:invoke	:read	nil
2022-08-27 16:47:46,769{GMT}	INFO	[jepsen worker 0] jepsen.util: 0	:ok	:read	0
2022-08-27 16:47:46,801{GMT}	INFO	[jepsen worker 0] jepsen.util: 0	:invoke	:write	2
2022-08-27 16:47:46,804{GMT}	INFO	[jepsen worker 0] jepsen.util: 0	:ok	:write	2
2022-08-27 16:47:46,805{GMT}	INFO	[jepsen worker 0] jepsen.util: 0	:invoke	:cas	[2 4]
2022-08-27 16:47:46,807{GMT}	INFO	[jepsen worker 0] jepsen.util: 0	:ok	:cas	[2 4]
2022-08-27 16:47:46,841{GMT}	INFO	[jepsen worker 0] jepsen.util: 0	:invoke	:write	2
2022-08-27 16:47:46,845{GMT}	INFO	[jepsen worker 0] jepsen.util: 0	:ok	:write	2
2022-08-27 16:47:46,868{GMT}	INFO	[jepsen worker 0] jepsen.util: 0	:invoke	:write	0
2022-08-27 16:47:46,871{GMT}	INFO	[jepsen worker 0] jepsen.util: 0	:ok	:write	0
2022-08-27 16:47:46,871{GMT}	INFO	[jepsen worker 0] jepsen.util: 0	:invoke	:read	nil
2022-08-27 16:47:46,874{GMT}	INFO	[jepsen worker 0] jepsen.util: 0	:ok	:read	0
2022-08-27 16:47:46,906{GMT}	INFO	[jepsen worker 0] jepsen.util: 0	:invoke	:write	3
2022-08-27 16:47:46,909{GMT}	INFO	[jepsen worker 0] jepsen.util: 0	:ok	:write	3
2022-08-27 16:47:46,909{GMT}	INFO	[jepsen worker 0] jepsen.util: 0	:invoke	:cas	[4 0]
2022-08-27 16:47:46,913{GMT}	INFO	[jepsen worker 0] jepsen.util: 0	:fail	:cas	[4 0]
2022-08-27 16:47:46,932{GMT}	INFO	[jepsen worker 0] jepsen.util: 0	:invoke	:write	0
2022-08-27 16:47:46,935{GMT}	INFO	[jepsen worker 0] jepsen.util: 0	:ok	:write	0
2022-08-27 16:47:46,936{GMT}	INFO	[jepsen worker 0] jepsen.util: 0	:invoke	:write	0
2022-08-27 16:47:46,939{GMT}	INFO	[jepsen worker 0] jepsen.util: 0	:ok	:write	0
2022-08-27 16:47:46,971{GMT}	INFO	[jepsen worker 0] jepsen.util: 0	:invoke	:cas	[1 4]
2022-08-27 16:47:46,975{GMT}	INFO	[jepsen worker 0] jepsen.util: 0	:fail	:cas	[1 4]
2022-08-27 16:47:46,975{GMT}	INFO	[jepsen worker 0] jepsen.util: 0	:invoke	:read	nil
2022-08-27 16:47:46,977{GMT}	INFO	[jepsen worker 0] jepsen.util: 0	:ok	:read	0
2022-08-27 16:47:46,977{GMT}	INFO	[jepsen worker 0] jepsen.util: 0	:invoke	:read	nil
2022-08-27 16:47:46,980{GMT}	INFO	[jepsen worker 0] jepsen.util: 0	:ok	:read	0
2022-08-27 16:47:47,001{GMT}	INFO	[jepsen worker 0] jepsen.util: 0	:invoke	:cas	[3 4]
2022-08-27 16:47:47,005{GMT}	INFO	[jepsen worker 0] jepsen.util: 0	:fail	:cas	[3 4]
2022-08-27 16:47:47,022{GMT}	INFO	[jepsen worker 0] jepsen.util: 0	:invoke	:write	2
2022-08-27 16:47:47,023{GMT}	INFO	[jepsen worker 0] jepsen.util: 0	:ok	:write	2
2022-08-27 16:47:47,039{GMT}	INFO	[jepsen worker 0] jepsen.util: 0	:invoke	:write	3
2022-08-27 16:47:47,042{GMT}	INFO	[jepsen worker 0] jepsen.util: 0	:ok	:write	3
2022-08-27 16:47:47,045{GMT}	INFO	[jepsen worker 0] jepsen.util: 0	:invoke	:read	nil
2022-08-27 16:47:47,047{GMT}	INFO	[jepsen worker 0] jepsen.util: 0	:ok	:read	3
2022-08-27 16:47:47,053{GMT}	INFO	[jepsen worker 0] jepsen.util: 0	:invoke	:read	nil
2022-08-27 16:47:47,056{GMT}	INFO	[jepsen worker 0] jepsen.util: 0	:ok	:read	3
2022-08-27 16:47:47,065{GMT}	INFO	[jepsen worker 0] jepsen.util: 0	:invoke	:read	nil
2022-08-27 16:47:47,068{GMT}	INFO	[jepsen worker 0] jepsen.util: 0	:ok	:read	3
2022-08-27 16:47:47,100{GMT}	INFO	[jepsen worker 0] jepsen.util: 0	:invoke	:write	0
2022-08-27 16:47:47,103{GMT}	INFO	[jepsen worker 0] jepsen.util: 0	:ok	:write	0
2022-08-27 16:47:47,114{GMT}	INFO	[jepsen worker 0] jepsen.util: 0	:invoke	:write	4
2022-08-27 16:47:47,117{GMT}	INFO	[jepsen worker 0] jepsen.util: 0	:ok	:write	4
2022-08-27 16:47:47,117{GMT}	INFO	[jepsen worker 0] jepsen.util: 0	:invoke	:write	1
2022-08-27 16:47:47,120{GMT}	INFO	[jepsen worker 0] jepsen.util: 0	:ok	:write	1
2022-08-27 16:47:47,138{GMT}	INFO	[jepsen worker 0] jepsen.util: 0	:invoke	:read	nil
2022-08-27 16:47:47,142{GMT}	INFO	[jepsen worker 0] jepsen.util: 0	:ok	:read	1
2022-08-27 16:47:47,177{GMT}	INFO	[jepsen worker 0] jepsen.util: 0	:invoke	:write	1
2022-08-27 16:47:47,180{GMT}	INFO	[jepsen worker 0] jepsen.util: 0	:ok	:write	1
2022-08-27 16:47:47,193{GMT}	INFO	[jepsen worker 0] jepsen.util: 0	:invoke	:write	0
2022-08-27 16:47:47,196{GMT}	INFO	[jepsen worker 0] jepsen.util: 0	:ok	:write	0
2022-08-27 16:47:47,228{GMT}	INFO	[jepsen worker 0] jepsen.util: 0	:invoke	:write	2
2022-08-27 16:47:47,231{GMT}	INFO	[jepsen worker 0] jepsen.util: 0	:ok	:write	2
2022-08-27 16:47:47,237{GMT}	INFO	[jepsen worker 0] jepsen.util: 0	:invoke	:write	1
2022-08-27 16:47:47,240{GMT}	INFO	[jepsen worker 0] jepsen.util: 0	:ok	:write	1
2022-08-27 16:47:47,241{GMT}	INFO	[jepsen worker 0] jepsen.util: 0	:invoke	:write	2
2022-08-27 16:47:47,243{GMT}	INFO	[jepsen worker 0] jepsen.util: 0	:ok	:write	2
2022-08-27 16:47:47,246{GMT}	INFO	[jepsen worker 0] jepsen.util: 0	:invoke	:cas	[2 1]
2022-08-27 16:47:47,248{GMT}	INFO	[jepsen worker 0] jepsen.util: 0	:ok	:cas	[2 1]
2022-08-27 16:47:47,265{GMT}	INFO	[jepsen worker 0] jepsen.util: 0	:invoke	:write	2
2022-08-27 16:47:47,268{GMT}	INFO	[jepsen worker 0] jepsen.util: 0	:ok	:write	2
2022-08-27 16:47:47,292{GMT}	INFO	[jepsen worker 0] jepsen.util: 0	:invoke	:write	3
2022-08-27 16:47:47,296{GMT}	INFO	[jepsen worker 0] jepsen.util: 0	:ok	:write	3
2022-08-27 16:47:47,319{GMT}	INFO	[jepsen worker 0] jepsen.util: 0	:invoke	:write	4
2022-08-27 16:47:47,322{GMT}	INFO	[jepsen worker 0] jepsen.util: 0	:ok	:write	4
2022-08-27 16:47:47,355{GMT}	INFO	[jepsen worker 0] jepsen.util: 0	:invoke	:read	nil
2022-08-27 16:47:47,358{GMT}	INFO	[jepsen worker 0] jepsen.util: 0	:ok	:read	4
2022-08-27 16:47:47,387{GMT}	INFO	[jepsen worker 0] jepsen.util: 0	:invoke	:cas	[1 0]
2022-08-27 16:47:47,391{GMT}	INFO	[jepsen worker 0] jepsen.util: 0	:fail	:cas	[1 0]
2022-08-27 16:47:47,391{GMT}	INFO	[jepsen worker 0] jepsen.util: 0	:invoke	:read	nil
2022-08-27 16:47:47,394{GMT}	INFO	[jepsen worker 0] jepsen.util: 0	:ok	:read	4
2022-08-27 16:47:47,425{GMT}	INFO	[jepsen worker 0] jepsen.util: 0	:invoke	:read	nil
2022-08-27 16:47:47,428{GMT}	INFO	[jepsen worker 0] jepsen.util: 0	:ok	:read	4
2022-08-27 16:47:47,453{GMT}	INFO	[jepsen worker 0] jepsen.util: 0	:invoke	:cas	[2 0]
2022-08-27 16:47:47,457{GMT}	INFO	[jepsen worker 0] jepsen.util: 0	:fail	:cas	[2 0]
2022-08-27 16:47:47,489{GMT}	INFO	[jepsen worker 0] jepsen.util: 0	:invoke	:cas	[2 3]
2022-08-27 16:47:47,491{GMT}	INFO	[jepsen worker 0] jepsen.util: 0	:fail	:cas	[2 3]
2022-08-27 16:47:47,492{GMT}	INFO	[jepsen worker 0] jepsen.util: 0	:invoke	:cas	[2 4]
2022-08-27 16:47:47,494{GMT}	INFO	[jepsen worker 0] jepsen.util: 0	:fail	:cas	[2 4]
2022-08-27 16:47:47,494{GMT}	INFO	[jepsen worker 0] jepsen.util: 0	:invoke	:write	0
2022-08-27 16:47:47,497{GMT}	INFO	[jepsen worker 0] jepsen.util: 0	:ok	:write	0
2022-08-27 16:47:47,497{GMT}	INFO	[jepsen worker 0] jepsen.util: 0	:invoke	:write	0
2022-08-27 16:47:47,498{GMT}	INFO	[jepsen worker 0] jepsen.util: 0	:ok	:write	0
2022-08-27 16:47:47,521{GMT}	INFO	[jepsen worker 0] jepsen.util: 0	:invoke	:write	2
2022-08-27 16:47:47,524{GMT}	INFO	[jepsen worker 0] jepsen.util: 0	:ok	:write	2
2022-08-27 16:47:47,551{GMT}	INFO	[jepsen worker 0] jepsen.util: 0	:invoke	:write	0
2022-08-27 16:47:47,555{GMT}	INFO	[jepsen worker 0] jepsen.util: 0	:ok	:write	0
2022-08-27 16:47:47,568{GMT}	INFO	[jepsen worker 0] jepsen.util: 0	:invoke	:cas	[3 1]
2022-08-27 16:47:47,572{GMT}	INFO	[jepsen worker 0] jepsen.util: 0	:fail	:cas	[3 1]
2022-08-27 16:47:47,605{GMT}	INFO	[jepsen worker 0] jepsen.util: 0	:invoke	:write	0
2022-08-27 16:47:47,608{GMT}	INFO	[jepsen worker 0] jepsen.util: 0	:ok	:write	0
2022-08-27 16:47:47,609{GMT}	INFO	[jepsen worker 0] jepsen.util: 0	:invoke	:read	nil
2022-08-27 16:47:47,611{GMT}	INFO	[jepsen worker 0] jepsen.util: 0	:ok	:read	0
2022-08-27 16:47:47,613{GMT}	INFO	[jepsen worker 0] jepsen.util: 0	:invoke	:write	0
2022-08-27 16:47:47,615{GMT}	INFO	[jepsen worker 0] jepsen.util: 0	:ok	:write	0
2022-08-27 16:47:47,619{GMT}	INFO	[jepsen worker nemesis] jepsen.util: :nemesis	:info	:start	nil
2022-08-27 16:47:47,624{GMT}	INFO	[jepsen worker 0] jepsen.util: 0	:invoke	:write	2
2022-08-27 16:47:47,628{GMT}	INFO	[jepsen worker nemesis] jepsen.util: :nemesis	:info	:start	[:isolated {"localhost" #{}}]
2022-08-27 16:47:47,629{GMT}	INFO	[jepsen worker 0] jepsen.util: 0	:ok	:write	2
2022-08-27 16:47:47,651{GMT}	INFO	[jepsen worker 0] jepsen.util: 0	:invoke	:cas	[1 1]
2022-08-27 16:47:47,653{GMT}	INFO	[jepsen worker 0] jepsen.util: 0	:fail	:cas	[1 1]
2022-08-27 16:47:47,680{GMT}	INFO	[jepsen worker 0] jepsen.util: 0	:invoke	:write	0
2022-08-27 16:47:47,683{GMT}	INFO	[jepsen worker 0] jepsen.util: 0	:ok	:write	0
2022-08-27 16:47:47,702{GMT}	INFO	[jepsen worker 0] jepsen.util: 0	:invoke	:read	nil
2022-08-27 16:47:47,706{GMT}	INFO	[jepsen worker 0] jepsen.util: 0	:ok	:read	0
2022-08-27 16:47:47,709{GMT}	INFO	[jepsen worker 0] jepsen.util: 0	:invoke	:write	3
2022-08-27 16:47:47,711{GMT}	INFO	[jepsen worker 0] jepsen.util: 0	:ok	:write	3
2022-08-27 16:47:47,723{GMT}	INFO	[jepsen worker 0] jepsen.util: 0	:invoke	:write	3
2022-08-27 16:47:47,726{GMT}	INFO	[jepsen worker 0] jepsen.util: 0	:ok	:write	3
2022-08-27 16:47:47,727{GMT}	INFO	[jepsen worker 0] jepsen.util: 0	:invoke	:cas	[2 4]
2022-08-27 16:47:47,730{GMT}	INFO	[jepsen worker 0] jepsen.util: 0	:fail	:cas	[2 4]
2022-08-27 16:47:47,740{GMT}	INFO	[jepsen worker 0] jepsen.util: 0	:invoke	:cas	[0 1]
2022-08-27 16:47:47,744{GMT}	INFO	[jepsen worker 0] jepsen.util: 0	:fail	:cas	[0 1]
2022-08-27 16:47:47,746{GMT}	INFO	[jepsen worker 0] jepsen.util: 0	:invoke	:read	nil
2022-08-27 16:47:47,749{GMT}	INFO	[jepsen worker 0] jepsen.util: 0	:ok	:read	3
2022-08-27 16:47:47,771{GMT}	INFO	[jepsen worker 0] jepsen.util: 0	:invoke	:write	0
2022-08-27 16:47:47,774{GMT}	INFO	[jepsen worker 0] jepsen.util: 0	:ok	:write	0
2022-08-27 16:47:47,803{GMT}	INFO	[jepsen worker 0] jepsen.util: 0	:invoke	:write	4
2022-08-27 16:47:47,806{GMT}	INFO	[jepsen worker 0] jepsen.util: 0	:ok	:write	4
2022-08-27 16:47:47,836{GMT}	INFO	[jepsen worker 0] jepsen.util: 0	:invoke	:cas	[0 3]
2022-08-27 16:47:47,840{GMT}	INFO	[jepsen worker 0] jepsen.util: 0	:fail	:cas	[0 3]
2022-08-27 16:47:47,865{GMT}	INFO	[jepsen worker 0] jepsen.util: 0	:invoke	:read	nil
2022-08-27 16:47:47,868{GMT}	INFO	[jepsen worker 0] jepsen.util: 0	:ok	:read	4
2022-08-27 16:47:47,868{GMT}	INFO	[jepsen worker 0] jepsen.util: 0	:invoke	:write	3
2022-08-27 16:47:47,871{GMT}	INFO	[jepsen worker 0] jepsen.util: 0	:ok	:write	3
2022-08-27 16:47:47,896{GMT}	INFO	[jepsen worker 0] jepsen.util: 0	:invoke	:cas	[2 2]
2022-08-27 16:47:47,900{GMT}	INFO	[jepsen worker 0] jepsen.util: 0	:fail	:cas	[2 2]
2022-08-27 16:47:47,936{GMT}	INFO	[jepsen worker 0] jepsen.util: 0	:invoke	:cas	[2 0]
2022-08-27 16:47:47,940{GMT}	INFO	[jepsen worker 0] jepsen.util: 0	:fail	:cas	[2 0]
2022-08-27 16:47:47,940{GMT}	INFO	[jepsen worker 0] jepsen.util: 0	:invoke	:cas	[3 3]
2022-08-27 16:47:47,943{GMT}	INFO	[jepsen worker 0] jepsen.util: 0	:ok	:cas	[3 3]
2022-08-27 16:47:47,943{GMT}	INFO	[jepsen worker 0] jepsen.util: 0	:invoke	:cas	[4 2]
2022-08-27 16:47:47,946{GMT}	INFO	[jepsen worker 0] jepsen.util: 0	:fail	:cas	[4 2]
2022-08-27 16:47:47,961{GMT}	INFO	[jepsen worker 0] jepsen.util: 0	:invoke	:read	nil
2022-08-27 16:47:47,963{GMT}	INFO	[jepsen worker 0] jepsen.util: 0	:ok	:read	3
2022-08-27 16:47:47,997{GMT}	INFO	[jepsen worker 0] jepsen.util: 0	:invoke	:read	nil
2022-08-27 16:47:48,000{GMT}	INFO	[jepsen worker 0] jepsen.util: 0	:ok	:read	3
2022-08-27 16:47:48,020{GMT}	INFO	[jepsen worker 0] jepsen.util: 0	:invoke	:cas	[3 0]
2022-08-27 16:47:48,023{GMT}	INFO	[jepsen worker 0] jepsen.util: 0	:ok	:cas	[3 0]
2022-08-27 16:47:48,050{GMT}	INFO	[jepsen worker 0] jepsen.util: 0	:invoke	:cas	[0 1]
2022-08-27 16:47:48,053{GMT}	INFO	[jepsen worker 0] jepsen.util: 0	:ok	:cas	[0 1]
2022-08-27 16:47:48,064{GMT}	INFO	[jepsen worker 0] jepsen.util: 0	:invoke	:cas	[2 3]
2022-08-27 16:47:48,068{GMT}	INFO	[jepsen worker 0] jepsen.util: 0	:fail	:cas	[2 3]
2022-08-27 16:47:48,083{GMT}	INFO	[jepsen worker 0] jepsen.util: 0	:invoke	:read	nil
2022-08-27 16:47:48,086{GMT}	INFO	[jepsen worker 0] jepsen.util: 0	:ok	:read	1
2022-08-27 16:47:48,087{GMT}	INFO	[jepsen worker 0] jepsen.util: 0	:invoke	:cas	[2 3]
2022-08-27 16:47:48,090{GMT}	INFO	[jepsen worker 0] jepsen.util: 0	:fail	:cas	[2 3]
2022-08-27 16:47:48,090{GMT}	INFO	[jepsen worker 0] jepsen.util: 0	:invoke	:cas	[2 0]
2022-08-27 16:47:48,093{GMT}	INFO	[jepsen worker 0] jepsen.util: 0	:fail	:cas	[2 0]
2022-08-27 16:47:48,111{GMT}	INFO	[jepsen worker 0] jepsen.util: 0	:invoke	:cas	[3 3]
2022-08-27 16:47:48,115{GMT}	INFO	[jepsen worker 0] jepsen.util: 0	:fail	:cas	[3 3]
2022-08-27 16:47:48,136{GMT}	INFO	[jepsen worker 0] jepsen.util: 0	:invoke	:cas	[1 0]
2022-08-27 16:47:48,139{GMT}	INFO	[jepsen worker 0] jepsen.util: 0	:ok	:cas	[1 0]
2022-08-27 16:47:48,174{GMT}	INFO	[jepsen worker 0] jepsen.util: 0	:invoke	:cas	[0 4]
2022-08-27 16:47:48,178{GMT}	INFO	[jepsen worker 0] jepsen.util: 0	:ok	:cas	[0 4]
2022-08-27 16:47:48,181{GMT}	INFO	[jepsen worker 0] jepsen.util: 0	:invoke	:write	4
2022-08-27 16:47:48,183{GMT}	INFO	[jepsen worker 0] jepsen.util: 0	:ok	:write	4
2022-08-27 16:47:48,199{GMT}	INFO	[jepsen worker 0] jepsen.util: 0	:invoke	:cas	[3 0]
2022-08-27 16:47:48,203{GMT}	INFO	[jepsen worker 0] jepsen.util: 0	:fail	:cas	[3 0]
2022-08-27 16:47:48,203{GMT}	INFO	[jepsen worker 0] jepsen.util: 0	:invoke	:write	4
2022-08-27 16:47:48,206{GMT}	INFO	[jepsen worker 0] jepsen.util: 0	:ok	:write	4
2022-08-27 16:47:48,241{GMT}	INFO	[jepsen worker 0] jepsen.util: 0	:invoke	:read	nil
2022-08-27 16:47:48,245{GMT}	INFO	[jepsen worker 0] jepsen.util: 0	:ok	:read	4
2022-08-27 16:47:48,245{GMT}	INFO	[jepsen worker 0] jepsen.util: 0	:invoke	:write	2
2022-08-27 16:47:48,247{GMT}	INFO	[jepsen worker 0] jepsen.util: 0	:ok	:write	2
2022-08-27 16:47:48,264{GMT}	INFO	[jepsen worker 0] jepsen.util: 0	:invoke	:read	nil
2022-08-27 16:47:48,268{GMT}	INFO	[jepsen worker 0] jepsen.util: 0	:ok	:read	2
2022-08-27 16:47:48,269{GMT}	INFO	[jepsen worker 0] jepsen.util: 0	:invoke	:write	0
2022-08-27 16:47:48,271{GMT}	INFO	[jepsen worker 0] jepsen.util: 0	:ok	:write	0
2022-08-27 16:47:48,271{GMT}	INFO	[jepsen worker 0] jepsen.util: 0	:invoke	:cas	[4 4]
2022-08-27 16:47:48,275{GMT}	INFO	[jepsen worker 0] jepsen.util: 0	:fail	:cas	[4 4]
2022-08-27 16:47:48,304{GMT}	INFO	[jepsen worker 0] jepsen.util: 0	:invoke	:cas	[4 2]
2022-08-27 16:47:48,308{GMT}	INFO	[jepsen worker 0] jepsen.util: 0	:fail	:cas	[4 2]
2022-08-27 16:47:48,308{GMT}	INFO	[jepsen worker 0] jepsen.util: 0	:invoke	:write	1
2022-08-27 16:47:48,311{GMT}	INFO	[jepsen worker 0] jepsen.util: 0	:ok	:write	1
2022-08-27 16:47:48,344{GMT}	INFO	[jepsen worker 0] jepsen.util: 0	:invoke	:cas	[4 0]
2022-08-27 16:47:48,348{GMT}	INFO	[jepsen worker 0] jepsen.util: 0	:fail	:cas	[4 0]
2022-08-27 16:47:48,355{GMT}	INFO	[jepsen worker 0] jepsen.util: 0	:invoke	:cas	[4 2]
2022-08-27 16:47:48,359{GMT}	INFO	[jepsen worker 0] jepsen.util: 0	:fail	:cas	[4 2]
2022-08-27 16:47:48,384{GMT}	INFO	[jepsen worker 0] jepsen.util: 0	:invoke	:cas	[0 3]
2022-08-27 16:47:48,388{GMT}	INFO	[jepsen worker 0] jepsen.util: 0	:fail	:cas	[0 3]
2022-08-27 16:47:48,412{GMT}	INFO	[jepsen worker 0] jepsen.util: 0	:invoke	:cas	[2 4]
2022-08-27 16:47:48,416{GMT}	INFO	[jepsen worker 0] jepsen.util: 0	:fail	:cas	[2 4]
2022-08-27 16:47:48,452{GMT}	INFO	[jepsen worker 0] jepsen.util: 0	:invoke	:read	nil
2022-08-27 16:47:48,455{GMT}	INFO	[jepsen worker 0] jepsen.util: 0	:ok	:read	1
2022-08-27 16:47:48,470{GMT}	INFO	[jepsen worker 0] jepsen.util: 0	:invoke	:cas	[0 2]
2022-08-27 16:47:48,473{GMT}	INFO	[jepsen worker 0] jepsen.util: 0	:fail	:cas	[0 2]
2022-08-27 16:47:48,473{GMT}	INFO	[jepsen worker 0] jepsen.util: 0	:invoke	:read	nil
2022-08-27 16:47:48,476{GMT}	INFO	[jepsen worker 0] jepsen.util: 0	:ok	:read	1
2022-08-27 16:47:48,484{GMT}	INFO	[jepsen worker 0] jepsen.util: 0	:invoke	:write	1
2022-08-27 16:47:48,487{GMT}	INFO	[jepsen worker 0] jepsen.util: 0	:ok	:write	1
2022-08-27 16:47:48,500{GMT}	INFO	[jepsen worker 0] jepsen.util: 0	:invoke	:write	4
2022-08-27 16:47:48,503{GMT}	INFO	[jepsen worker 0] jepsen.util: 0	:ok	:write	4
2022-08-27 16:47:48,507{GMT}	INFO	[jepsen worker 0] jepsen.util: 0	:invoke	:write	0
2022-08-27 16:47:48,509{GMT}	INFO	[jepsen worker 0] jepsen.util: 0	:ok	:write	0
2022-08-27 16:47:48,529{GMT}	INFO	[jepsen worker 0] jepsen.util: 0	:invoke	:cas	[4 3]
2022-08-27 16:47:48,533{GMT}	INFO	[jepsen worker 0] jepsen.util: 0	:fail	:cas	[4 3]
2022-08-27 16:47:48,541{GMT}	INFO	[jepsen worker 0] jepsen.util: 0	:invoke	:write	2
2022-08-27 16:47:48,544{GMT}	INFO	[jepsen worker 0] jepsen.util: 0	:ok	:write	2
2022-08-27 16:47:48,581{GMT}	INFO	[jepsen worker 0] jepsen.util: 0	:invoke	:write	0
2022-08-27 16:47:48,584{GMT}	INFO	[jepsen worker 0] jepsen.util: 0	:ok	:write	0
2022-08-27 16:47:48,589{GMT}	INFO	[jepsen worker 0] jepsen.util: 0	:invoke	:cas	[1 3]
2022-08-27 16:47:48,593{GMT}	INFO	[jepsen worker 0] jepsen.util: 0	:fail	:cas	[1 3]
2022-08-27 16:47:48,625{GMT}	INFO	[jepsen worker 0] jepsen.util: 0	:invoke	:write	2
2022-08-27 16:47:48,628{GMT}	INFO	[jepsen worker 0] jepsen.util: 0	:ok	:write	2
2022-08-27 16:47:48,646{GMT}	INFO	[jepsen worker 0] jepsen.util: 0	:invoke	:read	nil
2022-08-27 16:47:48,649{GMT}	INFO	[jepsen worker 0] jepsen.util: 0	:ok	:read	2
2022-08-27 16:47:48,674{GMT}	INFO	[jepsen worker 0] jepsen.util: 0	:invoke	:read	nil
2022-08-27 16:47:48,677{GMT}	INFO	[jepsen worker 0] jepsen.util: 0	:ok	:read	2
2022-08-27 16:47:48,693{GMT}	INFO	[jepsen worker 0] jepsen.util: 0	:invoke	:read	nil
2022-08-27 16:47:48,696{GMT}	INFO	[jepsen worker 0] jepsen.util: 0	:ok	:read	2
2022-08-27 16:47:48,711{GMT}	INFO	[jepsen worker 0] jepsen.util: 0	:invoke	:read	nil
2022-08-27 16:47:48,714{GMT}	INFO	[jepsen worker 0] jepsen.util: 0	:ok	:read	2
2022-08-27 16:47:48,747{GMT}	INFO	[jepsen worker 0] jepsen.util: 0	:invoke	:read	nil
2022-08-27 16:47:48,750{GMT}	INFO	[jepsen worker 0] jepsen.util: 0	:ok	:read	2
2022-08-27 16:47:48,752{GMT}	INFO	[jepsen worker 0] jepsen.util: 0	:invoke	:write	1
2022-08-27 16:47:48,754{GMT}	INFO	[jepsen worker 0] jepsen.util: 0	:ok	:write	1
2022-08-27 16:47:48,784{GMT}	INFO	[jepsen worker 0] jepsen.util: 0	:invoke	:cas	[0 1]
2022-08-27 16:47:48,787{GMT}	INFO	[jepsen worker 0] jepsen.util: 0	:fail	:cas	[0 1]
2022-08-27 16:47:48,800{GMT}	INFO	[jepsen worker 0] jepsen.util: 0	:invoke	:write	1
2022-08-27 16:47:48,803{GMT}	INFO	[jepsen worker 0] jepsen.util: 0	:ok	:write	1
2022-08-27 16:47:48,831{GMT}	INFO	[jepsen worker 0] jepsen.util: 0	:invoke	:write	4
2022-08-27 16:47:48,834{GMT}	INFO	[jepsen worker 0] jepsen.util: 0	:ok	:write	4
2022-08-27 16:47:48,859{GMT}	INFO	[jepsen worker 0] jepsen.util: 0	:invoke	:write	4
2022-08-27 16:47:48,862{GMT}	INFO	[jepsen worker 0] jepsen.util: 0	:ok	:write	4
2022-08-27 16:47:48,896{GMT}	INFO	[jepsen worker 0] jepsen.util: 0	:invoke	:read	nil
2022-08-27 16:47:48,900{GMT}	INFO	[jepsen worker 0] jepsen.util: 0	:ok	:read	4
2022-08-27 16:47:48,903{GMT}	INFO	[jepsen worker 0] jepsen.util: 0	:invoke	:write	3
2022-08-27 16:47:48,905{GMT}	INFO	[jepsen worker 0] jepsen.util: 0	:ok	:write	3
2022-08-27 16:47:48,917{GMT}	INFO	[jepsen worker 0] jepsen.util: 0	:invoke	:write	0
2022-08-27 16:47:48,920{GMT}	INFO	[jepsen worker 0] jepsen.util: 0	:ok	:write	0
2022-08-27 16:47:48,921{GMT}	INFO	[jepsen worker 0] jepsen.util: 0	:invoke	:cas	[3 1]
2022-08-27 16:47:48,925{GMT}	INFO	[jepsen worker 0] jepsen.util: 0	:fail	:cas	[3 1]
2022-08-27 16:47:48,939{GMT}	INFO	[jepsen worker 0] jepsen.util: 0	:invoke	:write	0
2022-08-27 16:47:48,943{GMT}	INFO	[jepsen worker 0] jepsen.util: 0	:ok	:write	0
2022-08-27 16:47:48,978{GMT}	INFO	[jepsen worker 0] jepsen.util: 0	:invoke	:read	nil
2022-08-27 16:47:48,981{GMT}	INFO	[jepsen worker 0] jepsen.util: 0	:ok	:read	0
2022-08-27 16:47:49,002{GMT}	INFO	[jepsen worker 0] jepsen.util: 0	:invoke	:cas	[1 4]
2022-08-27 16:47:49,006{GMT}	INFO	[jepsen worker 0] jepsen.util: 0	:fail	:cas	[1 4]
2022-08-27 16:47:49,010{GMT}	INFO	[jepsen worker 0] jepsen.util: 0	:invoke	:read	nil
2022-08-27 16:47:49,013{GMT}	INFO	[jepsen worker 0] jepsen.util: 0	:ok	:read	0
2022-08-27 16:47:49,026{GMT}	INFO	[jepsen worker 0] jepsen.util: 0	:invoke	:write	0
2022-08-27 16:47:49,028{GMT}	INFO	[jepsen worker 0] jepsen.util: 0	:ok	:write	0
2022-08-27 16:47:49,060{GMT}	INFO	[jepsen worker 0] jepsen.util: 0	:invoke	:cas	[0 2]
2022-08-27 16:47:49,063{GMT}	INFO	[jepsen worker 0] jepsen.util: 0	:ok	:cas	[0 2]
2022-08-27 16:47:49,074{GMT}	INFO	[jepsen worker 0] jepsen.util: 0	:invoke	:write	3
2022-08-27 16:47:49,076{GMT}	INFO	[jepsen worker 0] jepsen.util: 0	:ok	:write	3
2022-08-27 16:47:49,098{GMT}	INFO	[jepsen worker 0] jepsen.util: 0	:invoke	:read	nil
2022-08-27 16:47:49,101{GMT}	INFO	[jepsen worker 0] jepsen.util: 0	:ok	:read	3
2022-08-27 16:47:49,133{GMT}	INFO	[jepsen worker 0] jepsen.util: 0	:invoke	:write	4
2022-08-27 16:47:49,136{GMT}	INFO	[jepsen worker 0] jepsen.util: 0	:ok	:write	4
2022-08-27 16:47:49,163{GMT}	INFO	[jepsen worker 0] jepsen.util: 0	:invoke	:cas	[0 3]
2022-08-27 16:47:49,167{GMT}	INFO	[jepsen worker 0] jepsen.util: 0	:fail	:cas	[0 3]
2022-08-27 16:47:49,186{GMT}	INFO	[jepsen worker 0] jepsen.util: 0	:invoke	:cas	[0 2]
2022-08-27 16:47:49,190{GMT}	INFO	[jepsen worker 0] jepsen.util: 0	:fail	:cas	[0 2]
2022-08-27 16:47:49,225{GMT}	INFO	[jepsen worker 0] jepsen.util: 0	:invoke	:cas	[0 3]
2022-08-27 16:47:49,229{GMT}	INFO	[jepsen worker 0] jepsen.util: 0	:fail	:cas	[0 3]
2022-08-27 16:47:49,258{GMT}	INFO	[jepsen worker 0] jepsen.util: 0	:invoke	:write	1
2022-08-27 16:47:49,261{GMT}	INFO	[jepsen worker 0] jepsen.util: 0	:ok	:write	1
2022-08-27 16:47:49,261{GMT}	INFO	[jepsen worker 0] jepsen.util: 0	:invoke	:read	nil
2022-08-27 16:47:49,264{GMT}	INFO	[jepsen worker 0] jepsen.util: 0	:ok	:read	1
2022-08-27 16:47:49,272{GMT}	INFO	[jepsen worker 0] jepsen.util: 0	:invoke	:read	nil
2022-08-27 16:47:49,274{GMT}	INFO	[jepsen worker 0] jepsen.util: 0	:ok	:read	1
2022-08-27 16:47:49,289{GMT}	INFO	[jepsen worker 0] jepsen.util: 0	:invoke	:read	nil
2022-08-27 16:47:49,292{GMT}	INFO	[jepsen worker 0] jepsen.util: 0	:ok	:read	1
2022-08-27 16:47:49,325{GMT}	INFO	[jepsen worker 0] jepsen.util: 0	:invoke	:write	4
2022-08-27 16:47:49,328{GMT}	INFO	[jepsen worker 0] jepsen.util: 0	:ok	:write	4
2022-08-27 16:47:49,355{GMT}	INFO	[jepsen worker 0] jepsen.util: 0	:invoke	:cas	[4 1]
2022-08-27 16:47:49,358{GMT}	INFO	[jepsen worker 0] jepsen.util: 0	:ok	:cas	[4 1]
2022-08-27 16:47:49,361{GMT}	INFO	[jepsen worker 0] jepsen.util: 0	:invoke	:read	nil
2022-08-27 16:47:49,363{GMT}	INFO	[jepsen worker 0] jepsen.util: 0	:ok	:read	1
2022-08-27 16:47:49,363{GMT}	INFO	[jepsen worker 0] jepsen.util: 0	:invoke	:cas	[2 2]
2022-08-27 16:47:49,366{GMT}	INFO	[jepsen worker 0] jepsen.util: 0	:fail	:cas	[2 2]
2022-08-27 16:47:49,402{GMT}	INFO	[jepsen worker 0] jepsen.util: 0	:invoke	:cas	[4 3]
2022-08-27 16:47:49,406{GMT}	INFO	[jepsen worker 0] jepsen.util: 0	:fail	:cas	[4 3]
2022-08-27 16:47:49,435{GMT}	INFO	[jepsen worker 0] jepsen.util: 0	:invoke	:cas	[2 4]
2022-08-27 16:47:49,439{GMT}	INFO	[jepsen worker 0] jepsen.util: 0	:fail	:cas	[2 4]
2022-08-27 16:47:49,459{GMT}	INFO	[jepsen worker 0] jepsen.util: 0	:invoke	:read	nil
2022-08-27 16:47:49,462{GMT}	INFO	[jepsen worker 0] jepsen.util: 0	:ok	:read	1
2022-08-27 16:47:49,488{GMT}	INFO	[jepsen worker 0] jepsen.util: 0	:invoke	:write	1
2022-08-27 16:47:49,491{GMT}	INFO	[jepsen worker 0] jepsen.util: 0	:ok	:write	1
2022-08-27 16:47:49,516{GMT}	INFO	[jepsen worker 0] jepsen.util: 0	:invoke	:write	2
2022-08-27 16:47:49,519{GMT}	INFO	[jepsen worker 0] jepsen.util: 0	:ok	:write	2
2022-08-27 16:47:49,523{GMT}	INFO	[jepsen worker 0] jepsen.util: 0	:invoke	:cas	[2 2]
2022-08-27 16:47:49,526{GMT}	INFO	[jepsen worker 0] jepsen.util: 0	:ok	:cas	[2 2]
2022-08-27 16:47:49,536{GMT}	INFO	[jepsen worker 0] jepsen.util: 0	:invoke	:write	3
2022-08-27 16:47:49,540{GMT}	INFO	[jepsen worker 0] jepsen.util: 0	:ok	:write	3
2022-08-27 16:47:49,572{GMT}	INFO	[jepsen worker 0] jepsen.util: 0	:invoke	:read	nil
2022-08-27 16:47:49,575{GMT}	INFO	[jepsen worker 0] jepsen.util: 0	:ok	:read	3
2022-08-27 16:47:49,601{GMT}	INFO	[jepsen worker 0] jepsen.util: 0	:invoke	:read	nil
2022-08-27 16:47:49,605{GMT}	INFO	[jepsen worker 0] jepsen.util: 0	:ok	:read	3
2022-08-27 16:47:49,617{GMT}	INFO	[jepsen worker 0] jepsen.util: 0	:invoke	:read	nil
2022-08-27 16:47:49,620{GMT}	INFO	[jepsen worker 0] jepsen.util: 0	:ok	:read	3
2022-08-27 16:47:49,640{GMT}	INFO	[jepsen worker 0] jepsen.util: 0	:invoke	:read	nil
2022-08-27 16:47:49,643{GMT}	INFO	[jepsen worker 0] jepsen.util: 0	:ok	:read	3
2022-08-27 16:47:49,668{GMT}	INFO	[jepsen worker 0] jepsen.util: 0	:invoke	:write	0
2022-08-27 16:47:49,671{GMT}	INFO	[jepsen worker 0] jepsen.util: 0	:ok	:write	0
2022-08-27 16:47:49,684{GMT}	INFO	[jepsen worker 0] jepsen.util: 0	:invoke	:read	nil
2022-08-27 16:47:49,688{GMT}	INFO	[jepsen worker 0] jepsen.util: 0	:ok	:read	0
2022-08-27 16:47:49,688{GMT}	INFO	[jepsen worker 0] jepsen.util: 0	:invoke	:cas	[1 0]
2022-08-27 16:47:49,691{GMT}	INFO	[jepsen worker 0] jepsen.util: 0	:fail	:cas	[1 0]
2022-08-27 16:47:49,691{GMT}	INFO	[jepsen worker 0] jepsen.util: 0	:invoke	:read	nil
2022-08-27 16:47:49,693{GMT}	INFO	[jepsen worker 0] jepsen.util: 0	:ok	:read	0
2022-08-27 16:47:49,707{GMT}	INFO	[jepsen worker 0] jepsen.util: 0	:invoke	:cas	[3 1]
2022-08-27 16:47:49,710{GMT}	INFO	[jepsen worker 0] jepsen.util: 0	:fail	:cas	[3 1]
2022-08-27 16:47:49,732{GMT}	INFO	[jepsen worker 0] jepsen.util: 0	:invoke	:read	nil
2022-08-27 16:47:49,735{GMT}	INFO	[jepsen worker 0] jepsen.util: 0	:ok	:read	0
2022-08-27 16:47:49,741{GMT}	INFO	[jepsen worker 0] jepsen.util: 0	:invoke	:write	1
2022-08-27 16:47:49,744{GMT}	INFO	[jepsen worker 0] jepsen.util: 0	:ok	:write	1
2022-08-27 16:47:49,770{GMT}	INFO	[jepsen worker 0] jepsen.util: 0	:invoke	:read	nil
2022-08-27 16:47:49,773{GMT}	INFO	[jepsen worker 0] jepsen.util: 0	:ok	:read	1
2022-08-27 16:47:49,783{GMT}	INFO	[jepsen worker 0] jepsen.util: 0	:invoke	:cas	[2 2]
2022-08-27 16:47:49,787{GMT}	INFO	[jepsen worker 0] jepsen.util: 0	:fail	:cas	[2 2]
2022-08-27 16:47:49,787{GMT}	INFO	[jepsen worker 0] jepsen.util: 0	:invoke	:cas	[2 3]
2022-08-27 16:47:49,790{GMT}	INFO	[jepsen worker 0] jepsen.util: 0	:fail	:cas	[2 3]
2022-08-27 16:47:49,790{GMT}	INFO	[jepsen worker 0] jepsen.util: 0	:invoke	:cas	[1 0]
2022-08-27 16:47:49,793{GMT}	INFO	[jepsen worker 0] jepsen.util: 0	:ok	:cas	[1 0]
2022-08-27 16:47:49,804{GMT}	INFO	[jepsen worker 0] jepsen.util: 0	:invoke	:read	nil
2022-08-27 16:47:49,806{GMT}	INFO	[jepsen worker 0] jepsen.util: 0	:ok	:read	0
2022-08-27 16:47:49,817{GMT}	INFO	[jepsen worker 0] jepsen.util: 0	:invoke	:read	nil
2022-08-27 16:47:49,820{GMT}	INFO	[jepsen worker 0] jepsen.util: 0	:ok	:read	0
2022-08-27 16:47:49,854{GMT}	INFO	[jepsen worker 0] jepsen.util: 0	:invoke	:cas	[1 3]
2022-08-27 16:47:49,858{GMT}	INFO	[jepsen worker 0] jepsen.util: 0	:fail	:cas	[1 3]
2022-08-27 16:47:49,883{GMT}	INFO	[jepsen worker 0] jepsen.util: 0	:invoke	:write	2
2022-08-27 16:47:49,886{GMT}	INFO	[jepsen worker 0] jepsen.util: 0	:ok	:write	2
2022-08-27 16:47:49,917{GMT}	INFO	[jepsen worker 0] jepsen.util: 0	:invoke	:cas	[2 3]
2022-08-27 16:47:49,920{GMT}	INFO	[jepsen worker 0] jepsen.util: 0	:ok	:cas	[2 3]
2022-08-27 16:47:49,939{GMT}	INFO	[jepsen worker 0] jepsen.util: 0	:invoke	:write	2
2022-08-27 16:47:49,943{GMT}	INFO	[jepsen worker 0] jepsen.util: 0	:ok	:write	2
2022-08-27 16:47:49,943{GMT}	INFO	[jepsen worker 0] jepsen.util: 0	:invoke	:write	4
2022-08-27 16:47:49,946{GMT}	INFO	[jepsen worker 0] jepsen.util: 0	:ok	:write	4
2022-08-27 16:47:49,977{GMT}	INFO	[jepsen worker 0] jepsen.util: 0	:invoke	:write	3
2022-08-27 16:47:49,980{GMT}	INFO	[jepsen worker 0] jepsen.util: 0	:ok	:write	3
2022-08-27 16:47:50,008{GMT}	INFO	[jepsen worker 0] jepsen.util: 0	:invoke	:cas	[0 3]
2022-08-27 16:47:50,012{GMT}	INFO	[jepsen worker 0] jepsen.util: 0	:fail	:cas	[0 3]
2022-08-27 16:47:50,036{GMT}	INFO	[jepsen worker 0] jepsen.util: 0	:invoke	:read	nil
2022-08-27 16:47:50,039{GMT}	INFO	[jepsen worker 0] jepsen.util: 0	:ok	:read	3
2022-08-27 16:47:50,039{GMT}	INFO	[jepsen worker 0] jepsen.util: 0	:invoke	:read	nil
2022-08-27 16:47:50,041{GMT}	INFO	[jepsen worker 0] jepsen.util: 0	:ok	:read	3
2022-08-27 16:47:50,072{GMT}	INFO	[jepsen worker 0] jepsen.util: 0	:invoke	:read	nil
2022-08-27 16:47:50,075{GMT}	INFO	[jepsen worker 0] jepsen.util: 0	:ok	:read	3
2022-08-27 16:47:50,100{GMT}	INFO	[jepsen worker 0] jepsen.util: 0	:invoke	:cas	[0 2]
2022-08-27 16:47:50,104{GMT}	INFO	[jepsen worker 0] jepsen.util: 0	:fail	:cas	[0 2]
2022-08-27 16:47:50,130{GMT}	INFO	[jepsen worker 0] jepsen.util: 0	:invoke	:write	0
2022-08-27 16:47:50,133{GMT}	INFO	[jepsen worker 0] jepsen.util: 0	:ok	:write	0
2022-08-27 16:47:50,133{GMT}	INFO	[jepsen worker 0] jepsen.util: 0	:invoke	:read	nil
2022-08-27 16:47:50,136{GMT}	INFO	[jepsen worker 0] jepsen.util: 0	:ok	:read	0
2022-08-27 16:47:50,136{GMT}	INFO	[jepsen worker 0] jepsen.util: 0	:invoke	:cas	[1 2]
2022-08-27 16:47:50,139{GMT}	INFO	[jepsen worker 0] jepsen.util: 0	:fail	:cas	[1 2]
2022-08-27 16:47:50,158{GMT}	INFO	[jepsen worker 0] jepsen.util: 0	:invoke	:write	2
2022-08-27 16:47:50,161{GMT}	INFO	[jepsen worker 0] jepsen.util: 0	:ok	:write	2
2022-08-27 16:47:50,171{GMT}	INFO	[jepsen worker 0] jepsen.util: 0	:invoke	:read	nil
2022-08-27 16:47:50,174{GMT}	INFO	[jepsen worker 0] jepsen.util: 0	:ok	:read	2
2022-08-27 16:47:50,174{GMT}	INFO	[jepsen worker 0] jepsen.util: 0	:invoke	:read	nil
2022-08-27 16:47:50,177{GMT}	INFO	[jepsen worker 0] jepsen.util: 0	:ok	:read	2
2022-08-27 16:47:50,181{GMT}	INFO	[jepsen worker 0] jepsen.util: 0	:invoke	:cas	[0 2]
2022-08-27 16:47:50,184{GMT}	INFO	[jepsen worker 0] jepsen.util: 0	:fail	:cas	[0 2]
2022-08-27 16:47:50,208{GMT}	INFO	[jepsen worker 0] jepsen.util: 0	:invoke	:cas	[1 4]
2022-08-27 16:47:50,213{GMT}	INFO	[jepsen worker 0] jepsen.util: 0	:fail	:cas	[1 4]
2022-08-27 16:47:50,244{GMT}	INFO	[jepsen worker 0] jepsen.util: 0	:invoke	:write	2
2022-08-27 16:47:50,247{GMT}	INFO	[jepsen worker 0] jepsen.util: 0	:ok	:write	2
2022-08-27 16:47:50,280{GMT}	INFO	[jepsen worker 0] jepsen.util: 0	:invoke	:read	nil
2022-08-27 16:47:50,284{GMT}	INFO	[jepsen worker 0] jepsen.util: 0	:ok	:read	2
2022-08-27 16:47:50,317{GMT}	INFO	[jepsen worker 0] jepsen.util: 0	:invoke	:read	nil
2022-08-27 16:47:50,320{GMT}	INFO	[jepsen worker 0] jepsen.util: 0	:ok	:read	2
2022-08-27 16:47:50,339{GMT}	INFO	[jepsen worker 0] jepsen.util: 0	:invoke	:read	nil
2022-08-27 16:47:50,342{GMT}	INFO	[jepsen worker 0] jepsen.util: 0	:ok	:read	2
2022-08-27 16:47:50,367{GMT}	INFO	[jepsen worker 0] jepsen.util: 0	:invoke	:cas	[3 1]
2022-08-27 16:47:50,371{GMT}	INFO	[jepsen worker 0] jepsen.util: 0	:fail	:cas	[3 1]
2022-08-27 16:47:50,393{GMT}	INFO	[jepsen worker 0] jepsen.util: 0	:invoke	:write	4
2022-08-27 16:47:50,396{GMT}	INFO	[jepsen worker 0] jepsen.util: 0	:ok	:write	4
2022-08-27 16:47:50,413{GMT}	INFO	[jepsen worker 0] jepsen.util: 0	:invoke	:read	nil
2022-08-27 16:47:50,416{GMT}	INFO	[jepsen worker 0] jepsen.util: 0	:ok	:read	4
2022-08-27 16:47:50,435{GMT}	INFO	[jepsen worker 0] jepsen.util: 0	:invoke	:cas	[2 3]
2022-08-27 16:47:50,439{GMT}	INFO	[jepsen worker 0] jepsen.util: 0	:fail	:cas	[2 3]
2022-08-27 16:47:50,441{GMT}	INFO	[jepsen worker 0] jepsen.util: 0	:invoke	:cas	[1 2]
2022-08-27 16:47:50,444{GMT}	INFO	[jepsen worker 0] jepsen.util: 0	:fail	:cas	[1 2]
2022-08-27 16:47:50,445{GMT}	INFO	[jepsen worker 0] jepsen.util: 0	:invoke	:write	2
2022-08-27 16:47:50,447{GMT}	INFO	[jepsen worker 0] jepsen.util: 0	:ok	:write	2
2022-08-27 16:47:50,485{GMT}	INFO	[jepsen worker 0] jepsen.util: 0	:invoke	:read	nil
2022-08-27 16:47:50,488{GMT}	INFO	[jepsen worker 0] jepsen.util: 0	:ok	:read	2
2022-08-27 16:47:50,518{GMT}	INFO	[jepsen worker 0] jepsen.util: 0	:invoke	:cas	[1 4]
2022-08-27 16:47:50,521{GMT}	INFO	[jepsen worker 0] jepsen.util: 0	:fail	:cas	[1 4]
2022-08-27 16:47:50,525{GMT}	INFO	[jepsen worker 0] jepsen.util: 0	:invoke	:cas	[4 0]
2022-08-27 16:47:50,528{GMT}	INFO	[jepsen worker 0] jepsen.util: 0	:fail	:cas	[4 0]
2022-08-27 16:47:50,531{GMT}	INFO	[jepsen worker 0] jepsen.util: 0	:invoke	:cas	[2 3]
2022-08-27 16:47:50,533{GMT}	INFO	[jepsen worker 0] jepsen.util: 0	:ok	:cas	[2 3]
2022-08-27 16:47:50,565{GMT}	INFO	[jepsen worker 0] jepsen.util: 0	:invoke	:read	nil
2022-08-27 16:47:50,567{GMT}	INFO	[jepsen worker 0] jepsen.util: 0	:ok	:read	3
2022-08-27 16:47:50,587{GMT}	INFO	[jepsen worker 0] jepsen.util: 0	:invoke	:cas	[0 0]
2022-08-27 16:47:50,590{GMT}	INFO	[jepsen worker 0] jepsen.util: 0	:fail	:cas	[0 0]
2022-08-27 16:47:50,595{GMT}	INFO	[jepsen worker 0] jepsen.util: 0	:invoke	:write	3
2022-08-27 16:47:50,598{GMT}	INFO	[jepsen worker 0] jepsen.util: 0	:ok	:write	3
2022-08-27 16:47:50,622{GMT}	INFO	[jepsen worker 0] jepsen.util: 0	:invoke	:write	1
2022-08-27 16:47:50,625{GMT}	INFO	[jepsen worker 0] jepsen.util: 0	:ok	:write	1
2022-08-27 16:47:50,639{GMT}	INFO	[jepsen worker 0] jepsen.util: 0	:invoke	:cas	[0 2]
2022-08-27 16:47:50,642{GMT}	INFO	[jepsen worker 0] jepsen.util: 0	:fail	:cas	[0 2]
2022-08-27 16:47:50,658{GMT}	INFO	[jepsen worker 0] jepsen.util: 0	:invoke	:write	4
2022-08-27 16:47:50,661{GMT}	INFO	[jepsen worker 0] jepsen.util: 0	:ok	:write	4
2022-08-27 16:47:50,698{GMT}	INFO	[jepsen worker 0] jepsen.util: 0	:invoke	:cas	[4 3]
2022-08-27 16:47:50,701{GMT}	INFO	[jepsen worker 0] jepsen.util: 0	:ok	:cas	[4 3]
2022-08-27 16:47:50,708{GMT}	INFO	[jepsen worker 0] jepsen.util: 0	:invoke	:write	4
2022-08-27 16:47:50,710{GMT}	INFO	[jepsen worker 0] jepsen.util: 0	:ok	:write	4
2022-08-27 16:47:50,711{GMT}	INFO	[jepsen worker 0] jepsen.util: 0	:invoke	:cas	[0 1]
2022-08-27 16:47:50,714{GMT}	INFO	[jepsen worker 0] jepsen.util: 0	:fail	:cas	[0 1]
2022-08-27 16:47:50,744{GMT}	INFO	[jepsen worker 0] jepsen.util: 0	:invoke	:read	nil
2022-08-27 16:47:50,747{GMT}	INFO	[jepsen worker 0] jepsen.util: 0	:ok	:read	4
2022-08-27 16:47:50,777{GMT}	INFO	[jepsen worker 0] jepsen.util: 0	:invoke	:read	nil
2022-08-27 16:47:50,780{GMT}	INFO	[jepsen worker 0] jepsen.util: 0	:ok	:read	4
2022-08-27 16:47:50,788{GMT}	INFO	[jepsen worker 0] jepsen.util: 0	:invoke	:write	4
2022-08-27 16:47:50,791{GMT}	INFO	[jepsen worker 0] jepsen.util: 0	:ok	:write	4
2022-08-27 16:47:50,796{GMT}	INFO	[jepsen worker 0] jepsen.util: 0	:invoke	:read	nil
2022-08-27 16:47:50,799{GMT}	INFO	[jepsen worker 0] jepsen.util: 0	:ok	:read	4
2022-08-27 16:47:50,799{GMT}	INFO	[jepsen worker 0] jepsen.util: 0	:invoke	:read	nil
2022-08-27 16:47:50,801{GMT}	INFO	[jepsen worker 0] jepsen.util: 0	:ok	:read	4
2022-08-27 16:47:50,832{GMT}	INFO	[jepsen worker 0] jepsen.util: 0	:invoke	:cas	[2 3]
2022-08-27 16:47:50,835{GMT}	INFO	[jepsen worker 0] jepsen.util: 0	:fail	:cas	[2 3]
2022-08-27 16:47:50,835{GMT}	INFO	[jepsen worker 0] jepsen.util: 0	:invoke	:read	nil
2022-08-27 16:47:50,838{GMT}	INFO	[jepsen worker 0] jepsen.util: 0	:ok	:read	4
2022-08-27 16:47:50,861{GMT}	INFO	[jepsen worker 0] jepsen.util: 0	:invoke	:cas	[3 0]
2022-08-27 16:47:50,865{GMT}	INFO	[jepsen worker 0] jepsen.util: 0	:fail	:cas	[3 0]
2022-08-27 16:47:50,868{GMT}	INFO	[jepsen worker 0] jepsen.util: 0	:invoke	:read	nil
2022-08-27 16:47:50,870{GMT}	INFO	[jepsen worker 0] jepsen.util: 0	:ok	:read	4
2022-08-27 16:47:50,902{GMT}	INFO	[jepsen worker 0] jepsen.util: 0	:invoke	:cas	[2 4]
2022-08-27 16:47:50,905{GMT}	INFO	[jepsen worker 0] jepsen.util: 0	:fail	:cas	[2 4]
2022-08-27 16:47:50,916{GMT}	INFO	[jepsen worker 0] jepsen.util: 0	:invoke	:read	nil
2022-08-27 16:47:50,918{GMT}	INFO	[jepsen worker 0] jepsen.util: 0	:ok	:read	4
2022-08-27 16:47:50,944{GMT}	INFO	[jepsen worker 0] jepsen.util: 0	:invoke	:read	nil
2022-08-27 16:47:50,945{GMT}	INFO	[jepsen worker 0] jepsen.util: 0	:ok	:read	4
2022-08-27 16:47:50,945{GMT}	INFO	[jepsen worker 0] jepsen.util: 0	:invoke	:read	nil
2022-08-27 16:47:50,946{GMT}	INFO	[jepsen worker 0] jepsen.util: 0	:ok	:read	4
2022-08-27 16:47:50,966{GMT}	INFO	[jepsen worker 0] jepsen.util: 0	:invoke	:cas	[1 0]
2022-08-27 16:47:50,970{GMT}	INFO	[jepsen worker 0] jepsen.util: 0	:fail	:cas	[1 0]
2022-08-27 16:47:50,974{GMT}	INFO	[jepsen worker 0] jepsen.util: 0	:invoke	:write	3
2022-08-27 16:47:50,977{GMT}	INFO	[jepsen worker 0] jepsen.util: 0	:ok	:write	3
2022-08-27 16:47:50,997{GMT}	INFO	[jepsen worker 0] jepsen.util: 0	:invoke	:read	nil
2022-08-27 16:47:51,000{GMT}	INFO	[jepsen worker 0] jepsen.util: 0	:ok	:read	3
2022-08-27 16:47:51,033{GMT}	INFO	[jepsen worker 0] jepsen.util: 0	:invoke	:write	0
2022-08-27 16:47:51,036{GMT}	INFO	[jepsen worker 0] jepsen.util: 0	:ok	:write	0
2022-08-27 16:47:51,065{GMT}	INFO	[jepsen worker 0] jepsen.util: 0	:invoke	:write	1
2022-08-27 16:47:51,068{GMT}	INFO	[jepsen worker 0] jepsen.util: 0	:ok	:write	1
2022-08-27 16:47:51,070{GMT}	INFO	[jepsen worker 0] jepsen.util: 0	:invoke	:write	1
2022-08-27 16:47:51,073{GMT}	INFO	[jepsen worker 0] jepsen.util: 0	:ok	:write	1
2022-08-27 16:47:51,073{GMT}	INFO	[jepsen worker 0] jepsen.util: 0	:invoke	:cas	[4 3]
2022-08-27 16:47:51,076{GMT}	INFO	[jepsen worker 0] jepsen.util: 0	:fail	:cas	[4 3]
2022-08-27 16:47:51,082{GMT}	INFO	[jepsen worker 0] jepsen.util: 0	:invoke	:cas	[3 4]
2022-08-27 16:47:51,085{GMT}	INFO	[jepsen worker 0] jepsen.util: 0	:fail	:cas	[3 4]
2022-08-27 16:47:51,085{GMT}	INFO	[jepsen worker 0] jepsen.util: 0	:invoke	:write	4
2022-08-27 16:47:51,088{GMT}	INFO	[jepsen worker 0] jepsen.util: 0	:ok	:write	4
2022-08-27 16:47:51,092{GMT}	INFO	[jepsen worker 0] jepsen.util: 0	:invoke	:cas	[3 1]
2022-08-27 16:47:51,095{GMT}	INFO	[jepsen worker 0] jepsen.util: 0	:fail	:cas	[3 1]
2022-08-27 16:47:51,132{GMT}	INFO	[jepsen worker 0] jepsen.util: 0	:invoke	:cas	[2 2]
2022-08-27 16:47:51,135{GMT}	INFO	[jepsen worker 0] jepsen.util: 0	:fail	:cas	[2 2]
2022-08-27 16:47:51,159{GMT}	INFO	[jepsen worker 0] jepsen.util: 0	:invoke	:read	nil
2022-08-27 16:47:51,162{GMT}	INFO	[jepsen worker 0] jepsen.util: 0	:ok	:read	4
2022-08-27 16:47:51,180{GMT}	INFO	[jepsen worker 0] jepsen.util: 0	:invoke	:read	nil
2022-08-27 16:47:51,183{GMT}	INFO	[jepsen worker 0] jepsen.util: 0	:ok	:read	4
2022-08-27 16:47:51,190{GMT}	INFO	[jepsen worker 0] jepsen.util: 0	:invoke	:write	2
2022-08-27 16:47:51,193{GMT}	INFO	[jepsen worker 0] jepsen.util: 0	:ok	:write	2
2022-08-27 16:47:51,205{GMT}	INFO	[jepsen worker 0] jepsen.util: 0	:invoke	:read	nil
2022-08-27 16:47:51,208{GMT}	INFO	[jepsen worker 0] jepsen.util: 0	:ok	:read	2
2022-08-27 16:47:51,214{GMT}	INFO	[jepsen worker 0] jepsen.util: 0	:invoke	:read	nil
2022-08-27 16:47:51,217{GMT}	INFO	[jepsen worker 0] jepsen.util: 0	:ok	:read	2
2022-08-27 16:47:51,239{GMT}	INFO	[jepsen worker 0] jepsen.util: 0	:invoke	:read	nil
2022-08-27 16:47:51,242{GMT}	INFO	[jepsen worker 0] jepsen.util: 0	:ok	:read	2
2022-08-27 16:47:51,263{GMT}	INFO	[jepsen worker 0] jepsen.util: 0	:invoke	:write	4
2022-08-27 16:47:51,266{GMT}	INFO	[jepsen worker 0] jepsen.util: 0	:ok	:write	4
2022-08-27 16:47:51,284{GMT}	INFO	[jepsen worker 0] jepsen.util: 0	:invoke	:cas	[0 2]
2022-08-27 16:47:51,288{GMT}	INFO	[jepsen worker 0] jepsen.util: 0	:fail	:cas	[0 2]
2022-08-27 16:47:51,319{GMT}	INFO	[jepsen worker 0] jepsen.util: 0	:invoke	:write	3
2022-08-27 16:47:51,322{GMT}	INFO	[jepsen worker 0] jepsen.util: 0	:ok	:write	3
2022-08-27 16:47:51,339{GMT}	INFO	[jepsen worker 0] jepsen.util: 0	:invoke	:cas	[3 1]
2022-08-27 16:47:51,342{GMT}	INFO	[jepsen worker 0] jepsen.util: 0	:ok	:cas	[3 1]
2022-08-27 16:47:51,368{GMT}	INFO	[jepsen worker 0] jepsen.util: 0	:invoke	:cas	[0 2]
2022-08-27 16:47:51,372{GMT}	INFO	[jepsen worker 0] jepsen.util: 0	:fail	:cas	[0 2]
2022-08-27 16:47:51,389{GMT}	INFO	[jepsen worker 0] jepsen.util: 0	:invoke	:write	4
2022-08-27 16:47:51,392{GMT}	INFO	[jepsen worker 0] jepsen.util: 0	:ok	:write	4
2022-08-27 16:47:51,406{GMT}	INFO	[jepsen worker 0] jepsen.util: 0	:invoke	:cas	[0 1]
2022-08-27 16:47:51,410{GMT}	INFO	[jepsen worker 0] jepsen.util: 0	:fail	:cas	[0 1]
2022-08-27 16:47:51,438{GMT}	INFO	[jepsen worker 0] jepsen.util: 0	:invoke	:write	2
2022-08-27 16:47:51,441{GMT}	INFO	[jepsen worker 0] jepsen.util: 0	:ok	:write	2
2022-08-27 16:47:51,442{GMT}	INFO	[jepsen worker 0] jepsen.util: 0	:invoke	:read	nil
2022-08-27 16:47:51,444{GMT}	INFO	[jepsen worker 0] jepsen.util: 0	:ok	:read	2
2022-08-27 16:47:51,478{GMT}	INFO	[jepsen worker 0] jepsen.util: 0	:invoke	:cas	[3 3]
2022-08-27 16:47:51,482{GMT}	INFO	[jepsen worker 0] jepsen.util: 0	:fail	:cas	[3 3]
2022-08-27 16:47:51,482{GMT}	INFO	[jepsen worker 0] jepsen.util: 0	:invoke	:cas	[4 0]
2022-08-27 16:47:51,485{GMT}	INFO	[jepsen worker 0] jepsen.util: 0	:fail	:cas	[4 0]
2022-08-27 16:47:51,488{GMT}	INFO	[jepsen worker 0] jepsen.util: 0	:invoke	:read	nil
2022-08-27 16:47:51,491{GMT}	INFO	[jepsen worker 0] jepsen.util: 0	:ok	:read	2
2022-08-27 16:47:51,496{GMT}	INFO	[jepsen worker 0] jepsen.util: 0	:invoke	:write	0
2022-08-27 16:47:51,497{GMT}	INFO	[jepsen worker 0] jepsen.util: 0	:ok	:write	0
2022-08-27 16:47:51,503{GMT}	INFO	[jepsen worker 0] jepsen.util: 0	:invoke	:cas	[4 1]
2022-08-27 16:47:51,504{GMT}	INFO	[jepsen worker 0] jepsen.util: 0	:fail	:cas	[4 1]
2022-08-27 16:47:51,532{GMT}	INFO	[jepsen worker 0] jepsen.util: 0	:invoke	:cas	[4 1]
2022-08-27 16:47:51,536{GMT}	INFO	[jepsen worker 0] jepsen.util: 0	:fail	:cas	[4 1]
2022-08-27 16:47:51,545{GMT}	INFO	[jepsen worker 0] jepsen.util: 0	:invoke	:cas	[1 1]
2022-08-27 16:47:51,548{GMT}	INFO	[jepsen worker 0] jepsen.util: 0	:fail	:cas	[1 1]
2022-08-27 16:47:51,564{GMT}	INFO	[jepsen worker 0] jepsen.util: 0	:invoke	:write	4
2022-08-27 16:47:51,566{GMT}	INFO	[jepsen worker 0] jepsen.util: 0	:ok	:write	4
2022-08-27 16:47:51,571{GMT}	INFO	[jepsen worker 0] jepsen.util: 0	:invoke	:cas	[4 1]
2022-08-27 16:47:51,574{GMT}	INFO	[jepsen worker 0] jepsen.util: 0	:ok	:cas	[4 1]
2022-08-27 16:47:51,579{GMT}	INFO	[jepsen worker 0] jepsen.util: 0	:invoke	:write	2
2022-08-27 16:47:51,581{GMT}	INFO	[jepsen worker 0] jepsen.util: 0	:ok	:write	2
2022-08-27 16:47:51,581{GMT}	INFO	[jepsen worker 0] jepsen.util: 0	:invoke	:cas	[1 3]
2022-08-27 16:47:51,584{GMT}	INFO	[jepsen worker 0] jepsen.util: 0	:fail	:cas	[1 3]
2022-08-27 16:47:51,603{GMT}	INFO	[jepsen worker 0] jepsen.util: 0	:invoke	:read	nil
2022-08-27 16:47:51,606{GMT}	INFO	[jepsen worker 0] jepsen.util: 0	:ok	:read	2
2022-08-27 16:47:51,627{GMT}	INFO	[jepsen worker 0] jepsen.util: 0	:invoke	:cas	[4 2]
2022-08-27 16:47:51,631{GMT}	INFO	[jepsen worker 0] jepsen.util: 0	:fail	:cas	[4 2]
2022-08-27 16:47:51,650{GMT}	INFO	[jepsen worker 0] jepsen.util: 0	:invoke	:read	nil
2022-08-27 16:47:51,653{GMT}	INFO	[jepsen worker 0] jepsen.util: 0	:ok	:read	2
2022-08-27 16:47:51,662{GMT}	INFO	[jepsen worker 0] jepsen.util: 0	:invoke	:cas	[4 1]
2022-08-27 16:47:51,666{GMT}	INFO	[jepsen worker 0] jepsen.util: 0	:fail	:cas	[4 1]
2022-08-27 16:47:51,698{GMT}	INFO	[jepsen worker 0] jepsen.util: 0	:invoke	:cas	[4 1]
2022-08-27 16:47:51,702{GMT}	INFO	[jepsen worker 0] jepsen.util: 0	:fail	:cas	[4 1]
2022-08-27 16:47:51,703{GMT}	INFO	[jepsen worker 0] jepsen.util: 0	:invoke	:read	nil
2022-08-27 16:47:51,705{GMT}	INFO	[jepsen worker 0] jepsen.util: 0	:ok	:read	2
2022-08-27 16:47:51,714{GMT}	INFO	[jepsen worker 0] jepsen.util: 0	:invoke	:write	2
2022-08-27 16:47:51,716{GMT}	INFO	[jepsen worker 0] jepsen.util: 0	:ok	:write	2
2022-08-27 16:47:51,729{GMT}	INFO	[jepsen worker 0] jepsen.util: 0	:invoke	:cas	[3 1]
2022-08-27 16:47:51,732{GMT}	INFO	[jepsen worker 0] jepsen.util: 0	:fail	:cas	[3 1]
2022-08-27 16:47:51,765{GMT}	INFO	[jepsen worker 0] jepsen.util: 0	:invoke	:cas	[2 3]
2022-08-27 16:47:51,768{GMT}	INFO	[jepsen worker 0] jepsen.util: 0	:ok	:cas	[2 3]
2022-08-27 16:47:51,771{GMT}	INFO	[jepsen worker 0] jepsen.util: 0	:invoke	:read	nil
2022-08-27 16:47:51,774{GMT}	INFO	[jepsen worker 0] jepsen.util: 0	:ok	:read	3
2022-08-27 16:47:51,792{GMT}	INFO	[jepsen worker 0] jepsen.util: 0	:invoke	:write	4
2022-08-27 16:47:51,795{GMT}	INFO	[jepsen worker 0] jepsen.util: 0	:ok	:write	4
2022-08-27 16:47:51,830{GMT}	INFO	[jepsen worker 0] jepsen.util: 0	:invoke	:write	2
2022-08-27 16:47:51,833{GMT}	INFO	[jepsen worker 0] jepsen.util: 0	:ok	:write	2
2022-08-27 16:47:51,849{GMT}	INFO	[jepsen worker 0] jepsen.util: 0	:invoke	:read	nil
2022-08-27 16:47:51,852{GMT}	INFO	[jepsen worker 0] jepsen.util: 0	:ok	:read	2
2022-08-27 16:47:51,884{GMT}	INFO	[jepsen worker 0] jepsen.util: 0	:invoke	:read	nil
2022-08-27 16:47:51,887{GMT}	INFO	[jepsen worker 0] jepsen.util: 0	:ok	:read	2
2022-08-27 16:47:51,901{GMT}	INFO	[jepsen worker 0] jepsen.util: 0	:invoke	:write	3
2022-08-27 16:47:51,904{GMT}	INFO	[jepsen worker 0] jepsen.util: 0	:ok	:write	3
2022-08-27 16:47:51,936{GMT}	INFO	[jepsen worker 0] jepsen.util: 0	:invoke	:write	0
2022-08-27 16:47:51,939{GMT}	INFO	[jepsen worker 0] jepsen.util: 0	:ok	:write	0
2022-08-27 16:47:51,968{GMT}	INFO	[jepsen worker 0] jepsen.util: 0	:invoke	:write	1
2022-08-27 16:47:51,970{GMT}	INFO	[jepsen worker 0] jepsen.util: 0	:ok	:write	1
2022-08-27 16:47:51,984{GMT}	INFO	[jepsen worker 0] jepsen.util: 0	:invoke	:write	0
2022-08-27 16:47:51,987{GMT}	INFO	[jepsen worker 0] jepsen.util: 0	:ok	:write	0
2022-08-27 16:47:52,010{GMT}	INFO	[jepsen worker 0] jepsen.util: 0	:invoke	:read	nil
2022-08-27 16:47:52,013{GMT}	INFO	[jepsen worker 0] jepsen.util: 0	:ok	:read	0
2022-08-27 16:47:52,029{GMT}	INFO	[jepsen worker 0] jepsen.util: 0	:invoke	:write	4
2022-08-27 16:47:52,030{GMT}	INFO	[jepsen worker 0] jepsen.util: 0	:ok	:write	4
2022-08-27 16:47:52,043{GMT}	INFO	[jepsen worker 0] jepsen.util: 0	:invoke	:write	3
2022-08-27 16:47:52,045{GMT}	INFO	[jepsen worker 0] jepsen.util: 0	:ok	:write	3
2022-08-27 16:47:52,072{GMT}	INFO	[jepsen worker 0] jepsen.util: 0	:invoke	:cas	[4 2]
2022-08-27 16:47:52,075{GMT}	INFO	[jepsen worker 0] jepsen.util: 0	:fail	:cas	[4 2]
2022-08-27 16:47:52,076{GMT}	INFO	[jepsen worker 0] jepsen.util: 0	:invoke	:write	3
2022-08-27 16:47:52,079{GMT}	INFO	[jepsen worker 0] jepsen.util: 0	:ok	:write	3
2022-08-27 16:47:52,091{GMT}	INFO	[jepsen worker 0] jepsen.util: 0	:invoke	:read	nil
2022-08-27 16:47:52,094{GMT}	INFO	[jepsen worker 0] jepsen.util: 0	:ok	:read	3
2022-08-27 16:47:52,100{GMT}	INFO	[jepsen worker 0] jepsen.util: 0	:invoke	:read	nil
2022-08-27 16:47:52,102{GMT}	INFO	[jepsen worker 0] jepsen.util: 0	:ok	:read	3
2022-08-27 16:47:52,125{GMT}	INFO	[jepsen worker 0] jepsen.util: 0	:invoke	:read	nil
2022-08-27 16:47:52,127{GMT}	INFO	[jepsen worker 0] jepsen.util: 0	:ok	:read	3
2022-08-27 16:47:52,158{GMT}	INFO	[jepsen worker 0] jepsen.util: 0	:invoke	:write	0
2022-08-27 16:47:52,161{GMT}	INFO	[jepsen worker 0] jepsen.util: 0	:ok	:write	0
2022-08-27 16:47:52,190{GMT}	INFO	[jepsen worker 0] jepsen.util: 0	:invoke	:read	nil
2022-08-27 16:47:52,193{GMT}	INFO	[jepsen worker 0] jepsen.util: 0	:ok	:read	0
2022-08-27 16:47:52,227{GMT}	INFO	[jepsen worker 0] jepsen.util: 0	:invoke	:write	2
2022-08-27 16:47:52,230{GMT}	INFO	[jepsen worker 0] jepsen.util: 0	:ok	:write	2
2022-08-27 16:47:52,262{GMT}	INFO	[jepsen worker 0] jepsen.util: 0	:invoke	:read	nil
2022-08-27 16:47:52,265{GMT}	INFO	[jepsen worker 0] jepsen.util: 0	:ok	:read	2
2022-08-27 16:47:52,286{GMT}	INFO	[jepsen worker 0] jepsen.util: 0	:invoke	:write	1
2022-08-27 16:47:52,289{GMT}	INFO	[jepsen worker 0] jepsen.util: 0	:ok	:write	1
2022-08-27 16:47:52,295{GMT}	INFO	[jepsen worker 0] jepsen.util: 0	:invoke	:cas	[3 2]
2022-08-27 16:47:52,298{GMT}	INFO	[jepsen worker 0] jepsen.util: 0	:fail	:cas	[3 2]
2022-08-27 16:47:52,313{GMT}	INFO	[jepsen worker 0] jepsen.util: 0	:invoke	:write	4
2022-08-27 16:47:52,316{GMT}	INFO	[jepsen worker 0] jepsen.util: 0	:ok	:write	4
2022-08-27 16:47:52,350{GMT}	INFO	[jepsen worker 0] jepsen.util: 0	:invoke	:write	0
2022-08-27 16:47:52,353{GMT}	INFO	[jepsen worker 0] jepsen.util: 0	:ok	:write	0
2022-08-27 16:47:52,372{GMT}	INFO	[jepsen worker 0] jepsen.util: 0	:invoke	:cas	[0 4]
2022-08-27 16:47:52,375{GMT}	INFO	[jepsen worker 0] jepsen.util: 0	:ok	:cas	[0 4]
2022-08-27 16:47:52,382{GMT}	INFO	[jepsen worker 0] jepsen.util: 0	:invoke	:write	1
2022-08-27 16:47:52,385{GMT}	INFO	[jepsen worker 0] jepsen.util: 0	:ok	:write	1
2022-08-27 16:47:52,389{GMT}	INFO	[jepsen worker 0] jepsen.util: 0	:invoke	:write	2
2022-08-27 16:47:52,392{GMT}	INFO	[jepsen worker 0] jepsen.util: 0	:ok	:write	2
2022-08-27 16:47:52,428{GMT}	INFO	[jepsen worker 0] jepsen.util: 0	:invoke	:cas	[0 3]
2022-08-27 16:47:52,431{GMT}	INFO	[jepsen worker 0] jepsen.util: 0	:fail	:cas	[0 3]
2022-08-27 16:47:52,463{GMT}	INFO	[jepsen worker 0] jepsen.util: 0	:invoke	:cas	[0 3]
2022-08-27 16:47:52,467{GMT}	INFO	[jepsen worker 0] jepsen.util: 0	:fail	:cas	[0 3]
2022-08-27 16:47:52,493{GMT}	INFO	[jepsen worker 0] jepsen.util: 0	:invoke	:write	3
2022-08-27 16:47:52,496{GMT}	INFO	[jepsen worker 0] jepsen.util: 0	:ok	:write	3
2022-08-27 16:47:52,519{GMT}	INFO	[jepsen worker 0] jepsen.util: 0	:invoke	:read	nil
2022-08-27 16:47:52,522{GMT}	INFO	[jepsen worker 0] jepsen.util: 0	:ok	:read	3
2022-08-27 16:47:52,541{GMT}	INFO	[jepsen worker 0] jepsen.util: 0	:invoke	:write	0
2022-08-27 16:47:52,543{GMT}	INFO	[jepsen worker 0] jepsen.util: 0	:ok	:write	0
2022-08-27 16:47:52,544{GMT}	INFO	[jepsen worker 0] jepsen.util: 0	:invoke	:write	1
2022-08-27 16:47:52,546{GMT}	INFO	[jepsen worker 0] jepsen.util: 0	:ok	:write	1
2022-08-27 16:47:52,568{GMT}	INFO	[jepsen worker 0] jepsen.util: 0	:invoke	:read	nil
2022-08-27 16:47:52,571{GMT}	INFO	[jepsen worker 0] jepsen.util: 0	:ok	:read	1
2022-08-27 16:47:52,574{GMT}	INFO	[jepsen worker 0] jepsen.util: 0	:invoke	:read	nil
2022-08-27 16:47:52,576{GMT}	INFO	[jepsen worker 0] jepsen.util: 0	:ok	:read	1
2022-08-27 16:47:52,583{GMT}	INFO	[jepsen worker 0] jepsen.util: 0	:invoke	:cas	[0 2]
2022-08-27 16:47:52,586{GMT}	INFO	[jepsen worker 0] jepsen.util: 0	:fail	:cas	[0 2]
2022-08-27 16:47:52,835{GMT}	INFO	[jepsen test runner] jepsen.core: Run complete, writing
2022-08-27 16:47:52,861{GMT}	INFO	[jepsen test runner] jepsen.core: Analyzing...
2022-08-27 16:47:52,901{GMT}	INFO	[jepsen test runner] jepsen.core: Analysis complete
2022-08-27 16:47:52,906{GMT}	INFO	[jepsen results] jepsen.store: Wrote /home/codedump/source/jepsen.etcdemo/store/etcd/20220827T164729.000+0800/results.edn
2022-08-27 16:47:52,913{GMT}	INFO	[jepsen node localhost] jepsen.etcdemo: localhost tearing down etcd
2022-08-27 16:47:52,913{GMT}	INFO	[jepsen node localhost] jepsen.control.util: Stopping etcd
2022-08-27 16:47:53,244{GMT}	INFO	[jepsen test runner] jepsen.core: {:valid? true,
 :configs
 ({:model {:value 1},
   :last-op
   {:process 0,
    :type :ok,
    :f :read,
    :value 1,
    :index 1009,
    :time 10178923687},
   :pending []}),
 :analyzer :linear,
 :final-paths ()}


Everything looks good! (`)
