2022-08-25 16:04:40,311{GMT}	INFO	[jepsen test runner] jepsen.core: Command line:
lein run test --node localhost --username codedump --password 123456
2022-08-25 16:04:40,325{GMT}	INFO	[jepsen test runner] jepsen.core: Running test:
{:remote #jepsen.control.SSHRemote{:session nil}
 :concurrency 1
 :db
 #object[jepsen.etcdemo$db$reify__325
         "0x289a4b90"
         "jepsen.etcdemo$db$reify__325@289a4b90"]
 :leave-db-running? false
 :name "etcd"
 :logging-json? false
 :start-time
 #object[org.joda.time.DateTime "0x4ba13fed" "2022-08-25T16:04:40.000+08:00"]
 :net
 #object[jepsen.net$reify__9085 "0x651cedfb" "jepsen.net$reify__9085@651cedfb"]
 :client
 #object[jepsen.client$reify__8924
         "0x18d22ecf"
         "jepsen.client$reify__8924@18d22ecf"]
 :barrier
 #object[java.util.concurrent.CyclicBarrier
         "0x73d83141"
         "java.util.concurrent.CyclicBarrier@73d83141"]
 :pure-generators true
 :ssh
 {:dummy? false,
  :username "codedump",
  :password "123456",
  :strict-host-key-checking false,
  :private-key-path nil}
 :checker
 #object[jepsen.checker$unbridled_optimism$reify__8609
         "0x31443680"
         "jepsen.checker$unbridled_optimism$reify__8609@31443680"]
 :argv
 ("test" "--node" "localhost" "--username" "codedump" "--password" "123456")
 :nemesis
 #object[jepsen.nemesis$reify__9186
         "0x33356666"
         "jepsen.nemesis$reify__9186@33356666"]
 :active-histories
 #object[clojure.lang.Atom "0x67a38" {:status :ready, :val #{}}]
 :nodes ["localhost"]
 :test-count 1
 :generator nil
 :os
 #object[jepsen.os.debian.Debian
         "0x5b5b8730"
         "jepsen.os.debian.Debian@5b5b8730"]
 :time-limit 60}

2022-08-25 16:04:40,446{GMT}	INFO	[jepsen node localhost] jepsen.os.debian: localhost setting up debian
2022-08-25 16:04:41,064{GMT}	INFO	[jepsen node localhost] jepsen.os.debian: Installing #{ntpdate faketime}
2022-08-25 16:04:47,989{GMT}	WARN	[main] jepsen.core: Test crashed!
clojure.lang.ExceptionInfo: Command exited with non-zero status 100 on node localhost:
sudo -S -u root bash -c "cd /; env DEBIAN_FRONTEND=noninteractive apt-get install -y --allow-downgrades --allow-change-held-packages ntpdate faketime"

STDIN:
null

STDOUT:
Reading package lists...
Building dependency tree...
Reading state information...
The following additional packages will be installed:
  libfaketime
The following NEW packages will be installed:
  faketime libfaketime ntpdate
0 upgraded, 3 newly installed, 0 to remove and 436 not upgraded.
Need to get 86.6 kB of archives.
After this operation, 323 kB of additional disk space will be used.
Get:1 http://cn.archive.ubuntu.com/ubuntu focal-updates/universe amd64 ntpdate amd64 1:4.2.8p12+dfsg-3ubuntu4.20.04.1 [48.8 kB]
Err:2 http://cn.archive.ubuntu.com/ubuntu focal/universe amd64 libfaketime amd64 0.9.7-3ubuntu1
  Connection failed [IP: 91.189.91.38 80]
Err:3 http://cn.archive.ubuntu.com/ubuntu focal/universe amd64 faketime amd64 0.9.7-3ubuntu1
  Connection failed [IP: 91.189.91.38 80]
Fetched 48.8 kB in 7s (7,481 B/s)


STDERR:
E: Failed to fetch http://cn.archive.ubuntu.com/ubuntu/pool/universe/f/faketime/libfaketime_0.9.7-3ubuntu1_amd64.deb  Connection failed [IP: 91.189.91.38 80]
E: Failed to fetch http://cn.archive.ubuntu.com/ubuntu/pool/universe/f/faketime/faketime_0.9.7-3ubuntu1_amd64.deb  Connection failed [IP: 91.189.91.38 80]
E: Unable to fetch some archives, maybe run apt-get update or try with --fix-missing?

	at slingshot.support$stack_trace.invoke(support.clj:201)
	at jepsen.control$throw_on_nonzero_exit.invokeStatic(control.clj:150)
	at jepsen.control$throw_on_nonzero_exit.invoke(control.clj:145)
	at jepsen.control$exec_STAR_.invokeStatic(control.clj:194)
	at jepsen.control$exec_STAR_.doInvoke(control.clj:191)
	at clojure.lang.RestFn.applyTo(RestFn.java:137)
	at clojure.core$apply.invokeStatic(core.clj:665)
	at clojure.core$apply.invoke(core.clj:660)
	at jepsen.control$exec.invokeStatic(control.clj:210)
	at jepsen.control$exec.doInvoke(control.clj:204)
	at clojure.lang.RestFn.applyTo(RestFn.java:137)
	at clojure.core$apply.invokeStatic(core.clj:673)
	at clojure.core$apply.doInvoke(core.clj:660)
	at clojure.lang.RestFn.invoke(RestFn.java:749)
	at jepsen.os.debian$install.invokeStatic(debian.clj:104)
	at jepsen.os.debian$install.invoke(debian.clj:80)
	at jepsen.os.debian.Debian$fn__312.invoke(debian.clj:168)
	at jepsen.os.debian.Debian.setup_BANG_(debian.clj:166)
	at jepsen.os$fn__2459$G__2453__2463.invoke(os.clj:4)
	at jepsen.os$fn__2459$G__2452__2468.invoke(os.clj:4)
	at clojure.core$partial$fn__5824.invoke(core.clj:2625)
	at jepsen.control$on_nodes$fn__3161.invoke(control.clj:430)
	at clojure.lang.AFn.applyToHelper(AFn.java:154)
	at clojure.lang.AFn.applyTo(AFn.java:144)
	at clojure.core$apply.invokeStatic(core.clj:665)
	at clojure.core$with_bindings_STAR_.invokeStatic(core.clj:1973)
	at clojure.core$with_bindings_STAR_.doInvoke(core.clj:1973)
	at clojure.lang.RestFn.applyTo(RestFn.java:142)
	at clojure.core$apply.invokeStatic(core.clj:669)
	at clojure.core$bound_fn_STAR_$fn__5734.doInvoke(core.clj:2003)
	at clojure.lang.RestFn.invoke(RestFn.java:408)
	at dom_top.core$real_pmap_helper$build_thread__213$fn__214.invoke(core.clj:146)
	at clojure.lang.AFn.applyToHelper(AFn.java:152)
	at clojure.lang.AFn.applyTo(AFn.java:144)
	at clojure.core$apply.invokeStatic(core.clj:665)
	at clojure.core$with_bindings_STAR_.invokeStatic(core.clj:1973)
	at clojure.core$with_bindings_STAR_.doInvoke(core.clj:1973)
	at clojure.lang.RestFn.invoke(RestFn.java:425)
	at clojure.lang.AFn.applyToHelper(AFn.java:156)
	at clojure.lang.RestFn.applyTo(RestFn.java:132)
	at clojure.core$apply.invokeStatic(core.clj:669)
	at clojure.core$bound_fn_STAR_$fn__5734.doInvoke(core.clj:2003)
	at clojure.lang.RestFn.invoke(RestFn.java:397)
	at clojure.lang.AFn.run(AFn.java:22)
	at java.base/java.lang.Thread.run(Thread.java:829)
