2022-08-27 16:28:18,686{GMT}	INFO	[jepsen test runner] jepsen.core: Command line:
lein run test --node localhost --username codedump --password 123456
2022-08-27 16:28:18,711{GMT}	INFO	[jepsen test runner] jepsen.core: Running test:
{:remote #jepsen.control.SSHRemote{:session nil}
 :concurrency 1
 :db
 #object[jepsen.etcdemo$db$reify__2513
         "0x3687b83c"
         "jepsen.etcdemo$db$reify__2513@3687b83c"]
 :leave-db-running? false
 :name "etcd"
 :logging-json? false
 :start-time
 #object[org.joda.time.DateTime "0x6915351c" "2022-08-27T16:28:18.000+08:00"]
 :net
 #object[jepsen.net$reify__9085 "0x2ac0cb64" "jepsen.net$reify__9085@2ac0cb64"]
 :client #jepsen.etcdemo.Client{:conn nil}
 :barrier
 #object[java.util.concurrent.CyclicBarrier
         "0x7be3a837"
         "java.util.concurrent.CyclicBarrier@7be3a837"]
 :pure-generators true
 :ssh
 {:dummy? false,
  :username "codedump",
  :password "123456",
  :strict-host-key-checking false,
  :private-key-path nil}
 :checker
 #object[jepsen.checker$linearizable$reify__8632
         "0x247d44b4"
         "jepsen.checker$linearizable$reify__8632@247d44b4"]
 :argv
 ("test" "--node" "localhost" "--username" "codedump" "--password" "123456")
 :nemesis
 #object[jepsen.nemesis$partitioner$reify__9233
         "0x640028f2"
         "jepsen.nemesis$partitioner$reify__9233@640028f2"]
 :active-histories
 #object[clojure.lang.Atom "0x5c7b504" {:status :ready, :val #{}}]
 :nodes ["localhost"]
 :test-count 1
 :generator
 (jepsen.generator.TimeLimit
  {:limit 15000000000,
   :cutoff nil,
   :gen (jepsen.generator.Any
         {:gens [(jepsen.generator.OnThreads {:f #{:nemesis}, :gen nil})
                 (jepsen.generator.OnThreads
                  {:f #object[clojure.core$complement$fn__5654
                              "0x27f4761b"
                              "clojure.core$complement$fn__5654@27f4761b"],
                   :gen (jepsen.generator.Stagger
                         {:dt 2000000000,
                          :next-time nil,
                          :gen (jepsen.generator.Mix
                                {:i 2,
                                 :gens [#object[jepsen.etcdemo$r
                                                "0x52df6d0f"
                                                "jepsen.etcdemo$r@52df6d0f"]
                                        #object[jepsen.etcdemo$w
                                                "0x2bb118ae"
                                                "jepsen.etcdemo$w@2bb118ae"]
                                        #object[jepsen.etcdemo$cas
                                                "0x5e3a5f0c"
                                                "jepsen.etcdemo$cas@5e3a5f0c"]]})})})]})})
 :os
 #object[jepsen.os.ubuntu.Ubuntu
         "0x5afaae7e"
         "jepsen.os.ubuntu.Ubuntu@5afaae7e"]
 :time-limit 60}

2022-08-27 16:28:18,812{GMT}	INFO	[jepsen node localhost] jepsen.os.ubuntu: localhost setting up ubuntu
2022-08-27 16:28:19,590{GMT}	INFO	[jepsen test runner] jepsen.db: Tearing down DB
2022-08-27 16:28:19,592{GMT}	INFO	[jepsen node localhost] jepsen.etcdemo: localhost tearing down etcd
2022-08-27 16:28:19,592{GMT}	INFO	[jepsen node localhost] jepsen.control.util: Stopping etcd
2022-08-27 16:28:19,901{GMT}	INFO	[jepsen test runner] jepsen.db: Setting up DB
2022-08-27 16:28:19,902{GMT}	INFO	[jepsen node localhost] jepsen.etcdemo: localhost installing etcd v3.1.5
2022-08-27 16:28:21,121{GMT}	INFO	[jepsen node localhost] jepsen.control.util: starting etcd
2022-08-27 16:28:31,327{GMT}	INFO	[jepsen test runner] jepsen.core: Relative time begins now
2022-08-27 16:28:31,548{GMT}	INFO	[jepsen worker 0] jepsen.util: 0	:invoke	:cas	[0 0]
2022-08-27 16:28:31,591{GMT}	INFO	[jepsen worker 0] jepsen.util: 0	:fail	:cas	[0 0]	:not-found
2022-08-27 16:28:31,832{GMT}	INFO	[jepsen worker 0] jepsen.util: 0	:invoke	:read	nil
2022-08-27 16:28:31,838{GMT}	INFO	[jepsen worker 0] jepsen.util: 0	:ok	:read	nil
2022-08-27 16:28:33,210{GMT}	INFO	[jepsen worker 0] jepsen.util: 0	:invoke	:write	1
2022-08-27 16:28:33,216{GMT}	INFO	[jepsen worker 0] jepsen.util: 0	:ok	:write	1
2022-08-27 16:28:34,290{GMT}	INFO	[jepsen worker 0] jepsen.util: 0	:invoke	:write	2
2022-08-27 16:28:34,296{GMT}	INFO	[jepsen worker 0] jepsen.util: 0	:ok	:write	2
2022-08-27 16:28:35,321{GMT}	INFO	[jepsen worker 0] jepsen.util: 0	:invoke	:write	3
2022-08-27 16:28:35,324{GMT}	INFO	[jepsen worker 0] jepsen.util: 0	:ok	:write	3
2022-08-27 16:28:35,485{GMT}	INFO	[jepsen worker 0] jepsen.util: 0	:invoke	:cas	[2 3]
2022-08-27 16:28:35,491{GMT}	INFO	[jepsen worker 0] jepsen.util: 0	:fail	:cas	[2 3]
2022-08-27 16:28:37,429{GMT}	INFO	[jepsen worker 0] jepsen.util: 0	:invoke	:read	nil
2022-08-27 16:28:37,433{GMT}	INFO	[jepsen worker 0] jepsen.util: 0	:ok	:read	3
2022-08-27 16:28:38,519{GMT}	INFO	[jepsen worker 0] jepsen.util: 0	:invoke	:read	nil
2022-08-27 16:28:38,523{GMT}	INFO	[jepsen worker 0] jepsen.util: 0	:ok	:read	3
2022-08-27 16:28:39,878{GMT}	INFO	[jepsen worker 0] jepsen.util: 0	:invoke	:read	nil
2022-08-27 16:28:39,882{GMT}	INFO	[jepsen worker 0] jepsen.util: 0	:ok	:read	3
2022-08-27 16:28:40,141{GMT}	INFO	[jepsen worker 0] jepsen.util: 0	:invoke	:write	1
2022-08-27 16:28:40,146{GMT}	INFO	[jepsen worker 0] jepsen.util: 0	:ok	:write	1
2022-08-27 16:28:40,786{GMT}	INFO	[jepsen worker 0] jepsen.util: 0	:invoke	:write	4
2022-08-27 16:28:40,791{GMT}	INFO	[jepsen worker 0] jepsen.util: 0	:ok	:write	4
2022-08-27 16:28:40,931{GMT}	INFO	[jepsen worker 0] jepsen.util: 0	:invoke	:cas	[1 3]
2022-08-27 16:28:40,937{GMT}	INFO	[jepsen worker 0] jepsen.util: 0	:fail	:cas	[1 3]
2022-08-27 16:28:42,640{GMT}	INFO	[jepsen worker 0] jepsen.util: 0	:invoke	:read	nil
2022-08-27 16:28:42,644{GMT}	INFO	[jepsen worker 0] jepsen.util: 0	:ok	:read	4
2022-08-27 16:28:43,687{GMT}	INFO	[jepsen worker 0] jepsen.util: 0	:invoke	:read	nil
2022-08-27 16:28:43,691{GMT}	INFO	[jepsen worker 0] jepsen.util: 0	:ok	:read	4
2022-08-27 16:28:45,567{GMT}	INFO	[jepsen worker 0] jepsen.util: 0	:invoke	:cas	[4 3]
2022-08-27 16:28:45,569{GMT}	INFO	[jepsen worker 0] jepsen.util: 0	:ok	:cas	[4 3]
2022-08-27 16:28:45,757{GMT}	INFO	[jepsen worker 0] jepsen.util: 0	:invoke	:read	nil
2022-08-27 16:28:45,759{GMT}	INFO	[jepsen worker 0] jepsen.util: 0	:ok	:read	3
2022-08-27 16:28:45,809{GMT}	INFO	[jepsen worker 0] jepsen.util: 0	:invoke	:read	nil
2022-08-27 16:28:45,811{GMT}	INFO	[jepsen worker 0] jepsen.util: 0	:ok	:read	3
2022-08-27 16:28:46,014{GMT}	INFO	[jepsen test runner] jepsen.core: Run complete, writing
2022-08-27 16:28:46,031{GMT}	INFO	[jepsen test runner] jepsen.core: Analyzing...
2022-08-27 16:28:46,053{GMT}	INFO	[jepsen test runner] jepsen.core: Analysis complete
2022-08-27 16:28:46,058{GMT}	INFO	[jepsen results] jepsen.store: Wrote /home/codedump/source/jepsen.etcdemo/store/etcd/20220827T162818.000+0800/results.edn
2022-08-27 16:28:46,059{GMT}	INFO	[jepsen node localhost] jepsen.etcdemo: localhost tearing down etcd
2022-08-27 16:28:46,059{GMT}	INFO	[jepsen node localhost] jepsen.control.util: Stopping etcd
2022-08-27 16:28:46,387{GMT}	INFO	[jepsen test runner] jepsen.core: {:valid? true,
 :configs
 ({:model {:value 3},
   :last-op
   {:process 0,
    :type :ok,
    :f :read,
    :value 3,
    :index 33,
    :time 14485411299},
   :pending []}),
 :analyzer :linear,
 :final-paths ()}


Everything looks good! ヽ(‘ー`)ノ
