2022-08-25 19:21:06,393{GMT}	INFO	[jepsen test runner] jepsen.core: Command line:
lein run test --node localhost --username codedump --password 123456
2022-08-25 19:21:06,407{GMT}	INFO	[jepsen test runner] jepsen.core: Running test:
{:remote #jepsen.control.SSHRemote{:session nil}
 :concurrency 1
 :db
 #object[jepsen.etcdemo$db$reify__2460
         "0x1f2d0ca2"
         "jepsen.etcdemo$db$reify__2460@1f2d0ca2"]
 :leave-db-running? false
 :name "etcd"
 :logging-json? false
 :start-time
 #object[org.joda.time.DateTime "0x59301546" "2022-08-25T19:21:06.000+08:00"]
 :net
 #object[jepsen.net$reify__9085 "0x25fc2b8f" "jepsen.net$reify__9085@25fc2b8f"]
 :client
 #object[jepsen.client$reify__8924
         "0x363d29dd"
         "jepsen.client$reify__8924@363d29dd"]
 :barrier
 #object[java.util.concurrent.CyclicBarrier
         "0x19b4dd60"
         "java.util.concurrent.CyclicBarrier@19b4dd60"]
 :pure-generators true
 :ssh
 {:dummy? false,
  :username "codedump",
  :password "123456",
  :strict-host-key-checking false,
  :private-key-path nil}
 :checker
 #object[jepsen.checker$unbridled_optimism$reify__8609
         "0x40f77135"
         "jepsen.checker$unbridled_optimism$reify__8609@40f77135"]
 :argv
 ("test" "--node" "localhost" "--username" "codedump" "--password" "123456")
 :nemesis
 #object[jepsen.nemesis$reify__9186
         "0x4138af7"
         "jepsen.nemesis$reify__9186@4138af7"]
 :active-histories
 #object[clojure.lang.Atom "0x7866ffa" {:status :ready, :val #{}}]
 :nodes ["localhost"]
 :test-count 1
 :generator nil
 :os
 #object[jepsen.os.ubuntu.Ubuntu
         "0x471d6571"
         "jepsen.os.ubuntu.Ubuntu@471d6571"]
 :time-limit 60}

2022-08-25 19:21:06,506{GMT}	INFO	[jepsen node localhost] jepsen.os.ubuntu: localhost setting up ubuntu
2022-08-25 19:21:07,305{GMT}	INFO	[jepsen test runner] jepsen.db: Tearing down DB
2022-08-25 19:21:07,307{GMT}	INFO	[jepsen node localhost] jepsen.etcdemo: localhost tearing down etcd
2022-08-25 19:21:07,307{GMT}	INFO	[jepsen node localhost] jepsen.control.util: Stopping etcd
2022-08-25 19:21:07,614{GMT}	INFO	[jepsen test runner] jepsen.db: Setting up DB
2022-08-25 19:21:07,616{GMT}	INFO	[jepsen node localhost] jepsen.etcdemo: localhost installing etcd v3.1.5
2022-08-25 19:21:08,836{GMT}	INFO	[jepsen node localhost] jepsen.control.util: starting etcd
2022-08-25 19:21:19,042{GMT}	INFO	[jepsen test runner] jepsen.core: Relative time begins now
2022-08-25 19:21:19,057{GMT}	INFO	[jepsen test runner] jepsen.core: Run complete, writing
2022-08-25 19:21:19,084{GMT}	INFO	[jepsen test runner] jepsen.core: Analyzing...
2022-08-25 19:21:19,085{GMT}	INFO	[jepsen test runner] jepsen.core: Analysis complete
2022-08-25 19:21:19,086{GMT}	INFO	[jepsen results] jepsen.store: Wrote /home/codedump/source/jepsen.etcdemo/store/etcd/20220825T192106.000+0800/results.edn
2022-08-25 19:21:19,087{GMT}	INFO	[jepsen node localhost] jepsen.etcdemo: localhost tearing down etcd
2022-08-25 19:21:19,087{GMT}	INFO	[jepsen node localhost] jepsen.control.util: Stopping etcd
2022-08-25 19:21:19,403{GMT}	INFO	[jepsen test runner] jepsen.core: {:valid? true}


Everything looks good! ヽ(‘ー`)ノ
