2022-08-27 16:26:44,469{GMT}	INFO	[jepsen test runner] jepsen.core: Command line:
lein run test --node localhost --username codedump --password 123456
2022-08-27 16:26:44,495{GMT}	INFO	[jepsen test runner] jepsen.core: Running test:
{:remote #jepsen.control.SSHRemote{:session nil}
 :concurrency 1
 :db
 #object[jepsen.etcdemo$db$reify__2461
         "0x2cdcedef"
         "jepsen.etcdemo$db$reify__2461@2cdcedef"]
 :leave-db-running? false
 :name "etcd"
 :logging-json? false
 :start-time
 #object[org.joda.time.DateTime "0x88fc9cb" "2022-08-27T16:26:44.000+08:00"]
 :net
 #object[jepsen.net$reify__9085 "0x75693526" "jepsen.net$reify__9085@75693526"]
 :client #jepsen.etcdemo.Client{:conn nil}
 :barrier
 #object[java.util.concurrent.CyclicBarrier
         "0x39a1c200"
         "java.util.concurrent.CyclicBarrier@39a1c200"]
 :pure-generators true
 :ssh
 {:dummy? false,
  :username "codedump",
  :password "123456",
  :strict-host-key-checking false,
  :private-key-path nil}
 :checker
 #object[jepsen.checker$linearizable$reify__8632
         "0x603a34e5"
         "jepsen.checker$linearizable$reify__8632@603a34e5"]
 :argv
 ("test" "--node" "localhost" "--username" "codedump" "--password" "123456")
 :nemesis
 #object[jepsen.nemesis$reify__9186
         "0x160d68b8"
         "jepsen.nemesis$reify__9186@160d68b8"]
 :active-histories
 #object[clojure.lang.Atom "0x51eeae0a" {:status :ready, :val #{}}]
 :nodes ["localhost"]
 :test-count 1
 :generator
 (jepsen.generator.TimeLimit
  {:limit 15000000000,
   :cutoff nil,
   :gen (jepsen.generator.Any
         {:gens [(jepsen.generator.OnThreads {:f #{:nemesis}, :gen nil})
                 (jepsen.generator.OnThreads
                  {:f #object[clojure.core$complement$fn__5654
                              "0x6414eb98"
                              "clojure.core$complement$fn__5654@6414eb98"],
                   :gen (jepsen.generator.Stagger
                         {:dt 2000000000,
                          :next-time nil,
                          :gen (jepsen.generator.Mix
                                {:i 0,
                                 :gens [#object[jepsen.etcdemo$r
                                                "0x61a17f3"
                                                "jepsen.etcdemo$r@61a17f3"]
                                        #object[jepsen.etcdemo$w
                                                "0x352d3749"
                                                "jepsen.etcdemo$w@352d3749"]
                                        #object[jepsen.etcdemo$cas
                                                "0x1a3e8b68"
                                                "jepsen.etcdemo$cas@1a3e8b68"]]})})})]})})
 :os
 #object[jepsen.os.ubuntu.Ubuntu
         "0x5935eb9c"
         "jepsen.os.ubuntu.Ubuntu@5935eb9c"]
 :time-limit 60}

2022-08-27 16:26:44,598{GMT}	INFO	[jepsen node localhost] jepsen.os.ubuntu: localhost setting up ubuntu
2022-08-27 16:26:45,370{GMT}	INFO	[jepsen test runner] jepsen.db: Tearing down DB
2022-08-27 16:26:45,372{GMT}	INFO	[jepsen node localhost] jepsen.etcdemo: localhost tearing down etcd
2022-08-27 16:26:45,372{GMT}	INFO	[jepsen node localhost] jepsen.control.util: Stopping etcd
2022-08-27 16:26:45,679{GMT}	INFO	[jepsen test runner] jepsen.db: Setting up DB
2022-08-27 16:26:45,679{GMT}	INFO	[jepsen node localhost] jepsen.etcdemo: localhost installing etcd v3.1.5
2022-08-27 16:26:46,898{GMT}	INFO	[jepsen node localhost] jepsen.control.util: starting etcd
2022-08-27 16:26:57,103{GMT}	INFO	[jepsen test runner] jepsen.core: Relative time begins now
2022-08-27 16:26:57,123{GMT}	INFO	[jepsen worker 0] jepsen.util: 0	:invoke	:read	nil
2022-08-27 16:26:57,166{GMT}	INFO	[jepsen worker 0] jepsen.util: 0	:ok	:read	nil
2022-08-27 16:26:57,809{GMT}	INFO	[jepsen worker 0] jepsen.util: 0	:invoke	:cas	[2 1]
2022-08-27 16:26:57,816{GMT}	INFO	[jepsen worker 0] jepsen.util: 0	:fail	:cas	[2 1]	:not-found
2022-08-27 16:26:58,903{GMT}	INFO	[jepsen worker 0] jepsen.util: 0	:invoke	:write	4
2022-08-27 16:26:58,908{GMT}	INFO	[jepsen worker 0] jepsen.util: 0	:ok	:write	4
2022-08-27 16:26:59,736{GMT}	INFO	[jepsen worker 0] jepsen.util: 0	:invoke	:cas	[1 0]
2022-08-27 16:26:59,742{GMT}	INFO	[jepsen worker 0] jepsen.util: 0	:fail	:cas	[1 0]
2022-08-27 16:26:59,856{GMT}	INFO	[jepsen worker 0] jepsen.util: 0	:invoke	:cas	[3 1]
2022-08-27 16:26:59,861{GMT}	INFO	[jepsen worker 0] jepsen.util: 0	:fail	:cas	[3 1]
2022-08-27 16:27:00,461{GMT}	INFO	[jepsen worker 0] jepsen.util: 0	:invoke	:write	3
2022-08-27 16:27:00,463{GMT}	INFO	[jepsen worker 0] jepsen.util: 0	:ok	:write	3
2022-08-27 16:27:01,211{GMT}	INFO	[jepsen worker 0] jepsen.util: 0	:invoke	:read	nil
2022-08-27 16:27:01,215{GMT}	INFO	[jepsen worker 0] jepsen.util: 0	:ok	:read	3
2022-08-27 16:27:01,721{GMT}	INFO	[jepsen worker 0] jepsen.util: 0	:invoke	:read	nil
2022-08-27 16:27:01,725{GMT}	INFO	[jepsen worker 0] jepsen.util: 0	:ok	:read	3
2022-08-27 16:27:02,932{GMT}	INFO	[jepsen worker 0] jepsen.util: 0	:invoke	:cas	[4 1]
2022-08-27 16:27:02,938{GMT}	INFO	[jepsen worker 0] jepsen.util: 0	:fail	:cas	[4 1]
2022-08-27 16:27:04,210{GMT}	INFO	[jepsen worker 0] jepsen.util: 0	:invoke	:write	0
2022-08-27 16:27:04,214{GMT}	INFO	[jepsen worker 0] jepsen.util: 0	:ok	:write	0
2022-08-27 16:27:04,734{GMT}	INFO	[jepsen worker 0] jepsen.util: 0	:invoke	:read	nil
2022-08-27 16:27:04,737{GMT}	INFO	[jepsen worker 0] jepsen.util: 0	:ok	:read	0
2022-08-27 16:27:05,564{GMT}	INFO	[jepsen worker 0] jepsen.util: 0	:invoke	:cas	[4 0]
2022-08-27 16:27:05,569{GMT}	INFO	[jepsen worker 0] jepsen.util: 0	:fail	:cas	[4 0]
2022-08-27 16:27:07,350{GMT}	INFO	[jepsen worker 0] jepsen.util: 0	:invoke	:read	nil
2022-08-27 16:27:07,353{GMT}	INFO	[jepsen worker 0] jepsen.util: 0	:ok	:read	0
2022-08-27 16:27:08,002{GMT}	INFO	[jepsen worker 0] jepsen.util: 0	:invoke	:read	nil
2022-08-27 16:27:08,006{GMT}	INFO	[jepsen worker 0] jepsen.util: 0	:ok	:read	0
2022-08-27 16:27:08,374{GMT}	INFO	[jepsen worker 0] jepsen.util: 0	:invoke	:write	1
2022-08-27 16:27:08,378{GMT}	INFO	[jepsen worker 0] jepsen.util: 0	:ok	:write	1
2022-08-27 16:27:09,895{GMT}	INFO	[jepsen worker 0] jepsen.util: 0	:invoke	:cas	[0 4]
2022-08-27 16:27:09,899{GMT}	INFO	[jepsen worker 0] jepsen.util: 0	:fail	:cas	[0 4]
2022-08-27 16:27:10,050{GMT}	INFO	[jepsen worker 0] jepsen.util: 0	:invoke	:write	2
2022-08-27 16:27:10,054{GMT}	INFO	[jepsen worker 0] jepsen.util: 0	:ok	:write	2
2022-08-27 16:27:11,945{GMT}	INFO	[jepsen worker 0] jepsen.util: 0	:invoke	:read	nil
2022-08-27 16:27:11,949{GMT}	INFO	[jepsen worker 0] jepsen.util: 0	:ok	:read	2
2022-08-27 16:27:11,952{GMT}	INFO	[jepsen test runner] jepsen.core: Run complete, writing
2022-08-27 16:27:11,982{GMT}	INFO	[jepsen test runner] jepsen.core: Analyzing...
2022-08-27 16:27:12,002{GMT}	INFO	[jepsen test runner] jepsen.core: Analysis complete
2022-08-27 16:27:12,008{GMT}	INFO	[jepsen results] jepsen.store: Wrote /home/codedump/source/jepsen.etcdemo/store/etcd/20220827T162644.000+0800/results.edn
2022-08-27 16:27:12,009{GMT}	INFO	[jepsen node localhost] jepsen.etcdemo: localhost tearing down etcd
2022-08-27 16:27:12,009{GMT}	INFO	[jepsen node localhost] jepsen.control.util: Stopping etcd
2022-08-27 16:27:12,340{GMT}	INFO	[jepsen test runner] jepsen.core: {:valid? true,
 :configs
 ({:model {:value 2},
   :last-op
   {:process 0,
    :type :ok,
    :f :read,
    :value 2,
    :index 35,
    :time 14847132286},
   :pending []}),
 :analyzer :linear,
 :final-paths ()}


Everything looks good! ヽ(‘ー`)ノ
