2022-08-27 16:33:40,719{GMT}	INFO	[jepsen test runner] jepsen.core: Command line:
lein run test --node localhost --username codedump --password 123456
2022-08-27 16:33:40,746{GMT}	INFO	[jepsen test runner] jepsen.core: Running test:
{:remote #jepsen.control.SSHRemote{:session nil}
 :concurrency 1
 :db
 #object[jepsen.etcdemo$db$reify__2513
         "0x29b2a94c"
         "jepsen.etcdemo$db$reify__2513@29b2a94c"]
 :leave-db-running? false
 :name "etcd"
 :logging-json? false
 :start-time
 #object[org.joda.time.DateTime "0x1067192a" "2022-08-27T16:33:40.000+08:00"]
 :net
 #object[jepsen.net$reify__9085 "0x3f7f9d3f" "jepsen.net$reify__9085@3f7f9d3f"]
 :client #jepsen.etcdemo.Client{:conn nil}
 :barrier
 #object[java.util.concurrent.CyclicBarrier
         "0x62966c9f"
         "java.util.concurrent.CyclicBarrier@62966c9f"]
 :pure-generators true
 :ssh
 {:dummy? false,
  :username "codedump",
  :password "123456",
  :strict-host-key-checking false,
  :private-key-path nil}
 :checker
 #object[jepsen.checker$linearizable$reify__8632
         "0x4193da4d"
         "jepsen.checker$linearizable$reify__8632@4193da4d"]
 :argv
 ("test" "--node" "localhost" "--username" "codedump" "--password" "123456")
 :nemesis
 #object[jepsen.nemesis$partitioner$reify__9233
         "0x6915351c"
         "jepsen.nemesis$partitioner$reify__9233@6915351c"]
 :active-histories
 #object[clojure.lang.Atom "0x640028f2" {:status :ready, :val #{}}]
 :nodes ["localhost"]
 :test-count 1
 :generator
 (jepsen.generator.TimeLimit
  {:limit 60000000000,
   :cutoff nil,
   :gen (jepsen.generator.Any
         {:gens [(jepsen.generator.OnThreads
                  {:f #{:nemesis},
                   :gen ({:type :sleep, :value 5}
                         {:type :info, :f :start}
                         {:type :sleep, :value 5}
                         {:type :info, :f :stop}
                         {:type :sleep, :value 5}
                         {:type :info, :f :start}
                         {:type :sleep, :value 5}
                         {:type :info, :f :stop}
                         ...)})
                 (jepsen.generator.OnThreads
                  {:f #object[clojure.core$complement$fn__5654
                              "0x4917992b"
                              "clojure.core$complement$fn__5654@4917992b"],
                   :gen (jepsen.generator.Stagger
                         {:dt 2000000000,
                          :next-time nil,
                          :gen (jepsen.generator.Mix
                                {:i 0,
                                 :gens [#object[jepsen.etcdemo$r
                                                "0x62536882"
                                                "jepsen.etcdemo$r@62536882"]
                                        #object[jepsen.etcdemo$w
                                                "0x1e9d6c78"
                                                "jepsen.etcdemo$w@1e9d6c78"]
                                        #object[jepsen.etcdemo$cas
                                                "0x27f4761b"
                                                "jepsen.etcdemo$cas@27f4761b"]]})})})]})})
 :os
 #object[jepsen.os.ubuntu.Ubuntu
         "0x52df6d0f"
         "jepsen.os.ubuntu.Ubuntu@52df6d0f"]
 :time-limit 60}

2022-08-27 16:33:40,847{GMT}	INFO	[jepsen node localhost] jepsen.os.ubuntu: localhost setting up ubuntu
2022-08-27 16:33:41,601{GMT}	INFO	[jepsen test runner] jepsen.db: Tearing down DB
2022-08-27 16:33:41,603{GMT}	INFO	[jepsen node localhost] jepsen.etcdemo: localhost tearing down etcd
2022-08-27 16:33:41,603{GMT}	INFO	[jepsen node localhost] jepsen.control.util: Stopping etcd
2022-08-27 16:33:41,912{GMT}	INFO	[jepsen test runner] jepsen.db: Setting up DB
2022-08-27 16:33:41,913{GMT}	INFO	[jepsen node localhost] jepsen.etcdemo: localhost installing etcd v3.1.5
2022-08-27 16:33:43,134{GMT}	INFO	[jepsen node localhost] jepsen.control.util: starting etcd
2022-08-27 16:33:53,340{GMT}	INFO	[jepsen test runner] jepsen.core: Relative time begins now
2022-08-27 16:33:53,562{GMT}	INFO	[jepsen worker 0] jepsen.util: 0	:invoke	:read	nil
2022-08-27 16:33:53,601{GMT}	INFO	[jepsen worker 0] jepsen.util: 0	:ok	:read	2
2022-08-27 16:33:53,795{GMT}	INFO	[jepsen worker 0] jepsen.util: 0	:invoke	:cas	[0 3]
2022-08-27 16:33:53,816{GMT}	INFO	[jepsen worker 0] jepsen.util: 0	:fail	:cas	[0 3]
2022-08-27 16:33:54,118{GMT}	INFO	[jepsen worker 0] jepsen.util: 0	:invoke	:cas	[3 4]
2022-08-27 16:33:54,121{GMT}	INFO	[jepsen worker 0] jepsen.util: 0	:fail	:cas	[3 4]
2022-08-27 16:33:54,574{GMT}	INFO	[jepsen worker 0] jepsen.util: 0	:invoke	:cas	[3 0]
2022-08-27 16:33:54,580{GMT}	INFO	[jepsen worker 0] jepsen.util: 0	:fail	:cas	[3 0]
2022-08-27 16:33:55,189{GMT}	INFO	[jepsen worker 0] jepsen.util: 0	:invoke	:write	0
2022-08-27 16:33:55,194{GMT}	INFO	[jepsen worker 0] jepsen.util: 0	:ok	:write	0
2022-08-27 16:33:56,408{GMT}	INFO	[jepsen worker 0] jepsen.util: 0	:invoke	:cas	[0 4]
2022-08-27 16:33:56,414{GMT}	INFO	[jepsen worker 0] jepsen.util: 0	:ok	:cas	[0 4]
2022-08-27 16:33:57,710{GMT}	INFO	[jepsen worker 0] jepsen.util: 0	:invoke	:read	nil
2022-08-27 16:33:57,715{GMT}	INFO	[jepsen worker 0] jepsen.util: 0	:ok	:read	4
2022-08-27 16:33:58,563{GMT}	INFO	[jepsen worker nemesis] jepsen.util: :nemesis	:info	:start	nil
2022-08-27 16:33:58,572{GMT}	INFO	[jepsen worker nemesis] jepsen.util: :nemesis	:info	:start	[:isolated {"localhost" #{}}]
2022-08-27 16:33:58,865{GMT}	INFO	[jepsen worker 0] jepsen.util: 0	:invoke	:read	nil
2022-08-27 16:33:58,869{GMT}	INFO	[jepsen worker 0] jepsen.util: 0	:ok	:read	4
2022-08-27 16:33:59,659{GMT}	INFO	[jepsen worker 0] jepsen.util: 0	:invoke	:read	nil
2022-08-27 16:33:59,663{GMT}	INFO	[jepsen worker 0] jepsen.util: 0	:ok	:read	4
2022-08-27 16:34:01,483{GMT}	INFO	[jepsen worker 0] jepsen.util: 0	:invoke	:read	nil
2022-08-27 16:34:01,487{GMT}	INFO	[jepsen worker 0] jepsen.util: 0	:ok	:read	4
2022-08-27 16:34:02,743{GMT}	INFO	[jepsen worker 0] jepsen.util: 0	:invoke	:write	3
2022-08-27 16:34:02,748{GMT}	INFO	[jepsen worker 0] jepsen.util: 0	:ok	:write	3
2022-08-27 16:34:03,186{GMT}	INFO	[jepsen worker 0] jepsen.util: 0	:invoke	:cas	[0 1]
2022-08-27 16:34:03,192{GMT}	INFO	[jepsen worker 0] jepsen.util: 0	:fail	:cas	[0 1]
2022-08-27 16:34:03,573{GMT}	INFO	[jepsen worker nemesis] jepsen.util: :nemesis	:info	:stop	nil
2022-08-27 16:34:03,777{GMT}	INFO	[jepsen worker nemesis] jepsen.util: :nemesis	:info	:stop	:network-healed
2022-08-27 16:34:03,834{GMT}	INFO	[jepsen worker 0] jepsen.util: 0	:invoke	:write	1
2022-08-27 16:34:03,838{GMT}	INFO	[jepsen worker 0] jepsen.util: 0	:ok	:write	1
2022-08-27 16:34:04,073{GMT}	INFO	[jepsen worker 0] jepsen.util: 0	:invoke	:cas	[0 4]
2022-08-27 16:34:04,079{GMT}	INFO	[jepsen worker 0] jepsen.util: 0	:fail	:cas	[0 4]
2022-08-27 16:34:05,681{GMT}	INFO	[jepsen worker 0] jepsen.util: 0	:invoke	:write	3
2022-08-27 16:34:05,685{GMT}	INFO	[jepsen worker 0] jepsen.util: 0	:ok	:write	3
2022-08-27 16:34:06,465{GMT}	INFO	[jepsen worker 0] jepsen.util: 0	:invoke	:cas	[1 2]
2022-08-27 16:34:06,469{GMT}	INFO	[jepsen worker 0] jepsen.util: 0	:fail	:cas	[1 2]
2022-08-27 16:34:07,693{GMT}	INFO	[jepsen worker 0] jepsen.util: 0	:invoke	:cas	[1 0]
2022-08-27 16:34:07,698{GMT}	INFO	[jepsen worker 0] jepsen.util: 0	:fail	:cas	[1 0]
2022-08-27 16:34:07,887{GMT}	INFO	[jepsen worker 0] jepsen.util: 0	:invoke	:read	nil
2022-08-27 16:34:07,891{GMT}	INFO	[jepsen worker 0] jepsen.util: 0	:ok	:read	3
2022-08-27 16:34:08,779{GMT}	INFO	[jepsen worker nemesis] jepsen.util: :nemesis	:info	:start	nil
2022-08-27 16:34:08,781{GMT}	INFO	[jepsen worker nemesis] jepsen.util: :nemesis	:info	:start	[:isolated {"localhost" #{}}]
2022-08-27 16:34:08,807{GMT}	INFO	[jepsen worker 0] jepsen.util: 0	:invoke	:cas	[4 0]
2022-08-27 16:34:08,812{GMT}	INFO	[jepsen worker 0] jepsen.util: 0	:fail	:cas	[4 0]
2022-08-27 16:34:10,710{GMT}	INFO	[jepsen worker 0] jepsen.util: 0	:invoke	:read	nil
2022-08-27 16:34:10,715{GMT}	WARN	[jepsen worker 0] jepsen.generator.interpreter: Process 0 crashed
java.net.ConnectException: Connection refused (Connection refused)
	at java.base/java.net.PlainSocketImpl.socketConnect(Native Method)
	at java.base/java.net.AbstractPlainSocketImpl.doConnect(AbstractPlainSocketImpl.java:412)
	at java.base/java.net.AbstractPlainSocketImpl.connectToAddress(AbstractPlainSocketImpl.java:255)
	at java.base/java.net.AbstractPlainSocketImpl.connect(AbstractPlainSocketImpl.java:237)
	at java.base/java.net.SocksSocketImpl.connect(SocksSocketImpl.java:392)
	at java.base/java.net.Socket.connect(Socket.java:609)
	at org.apache.http.conn.scheme.PlainSocketFactory.connectSocket(PlainSocketFactory.java:117)
	at org.apache.http.impl.conn.DefaultClientConnectionOperator.openConnection(DefaultClientConnectionOperator.java:177)
	at org.apache.http.impl.conn.ManagedClientConnectionImpl.open(ManagedClientConnectionImpl.java:304)
	at org.apache.http.impl.client.DefaultRequestDirector.tryConnect(DefaultRequestDirector.java:611)
	at org.apache.http.impl.client.DefaultRequestDirector.execute(DefaultRequestDirector.java:446)
	at org.apache.http.impl.client.AbstractHttpClient.doExecute(AbstractHttpClient.java:882)
	at org.apache.http.impl.client.CloseableHttpClient.execute(CloseableHttpClient.java:82)
	at org.apache.http.impl.client.CloseableHttpClient.execute(CloseableHttpClient.java:107)
	at clj_http.core$request.invokeStatic(core.clj:304)
	at clj_http.core$request.invoke(core.clj:208)
	at clojure.lang.Var.invoke(Var.java:384)
	at clj_http.client$wrap_request_timing$fn__2099.invoke(client.clj:831)
	at clj_http.headers$wrap_header_map$fn__460.invoke(headers.clj:143)
	at clj_http.client$wrap_query_params$fn__2001.invoke(client.clj:645)
	at clj_http.client$wrap_basic_auth$fn__2008.invoke(client.clj:670)
	at clj_http.client$wrap_oauth$fn__2012.invoke(client.clj:680)
	at clj_http.client$wrap_user_info$fn__2017.invoke(client.clj:693)
	at clj_http.client$wrap_url$fn__2085.invoke(client.clj:797)
	at clj_http.client$wrap_redirects$fn__1779.invoke(client.clj:267)
	at clj_http.client$wrap_decompression$fn__1804.invoke(client.clj:339)
	at clj_http.client$wrap_input_coercion$fn__1936.invoke(client.clj:518)
	at clj_http.client$wrap_additional_header_parsing$fn__1957.invoke(client.clj:552)
	at clj_http.client$wrap_output_coercion$fn__1927.invoke(client.clj:468)
	at clj_http.client$wrap_exceptions$fn__1765.invoke(client.clj:219)
	at clj_http.client$wrap_accept$fn__1971.invoke(client.clj:595)
	at clj_http.client$wrap_accept_encoding$fn__1977.invoke(client.clj:609)
	at clj_http.client$wrap_content_type$fn__1966.invoke(client.clj:585)
	at clj_http.client$wrap_form_params$fn__2064.invoke(client.clj:756)
	at clj_http.client$wrap_nested_params$fn__2080.invoke(client.clj:786)
	at clj_http.client$wrap_method$fn__2024.invoke(client.clj:700)
	at clj_http.cookies$wrap_cookies$fn__361.invoke(cookies.clj:124)
	at clj_http.links$wrap_links$fn__723.invoke(links.clj:51)
	at clj_http.client$wrap_unknown_host$fn__2089.invoke(client.clj:806)
	at clj_http.client$get.invokeStatic(client.clj:909)
	at clj_http.client$get.doInvoke(client.clj:905)
	at clojure.lang.RestFn.invoke(RestFn.java:423)
	at verschlimmbesserung.core$get_STAR_.invokeStatic(core.clj:251)
	at verschlimmbesserung.core$get_STAR_.invoke(core.clj:239)
	at verschlimmbesserung.core$get.invokeStatic(core.clj:290)
	at verschlimmbesserung.core$get.invoke(core.clj:254)
	at verschlimmbesserung.core$get.invokeStatic(core.clj:287)
	at verschlimmbesserung.core$get.invoke(core.clj:254)
	at jepsen.etcdemo.Client.invoke_BANG_(etcdemo.clj:96)
	at jepsen.client.Validate.invoke_BANG_(client.clj:83)
	at jepsen.generator.interpreter.ClientWorker.invoke_BANG_(interpreter.clj:62)
	at jepsen.generator.interpreter$spawn_worker$fn__9422$fn__9423.invoke(interpreter.clj:137)
	at jepsen.generator.interpreter$spawn_worker$fn__9422.invoke(interpreter.clj:120)
	at clojure.core$binding_conveyor_fn$fn__5739.invoke(core.clj:2030)
	at clojure.lang.AFn.call(AFn.java:18)
	at java.base/java.util.concurrent.FutureTask.run(FutureTask.java:264)
	at java.base/java.util.concurrent.ThreadPoolExecutor.runWorker(ThreadPoolExecutor.java:1128)
	at java.base/java.util.concurrent.ThreadPoolExecutor$Worker.run(ThreadPoolExecutor.java:628)
	at java.base/java.lang.Thread.run(Thread.java:829)
2022-08-27 16:34:11,502{GMT}	INFO	[jepsen worker 0] jepsen.util: 1	:invoke	:write	2
2022-08-27 16:34:11,504{GMT}	WARN	[jepsen worker 0] jepsen.generator.interpreter: Process 1 crashed
java.net.ConnectException: Connection refused (Connection refused)
	at java.base/java.net.PlainSocketImpl.socketConnect(Native Method)
	at java.base/java.net.AbstractPlainSocketImpl.doConnect(AbstractPlainSocketImpl.java:412)
	at java.base/java.net.AbstractPlainSocketImpl.connectToAddress(AbstractPlainSocketImpl.java:255)
	at java.base/java.net.AbstractPlainSocketImpl.connect(AbstractPlainSocketImpl.java:237)
	at java.base/java.net.SocksSocketImpl.connect(SocksSocketImpl.java:392)
	at java.base/java.net.Socket.connect(Socket.java:609)
	at org.apache.http.conn.scheme.PlainSocketFactory.connectSocket(PlainSocketFactory.java:117)
	at org.apache.http.impl.conn.DefaultClientConnectionOperator.openConnection(DefaultClientConnectionOperator.java:177)
	at org.apache.http.impl.conn.ManagedClientConnectionImpl.open(ManagedClientConnectionImpl.java:304)
	at org.apache.http.impl.client.DefaultRequestDirector.tryConnect(DefaultRequestDirector.java:611)
	at org.apache.http.impl.client.DefaultRequestDirector.execute(DefaultRequestDirector.java:446)
	at org.apache.http.impl.client.AbstractHttpClient.doExecute(AbstractHttpClient.java:882)
	at org.apache.http.impl.client.CloseableHttpClient.execute(CloseableHttpClient.java:82)
	at org.apache.http.impl.client.CloseableHttpClient.execute(CloseableHttpClient.java:107)
	at clj_http.core$request.invokeStatic(core.clj:304)
	at clj_http.core$request.invoke(core.clj:208)
	at clojure.lang.Var.invoke(Var.java:384)
	at clj_http.client$wrap_request_timing$fn__2099.invoke(client.clj:831)
	at clj_http.headers$wrap_header_map$fn__460.invoke(headers.clj:143)
	at clj_http.client$wrap_query_params$fn__2001.invoke(client.clj:645)
	at clj_http.client$wrap_basic_auth$fn__2008.invoke(client.clj:670)
	at clj_http.client$wrap_oauth$fn__2012.invoke(client.clj:680)
	at clj_http.client$wrap_user_info$fn__2017.invoke(client.clj:693)
	at clj_http.client$wrap_url$fn__2085.invoke(client.clj:797)
	at clj_http.client$wrap_redirects$fn__1779.invoke(client.clj:267)
	at clj_http.client$wrap_decompression$fn__1804.invoke(client.clj:339)
	at clj_http.client$wrap_input_coercion$fn__1936.invoke(client.clj:518)
	at clj_http.client$wrap_additional_header_parsing$fn__1957.invoke(client.clj:552)
	at clj_http.client$wrap_output_coercion$fn__1927.invoke(client.clj:468)
	at clj_http.client$wrap_exceptions$fn__1765.invoke(client.clj:219)
	at clj_http.client$wrap_accept$fn__1971.invoke(client.clj:595)
	at clj_http.client$wrap_accept_encoding$fn__1977.invoke(client.clj:609)
	at clj_http.client$wrap_content_type$fn__1966.invoke(client.clj:585)
	at clj_http.client$wrap_form_params$fn__2064.invoke(client.clj:756)
	at clj_http.client$wrap_nested_params$fn__2080.invoke(client.clj:786)
	at clj_http.client$wrap_method$fn__2024.invoke(client.clj:700)
	at clj_http.cookies$wrap_cookies$fn__361.invoke(cookies.clj:124)
	at clj_http.links$wrap_links$fn__723.invoke(links.clj:51)
	at clj_http.client$wrap_unknown_host$fn__2089.invoke(client.clj:806)
	at clj_http.client$put.invokeStatic(client.clj:927)
	at clj_http.client$put.doInvoke(client.clj:923)
	at clojure.lang.RestFn.invoke(RestFn.java:423)
	at verschlimmbesserung.core$reset_BANG_.invokeStatic(core.clj:305)
	at verschlimmbesserung.core$reset_BANG_.invoke(core.clj:295)
	at verschlimmbesserung.core$reset_BANG_.invokeStatic(core.clj:301)
	at verschlimmbesserung.core$reset_BANG_.invoke(core.clj:295)
	at jepsen.etcdemo.Client.invoke_BANG_(etcdemo.clj:97)
	at jepsen.client.Validate.invoke_BANG_(client.clj:83)
	at jepsen.generator.interpreter.ClientWorker.invoke_BANG_(interpreter.clj:62)
	at jepsen.generator.interpreter$spawn_worker$fn__9422$fn__9423.invoke(interpreter.clj:137)
	at jepsen.generator.interpreter$spawn_worker$fn__9422.invoke(interpreter.clj:120)
	at clojure.core$binding_conveyor_fn$fn__5739.invoke(core.clj:2030)
	at clojure.lang.AFn.call(AFn.java:18)
	at java.base/java.util.concurrent.FutureTask.run(FutureTask.java:264)
	at java.base/java.util.concurrent.ThreadPoolExecutor.runWorker(ThreadPoolExecutor.java:1128)
	at java.base/java.util.concurrent.ThreadPoolExecutor$Worker.run(ThreadPoolExecutor.java:628)
	at java.base/java.lang.Thread.run(Thread.java:829)
2022-08-27 16:34:11,533{GMT}	INFO	[jepsen worker 0] jepsen.util: 2	:invoke	:cas	[4 1]
2022-08-27 16:34:11,536{GMT}	WARN	[jepsen worker 0] jepsen.generator.interpreter: Process 2 crashed
java.net.ConnectException: Connection refused (Connection refused)
	at java.base/java.net.PlainSocketImpl.socketConnect(Native Method)
	at java.base/java.net.AbstractPlainSocketImpl.doConnect(AbstractPlainSocketImpl.java:412)
	at java.base/java.net.AbstractPlainSocketImpl.connectToAddress(AbstractPlainSocketImpl.java:255)
	at java.base/java.net.AbstractPlainSocketImpl.connect(AbstractPlainSocketImpl.java:237)
	at java.base/java.net.SocksSocketImpl.connect(SocksSocketImpl.java:392)
	at java.base/java.net.Socket.connect(Socket.java:609)
	at org.apache.http.conn.scheme.PlainSocketFactory.connectSocket(PlainSocketFactory.java:117)
	at org.apache.http.impl.conn.DefaultClientConnectionOperator.openConnection(DefaultClientConnectionOperator.java:177)
	at org.apache.http.impl.conn.ManagedClientConnectionImpl.open(ManagedClientConnectionImpl.java:304)
	at org.apache.http.impl.client.DefaultRequestDirector.tryConnect(DefaultRequestDirector.java:611)
	at org.apache.http.impl.client.DefaultRequestDirector.execute(DefaultRequestDirector.java:446)
	at org.apache.http.impl.client.AbstractHttpClient.doExecute(AbstractHttpClient.java:882)
	at org.apache.http.impl.client.CloseableHttpClient.execute(CloseableHttpClient.java:82)
	at org.apache.http.impl.client.CloseableHttpClient.execute(CloseableHttpClient.java:107)
	at clj_http.core$request.invokeStatic(core.clj:304)
	at clj_http.core$request.invoke(core.clj:208)
	at clojure.lang.Var.invoke(Var.java:384)
	at clj_http.client$wrap_request_timing$fn__2099.invoke(client.clj:831)
	at clj_http.headers$wrap_header_map$fn__460.invoke(headers.clj:143)
	at clj_http.client$wrap_query_params$fn__2001.invoke(client.clj:645)
	at clj_http.client$wrap_basic_auth$fn__2008.invoke(client.clj:670)
	at clj_http.client$wrap_oauth$fn__2012.invoke(client.clj:680)
	at clj_http.client$wrap_user_info$fn__2017.invoke(client.clj:693)
	at clj_http.client$wrap_url$fn__2085.invoke(client.clj:797)
	at clj_http.client$wrap_redirects$fn__1779.invoke(client.clj:267)
	at clj_http.client$wrap_decompression$fn__1804.invoke(client.clj:339)
	at clj_http.client$wrap_input_coercion$fn__1936.invoke(client.clj:518)
	at clj_http.client$wrap_additional_header_parsing$fn__1957.invoke(client.clj:552)
	at clj_http.client$wrap_output_coercion$fn__1927.invoke(client.clj:468)
	at clj_http.client$wrap_exceptions$fn__1765.invoke(client.clj:219)
	at clj_http.client$wrap_accept$fn__1971.invoke(client.clj:595)
	at clj_http.client$wrap_accept_encoding$fn__1977.invoke(client.clj:609)
	at clj_http.client$wrap_content_type$fn__1966.invoke(client.clj:585)
	at clj_http.client$wrap_form_params$fn__2064.invoke(client.clj:756)
	at clj_http.client$wrap_nested_params$fn__2080.invoke(client.clj:786)
	at clj_http.client$wrap_method$fn__2024.invoke(client.clj:700)
	at clj_http.cookies$wrap_cookies$fn__361.invoke(cookies.clj:124)
	at clj_http.links$wrap_links$fn__723.invoke(links.clj:51)
	at clj_http.client$wrap_unknown_host$fn__2089.invoke(client.clj:806)
	at clj_http.client$put.invokeStatic(client.clj:927)
	at clj_http.client$put.doInvoke(client.clj:923)
	at clojure.lang.RestFn.invoke(RestFn.java:423)
	at verschlimmbesserung.core$cas_BANG_.invokeStatic(core.clj:384)
	at verschlimmbesserung.core$cas_BANG_.invoke(core.clj:363)
	at verschlimmbesserung.core$cas_BANG_.invokeStatic(core.clj:375)
	at verschlimmbesserung.core$cas_BANG_.invoke(core.clj:363)
	at jepsen.etcdemo.Client.invoke_BANG_(etcdemo.clj:101)
	at jepsen.client.Validate.invoke_BANG_(client.clj:83)
	at jepsen.generator.interpreter.ClientWorker.invoke_BANG_(interpreter.clj:62)
	at jepsen.generator.interpreter$spawn_worker$fn__9422$fn__9423.invoke(interpreter.clj:137)
	at jepsen.generator.interpreter$spawn_worker$fn__9422.invoke(interpreter.clj:120)
	at clojure.core$binding_conveyor_fn$fn__5739.invoke(core.clj:2030)
	at clojure.lang.AFn.call(AFn.java:18)
	at java.base/java.util.concurrent.FutureTask.run(FutureTask.java:264)
	at java.base/java.util.concurrent.ThreadPoolExecutor.runWorker(ThreadPoolExecutor.java:1128)
	at java.base/java.util.concurrent.ThreadPoolExecutor$Worker.run(ThreadPoolExecutor.java:628)
	at java.base/java.lang.Thread.run(Thread.java:829)
2022-08-27 16:34:13,327{GMT}	INFO	[jepsen worker 0] jepsen.util: 3	:invoke	:read	nil
2022-08-27 16:34:13,330{GMT}	WARN	[jepsen worker 0] jepsen.generator.interpreter: Process 3 crashed
java.net.ConnectException: Connection refused (Connection refused)
	at java.base/java.net.PlainSocketImpl.socketConnect(Native Method)
	at java.base/java.net.AbstractPlainSocketImpl.doConnect(AbstractPlainSocketImpl.java:412)
	at java.base/java.net.AbstractPlainSocketImpl.connectToAddress(AbstractPlainSocketImpl.java:255)
	at java.base/java.net.AbstractPlainSocketImpl.connect(AbstractPlainSocketImpl.java:237)
	at java.base/java.net.SocksSocketImpl.connect(SocksSocketImpl.java:392)
	at java.base/java.net.Socket.connect(Socket.java:609)
	at org.apache.http.conn.scheme.PlainSocketFactory.connectSocket(PlainSocketFactory.java:117)
	at org.apache.http.impl.conn.DefaultClientConnectionOperator.openConnection(DefaultClientConnectionOperator.java:177)
	at org.apache.http.impl.conn.ManagedClientConnectionImpl.open(ManagedClientConnectionImpl.java:304)
	at org.apache.http.impl.client.DefaultRequestDirector.tryConnect(DefaultRequestDirector.java:611)
	at org.apache.http.impl.client.DefaultRequestDirector.execute(DefaultRequestDirector.java:446)
	at org.apache.http.impl.client.AbstractHttpClient.doExecute(AbstractHttpClient.java:882)
	at org.apache.http.impl.client.CloseableHttpClient.execute(CloseableHttpClient.java:82)
	at org.apache.http.impl.client.CloseableHttpClient.execute(CloseableHttpClient.java:107)
	at clj_http.core$request.invokeStatic(core.clj:304)
	at clj_http.core$request.invoke(core.clj:208)
	at clojure.lang.Var.invoke(Var.java:384)
	at clj_http.client$wrap_request_timing$fn__2099.invoke(client.clj:831)
	at clj_http.headers$wrap_header_map$fn__460.invoke(headers.clj:143)
	at clj_http.client$wrap_query_params$fn__2001.invoke(client.clj:645)
	at clj_http.client$wrap_basic_auth$fn__2008.invoke(client.clj:670)
	at clj_http.client$wrap_oauth$fn__2012.invoke(client.clj:680)
	at clj_http.client$wrap_user_info$fn__2017.invoke(client.clj:693)
	at clj_http.client$wrap_url$fn__2085.invoke(client.clj:797)
	at clj_http.client$wrap_redirects$fn__1779.invoke(client.clj:267)
	at clj_http.client$wrap_decompression$fn__1804.invoke(client.clj:339)
	at clj_http.client$wrap_input_coercion$fn__1936.invoke(client.clj:518)
	at clj_http.client$wrap_additional_header_parsing$fn__1957.invoke(client.clj:552)
	at clj_http.client$wrap_output_coercion$fn__1927.invoke(client.clj:468)
	at clj_http.client$wrap_exceptions$fn__1765.invoke(client.clj:219)
	at clj_http.client$wrap_accept$fn__1971.invoke(client.clj:595)
	at clj_http.client$wrap_accept_encoding$fn__1977.invoke(client.clj:609)
	at clj_http.client$wrap_content_type$fn__1966.invoke(client.clj:585)
	at clj_http.client$wrap_form_params$fn__2064.invoke(client.clj:756)
	at clj_http.client$wrap_nested_params$fn__2080.invoke(client.clj:786)
	at clj_http.client$wrap_method$fn__2024.invoke(client.clj:700)
	at clj_http.cookies$wrap_cookies$fn__361.invoke(cookies.clj:124)
	at clj_http.links$wrap_links$fn__723.invoke(links.clj:51)
	at clj_http.client$wrap_unknown_host$fn__2089.invoke(client.clj:806)
	at clj_http.client$get.invokeStatic(client.clj:909)
	at clj_http.client$get.doInvoke(client.clj:905)
	at clojure.lang.RestFn.invoke(RestFn.java:423)
	at verschlimmbesserung.core$get_STAR_.invokeStatic(core.clj:251)
	at verschlimmbesserung.core$get_STAR_.invoke(core.clj:239)
	at verschlimmbesserung.core$get.invokeStatic(core.clj:290)
	at verschlimmbesserung.core$get.invoke(core.clj:254)
	at verschlimmbesserung.core$get.invokeStatic(core.clj:287)
	at verschlimmbesserung.core$get.invoke(core.clj:254)
	at jepsen.etcdemo.Client.invoke_BANG_(etcdemo.clj:96)
	at jepsen.client.Validate.invoke_BANG_(client.clj:83)
	at jepsen.generator.interpreter.ClientWorker.invoke_BANG_(interpreter.clj:62)
	at jepsen.generator.interpreter$spawn_worker$fn__9422$fn__9423.invoke(interpreter.clj:137)
	at jepsen.generator.interpreter$spawn_worker$fn__9422.invoke(interpreter.clj:120)
	at clojure.core$binding_conveyor_fn$fn__5739.invoke(core.clj:2030)
	at clojure.lang.AFn.call(AFn.java:18)
	at java.base/java.util.concurrent.FutureTask.run(FutureTask.java:264)
	at java.base/java.util.concurrent.ThreadPoolExecutor.runWorker(ThreadPoolExecutor.java:1128)
	at java.base/java.util.concurrent.ThreadPoolExecutor$Worker.run(ThreadPoolExecutor.java:628)
	at java.base/java.lang.Thread.run(Thread.java:829)
2022-08-27 16:34:13,783{GMT}	INFO	[jepsen worker nemesis] jepsen.util: :nemesis	:info	:stop	nil
2022-08-27 16:34:13,987{GMT}	INFO	[jepsen worker nemesis] jepsen.util: :nemesis	:info	:stop	:network-healed
2022-08-27 16:34:14,344{GMT}	INFO	[jepsen worker 0] jepsen.util: 4	:invoke	:read	nil
2022-08-27 16:34:14,347{GMT}	WARN	[jepsen worker 0] jepsen.generator.interpreter: Process 4 crashed
java.net.ConnectException: Connection refused (Connection refused)
	at java.base/java.net.PlainSocketImpl.socketConnect(Native Method)
	at java.base/java.net.AbstractPlainSocketImpl.doConnect(AbstractPlainSocketImpl.java:412)
	at java.base/java.net.AbstractPlainSocketImpl.connectToAddress(AbstractPlainSocketImpl.java:255)
	at java.base/java.net.AbstractPlainSocketImpl.connect(AbstractPlainSocketImpl.java:237)
	at java.base/java.net.SocksSocketImpl.connect(SocksSocketImpl.java:392)
	at java.base/java.net.Socket.connect(Socket.java:609)
	at org.apache.http.conn.scheme.PlainSocketFactory.connectSocket(PlainSocketFactory.java:117)
	at org.apache.http.impl.conn.DefaultClientConnectionOperator.openConnection(DefaultClientConnectionOperator.java:177)
	at org.apache.http.impl.conn.ManagedClientConnectionImpl.open(ManagedClientConnectionImpl.java:304)
	at org.apache.http.impl.client.DefaultRequestDirector.tryConnect(DefaultRequestDirector.java:611)
	at org.apache.http.impl.client.DefaultRequestDirector.execute(DefaultRequestDirector.java:446)
	at org.apache.http.impl.client.AbstractHttpClient.doExecute(AbstractHttpClient.java:882)
	at org.apache.http.impl.client.CloseableHttpClient.execute(CloseableHttpClient.java:82)
	at org.apache.http.impl.client.CloseableHttpClient.execute(CloseableHttpClient.java:107)
	at clj_http.core$request.invokeStatic(core.clj:304)
	at clj_http.core$request.invoke(core.clj:208)
	at clojure.lang.Var.invoke(Var.java:384)
	at clj_http.client$wrap_request_timing$fn__2099.invoke(client.clj:831)
	at clj_http.headers$wrap_header_map$fn__460.invoke(headers.clj:143)
	at clj_http.client$wrap_query_params$fn__2001.invoke(client.clj:645)
	at clj_http.client$wrap_basic_auth$fn__2008.invoke(client.clj:670)
	at clj_http.client$wrap_oauth$fn__2012.invoke(client.clj:680)
	at clj_http.client$wrap_user_info$fn__2017.invoke(client.clj:693)
	at clj_http.client$wrap_url$fn__2085.invoke(client.clj:797)
	at clj_http.client$wrap_redirects$fn__1779.invoke(client.clj:267)
	at clj_http.client$wrap_decompression$fn__1804.invoke(client.clj:339)
	at clj_http.client$wrap_input_coercion$fn__1936.invoke(client.clj:518)
	at clj_http.client$wrap_additional_header_parsing$fn__1957.invoke(client.clj:552)
	at clj_http.client$wrap_output_coercion$fn__1927.invoke(client.clj:468)
	at clj_http.client$wrap_exceptions$fn__1765.invoke(client.clj:219)
	at clj_http.client$wrap_accept$fn__1971.invoke(client.clj:595)
	at clj_http.client$wrap_accept_encoding$fn__1977.invoke(client.clj:609)
	at clj_http.client$wrap_content_type$fn__1966.invoke(client.clj:585)
	at clj_http.client$wrap_form_params$fn__2064.invoke(client.clj:756)
	at clj_http.client$wrap_nested_params$fn__2080.invoke(client.clj:786)
	at clj_http.client$wrap_method$fn__2024.invoke(client.clj:700)
	at clj_http.cookies$wrap_cookies$fn__361.invoke(cookies.clj:124)
	at clj_http.links$wrap_links$fn__723.invoke(links.clj:51)
	at clj_http.client$wrap_unknown_host$fn__2089.invoke(client.clj:806)
	at clj_http.client$get.invokeStatic(client.clj:909)
	at clj_http.client$get.doInvoke(client.clj:905)
	at clojure.lang.RestFn.invoke(RestFn.java:423)
	at verschlimmbesserung.core$get_STAR_.invokeStatic(core.clj:251)
	at verschlimmbesserung.core$get_STAR_.invoke(core.clj:239)
	at verschlimmbesserung.core$get.invokeStatic(core.clj:290)
	at verschlimmbesserung.core$get.invoke(core.clj:254)
	at verschlimmbesserung.core$get.invokeStatic(core.clj:287)
	at verschlimmbesserung.core$get.invoke(core.clj:254)
	at jepsen.etcdemo.Client.invoke_BANG_(etcdemo.clj:96)
	at jepsen.client.Validate.invoke_BANG_(client.clj:83)
	at jepsen.generator.interpreter.ClientWorker.invoke_BANG_(interpreter.clj:62)
	at jepsen.generator.interpreter$spawn_worker$fn__9422$fn__9423.invoke(interpreter.clj:137)
	at jepsen.generator.interpreter$spawn_worker$fn__9422.invoke(interpreter.clj:120)
	at clojure.core$binding_conveyor_fn$fn__5739.invoke(core.clj:2030)
	at clojure.lang.AFn.call(AFn.java:18)
	at java.base/java.util.concurrent.FutureTask.run(FutureTask.java:264)
	at java.base/java.util.concurrent.ThreadPoolExecutor.runWorker(ThreadPoolExecutor.java:1128)
	at java.base/java.util.concurrent.ThreadPoolExecutor$Worker.run(ThreadPoolExecutor.java:628)
	at java.base/java.lang.Thread.run(Thread.java:829)
2022-08-27 16:34:15,441{GMT}	INFO	[jepsen worker 0] jepsen.util: 5	:invoke	:write	3
2022-08-27 16:34:15,442{GMT}	WARN	[jepsen worker 0] jepsen.generator.interpreter: Process 5 crashed
java.net.ConnectException: Connection refused (Connection refused)
	at java.base/java.net.PlainSocketImpl.socketConnect(Native Method)
	at java.base/java.net.AbstractPlainSocketImpl.doConnect(AbstractPlainSocketImpl.java:412)
	at java.base/java.net.AbstractPlainSocketImpl.connectToAddress(AbstractPlainSocketImpl.java:255)
	at java.base/java.net.AbstractPlainSocketImpl.connect(AbstractPlainSocketImpl.java:237)
	at java.base/java.net.SocksSocketImpl.connect(SocksSocketImpl.java:392)
	at java.base/java.net.Socket.connect(Socket.java:609)
	at org.apache.http.conn.scheme.PlainSocketFactory.connectSocket(PlainSocketFactory.java:117)
	at org.apache.http.impl.conn.DefaultClientConnectionOperator.openConnection(DefaultClientConnectionOperator.java:177)
	at org.apache.http.impl.conn.ManagedClientConnectionImpl.open(ManagedClientConnectionImpl.java:304)
	at org.apache.http.impl.client.DefaultRequestDirector.tryConnect(DefaultRequestDirector.java:611)
	at org.apache.http.impl.client.DefaultRequestDirector.execute(DefaultRequestDirector.java:446)
	at org.apache.http.impl.client.AbstractHttpClient.doExecute(AbstractHttpClient.java:882)
	at org.apache.http.impl.client.CloseableHttpClient.execute(CloseableHttpClient.java:82)
	at org.apache.http.impl.client.CloseableHttpClient.execute(CloseableHttpClient.java:107)
	at clj_http.core$request.invokeStatic(core.clj:304)
	at clj_http.core$request.invoke(core.clj:208)
	at clojure.lang.Var.invoke(Var.java:384)
	at clj_http.client$wrap_request_timing$fn__2099.invoke(client.clj:831)
	at clj_http.headers$wrap_header_map$fn__460.invoke(headers.clj:143)
	at clj_http.client$wrap_query_params$fn__2001.invoke(client.clj:645)
	at clj_http.client$wrap_basic_auth$fn__2008.invoke(client.clj:670)
	at clj_http.client$wrap_oauth$fn__2012.invoke(client.clj:680)
	at clj_http.client$wrap_user_info$fn__2017.invoke(client.clj:693)
	at clj_http.client$wrap_url$fn__2085.invoke(client.clj:797)
	at clj_http.client$wrap_redirects$fn__1779.invoke(client.clj:267)
	at clj_http.client$wrap_decompression$fn__1804.invoke(client.clj:339)
	at clj_http.client$wrap_input_coercion$fn__1936.invoke(client.clj:518)
	at clj_http.client$wrap_additional_header_parsing$fn__1957.invoke(client.clj:552)
	at clj_http.client$wrap_output_coercion$fn__1927.invoke(client.clj:468)
	at clj_http.client$wrap_exceptions$fn__1765.invoke(client.clj:219)
	at clj_http.client$wrap_accept$fn__1971.invoke(client.clj:595)
	at clj_http.client$wrap_accept_encoding$fn__1977.invoke(client.clj:609)
	at clj_http.client$wrap_content_type$fn__1966.invoke(client.clj:585)
	at clj_http.client$wrap_form_params$fn__2064.invoke(client.clj:756)
	at clj_http.client$wrap_nested_params$fn__2080.invoke(client.clj:786)
	at clj_http.client$wrap_method$fn__2024.invoke(client.clj:700)
	at clj_http.cookies$wrap_cookies$fn__361.invoke(cookies.clj:124)
	at clj_http.links$wrap_links$fn__723.invoke(links.clj:51)
	at clj_http.client$wrap_unknown_host$fn__2089.invoke(client.clj:806)
	at clj_http.client$put.invokeStatic(client.clj:927)
	at clj_http.client$put.doInvoke(client.clj:923)
	at clojure.lang.RestFn.invoke(RestFn.java:423)
	at verschlimmbesserung.core$reset_BANG_.invokeStatic(core.clj:305)
	at verschlimmbesserung.core$reset_BANG_.invoke(core.clj:295)
	at verschlimmbesserung.core$reset_BANG_.invokeStatic(core.clj:301)
	at verschlimmbesserung.core$reset_BANG_.invoke(core.clj:295)
	at jepsen.etcdemo.Client.invoke_BANG_(etcdemo.clj:97)
	at jepsen.client.Validate.invoke_BANG_(client.clj:83)
	at jepsen.generator.interpreter.ClientWorker.invoke_BANG_(interpreter.clj:62)
	at jepsen.generator.interpreter$spawn_worker$fn__9422$fn__9423.invoke(interpreter.clj:137)
	at jepsen.generator.interpreter$spawn_worker$fn__9422.invoke(interpreter.clj:120)
	at clojure.core$binding_conveyor_fn$fn__5739.invoke(core.clj:2030)
	at clojure.lang.AFn.call(AFn.java:18)
	at java.base/java.util.concurrent.FutureTask.run(FutureTask.java:264)
	at java.base/java.util.concurrent.ThreadPoolExecutor.runWorker(ThreadPoolExecutor.java:1128)
	at java.base/java.util.concurrent.ThreadPoolExecutor$Worker.run(ThreadPoolExecutor.java:628)
	at java.base/java.lang.Thread.run(Thread.java:829)
2022-08-27 16:34:17,245{GMT}	INFO	[jepsen worker 0] jepsen.util: 6	:invoke	:write	2
2022-08-27 16:34:17,248{GMT}	WARN	[jepsen worker 0] jepsen.generator.interpreter: Process 6 crashed
java.net.ConnectException: Connection refused (Connection refused)
	at java.base/java.net.PlainSocketImpl.socketConnect(Native Method)
	at java.base/java.net.AbstractPlainSocketImpl.doConnect(AbstractPlainSocketImpl.java:412)
	at java.base/java.net.AbstractPlainSocketImpl.connectToAddress(AbstractPlainSocketImpl.java:255)
	at java.base/java.net.AbstractPlainSocketImpl.connect(AbstractPlainSocketImpl.java:237)
	at java.base/java.net.SocksSocketImpl.connect(SocksSocketImpl.java:392)
	at java.base/java.net.Socket.connect(Socket.java:609)
	at org.apache.http.conn.scheme.PlainSocketFactory.connectSocket(PlainSocketFactory.java:117)
	at org.apache.http.impl.conn.DefaultClientConnectionOperator.openConnection(DefaultClientConnectionOperator.java:177)
	at org.apache.http.impl.conn.ManagedClientConnectionImpl.open(ManagedClientConnectionImpl.java:304)
	at org.apache.http.impl.client.DefaultRequestDirector.tryConnect(DefaultRequestDirector.java:611)
	at org.apache.http.impl.client.DefaultRequestDirector.execute(DefaultRequestDirector.java:446)
	at org.apache.http.impl.client.AbstractHttpClient.doExecute(AbstractHttpClient.java:882)
	at org.apache.http.impl.client.CloseableHttpClient.execute(CloseableHttpClient.java:82)
	at org.apache.http.impl.client.CloseableHttpClient.execute(CloseableHttpClient.java:107)
	at clj_http.core$request.invokeStatic(core.clj:304)
	at clj_http.core$request.invoke(core.clj:208)
	at clojure.lang.Var.invoke(Var.java:384)
	at clj_http.client$wrap_request_timing$fn__2099.invoke(client.clj:831)
	at clj_http.headers$wrap_header_map$fn__460.invoke(headers.clj:143)
	at clj_http.client$wrap_query_params$fn__2001.invoke(client.clj:645)
	at clj_http.client$wrap_basic_auth$fn__2008.invoke(client.clj:670)
	at clj_http.client$wrap_oauth$fn__2012.invoke(client.clj:680)
	at clj_http.client$wrap_user_info$fn__2017.invoke(client.clj:693)
	at clj_http.client$wrap_url$fn__2085.invoke(client.clj:797)
	at clj_http.client$wrap_redirects$fn__1779.invoke(client.clj:267)
	at clj_http.client$wrap_decompression$fn__1804.invoke(client.clj:339)
	at clj_http.client$wrap_input_coercion$fn__1936.invoke(client.clj:518)
	at clj_http.client$wrap_additional_header_parsing$fn__1957.invoke(client.clj:552)
	at clj_http.client$wrap_output_coercion$fn__1927.invoke(client.clj:468)
	at clj_http.client$wrap_exceptions$fn__1765.invoke(client.clj:219)
	at clj_http.client$wrap_accept$fn__1971.invoke(client.clj:595)
	at clj_http.client$wrap_accept_encoding$fn__1977.invoke(client.clj:609)
	at clj_http.client$wrap_content_type$fn__1966.invoke(client.clj:585)
	at clj_http.client$wrap_form_params$fn__2064.invoke(client.clj:756)
	at clj_http.client$wrap_nested_params$fn__2080.invoke(client.clj:786)
	at clj_http.client$wrap_method$fn__2024.invoke(client.clj:700)
	at clj_http.cookies$wrap_cookies$fn__361.invoke(cookies.clj:124)
	at clj_http.links$wrap_links$fn__723.invoke(links.clj:51)
	at clj_http.client$wrap_unknown_host$fn__2089.invoke(client.clj:806)
	at clj_http.client$put.invokeStatic(client.clj:927)
	at clj_http.client$put.doInvoke(client.clj:923)
	at clojure.lang.RestFn.invoke(RestFn.java:423)
	at verschlimmbesserung.core$reset_BANG_.invokeStatic(core.clj:305)
	at verschlimmbesserung.core$reset_BANG_.invoke(core.clj:295)
	at verschlimmbesserung.core$reset_BANG_.invokeStatic(core.clj:301)
	at verschlimmbesserung.core$reset_BANG_.invoke(core.clj:295)
	at jepsen.etcdemo.Client.invoke_BANG_(etcdemo.clj:97)
	at jepsen.client.Validate.invoke_BANG_(client.clj:83)
	at jepsen.generator.interpreter.ClientWorker.invoke_BANG_(interpreter.clj:62)
	at jepsen.generator.interpreter$spawn_worker$fn__9422$fn__9423.invoke(interpreter.clj:137)
	at jepsen.generator.interpreter$spawn_worker$fn__9422.invoke(interpreter.clj:120)
	at clojure.core$binding_conveyor_fn$fn__5739.invoke(core.clj:2030)
	at clojure.lang.AFn.call(AFn.java:18)
	at java.base/java.util.concurrent.FutureTask.run(FutureTask.java:264)
	at java.base/java.util.concurrent.ThreadPoolExecutor.runWorker(ThreadPoolExecutor.java:1128)
	at java.base/java.util.concurrent.ThreadPoolExecutor$Worker.run(ThreadPoolExecutor.java:628)
	at java.base/java.lang.Thread.run(Thread.java:829)
2022-08-27 16:34:18,939{GMT}	INFO	[jepsen worker 0] jepsen.util: 7	:invoke	:cas	[2 0]
2022-08-27 16:34:18,942{GMT}	WARN	[jepsen worker 0] jepsen.generator.interpreter: Process 7 crashed
java.net.ConnectException: Connection refused (Connection refused)
	at java.base/java.net.PlainSocketImpl.socketConnect(Native Method)
	at java.base/java.net.AbstractPlainSocketImpl.doConnect(AbstractPlainSocketImpl.java:412)
	at java.base/java.net.AbstractPlainSocketImpl.connectToAddress(AbstractPlainSocketImpl.java:255)
	at java.base/java.net.AbstractPlainSocketImpl.connect(AbstractPlainSocketImpl.java:237)
	at java.base/java.net.SocksSocketImpl.connect(SocksSocketImpl.java:392)
	at java.base/java.net.Socket.connect(Socket.java:609)
	at org.apache.http.conn.scheme.PlainSocketFactory.connectSocket(PlainSocketFactory.java:117)
	at org.apache.http.impl.conn.DefaultClientConnectionOperator.openConnection(DefaultClientConnectionOperator.java:177)
	at org.apache.http.impl.conn.ManagedClientConnectionImpl.open(ManagedClientConnectionImpl.java:304)
	at org.apache.http.impl.client.DefaultRequestDirector.tryConnect(DefaultRequestDirector.java:611)
	at org.apache.http.impl.client.DefaultRequestDirector.execute(DefaultRequestDirector.java:446)
	at org.apache.http.impl.client.AbstractHttpClient.doExecute(AbstractHttpClient.java:882)
	at org.apache.http.impl.client.CloseableHttpClient.execute(CloseableHttpClient.java:82)
	at org.apache.http.impl.client.CloseableHttpClient.execute(CloseableHttpClient.java:107)
	at clj_http.core$request.invokeStatic(core.clj:304)
	at clj_http.core$request.invoke(core.clj:208)
	at clojure.lang.Var.invoke(Var.java:384)
	at clj_http.client$wrap_request_timing$fn__2099.invoke(client.clj:831)
	at clj_http.headers$wrap_header_map$fn__460.invoke(headers.clj:143)
	at clj_http.client$wrap_query_params$fn__2001.invoke(client.clj:645)
	at clj_http.client$wrap_basic_auth$fn__2008.invoke(client.clj:670)
	at clj_http.client$wrap_oauth$fn__2012.invoke(client.clj:680)
	at clj_http.client$wrap_user_info$fn__2017.invoke(client.clj:693)
	at clj_http.client$wrap_url$fn__2085.invoke(client.clj:797)
	at clj_http.client$wrap_redirects$fn__1779.invoke(client.clj:267)
	at clj_http.client$wrap_decompression$fn__1804.invoke(client.clj:339)
	at clj_http.client$wrap_input_coercion$fn__1936.invoke(client.clj:518)
	at clj_http.client$wrap_additional_header_parsing$fn__1957.invoke(client.clj:552)
	at clj_http.client$wrap_output_coercion$fn__1927.invoke(client.clj:468)
	at clj_http.client$wrap_exceptions$fn__1765.invoke(client.clj:219)
	at clj_http.client$wrap_accept$fn__1971.invoke(client.clj:595)
	at clj_http.client$wrap_accept_encoding$fn__1977.invoke(client.clj:609)
	at clj_http.client$wrap_content_type$fn__1966.invoke(client.clj:585)
	at clj_http.client$wrap_form_params$fn__2064.invoke(client.clj:756)
	at clj_http.client$wrap_nested_params$fn__2080.invoke(client.clj:786)
	at clj_http.client$wrap_method$fn__2024.invoke(client.clj:700)
	at clj_http.cookies$wrap_cookies$fn__361.invoke(cookies.clj:124)
	at clj_http.links$wrap_links$fn__723.invoke(links.clj:51)
	at clj_http.client$wrap_unknown_host$fn__2089.invoke(client.clj:806)
	at clj_http.client$put.invokeStatic(client.clj:927)
	at clj_http.client$put.doInvoke(client.clj:923)
	at clojure.lang.RestFn.invoke(RestFn.java:423)
	at verschlimmbesserung.core$cas_BANG_.invokeStatic(core.clj:384)
	at verschlimmbesserung.core$cas_BANG_.invoke(core.clj:363)
	at verschlimmbesserung.core$cas_BANG_.invokeStatic(core.clj:375)
	at verschlimmbesserung.core$cas_BANG_.invoke(core.clj:363)
	at jepsen.etcdemo.Client.invoke_BANG_(etcdemo.clj:101)
	at jepsen.client.Validate.invoke_BANG_(client.clj:83)
	at jepsen.generator.interpreter.ClientWorker.invoke_BANG_(interpreter.clj:62)
	at jepsen.generator.interpreter$spawn_worker$fn__9422$fn__9423.invoke(interpreter.clj:137)
	at jepsen.generator.interpreter$spawn_worker$fn__9422.invoke(interpreter.clj:120)
	at clojure.core$binding_conveyor_fn$fn__5739.invoke(core.clj:2030)
	at clojure.lang.AFn.call(AFn.java:18)
	at java.base/java.util.concurrent.FutureTask.run(FutureTask.java:264)
	at java.base/java.util.concurrent.ThreadPoolExecutor.runWorker(ThreadPoolExecutor.java:1128)
	at java.base/java.util.concurrent.ThreadPoolExecutor$Worker.run(ThreadPoolExecutor.java:628)
	at java.base/java.lang.Thread.run(Thread.java:829)
2022-08-27 16:34:18,989{GMT}	INFO	[jepsen worker nemesis] jepsen.util: :nemesis	:info	:start	nil
2022-08-27 16:34:18,991{GMT}	INFO	[jepsen worker nemesis] jepsen.util: :nemesis	:info	:start	[:isolated {"localhost" #{}}]
2022-08-27 16:34:19,213{GMT}	INFO	[jepsen worker 0] jepsen.util: 8	:invoke	:read	nil
2022-08-27 16:34:19,215{GMT}	WARN	[jepsen worker 0] jepsen.generator.interpreter: Process 8 crashed
java.net.ConnectException: Connection refused (Connection refused)
	at java.base/java.net.PlainSocketImpl.socketConnect(Native Method)
	at java.base/java.net.AbstractPlainSocketImpl.doConnect(AbstractPlainSocketImpl.java:412)
	at java.base/java.net.AbstractPlainSocketImpl.connectToAddress(AbstractPlainSocketImpl.java:255)
	at java.base/java.net.AbstractPlainSocketImpl.connect(AbstractPlainSocketImpl.java:237)
	at java.base/java.net.SocksSocketImpl.connect(SocksSocketImpl.java:392)
	at java.base/java.net.Socket.connect(Socket.java:609)
	at org.apache.http.conn.scheme.PlainSocketFactory.connectSocket(PlainSocketFactory.java:117)
	at org.apache.http.impl.conn.DefaultClientConnectionOperator.openConnection(DefaultClientConnectionOperator.java:177)
	at org.apache.http.impl.conn.ManagedClientConnectionImpl.open(ManagedClientConnectionImpl.java:304)
	at org.apache.http.impl.client.DefaultRequestDirector.tryConnect(DefaultRequestDirector.java:611)
	at org.apache.http.impl.client.DefaultRequestDirector.execute(DefaultRequestDirector.java:446)
	at org.apache.http.impl.client.AbstractHttpClient.doExecute(AbstractHttpClient.java:882)
	at org.apache.http.impl.client.CloseableHttpClient.execute(CloseableHttpClient.java:82)
	at org.apache.http.impl.client.CloseableHttpClient.execute(CloseableHttpClient.java:107)
	at clj_http.core$request.invokeStatic(core.clj:304)
	at clj_http.core$request.invoke(core.clj:208)
	at clojure.lang.Var.invoke(Var.java:384)
	at clj_http.client$wrap_request_timing$fn__2099.invoke(client.clj:831)
	at clj_http.headers$wrap_header_map$fn__460.invoke(headers.clj:143)
	at clj_http.client$wrap_query_params$fn__2001.invoke(client.clj:645)
	at clj_http.client$wrap_basic_auth$fn__2008.invoke(client.clj:670)
	at clj_http.client$wrap_oauth$fn__2012.invoke(client.clj:680)
	at clj_http.client$wrap_user_info$fn__2017.invoke(client.clj:693)
	at clj_http.client$wrap_url$fn__2085.invoke(client.clj:797)
	at clj_http.client$wrap_redirects$fn__1779.invoke(client.clj:267)
	at clj_http.client$wrap_decompression$fn__1804.invoke(client.clj:339)
	at clj_http.client$wrap_input_coercion$fn__1936.invoke(client.clj:518)
	at clj_http.client$wrap_additional_header_parsing$fn__1957.invoke(client.clj:552)
	at clj_http.client$wrap_output_coercion$fn__1927.invoke(client.clj:468)
	at clj_http.client$wrap_exceptions$fn__1765.invoke(client.clj:219)
	at clj_http.client$wrap_accept$fn__1971.invoke(client.clj:595)
	at clj_http.client$wrap_accept_encoding$fn__1977.invoke(client.clj:609)
	at clj_http.client$wrap_content_type$fn__1966.invoke(client.clj:585)
	at clj_http.client$wrap_form_params$fn__2064.invoke(client.clj:756)
	at clj_http.client$wrap_nested_params$fn__2080.invoke(client.clj:786)
	at clj_http.client$wrap_method$fn__2024.invoke(client.clj:700)
	at clj_http.cookies$wrap_cookies$fn__361.invoke(cookies.clj:124)
	at clj_http.links$wrap_links$fn__723.invoke(links.clj:51)
	at clj_http.client$wrap_unknown_host$fn__2089.invoke(client.clj:806)
	at clj_http.client$get.invokeStatic(client.clj:909)
	at clj_http.client$get.doInvoke(client.clj:905)
	at clojure.lang.RestFn.invoke(RestFn.java:423)
	at verschlimmbesserung.core$get_STAR_.invokeStatic(core.clj:251)
	at verschlimmbesserung.core$get_STAR_.invoke(core.clj:239)
	at verschlimmbesserung.core$get.invokeStatic(core.clj:290)
	at verschlimmbesserung.core$get.invoke(core.clj:254)
	at verschlimmbesserung.core$get.invokeStatic(core.clj:287)
	at verschlimmbesserung.core$get.invoke(core.clj:254)
	at jepsen.etcdemo.Client.invoke_BANG_(etcdemo.clj:96)
	at jepsen.client.Validate.invoke_BANG_(client.clj:83)
	at jepsen.generator.interpreter.ClientWorker.invoke_BANG_(interpreter.clj:62)
	at jepsen.generator.interpreter$spawn_worker$fn__9422$fn__9423.invoke(interpreter.clj:137)
	at jepsen.generator.interpreter$spawn_worker$fn__9422.invoke(interpreter.clj:120)
	at clojure.core$binding_conveyor_fn$fn__5739.invoke(core.clj:2030)
	at clojure.lang.AFn.call(AFn.java:18)
	at java.base/java.util.concurrent.FutureTask.run(FutureTask.java:264)
	at java.base/java.util.concurrent.ThreadPoolExecutor.runWorker(ThreadPoolExecutor.java:1128)
	at java.base/java.util.concurrent.ThreadPoolExecutor$Worker.run(ThreadPoolExecutor.java:628)
	at java.base/java.lang.Thread.run(Thread.java:829)
2022-08-27 16:34:20,812{GMT}	INFO	[jepsen worker 0] jepsen.util: 9	:invoke	:cas	[0 3]
2022-08-27 16:34:20,815{GMT}	WARN	[jepsen worker 0] jepsen.generator.interpreter: Process 9 crashed
java.net.ConnectException: Connection refused (Connection refused)
	at java.base/java.net.PlainSocketImpl.socketConnect(Native Method)
	at java.base/java.net.AbstractPlainSocketImpl.doConnect(AbstractPlainSocketImpl.java:412)
	at java.base/java.net.AbstractPlainSocketImpl.connectToAddress(AbstractPlainSocketImpl.java:255)
	at java.base/java.net.AbstractPlainSocketImpl.connect(AbstractPlainSocketImpl.java:237)
	at java.base/java.net.SocksSocketImpl.connect(SocksSocketImpl.java:392)
	at java.base/java.net.Socket.connect(Socket.java:609)
	at org.apache.http.conn.scheme.PlainSocketFactory.connectSocket(PlainSocketFactory.java:117)
	at org.apache.http.impl.conn.DefaultClientConnectionOperator.openConnection(DefaultClientConnectionOperator.java:177)
	at org.apache.http.impl.conn.ManagedClientConnectionImpl.open(ManagedClientConnectionImpl.java:304)
	at org.apache.http.impl.client.DefaultRequestDirector.tryConnect(DefaultRequestDirector.java:611)
	at org.apache.http.impl.client.DefaultRequestDirector.execute(DefaultRequestDirector.java:446)
	at org.apache.http.impl.client.AbstractHttpClient.doExecute(AbstractHttpClient.java:882)
	at org.apache.http.impl.client.CloseableHttpClient.execute(CloseableHttpClient.java:82)
	at org.apache.http.impl.client.CloseableHttpClient.execute(CloseableHttpClient.java:107)
	at clj_http.core$request.invokeStatic(core.clj:304)
	at clj_http.core$request.invoke(core.clj:208)
	at clojure.lang.Var.invoke(Var.java:384)
	at clj_http.client$wrap_request_timing$fn__2099.invoke(client.clj:831)
	at clj_http.headers$wrap_header_map$fn__460.invoke(headers.clj:143)
	at clj_http.client$wrap_query_params$fn__2001.invoke(client.clj:645)
	at clj_http.client$wrap_basic_auth$fn__2008.invoke(client.clj:670)
	at clj_http.client$wrap_oauth$fn__2012.invoke(client.clj:680)
	at clj_http.client$wrap_user_info$fn__2017.invoke(client.clj:693)
	at clj_http.client$wrap_url$fn__2085.invoke(client.clj:797)
	at clj_http.client$wrap_redirects$fn__1779.invoke(client.clj:267)
	at clj_http.client$wrap_decompression$fn__1804.invoke(client.clj:339)
	at clj_http.client$wrap_input_coercion$fn__1936.invoke(client.clj:518)
	at clj_http.client$wrap_additional_header_parsing$fn__1957.invoke(client.clj:552)
	at clj_http.client$wrap_output_coercion$fn__1927.invoke(client.clj:468)
	at clj_http.client$wrap_exceptions$fn__1765.invoke(client.clj:219)
	at clj_http.client$wrap_accept$fn__1971.invoke(client.clj:595)
	at clj_http.client$wrap_accept_encoding$fn__1977.invoke(client.clj:609)
	at clj_http.client$wrap_content_type$fn__1966.invoke(client.clj:585)
	at clj_http.client$wrap_form_params$fn__2064.invoke(client.clj:756)
	at clj_http.client$wrap_nested_params$fn__2080.invoke(client.clj:786)
	at clj_http.client$wrap_method$fn__2024.invoke(client.clj:700)
	at clj_http.cookies$wrap_cookies$fn__361.invoke(cookies.clj:124)
	at clj_http.links$wrap_links$fn__723.invoke(links.clj:51)
	at clj_http.client$wrap_unknown_host$fn__2089.invoke(client.clj:806)
	at clj_http.client$put.invokeStatic(client.clj:927)
	at clj_http.client$put.doInvoke(client.clj:923)
	at clojure.lang.RestFn.invoke(RestFn.java:423)
	at verschlimmbesserung.core$cas_BANG_.invokeStatic(core.clj:384)
	at verschlimmbesserung.core$cas_BANG_.invoke(core.clj:363)
	at verschlimmbesserung.core$cas_BANG_.invokeStatic(core.clj:375)
	at verschlimmbesserung.core$cas_BANG_.invoke(core.clj:363)
	at jepsen.etcdemo.Client.invoke_BANG_(etcdemo.clj:101)
	at jepsen.client.Validate.invoke_BANG_(client.clj:83)
	at jepsen.generator.interpreter.ClientWorker.invoke_BANG_(interpreter.clj:62)
	at jepsen.generator.interpreter$spawn_worker$fn__9422$fn__9423.invoke(interpreter.clj:137)
	at jepsen.generator.interpreter$spawn_worker$fn__9422.invoke(interpreter.clj:120)
	at clojure.core$binding_conveyor_fn$fn__5739.invoke(core.clj:2030)
	at clojure.lang.AFn.call(AFn.java:18)
	at java.base/java.util.concurrent.FutureTask.run(FutureTask.java:264)
	at java.base/java.util.concurrent.ThreadPoolExecutor.runWorker(ThreadPoolExecutor.java:1128)
	at java.base/java.util.concurrent.ThreadPoolExecutor$Worker.run(ThreadPoolExecutor.java:628)
	at java.base/java.lang.Thread.run(Thread.java:829)
2022-08-27 16:34:22,017{GMT}	INFO	[jepsen worker 0] jepsen.util: 10	:invoke	:read	nil
2022-08-27 16:34:22,020{GMT}	WARN	[jepsen worker 0] jepsen.generator.interpreter: Process 10 crashed
java.net.ConnectException: Connection refused (Connection refused)
	at java.base/java.net.PlainSocketImpl.socketConnect(Native Method)
	at java.base/java.net.AbstractPlainSocketImpl.doConnect(AbstractPlainSocketImpl.java:412)
	at java.base/java.net.AbstractPlainSocketImpl.connectToAddress(AbstractPlainSocketImpl.java:255)
	at java.base/java.net.AbstractPlainSocketImpl.connect(AbstractPlainSocketImpl.java:237)
	at java.base/java.net.SocksSocketImpl.connect(SocksSocketImpl.java:392)
	at java.base/java.net.Socket.connect(Socket.java:609)
	at org.apache.http.conn.scheme.PlainSocketFactory.connectSocket(PlainSocketFactory.java:117)
	at org.apache.http.impl.conn.DefaultClientConnectionOperator.openConnection(DefaultClientConnectionOperator.java:177)
	at org.apache.http.impl.conn.ManagedClientConnectionImpl.open(ManagedClientConnectionImpl.java:304)
	at org.apache.http.impl.client.DefaultRequestDirector.tryConnect(DefaultRequestDirector.java:611)
	at org.apache.http.impl.client.DefaultRequestDirector.execute(DefaultRequestDirector.java:446)
	at org.apache.http.impl.client.AbstractHttpClient.doExecute(AbstractHttpClient.java:882)
	at org.apache.http.impl.client.CloseableHttpClient.execute(CloseableHttpClient.java:82)
	at org.apache.http.impl.client.CloseableHttpClient.execute(CloseableHttpClient.java:107)
	at clj_http.core$request.invokeStatic(core.clj:304)
	at clj_http.core$request.invoke(core.clj:208)
	at clojure.lang.Var.invoke(Var.java:384)
	at clj_http.client$wrap_request_timing$fn__2099.invoke(client.clj:831)
	at clj_http.headers$wrap_header_map$fn__460.invoke(headers.clj:143)
	at clj_http.client$wrap_query_params$fn__2001.invoke(client.clj:645)
	at clj_http.client$wrap_basic_auth$fn__2008.invoke(client.clj:670)
	at clj_http.client$wrap_oauth$fn__2012.invoke(client.clj:680)
	at clj_http.client$wrap_user_info$fn__2017.invoke(client.clj:693)
	at clj_http.client$wrap_url$fn__2085.invoke(client.clj:797)
	at clj_http.client$wrap_redirects$fn__1779.invoke(client.clj:267)
	at clj_http.client$wrap_decompression$fn__1804.invoke(client.clj:339)
	at clj_http.client$wrap_input_coercion$fn__1936.invoke(client.clj:518)
	at clj_http.client$wrap_additional_header_parsing$fn__1957.invoke(client.clj:552)
	at clj_http.client$wrap_output_coercion$fn__1927.invoke(client.clj:468)
	at clj_http.client$wrap_exceptions$fn__1765.invoke(client.clj:219)
	at clj_http.client$wrap_accept$fn__1971.invoke(client.clj:595)
	at clj_http.client$wrap_accept_encoding$fn__1977.invoke(client.clj:609)
	at clj_http.client$wrap_content_type$fn__1966.invoke(client.clj:585)
	at clj_http.client$wrap_form_params$fn__2064.invoke(client.clj:756)
	at clj_http.client$wrap_nested_params$fn__2080.invoke(client.clj:786)
	at clj_http.client$wrap_method$fn__2024.invoke(client.clj:700)
	at clj_http.cookies$wrap_cookies$fn__361.invoke(cookies.clj:124)
	at clj_http.links$wrap_links$fn__723.invoke(links.clj:51)
	at clj_http.client$wrap_unknown_host$fn__2089.invoke(client.clj:806)
	at clj_http.client$get.invokeStatic(client.clj:909)
	at clj_http.client$get.doInvoke(client.clj:905)
	at clojure.lang.RestFn.invoke(RestFn.java:423)
	at verschlimmbesserung.core$get_STAR_.invokeStatic(core.clj:251)
	at verschlimmbesserung.core$get_STAR_.invoke(core.clj:239)
	at verschlimmbesserung.core$get.invokeStatic(core.clj:290)
	at verschlimmbesserung.core$get.invoke(core.clj:254)
	at verschlimmbesserung.core$get.invokeStatic(core.clj:287)
	at verschlimmbesserung.core$get.invoke(core.clj:254)
	at jepsen.etcdemo.Client.invoke_BANG_(etcdemo.clj:96)
	at jepsen.client.Validate.invoke_BANG_(client.clj:83)
	at jepsen.generator.interpreter.ClientWorker.invoke_BANG_(interpreter.clj:62)
	at jepsen.generator.interpreter$spawn_worker$fn__9422$fn__9423.invoke(interpreter.clj:137)
	at jepsen.generator.interpreter$spawn_worker$fn__9422.invoke(interpreter.clj:120)
	at clojure.core$binding_conveyor_fn$fn__5739.invoke(core.clj:2030)
	at clojure.lang.AFn.call(AFn.java:18)
	at java.base/java.util.concurrent.FutureTask.run(FutureTask.java:264)
	at java.base/java.util.concurrent.ThreadPoolExecutor.runWorker(ThreadPoolExecutor.java:1128)
	at java.base/java.util.concurrent.ThreadPoolExecutor$Worker.run(ThreadPoolExecutor.java:628)
	at java.base/java.lang.Thread.run(Thread.java:829)
2022-08-27 16:34:23,066{GMT}	INFO	[Jepsen shutdown hook] jepsen.core: Downloading DB logs before JVM shutdown...
