2022-08-27 11:42:03,972{GMT}	INFO	[jepsen test runner] jepsen.core: Command line:
lein run test --node localhost --username codedump --password 123456
2022-08-27 11:42:03,998{GMT}	INFO	[jepsen test runner] jepsen.core: Running test:
{:remote #jepsen.control.SSHRemote{:session nil}
 :concurrency 1
 :db
 #object[jepsen.etcdemo$db$reify__2461
         "0x3705a85c"
         "jepsen.etcdemo$db$reify__2461@3705a85c"]
 :leave-db-running? false
 :name "etcd"
 :logging-json? false
 :start-time
 #object[org.joda.time.DateTime "0x58fadccb" "2022-08-27T11:42:03.000+08:00"]
 :net
 #object[jepsen.net$reify__9085 "0x711fbcef" "jepsen.net$reify__9085@711fbcef"]
 :client #jepsen.etcdemo.Client{:conn nil}
 :barrier
 #object[java.util.concurrent.CyclicBarrier
         "0x43d2c8e3"
         "java.util.concurrent.CyclicBarrier@43d2c8e3"]
 :pure-generators true
 :ssh
 {:dummy? false,
  :username "codedump",
  :password "123456",
  :strict-host-key-checking false,
  :private-key-path nil}
 :checker
 #object[jepsen.checker$unbridled_optimism$reify__8609
         "0x8bb5c2a"
         "jepsen.checker$unbridled_optimism$reify__8609@8bb5c2a"]
 :argv
 ("test" "--node" "localhost" "--username" "codedump" "--password" "123456")
 :nemesis
 #object[jepsen.nemesis$reify__9186
         "0x6a9d572"
         "jepsen.nemesis$reify__9186@6a9d572"]
 :active-histories
 #object[clojure.lang.Atom "0x45dfb6a4" {:status :ready, :val #{}}]
 :nodes ["localhost"]
 :test-count 1
 :generator
 (jepsen.generator.TimeLimit
  {:limit 15000000000,
   :cutoff nil,
   :gen (jepsen.generator.Any
         {:gens [(jepsen.generator.OnThreads {:f #{:nemesis}, :gen nil})
                 (jepsen.generator.OnThreads
                  {:f #object[clojure.core$complement$fn__5654
                              "0x1d77d9c6"
                              "clojure.core$complement$fn__5654@1d77d9c6"],
                   :gen (jepsen.generator.Stagger
                         {:dt 2000000000,
                          :next-time nil,
                          :gen (jepsen.generator.Mix
                                {:i 1,
                                 :gens [#object[jepsen.etcdemo$r
                                                "0x2c5b4b91"
                                                "jepsen.etcdemo$r@2c5b4b91"]
                                        #object[jepsen.etcdemo$w
                                                "0x51eeae0a"
                                                "jepsen.etcdemo$w@51eeae0a"]
                                        #object[jepsen.etcdemo$cas
                                                "0x76c2d002"
                                                "jepsen.etcdemo$cas@76c2d002"]]})})})]})})
 :os
 #object[jepsen.os.ubuntu.Ubuntu
         "0x55589ef5"
         "jepsen.os.ubuntu.Ubuntu@55589ef5"]
 :time-limit 60}

2022-08-27 11:42:04,113{GMT}	INFO	[jepsen node localhost] jepsen.os.ubuntu: localhost setting up ubuntu
2022-08-27 11:42:09,581{GMT}	INFO	[jepsen test runner] jepsen.db: Tearing down DB
2022-08-27 11:42:09,583{GMT}	INFO	[jepsen node localhost] jepsen.etcdemo: localhost tearing down etcd
2022-08-27 11:42:09,583{GMT}	INFO	[jepsen node localhost] jepsen.control.util: Stopping etcd
2022-08-27 11:42:09,892{GMT}	INFO	[jepsen test runner] jepsen.db: Setting up DB
2022-08-27 11:42:09,894{GMT}	INFO	[jepsen node localhost] jepsen.etcdemo: localhost installing etcd v3.1.5
2022-08-27 11:42:09,997{GMT}	INFO	[jepsen node localhost] jepsen.control.util: Downloading https://storage.googleapis.com/etcd/v3.1.5/etcd-v3.1.5-linux-amd64.tar.gz
2022-08-27 11:42:16,126{GMT}	INFO	[jepsen node localhost] jepsen.control.util: starting etcd
2022-08-27 11:42:26,332{GMT}	INFO	[jepsen test runner] jepsen.core: Relative time begins now
2022-08-27 11:42:26,387{GMT}	INFO	[jepsen worker 0] jepsen.util: 0	:invoke	:write	4
2022-08-27 11:42:26,441{GMT}	INFO	[jepsen worker 0] jepsen.util: 0	:ok	:write	4
2022-08-27 11:42:27,461{GMT}	INFO	[jepsen worker 0] jepsen.util: 0	:invoke	:read	nil
2022-08-27 11:42:27,468{GMT}	INFO	[jepsen worker 0] jepsen.util: 0	:ok	:read	4
2022-08-27 11:42:28,760{GMT}	INFO	[jepsen worker 0] jepsen.util: 0	:invoke	:read	nil
2022-08-27 11:42:28,764{GMT}	INFO	[jepsen worker 0] jepsen.util: 0	:ok	:read	4
2022-08-27 11:42:30,037{GMT}	INFO	[jepsen worker 0] jepsen.util: 0	:invoke	:write	4
2022-08-27 11:42:30,042{GMT}	INFO	[jepsen worker 0] jepsen.util: 0	:ok	:write	4
2022-08-27 11:42:31,477{GMT}	INFO	[jepsen worker 0] jepsen.util: 0	:invoke	:write	0
2022-08-27 11:42:31,483{GMT}	INFO	[jepsen worker 0] jepsen.util: 0	:ok	:write	0
2022-08-27 11:42:31,575{GMT}	INFO	[jepsen worker 0] jepsen.util: 0	:invoke	:read	nil
2022-08-27 11:42:31,579{GMT}	INFO	[jepsen worker 0] jepsen.util: 0	:ok	:read	0
2022-08-27 11:42:33,430{GMT}	INFO	[jepsen worker 0] jepsen.util: 0	:invoke	:write	4
2022-08-27 11:42:33,436{GMT}	INFO	[jepsen worker 0] jepsen.util: 0	:ok	:write	4
2022-08-27 11:42:34,022{GMT}	INFO	[jepsen worker 0] jepsen.util: 0	:invoke	:cas	[3 1]
2022-08-27 11:42:34,035{GMT}	INFO	[jepsen worker 0] jepsen.util: 0	:fail	:cas	[3 1]
2022-08-27 11:42:34,991{GMT}	INFO	[jepsen worker 0] jepsen.util: 0	:invoke	:write	1
2022-08-27 11:42:34,995{GMT}	INFO	[jepsen worker 0] jepsen.util: 0	:ok	:write	1
2022-08-27 11:42:35,033{GMT}	INFO	[jepsen worker 0] jepsen.util: 0	:invoke	:cas	[0 3]
2022-08-27 11:42:35,036{GMT}	INFO	[jepsen worker 0] jepsen.util: 0	:fail	:cas	[0 3]
2022-08-27 11:42:36,222{GMT}	INFO	[jepsen worker 0] jepsen.util: 0	:invoke	:write	0
2022-08-27 11:42:36,226{GMT}	INFO	[jepsen worker 0] jepsen.util: 0	:ok	:write	0
2022-08-27 11:42:37,439{GMT}	INFO	[jepsen worker 0] jepsen.util: 0	:invoke	:cas	[0 2]
2022-08-27 11:42:37,443{GMT}	INFO	[jepsen worker 0] jepsen.util: 0	:ok	:cas	[0 2]
2022-08-27 11:42:37,696{GMT}	INFO	[jepsen worker 0] jepsen.util: 0	:invoke	:write	0
2022-08-27 11:42:37,701{GMT}	INFO	[jepsen worker 0] jepsen.util: 0	:ok	:write	0
2022-08-27 11:42:38,847{GMT}	INFO	[jepsen worker 0] jepsen.util: 0	:invoke	:write	4
2022-08-27 11:42:38,851{GMT}	INFO	[jepsen worker 0] jepsen.util: 0	:ok	:write	4
2022-08-27 11:42:38,910{GMT}	INFO	[jepsen worker 0] jepsen.util: 0	:invoke	:read	nil
2022-08-27 11:42:38,914{GMT}	INFO	[jepsen worker 0] jepsen.util: 0	:ok	:read	4
2022-08-27 11:42:40,214{GMT}	INFO	[jepsen worker 0] jepsen.util: 0	:invoke	:write	4
2022-08-27 11:42:40,219{GMT}	INFO	[jepsen worker 0] jepsen.util: 0	:ok	:write	4
2022-08-27 11:42:40,221{GMT}	INFO	[jepsen test runner] jepsen.core: Run complete, writing
2022-08-27 11:42:40,235{GMT}	INFO	[jepsen test runner] jepsen.core: Analyzing...
2022-08-27 11:42:40,236{GMT}	INFO	[jepsen test runner] jepsen.core: Analysis complete
2022-08-27 11:42:40,237{GMT}	INFO	[jepsen results] jepsen.store: Wrote /home/codedump/source/jepsen.etcdemo/store/etcd/20220827T114203.000+0800/results.edn
2022-08-27 11:42:40,239{GMT}	INFO	[jepsen node localhost] jepsen.etcdemo: localhost tearing down etcd
2022-08-27 11:42:40,239{GMT}	INFO	[jepsen node localhost] jepsen.control.util: Stopping etcd
2022-08-27 11:42:40,559{GMT}	INFO	[jepsen test runner] jepsen.core: {:valid? true}


Everything looks good! ヽ(‘ー`)ノ
