2022-08-27 16:29:08,073{GMT}	INFO	[jepsen test runner] jepsen.core: Command line:
lein run test --node localhost --username codedump --password 123456
2022-08-27 16:29:08,102{GMT}	INFO	[jepsen test runner] jepsen.core: Running test:
{:remote #jepsen.control.SSHRemote{:session nil}
 :concurrency 1
 :db
 #object[jepsen.etcdemo$db$reify__2513
         "0x3687b83c"
         "jepsen.etcdemo$db$reify__2513@3687b83c"]
 :leave-db-running? false
 :name "etcd"
 :logging-json? false
 :start-time
 #object[org.joda.time.DateTime "0x6915351c" "2022-08-27T16:29:08.000+08:00"]
 :net
 #object[jepsen.net$reify__9085 "0x2ac0cb64" "jepsen.net$reify__9085@2ac0cb64"]
 :client #jepsen.etcdemo.Client{:conn nil}
 :barrier
 #object[java.util.concurrent.CyclicBarrier
         "0x7be3a837"
         "java.util.concurrent.CyclicBarrier@7be3a837"]
 :pure-generators true
 :ssh
 {:dummy? false,
  :username "codedump",
  :password "123456",
  :strict-host-key-checking false,
  :private-key-path nil}
 :checker
 #object[jepsen.checker$linearizable$reify__8632
         "0x247d44b4"
         "jepsen.checker$linearizable$reify__8632@247d44b4"]
 :argv
 ("test" "--node" "localhost" "--username" "codedump" "--password" "123456")
 :nemesis
 #object[jepsen.nemesis$partitioner$reify__9233
         "0x640028f2"
         "jepsen.nemesis$partitioner$reify__9233@640028f2"]
 :active-histories
 #object[clojure.lang.Atom "0x5c7b504" {:status :ready, :val #{}}]
 :nodes ["localhost"]
 :test-count 1
 :generator
 (jepsen.generator.TimeLimit
  {:limit 30000000000,
   :cutoff nil,
   :gen (jepsen.generator.Any
         {:gens [(jepsen.generator.OnThreads
                  {:f #{:nemesis},
                   :gen ({:type :sleep, :value 5}
                         {:type :info, :f :start}
                         {:type :sleep, :value 5}
                         {:type :info, :f :stop}
                         {:type :sleep, :value 5}
                         {:type :info, :f :start}
                         {:type :sleep, :value 5}
                         {:type :info, :f :stop}
                         ...)})
                 (jepsen.generator.OnThreads
                  {:f #object[clojure.core$complement$fn__5654
                              "0x52df6d0f"
                              "clojure.core$complement$fn__5654@52df6d0f"],
                   :gen (jepsen.generator.Stagger
                         {:dt 2000000000,
                          :next-time nil,
                          :gen (jepsen.generator.Mix
                                {:i 0,
                                 :gens [#object[jepsen.etcdemo$r
                                                "0x2bb118ae"
                                                "jepsen.etcdemo$r@2bb118ae"]
                                        #object[jepsen.etcdemo$w
                                                "0x5e3a5f0c"
                                                "jepsen.etcdemo$w@5e3a5f0c"]
                                        #object[jepsen.etcdemo$cas
                                                "0x5afaae7e"
                                                "jepsen.etcdemo$cas@5afaae7e"]]})})})]})})
 :os
 #object[jepsen.os.ubuntu.Ubuntu
         "0x7364073b"
         "jepsen.os.ubuntu.Ubuntu@7364073b"]
 :time-limit 60}

2022-08-27 16:29:08,206{GMT}	INFO	[jepsen node localhost] jepsen.os.ubuntu: localhost setting up ubuntu
2022-08-27 16:29:08,961{GMT}	INFO	[jepsen test runner] jepsen.db: Tearing down DB
2022-08-27 16:29:08,963{GMT}	INFO	[jepsen node localhost] jepsen.etcdemo: localhost tearing down etcd
2022-08-27 16:29:08,963{GMT}	INFO	[jepsen node localhost] jepsen.control.util: Stopping etcd
2022-08-27 16:29:09,270{GMT}	INFO	[jepsen test runner] jepsen.db: Setting up DB
2022-08-27 16:29:09,271{GMT}	INFO	[jepsen node localhost] jepsen.etcdemo: localhost installing etcd v3.1.5
2022-08-27 16:29:10,489{GMT}	INFO	[jepsen node localhost] jepsen.control.util: starting etcd
2022-08-27 16:29:20,694{GMT}	INFO	[jepsen test runner] jepsen.core: Relative time begins now
2022-08-27 16:29:20,912{GMT}	INFO	[jepsen worker 0] jepsen.util: 0	:invoke	:read	nil
2022-08-27 16:29:20,958{GMT}	INFO	[jepsen worker 0] jepsen.util: 0	:ok	:read	nil
2022-08-27 16:29:22,551{GMT}	INFO	[jepsen worker 0] jepsen.util: 0	:invoke	:read	nil
2022-08-27 16:29:22,555{GMT}	INFO	[jepsen worker 0] jepsen.util: 0	:ok	:read	nil
2022-08-27 16:29:23,748{GMT}	INFO	[jepsen worker 0] jepsen.util: 0	:invoke	:cas	[1 4]
2022-08-27 16:29:23,758{GMT}	INFO	[jepsen worker 0] jepsen.util: 0	:fail	:cas	[1 4]	:not-found
2022-08-27 16:29:24,243{GMT}	INFO	[jepsen worker 0] jepsen.util: 0	:invoke	:write	0
2022-08-27 16:29:24,248{GMT}	INFO	[jepsen worker 0] jepsen.util: 0	:ok	:write	0
2022-08-27 16:29:24,718{GMT}	INFO	[jepsen worker 0] jepsen.util: 0	:invoke	:read	nil
2022-08-27 16:29:24,723{GMT}	INFO	[jepsen worker 0] jepsen.util: 0	:ok	:read	0
2022-08-27 16:29:25,913{GMT}	INFO	[jepsen worker nemesis] jepsen.util: :nemesis	:info	:start	nil
2022-08-27 16:29:25,928{GMT}	INFO	[jepsen worker nemesis] jepsen.util: :nemesis	:info	:start	[:isolated {"localhost" #{}}]
2022-08-27 16:29:26,538{GMT}	INFO	[jepsen worker 0] jepsen.util: 0	:invoke	:read	nil
2022-08-27 16:29:26,542{GMT}	INFO	[jepsen worker 0] jepsen.util: 0	:ok	:read	0
2022-08-27 16:29:27,767{GMT}	INFO	[jepsen worker 0] jepsen.util: 0	:invoke	:write	1
2022-08-27 16:29:27,772{GMT}	INFO	[jepsen worker 0] jepsen.util: 0	:ok	:write	1
2022-08-27 16:29:29,364{GMT}	INFO	[jepsen worker 0] jepsen.util: 0	:invoke	:read	nil
2022-08-27 16:29:29,368{GMT}	INFO	[jepsen worker 0] jepsen.util: 0	:ok	:read	1
2022-08-27 16:29:30,868{GMT}	INFO	[jepsen worker 0] jepsen.util: 0	:invoke	:write	2
2022-08-27 16:29:30,873{GMT}	INFO	[jepsen worker 0] jepsen.util: 0	:ok	:write	2
2022-08-27 16:29:30,930{GMT}	INFO	[jepsen worker nemesis] jepsen.util: :nemesis	:info	:stop	nil
2022-08-27 16:29:31,134{GMT}	INFO	[jepsen worker nemesis] jepsen.util: :nemesis	:info	:stop	:network-healed
2022-08-27 16:29:32,132{GMT}	INFO	[jepsen worker 0] jepsen.util: 0	:invoke	:write	1
2022-08-27 16:29:32,136{GMT}	INFO	[jepsen worker 0] jepsen.util: 0	:ok	:write	1
2022-08-27 16:29:32,697{GMT}	INFO	[jepsen worker 0] jepsen.util: 0	:invoke	:cas	[1 0]
2022-08-27 16:29:32,702{GMT}	INFO	[jepsen worker 0] jepsen.util: 0	:ok	:cas	[1 0]
2022-08-27 16:29:33,403{GMT}	INFO	[jepsen worker 0] jepsen.util: 0	:invoke	:read	nil
2022-08-27 16:29:33,407{GMT}	INFO	[jepsen worker 0] jepsen.util: 0	:ok	:read	0
2022-08-27 16:29:34,376{GMT}	INFO	[jepsen worker 0] jepsen.util: 0	:invoke	:read	nil
2022-08-27 16:29:34,380{GMT}	INFO	[jepsen worker 0] jepsen.util: 0	:ok	:read	0
2022-08-27 16:29:34,943{GMT}	INFO	[jepsen worker 0] jepsen.util: 0	:invoke	:read	nil
2022-08-27 16:29:34,947{GMT}	INFO	[jepsen worker 0] jepsen.util: 0	:ok	:read	0
2022-08-27 16:29:35,765{GMT}	INFO	[jepsen worker 0] jepsen.util: 0	:invoke	:write	2
2022-08-27 16:29:35,769{GMT}	INFO	[jepsen worker 0] jepsen.util: 0	:ok	:write	2
2022-08-27 16:29:36,135{GMT}	INFO	[jepsen worker nemesis] jepsen.util: :nemesis	:info	:start	nil
2022-08-27 16:29:36,137{GMT}	INFO	[jepsen worker nemesis] jepsen.util: :nemesis	:info	:start	[:isolated {"localhost" #{}}]
2022-08-27 16:29:36,800{GMT}	INFO	[jepsen worker 0] jepsen.util: 0	:invoke	:write	3
2022-08-27 16:29:36,806{GMT}	INFO	[jepsen worker 0] jepsen.util: 0	:ok	:write	3
2022-08-27 16:29:37,824{GMT}	INFO	[jepsen worker 0] jepsen.util: 0	:invoke	:write	1
2022-08-27 16:29:37,829{GMT}	INFO	[jepsen worker 0] jepsen.util: 0	:ok	:write	1
2022-08-27 16:29:37,914{GMT}	INFO	[jepsen worker 0] jepsen.util: 0	:invoke	:read	nil
2022-08-27 16:29:37,918{GMT}	INFO	[jepsen worker 0] jepsen.util: 0	:ok	:read	1
2022-08-27 16:29:39,561{GMT}	INFO	[jepsen worker 0] jepsen.util: 0	:invoke	:cas	[4 3]
2022-08-27 16:29:39,567{GMT}	INFO	[jepsen worker 0] jepsen.util: 0	:fail	:cas	[4 3]
2022-08-27 16:29:40,730{GMT}	INFO	[jepsen worker 0] jepsen.util: 0	:invoke	:read	nil
2022-08-27 16:29:40,734{GMT}	INFO	[jepsen worker 0] jepsen.util: 0	:ok	:read	1
2022-08-27 16:29:41,139{GMT}	INFO	[jepsen worker nemesis] jepsen.util: :nemesis	:info	:stop	nil
2022-08-27 16:29:41,343{GMT}	INFO	[jepsen worker nemesis] jepsen.util: :nemesis	:info	:stop	:network-healed
2022-08-27 16:29:42,148{GMT}	INFO	[jepsen worker 0] jepsen.util: 0	:invoke	:write	2
2022-08-27 16:29:42,153{GMT}	INFO	[jepsen worker 0] jepsen.util: 0	:ok	:write	2
2022-08-27 16:29:43,311{GMT}	INFO	[jepsen worker 0] jepsen.util: 0	:invoke	:write	1
2022-08-27 16:29:43,316{GMT}	INFO	[jepsen worker 0] jepsen.util: 0	:ok	:write	1
2022-08-27 16:29:44,381{GMT}	INFO	[jepsen worker 0] jepsen.util: 0	:invoke	:read	nil
2022-08-27 16:29:44,385{GMT}	INFO	[jepsen worker 0] jepsen.util: 0	:ok	:read	1
2022-08-27 16:29:46,140{GMT}	INFO	[jepsen worker 0] jepsen.util: 0	:invoke	:cas	[1 2]
2022-08-27 16:29:46,144{GMT}	INFO	[jepsen worker 0] jepsen.util: 0	:ok	:cas	[1 2]
2022-08-27 16:29:46,345{GMT}	INFO	[jepsen worker nemesis] jepsen.util: :nemesis	:info	:start	nil
2022-08-27 16:29:46,347{GMT}	INFO	[jepsen worker nemesis] jepsen.util: :nemesis	:info	:start	[:isolated {"localhost" #{}}]
2022-08-27 16:29:47,766{GMT}	INFO	[jepsen worker 0] jepsen.util: 0	:invoke	:write	2
2022-08-27 16:29:47,770{GMT}	INFO	[jepsen worker 0] jepsen.util: 0	:ok	:write	2
2022-08-27 16:29:47,788{GMT}	INFO	[jepsen worker 0] jepsen.util: 0	:invoke	:cas	[1 3]
2022-08-27 16:29:47,794{GMT}	INFO	[jepsen worker 0] jepsen.util: 0	:fail	:cas	[1 3]
2022-08-27 16:29:47,839{GMT}	INFO	[jepsen worker 0] jepsen.util: 0	:invoke	:read	nil
2022-08-27 16:29:47,843{GMT}	INFO	[jepsen worker 0] jepsen.util: 0	:ok	:read	2
2022-08-27 16:29:49,119{GMT}	INFO	[jepsen worker 0] jepsen.util: 0	:invoke	:read	nil
2022-08-27 16:29:49,122{GMT}	INFO	[jepsen worker 0] jepsen.util: 0	:ok	:read	2
2022-08-27 16:29:50,257{GMT}	INFO	[jepsen worker 0] jepsen.util: 0	:invoke	:cas	[0 0]
2022-08-27 16:29:50,262{GMT}	INFO	[jepsen worker 0] jepsen.util: 0	:fail	:cas	[0 0]
2022-08-27 16:29:50,445{GMT}	INFO	[jepsen worker 0] jepsen.util: 0	:invoke	:read	nil
2022-08-27 16:29:50,449{GMT}	INFO	[jepsen worker 0] jepsen.util: 0	:ok	:read	2
2022-08-27 16:29:50,707{GMT}	INFO	[jepsen worker 0] jepsen.util: 0	:invoke	:read	nil
2022-08-27 16:29:50,710{GMT}	INFO	[jepsen worker 0] jepsen.util: 0	:ok	:read	2
2022-08-27 16:29:51,553{GMT}	INFO	[jepsen test runner] jepsen.core: Run complete, writing
2022-08-27 16:29:51,577{GMT}	INFO	[jepsen test runner] jepsen.core: Analyzing...
2022-08-27 16:29:51,603{GMT}	INFO	[jepsen test runner] jepsen.core: Analysis complete
2022-08-27 16:29:51,609{GMT}	INFO	[jepsen results] jepsen.store: Wrote /home/codedump/source/jepsen.etcdemo/store/etcd/20220827T162908.000+0800/results.edn
2022-08-27 16:29:51,610{GMT}	INFO	[jepsen node localhost] jepsen.etcdemo: localhost tearing down etcd
2022-08-27 16:29:51,610{GMT}	INFO	[jepsen node localhost] jepsen.control.util: Stopping etcd
2022-08-27 16:29:51,940{GMT}	INFO	[jepsen test runner] jepsen.core: {:valid? true,
 :configs
 ({:model {:value 2},
   :last-op
   {:process 0,
    :type :ok,
    :f :read,
    :value 2,
    :index 71,
    :time 30018131690},
   :pending []}),
 :analyzer :linear,
 :final-paths ()}


Everything looks good! ヽ(‘ー`)ノ
