2022-08-27 16:38:42,753{GMT}	INFO	[jepsen test runner] jepsen.core: Command line:
lein run test --node localhost --username codedump --password 123456 --time-limit 10
2022-08-27 16:38:42,781{GMT}	INFO	[jepsen test runner] jepsen.core: Running test:
{:remote #jepsen.control.SSHRemote{:session nil}
 :concurrency 1
 :db
 #object[jepsen.etcdemo$db$reify__2513
         "0x3f7f9d3f"
         "jepsen.etcdemo$db$reify__2513@3f7f9d3f"]
 :leave-db-running? false
 :name "etcd"
 :logging-json? false
 :start-time
 #object[org.joda.time.DateTime "0x5cfde2a4" "2022-08-27T16:38:42.000+08:00"]
 :net
 #object[jepsen.net$reify__9085 "0x53fb3e1b" "jepsen.net$reify__9085@53fb3e1b"]
 :client #jepsen.etcdemo.Client{:conn nil}
 :barrier
 #object[java.util.concurrent.CyclicBarrier
         "0xf5a680"
         "java.util.concurrent.CyclicBarrier@f5a680"]
 :pure-generators true
 :ssh
 {:dummy? false,
  :username "codedump",
  :password "123456",
  :strict-host-key-checking false,
  :private-key-path nil}
 :checker
 #object[jepsen.checker$linearizable$reify__8632
         "0x48a2b492"
         "jepsen.checker$linearizable$reify__8632@48a2b492"]
 :argv
 ("test"
  "--node"
  "localhost"
  "--username"
  "codedump"
  "--password"
  "123456"
  "--time-limit"
  "10")
 :nemesis
 #object[jepsen.nemesis$partitioner$reify__9233
         "0x7bf997e0"
         "jepsen.nemesis$partitioner$reify__9233@7bf997e0"]
 :active-histories
 #object[clojure.lang.Atom "0x363ee411" {:status :ready, :val #{}}]
 :nodes ["localhost"]
 :test-count 1
 :generator
 (jepsen.generator.TimeLimit
  {:limit 10000000000,
   :cutoff nil,
   :gen (jepsen.generator.Any
         {:gens [(jepsen.generator.OnThreads
                  {:f #{:nemesis},
                   :gen ({:type :sleep, :value 5}
                         {:type :info, :f :start}
                         {:type :sleep, :value 5}
                         {:type :info, :f :stop}
                         {:type :sleep, :value 5}
                         {:type :info, :f :start}
                         {:type :sleep, :value 5}
                         {:type :info, :f :stop}
                         ...)})
                 (jepsen.generator.OnThreads
                  {:f #object[clojure.core$complement$fn__5654
                              "0x4b74a4d"
                              "clojure.core$complement$fn__5654@4b74a4d"],
                   :gen (jepsen.generator.Stagger
                         {:dt 40000000,
                          :next-time nil,
                          :gen (jepsen.generator.Mix
                                {:i 2,
                                 :gens [#object[jepsen.etcdemo$r
                                                "0x63df2eb8"
                                                "jepsen.etcdemo$r@63df2eb8"]
                                        #object[jepsen.etcdemo$w
                                                "0x49c72fb7"
                                                "jepsen.etcdemo$w@49c72fb7"]
                                        #object[jepsen.etcdemo$cas
                                                "0x565983f3"
                                                "jepsen.etcdemo$cas@565983f3"]]})})})]})})
 :os
 #object[jepsen.os.ubuntu.Ubuntu
         "0x68024e57"
         "jepsen.os.ubuntu.Ubuntu@68024e57"]
 :time-limit 10}

2022-08-27 16:38:42,882{GMT}	INFO	[jepsen node localhost] jepsen.os.ubuntu: localhost setting up ubuntu
2022-08-27 16:38:43,657{GMT}	INFO	[jepsen test runner] jepsen.db: Tearing down DB
2022-08-27 16:38:43,659{GMT}	INFO	[jepsen node localhost] jepsen.etcdemo: localhost tearing down etcd
2022-08-27 16:38:43,660{GMT}	INFO	[jepsen node localhost] jepsen.control.util: Stopping etcd
2022-08-27 16:38:43,970{GMT}	INFO	[jepsen test runner] jepsen.db: Setting up DB
2022-08-27 16:38:43,971{GMT}	INFO	[jepsen node localhost] jepsen.etcdemo: localhost installing etcd v3.1.5
2022-08-27 16:38:45,190{GMT}	INFO	[jepsen node localhost] jepsen.control.util: starting etcd
2022-08-27 16:38:55,396{GMT}	INFO	[jepsen test runner] jepsen.core: Relative time begins now
2022-08-27 16:38:55,618{GMT}	INFO	[jepsen worker 0] jepsen.util: 0	:invoke	:cas	[2 3]
2022-08-27 16:38:55,677{GMT}	INFO	[jepsen worker 0] jepsen.util: 0	:fail	:cas	[2 3]	:not-found
2022-08-27 16:38:55,678{GMT}	INFO	[jepsen worker 0] jepsen.util: 0	:invoke	:read	nil
2022-08-27 16:38:55,680{GMT}	INFO	[jepsen worker 0] jepsen.util: 0	:ok	:read	nil
2022-08-27 16:38:55,680{GMT}	INFO	[jepsen worker 0] jepsen.util: 0	:invoke	:read	nil
2022-08-27 16:38:55,682{GMT}	INFO	[jepsen worker 0] jepsen.util: 0	:ok	:read	nil
2022-08-27 16:38:55,682{GMT}	INFO	[jepsen worker 0] jepsen.util: 0	:invoke	:read	nil
2022-08-27 16:38:55,684{GMT}	INFO	[jepsen worker 0] jepsen.util: 0	:ok	:read	nil
2022-08-27 16:38:55,687{GMT}	INFO	[jepsen worker 0] jepsen.util: 0	:invoke	:read	nil
2022-08-27 16:38:55,688{GMT}	INFO	[jepsen worker 0] jepsen.util: 0	:ok	:read	nil
2022-08-27 16:38:55,702{GMT}	INFO	[jepsen worker 0] jepsen.util: 0	:invoke	:write	0
2022-08-27 16:38:55,705{GMT}	INFO	[jepsen worker 0] jepsen.util: 0	:ok	:write	0
2022-08-27 16:38:55,728{GMT}	INFO	[jepsen worker 0] jepsen.util: 0	:invoke	:read	nil
2022-08-27 16:38:55,733{GMT}	INFO	[jepsen worker 0] jepsen.util: 0	:ok	:read	0
2022-08-27 16:38:55,747{GMT}	INFO	[jepsen worker 0] jepsen.util: 0	:invoke	:read	nil
2022-08-27 16:38:55,752{GMT}	INFO	[jepsen worker 0] jepsen.util: 0	:ok	:read	0
2022-08-27 16:38:55,786{GMT}	INFO	[jepsen worker 0] jepsen.util: 0	:invoke	:write	0
2022-08-27 16:38:55,790{GMT}	INFO	[jepsen worker 0] jepsen.util: 0	:ok	:write	0
2022-08-27 16:38:55,814{GMT}	INFO	[jepsen worker 0] jepsen.util: 0	:invoke	:write	2
2022-08-27 16:38:55,818{GMT}	INFO	[jepsen worker 0] jepsen.util: 0	:ok	:write	2
2022-08-27 16:38:55,838{GMT}	INFO	[jepsen worker 0] jepsen.util: 0	:invoke	:read	nil
2022-08-27 16:38:55,842{GMT}	INFO	[jepsen worker 0] jepsen.util: 0	:ok	:read	2
2022-08-27 16:38:55,867{GMT}	INFO	[jepsen worker 0] jepsen.util: 0	:invoke	:cas	[3 3]
2022-08-27 16:38:55,873{GMT}	INFO	[jepsen worker 0] jepsen.util: 0	:fail	:cas	[3 3]
2022-08-27 16:38:55,873{GMT}	INFO	[jepsen worker 0] jepsen.util: 0	:invoke	:cas	[0 0]
2022-08-27 16:38:55,878{GMT}	INFO	[jepsen worker 0] jepsen.util: 0	:fail	:cas	[0 0]
2022-08-27 16:38:55,908{GMT}	INFO	[jepsen worker 0] jepsen.util: 0	:invoke	:read	nil
2022-08-27 16:38:55,912{GMT}	INFO	[jepsen worker 0] jepsen.util: 0	:ok	:read	2
2022-08-27 16:38:55,921{GMT}	INFO	[jepsen worker 0] jepsen.util: 0	:invoke	:read	nil
2022-08-27 16:38:55,926{GMT}	INFO	[jepsen worker 0] jepsen.util: 0	:ok	:read	2
2022-08-27 16:38:55,947{GMT}	INFO	[jepsen worker 0] jepsen.util: 0	:invoke	:write	4
2022-08-27 16:38:55,953{GMT}	INFO	[jepsen worker 0] jepsen.util: 0	:ok	:write	4
2022-08-27 16:38:55,966{GMT}	INFO	[jepsen worker 0] jepsen.util: 0	:invoke	:write	1
2022-08-27 16:38:55,970{GMT}	INFO	[jepsen worker 0] jepsen.util: 0	:ok	:write	1
2022-08-27 16:38:55,986{GMT}	INFO	[jepsen worker 0] jepsen.util: 0	:invoke	:cas	[3 3]
2022-08-27 16:38:55,992{GMT}	INFO	[jepsen worker 0] jepsen.util: 0	:fail	:cas	[3 3]
2022-08-27 16:38:55,993{GMT}	INFO	[jepsen worker 0] jepsen.util: 0	:invoke	:cas	[2 2]
2022-08-27 16:38:55,997{GMT}	INFO	[jepsen worker 0] jepsen.util: 0	:fail	:cas	[2 2]
2022-08-27 16:38:56,022{GMT}	INFO	[jepsen worker 0] jepsen.util: 0	:invoke	:cas	[3 0]
2022-08-27 16:38:56,027{GMT}	INFO	[jepsen worker 0] jepsen.util: 0	:fail	:cas	[3 0]
2022-08-27 16:38:56,035{GMT}	INFO	[jepsen worker 0] jepsen.util: 0	:invoke	:cas	[0 4]
2022-08-27 16:38:56,040{GMT}	INFO	[jepsen worker 0] jepsen.util: 0	:fail	:cas	[0 4]
2022-08-27 16:38:56,043{GMT}	INFO	[jepsen worker 0] jepsen.util: 0	:invoke	:cas	[3 1]
2022-08-27 16:38:56,048{GMT}	INFO	[jepsen worker 0] jepsen.util: 0	:fail	:cas	[3 1]
2022-08-27 16:38:56,071{GMT}	INFO	[jepsen worker 0] jepsen.util: 0	:invoke	:read	nil
2022-08-27 16:38:56,075{GMT}	INFO	[jepsen worker 0] jepsen.util: 0	:ok	:read	1
2022-08-27 16:38:56,110{GMT}	INFO	[jepsen worker 0] jepsen.util: 0	:invoke	:write	0
2022-08-27 16:38:56,114{GMT}	INFO	[jepsen worker 0] jepsen.util: 0	:ok	:write	0
2022-08-27 16:38:56,143{GMT}	INFO	[jepsen worker 0] jepsen.util: 0	:invoke	:read	nil
2022-08-27 16:38:56,147{GMT}	INFO	[jepsen worker 0] jepsen.util: 0	:ok	:read	0
2022-08-27 16:38:56,160{GMT}	INFO	[jepsen worker 0] jepsen.util: 0	:invoke	:write	2
2022-08-27 16:38:56,164{GMT}	INFO	[jepsen worker 0] jepsen.util: 0	:ok	:write	2
2022-08-27 16:38:56,192{GMT}	INFO	[jepsen worker 0] jepsen.util: 0	:invoke	:read	nil
2022-08-27 16:38:56,196{GMT}	INFO	[jepsen worker 0] jepsen.util: 0	:ok	:read	2
2022-08-27 16:38:56,196{GMT}	INFO	[jepsen worker 0] jepsen.util: 0	:invoke	:write	0
2022-08-27 16:38:56,200{GMT}	INFO	[jepsen worker 0] jepsen.util: 0	:ok	:write	0
2022-08-27 16:38:56,212{GMT}	INFO	[jepsen worker 0] jepsen.util: 0	:invoke	:read	nil
2022-08-27 16:38:56,214{GMT}	INFO	[jepsen worker 0] jepsen.util: 0	:ok	:read	0
2022-08-27 16:38:56,249{GMT}	INFO	[jepsen worker 0] jepsen.util: 0	:invoke	:cas	[3 3]
2022-08-27 16:38:56,254{GMT}	INFO	[jepsen worker 0] jepsen.util: 0	:fail	:cas	[3 3]
2022-08-27 16:38:56,277{GMT}	INFO	[jepsen worker 0] jepsen.util: 0	:invoke	:write	2
2022-08-27 16:38:56,281{GMT}	INFO	[jepsen worker 0] jepsen.util: 0	:ok	:write	2
2022-08-27 16:38:56,300{GMT}	INFO	[jepsen worker 0] jepsen.util: 0	:invoke	:read	nil
2022-08-27 16:38:56,304{GMT}	INFO	[jepsen worker 0] jepsen.util: 0	:ok	:read	2
2022-08-27 16:38:56,325{GMT}	INFO	[jepsen worker 0] jepsen.util: 0	:invoke	:read	nil
2022-08-27 16:38:56,329{GMT}	INFO	[jepsen worker 0] jepsen.util: 0	:ok	:read	2
2022-08-27 16:38:56,335{GMT}	INFO	[jepsen worker 0] jepsen.util: 0	:invoke	:read	nil
2022-08-27 16:38:56,338{GMT}	INFO	[jepsen worker 0] jepsen.util: 0	:ok	:read	2
2022-08-27 16:38:56,350{GMT}	INFO	[jepsen worker 0] jepsen.util: 0	:invoke	:write	0
2022-08-27 16:38:56,354{GMT}	INFO	[jepsen worker 0] jepsen.util: 0	:ok	:write	0
2022-08-27 16:38:56,389{GMT}	INFO	[jepsen worker 0] jepsen.util: 0	:invoke	:cas	[4 4]
2022-08-27 16:38:56,394{GMT}	INFO	[jepsen worker 0] jepsen.util: 0	:fail	:cas	[4 4]
2022-08-27 16:38:56,407{GMT}	INFO	[jepsen worker 0] jepsen.util: 0	:invoke	:read	nil
2022-08-27 16:38:56,411{GMT}	INFO	[jepsen worker 0] jepsen.util: 0	:ok	:read	0
2022-08-27 16:38:56,426{GMT}	INFO	[jepsen worker 0] jepsen.util: 0	:invoke	:read	nil
2022-08-27 16:38:56,430{GMT}	INFO	[jepsen worker 0] jepsen.util: 0	:ok	:read	0
2022-08-27 16:38:56,453{GMT}	INFO	[jepsen worker 0] jepsen.util: 0	:invoke	:write	0
2022-08-27 16:38:56,455{GMT}	INFO	[jepsen worker 0] jepsen.util: 0	:ok	:write	0
2022-08-27 16:38:56,493{GMT}	INFO	[jepsen worker 0] jepsen.util: 0	:invoke	:cas	[0 3]
2022-08-27 16:38:56,497{GMT}	INFO	[jepsen worker 0] jepsen.util: 0	:ok	:cas	[0 3]
2022-08-27 16:38:56,505{GMT}	INFO	[jepsen worker 0] jepsen.util: 0	:invoke	:write	4
2022-08-27 16:38:56,509{GMT}	INFO	[jepsen worker 0] jepsen.util: 0	:ok	:write	4
2022-08-27 16:38:56,530{GMT}	INFO	[jepsen worker 0] jepsen.util: 0	:invoke	:read	nil
2022-08-27 16:38:56,534{GMT}	INFO	[jepsen worker 0] jepsen.util: 0	:ok	:read	4
2022-08-27 16:38:56,539{GMT}	INFO	[jepsen worker 0] jepsen.util: 0	:invoke	:read	nil
2022-08-27 16:38:56,543{GMT}	INFO	[jepsen worker 0] jepsen.util: 0	:ok	:read	4
2022-08-27 16:38:56,543{GMT}	INFO	[jepsen worker 0] jepsen.util: 0	:invoke	:read	nil
2022-08-27 16:38:56,546{GMT}	INFO	[jepsen worker 0] jepsen.util: 0	:ok	:read	4
2022-08-27 16:38:56,546{GMT}	INFO	[jepsen worker 0] jepsen.util: 0	:invoke	:write	2
2022-08-27 16:38:56,549{GMT}	INFO	[jepsen worker 0] jepsen.util: 0	:ok	:write	2
2022-08-27 16:38:56,549{GMT}	INFO	[jepsen worker 0] jepsen.util: 0	:invoke	:read	nil
2022-08-27 16:38:56,552{GMT}	INFO	[jepsen worker 0] jepsen.util: 0	:ok	:read	2
2022-08-27 16:38:56,581{GMT}	INFO	[jepsen worker 0] jepsen.util: 0	:invoke	:cas	[2 2]
2022-08-27 16:38:56,585{GMT}	INFO	[jepsen worker 0] jepsen.util: 0	:ok	:cas	[2 2]
2022-08-27 16:38:56,585{GMT}	INFO	[jepsen worker 0] jepsen.util: 0	:invoke	:write	1
2022-08-27 16:38:56,589{GMT}	INFO	[jepsen worker 0] jepsen.util: 0	:ok	:write	1
2022-08-27 16:38:56,620{GMT}	INFO	[jepsen worker 0] jepsen.util: 0	:invoke	:cas	[1 2]
2022-08-27 16:38:56,624{GMT}	INFO	[jepsen worker 0] jepsen.util: 0	:ok	:cas	[1 2]
2022-08-27 16:38:56,635{GMT}	INFO	[jepsen worker 0] jepsen.util: 0	:invoke	:cas	[1 0]
2022-08-27 16:38:56,639{GMT}	INFO	[jepsen worker 0] jepsen.util: 0	:fail	:cas	[1 0]
2022-08-27 16:38:56,659{GMT}	INFO	[jepsen worker 0] jepsen.util: 0	:invoke	:write	0
2022-08-27 16:38:56,663{GMT}	INFO	[jepsen worker 0] jepsen.util: 0	:ok	:write	0
2022-08-27 16:38:56,695{GMT}	INFO	[jepsen worker 0] jepsen.util: 0	:invoke	:read	nil
2022-08-27 16:38:56,699{GMT}	INFO	[jepsen worker 0] jepsen.util: 0	:ok	:read	0
2022-08-27 16:38:56,724{GMT}	INFO	[jepsen worker 0] jepsen.util: 0	:invoke	:read	nil
2022-08-27 16:38:56,728{GMT}	INFO	[jepsen worker 0] jepsen.util: 0	:ok	:read	0
2022-08-27 16:38:56,759{GMT}	INFO	[jepsen worker 0] jepsen.util: 0	:invoke	:write	1
2022-08-27 16:38:56,768{GMT}	INFO	[jepsen worker 0] jepsen.util: 0	:ok	:write	1
2022-08-27 16:38:56,768{GMT}	INFO	[jepsen worker 0] jepsen.util: 0	:invoke	:cas	[4 2]
2022-08-27 16:38:56,771{GMT}	INFO	[jepsen worker 0] jepsen.util: 0	:fail	:cas	[4 2]
2022-08-27 16:38:56,772{GMT}	INFO	[jepsen worker 0] jepsen.util: 0	:invoke	:write	2
2022-08-27 16:38:56,774{GMT}	INFO	[jepsen worker 0] jepsen.util: 0	:ok	:write	2
2022-08-27 16:38:56,805{GMT}	INFO	[jepsen worker 0] jepsen.util: 0	:invoke	:cas	[1 0]
2022-08-27 16:38:56,809{GMT}	INFO	[jepsen worker 0] jepsen.util: 0	:fail	:cas	[1 0]
2022-08-27 16:38:56,836{GMT}	INFO	[jepsen worker 0] jepsen.util: 0	:invoke	:write	0
2022-08-27 16:38:56,840{GMT}	INFO	[jepsen worker 0] jepsen.util: 0	:ok	:write	0
2022-08-27 16:38:56,844{GMT}	INFO	[jepsen worker 0] jepsen.util: 0	:invoke	:read	nil
2022-08-27 16:38:56,847{GMT}	INFO	[jepsen worker 0] jepsen.util: 0	:ok	:read	0
2022-08-27 16:38:56,865{GMT}	INFO	[jepsen worker 0] jepsen.util: 0	:invoke	:read	nil
2022-08-27 16:38:56,869{GMT}	INFO	[jepsen worker 0] jepsen.util: 0	:ok	:read	0
2022-08-27 16:38:56,878{GMT}	INFO	[jepsen worker 0] jepsen.util: 0	:invoke	:write	4
2022-08-27 16:38:56,882{GMT}	INFO	[jepsen worker 0] jepsen.util: 0	:ok	:write	4
2022-08-27 16:38:56,915{GMT}	INFO	[jepsen worker 0] jepsen.util: 0	:invoke	:write	1
2022-08-27 16:38:56,919{GMT}	INFO	[jepsen worker 0] jepsen.util: 0	:ok	:write	1
2022-08-27 16:38:56,919{GMT}	INFO	[jepsen worker 0] jepsen.util: 0	:invoke	:write	1
2022-08-27 16:38:56,922{GMT}	INFO	[jepsen worker 0] jepsen.util: 0	:ok	:write	1
2022-08-27 16:38:56,928{GMT}	INFO	[jepsen worker 0] jepsen.util: 0	:invoke	:cas	[3 1]
2022-08-27 16:38:56,932{GMT}	INFO	[jepsen worker 0] jepsen.util: 0	:fail	:cas	[3 1]
2022-08-27 16:38:56,936{GMT}	INFO	[jepsen worker 0] jepsen.util: 0	:invoke	:write	4
2022-08-27 16:38:56,939{GMT}	INFO	[jepsen worker 0] jepsen.util: 0	:ok	:write	4
2022-08-27 16:38:56,975{GMT}	INFO	[jepsen worker 0] jepsen.util: 0	:invoke	:write	2
2022-08-27 16:38:56,979{GMT}	INFO	[jepsen worker 0] jepsen.util: 0	:ok	:write	2
2022-08-27 16:38:56,982{GMT}	INFO	[jepsen worker 0] jepsen.util: 0	:invoke	:cas	[2 3]
2022-08-27 16:38:56,985{GMT}	INFO	[jepsen worker 0] jepsen.util: 0	:ok	:cas	[2 3]
2022-08-27 16:38:56,993{GMT}	INFO	[jepsen worker 0] jepsen.util: 0	:invoke	:cas	[3 1]
2022-08-27 16:38:56,996{GMT}	INFO	[jepsen worker 0] jepsen.util: 0	:ok	:cas	[3 1]
2022-08-27 16:38:57,000{GMT}	INFO	[jepsen worker 0] jepsen.util: 0	:invoke	:cas	[2 3]
2022-08-27 16:38:57,004{GMT}	INFO	[jepsen worker 0] jepsen.util: 0	:fail	:cas	[2 3]
2022-08-27 16:38:57,007{GMT}	INFO	[jepsen worker 0] jepsen.util: 0	:invoke	:read	nil
2022-08-27 16:38:57,010{GMT}	INFO	[jepsen worker 0] jepsen.util: 0	:ok	:read	1
2022-08-27 16:38:57,018{GMT}	INFO	[jepsen worker 0] jepsen.util: 0	:invoke	:cas	[1 4]
2022-08-27 16:38:57,021{GMT}	INFO	[jepsen worker 0] jepsen.util: 0	:ok	:cas	[1 4]
2022-08-27 16:38:57,022{GMT}	INFO	[jepsen worker 0] jepsen.util: 0	:invoke	:write	4
2022-08-27 16:38:57,025{GMT}	INFO	[jepsen worker 0] jepsen.util: 0	:ok	:write	4
2022-08-27 16:38:57,047{GMT}	INFO	[jepsen worker 0] jepsen.util: 0	:invoke	:cas	[0 4]
2022-08-27 16:38:57,052{GMT}	INFO	[jepsen worker 0] jepsen.util: 0	:fail	:cas	[0 4]
2022-08-27 16:38:57,080{GMT}	INFO	[jepsen worker 0] jepsen.util: 0	:invoke	:cas	[1 4]
2022-08-27 16:38:57,084{GMT}	INFO	[jepsen worker 0] jepsen.util: 0	:fail	:cas	[1 4]
2022-08-27 16:38:57,084{GMT}	INFO	[jepsen worker 0] jepsen.util: 0	:invoke	:cas	[4 4]
2022-08-27 16:38:57,087{GMT}	INFO	[jepsen worker 0] jepsen.util: 0	:ok	:cas	[4 4]
2022-08-27 16:38:57,104{GMT}	INFO	[jepsen worker 0] jepsen.util: 0	:invoke	:read	nil
2022-08-27 16:38:57,108{GMT}	INFO	[jepsen worker 0] jepsen.util: 0	:ok	:read	4
2022-08-27 16:38:57,139{GMT}	INFO	[jepsen worker 0] jepsen.util: 0	:invoke	:cas	[3 0]
2022-08-27 16:38:57,145{GMT}	INFO	[jepsen worker 0] jepsen.util: 0	:fail	:cas	[3 0]
2022-08-27 16:38:57,154{GMT}	INFO	[jepsen worker 0] jepsen.util: 0	:invoke	:cas	[0 1]
2022-08-27 16:38:57,158{GMT}	INFO	[jepsen worker 0] jepsen.util: 0	:fail	:cas	[0 1]
2022-08-27 16:38:57,162{GMT}	INFO	[jepsen worker 0] jepsen.util: 0	:invoke	:read	nil
2022-08-27 16:38:57,165{GMT}	INFO	[jepsen worker 0] jepsen.util: 0	:ok	:read	4
2022-08-27 16:38:57,199{GMT}	INFO	[jepsen worker 0] jepsen.util: 0	:invoke	:read	nil
2022-08-27 16:38:57,203{GMT}	INFO	[jepsen worker 0] jepsen.util: 0	:ok	:read	4
2022-08-27 16:38:57,203{GMT}	INFO	[jepsen worker 0] jepsen.util: 0	:invoke	:cas	[1 3]
2022-08-27 16:38:57,207{GMT}	INFO	[jepsen worker 0] jepsen.util: 0	:fail	:cas	[1 3]
2022-08-27 16:38:57,235{GMT}	INFO	[jepsen worker 0] jepsen.util: 0	:invoke	:write	2
2022-08-27 16:38:57,239{GMT}	INFO	[jepsen worker 0] jepsen.util: 0	:ok	:write	2
2022-08-27 16:38:57,257{GMT}	INFO	[jepsen worker 0] jepsen.util: 0	:invoke	:cas	[3 1]
2022-08-27 16:38:57,262{GMT}	INFO	[jepsen worker 0] jepsen.util: 0	:fail	:cas	[3 1]
2022-08-27 16:38:57,288{GMT}	INFO	[jepsen worker 0] jepsen.util: 0	:invoke	:write	3
2022-08-27 16:38:57,291{GMT}	INFO	[jepsen worker 0] jepsen.util: 0	:ok	:write	3
2022-08-27 16:38:57,301{GMT}	INFO	[jepsen worker 0] jepsen.util: 0	:invoke	:read	nil
2022-08-27 16:38:57,305{GMT}	INFO	[jepsen worker 0] jepsen.util: 0	:ok	:read	3
2022-08-27 16:38:57,312{GMT}	INFO	[jepsen worker 0] jepsen.util: 0	:invoke	:read	nil
2022-08-27 16:38:57,315{GMT}	INFO	[jepsen worker 0] jepsen.util: 0	:ok	:read	3
2022-08-27 16:38:57,329{GMT}	INFO	[jepsen worker 0] jepsen.util: 0	:invoke	:cas	[4 4]
2022-08-27 16:38:57,334{GMT}	INFO	[jepsen worker 0] jepsen.util: 0	:fail	:cas	[4 4]
2022-08-27 16:38:57,334{GMT}	INFO	[jepsen worker 0] jepsen.util: 0	:invoke	:read	nil
2022-08-27 16:38:57,337{GMT}	INFO	[jepsen worker 0] jepsen.util: 0	:ok	:read	3
2022-08-27 16:38:57,356{GMT}	INFO	[jepsen worker 0] jepsen.util: 0	:invoke	:write	0
2022-08-27 16:38:57,359{GMT}	INFO	[jepsen worker 0] jepsen.util: 0	:ok	:write	0
2022-08-27 16:38:57,392{GMT}	INFO	[jepsen worker 0] jepsen.util: 0	:invoke	:write	1
2022-08-27 16:38:57,395{GMT}	INFO	[jepsen worker 0] jepsen.util: 0	:ok	:write	1
2022-08-27 16:38:57,415{GMT}	INFO	[jepsen worker 0] jepsen.util: 0	:invoke	:write	4
2022-08-27 16:38:57,418{GMT}	INFO	[jepsen worker 0] jepsen.util: 0	:ok	:write	4
2022-08-27 16:38:57,443{GMT}	INFO	[jepsen worker 0] jepsen.util: 0	:invoke	:read	nil
2022-08-27 16:38:57,445{GMT}	INFO	[jepsen worker 0] jepsen.util: 0	:ok	:read	4
2022-08-27 16:38:57,477{GMT}	INFO	[jepsen worker 0] jepsen.util: 0	:invoke	:cas	[3 0]
2022-08-27 16:38:57,481{GMT}	INFO	[jepsen worker 0] jepsen.util: 0	:fail	:cas	[3 0]
2022-08-27 16:38:57,510{GMT}	INFO	[jepsen worker 0] jepsen.util: 0	:invoke	:read	nil
2022-08-27 16:38:57,513{GMT}	INFO	[jepsen worker 0] jepsen.util: 0	:ok	:read	4
2022-08-27 16:38:57,538{GMT}	INFO	[jepsen worker 0] jepsen.util: 0	:invoke	:cas	[4 0]
2022-08-27 16:38:57,541{GMT}	INFO	[jepsen worker 0] jepsen.util: 0	:ok	:cas	[4 0]
2022-08-27 16:38:57,570{GMT}	INFO	[jepsen worker 0] jepsen.util: 0	:invoke	:read	nil
2022-08-27 16:38:57,574{GMT}	INFO	[jepsen worker 0] jepsen.util: 0	:ok	:read	0
2022-08-27 16:38:57,593{GMT}	INFO	[jepsen worker 0] jepsen.util: 0	:invoke	:cas	[4 0]
2022-08-27 16:38:57,598{GMT}	INFO	[jepsen worker 0] jepsen.util: 0	:fail	:cas	[4 0]
2022-08-27 16:38:57,628{GMT}	INFO	[jepsen worker 0] jepsen.util: 0	:invoke	:cas	[0 1]
2022-08-27 16:38:57,632{GMT}	INFO	[jepsen worker 0] jepsen.util: 0	:ok	:cas	[0 1]
2022-08-27 16:38:57,654{GMT}	INFO	[jepsen worker 0] jepsen.util: 0	:invoke	:cas	[2 2]
2022-08-27 16:38:57,658{GMT}	INFO	[jepsen worker 0] jepsen.util: 0	:fail	:cas	[2 2]
2022-08-27 16:38:57,671{GMT}	INFO	[jepsen worker 0] jepsen.util: 0	:invoke	:cas	[2 0]
2022-08-27 16:38:57,675{GMT}	INFO	[jepsen worker 0] jepsen.util: 0	:fail	:cas	[2 0]
2022-08-27 16:38:57,685{GMT}	INFO	[jepsen worker 0] jepsen.util: 0	:invoke	:cas	[2 2]
2022-08-27 16:38:57,689{GMT}	INFO	[jepsen worker 0] jepsen.util: 0	:fail	:cas	[2 2]
2022-08-27 16:38:57,718{GMT}	INFO	[jepsen worker 0] jepsen.util: 0	:invoke	:read	nil
2022-08-27 16:38:57,721{GMT}	INFO	[jepsen worker 0] jepsen.util: 0	:ok	:read	1
2022-08-27 16:38:57,755{GMT}	INFO	[jepsen worker 0] jepsen.util: 0	:invoke	:cas	[3 3]
2022-08-27 16:38:57,759{GMT}	INFO	[jepsen worker 0] jepsen.util: 0	:fail	:cas	[3 3]
2022-08-27 16:38:57,763{GMT}	INFO	[jepsen worker 0] jepsen.util: 0	:invoke	:read	nil
2022-08-27 16:38:57,766{GMT}	INFO	[jepsen worker 0] jepsen.util: 0	:ok	:read	1
2022-08-27 16:38:57,775{GMT}	INFO	[jepsen worker 0] jepsen.util: 0	:invoke	:read	nil
2022-08-27 16:38:57,778{GMT}	INFO	[jepsen worker 0] jepsen.util: 0	:ok	:read	1
2022-08-27 16:38:57,781{GMT}	INFO	[jepsen worker 0] jepsen.util: 0	:invoke	:write	4
2022-08-27 16:38:57,784{GMT}	INFO	[jepsen worker 0] jepsen.util: 0	:ok	:write	4
2022-08-27 16:38:57,784{GMT}	INFO	[jepsen worker 0] jepsen.util: 0	:invoke	:write	2
2022-08-27 16:38:57,787{GMT}	INFO	[jepsen worker 0] jepsen.util: 0	:ok	:write	2
2022-08-27 16:38:57,820{GMT}	INFO	[jepsen worker 0] jepsen.util: 0	:invoke	:write	0
2022-08-27 16:38:57,823{GMT}	INFO	[jepsen worker 0] jepsen.util: 0	:ok	:write	0
2022-08-27 16:38:57,824{GMT}	INFO	[jepsen worker 0] jepsen.util: 0	:invoke	:write	1
2022-08-27 16:38:57,827{GMT}	INFO	[jepsen worker 0] jepsen.util: 0	:ok	:write	1
2022-08-27 16:38:57,842{GMT}	INFO	[jepsen worker 0] jepsen.util: 0	:invoke	:read	nil
2022-08-27 16:38:57,845{GMT}	INFO	[jepsen worker 0] jepsen.util: 0	:ok	:read	1
2022-08-27 16:38:57,865{GMT}	INFO	[jepsen worker 0] jepsen.util: 0	:invoke	:read	nil
2022-08-27 16:38:57,869{GMT}	INFO	[jepsen worker 0] jepsen.util: 0	:ok	:read	1
2022-08-27 16:38:57,892{GMT}	INFO	[jepsen worker 0] jepsen.util: 0	:invoke	:cas	[1 4]
2022-08-27 16:38:57,895{GMT}	INFO	[jepsen worker 0] jepsen.util: 0	:ok	:cas	[1 4]
2022-08-27 16:38:57,911{GMT}	INFO	[jepsen worker 0] jepsen.util: 0	:invoke	:cas	[3 1]
2022-08-27 16:38:57,915{GMT}	INFO	[jepsen worker 0] jepsen.util: 0	:fail	:cas	[3 1]
2022-08-27 16:38:57,929{GMT}	INFO	[jepsen worker 0] jepsen.util: 0	:invoke	:cas	[2 0]
2022-08-27 16:38:57,933{GMT}	INFO	[jepsen worker 0] jepsen.util: 0	:fail	:cas	[2 0]
2022-08-27 16:38:57,963{GMT}	INFO	[jepsen worker 0] jepsen.util: 0	:invoke	:write	0
2022-08-27 16:38:57,966{GMT}	INFO	[jepsen worker 0] jepsen.util: 0	:ok	:write	0
2022-08-27 16:38:57,968{GMT}	INFO	[jepsen worker 0] jepsen.util: 0	:invoke	:read	nil
2022-08-27 16:38:57,971{GMT}	INFO	[jepsen worker 0] jepsen.util: 0	:ok	:read	0
2022-08-27 16:38:57,973{GMT}	INFO	[jepsen worker 0] jepsen.util: 0	:invoke	:cas	[2 4]
2022-08-27 16:38:57,977{GMT}	INFO	[jepsen worker 0] jepsen.util: 0	:fail	:cas	[2 4]
2022-08-27 16:38:57,984{GMT}	INFO	[jepsen worker 0] jepsen.util: 0	:invoke	:read	nil
2022-08-27 16:38:57,987{GMT}	INFO	[jepsen worker 0] jepsen.util: 0	:ok	:read	0
2022-08-27 16:38:58,012{GMT}	INFO	[jepsen worker 0] jepsen.util: 0	:invoke	:read	nil
2022-08-27 16:38:58,015{GMT}	INFO	[jepsen worker 0] jepsen.util: 0	:ok	:read	0
2022-08-27 16:38:58,017{GMT}	INFO	[jepsen worker 0] jepsen.util: 0	:invoke	:write	0
2022-08-27 16:38:58,019{GMT}	INFO	[jepsen worker 0] jepsen.util: 0	:ok	:write	0
2022-08-27 16:38:58,043{GMT}	INFO	[jepsen worker 0] jepsen.util: 0	:invoke	:write	1
2022-08-27 16:38:58,046{GMT}	INFO	[jepsen worker 0] jepsen.util: 0	:ok	:write	1
2022-08-27 16:38:58,058{GMT}	INFO	[jepsen worker 0] jepsen.util: 0	:invoke	:cas	[2 1]
2022-08-27 16:38:58,062{GMT}	INFO	[jepsen worker 0] jepsen.util: 0	:fail	:cas	[2 1]
2022-08-27 16:38:58,085{GMT}	INFO	[jepsen worker 0] jepsen.util: 0	:invoke	:write	1
2022-08-27 16:38:58,088{GMT}	INFO	[jepsen worker 0] jepsen.util: 0	:ok	:write	1
2022-08-27 16:38:58,092{GMT}	INFO	[jepsen worker 0] jepsen.util: 0	:invoke	:read	nil
2022-08-27 16:38:58,095{GMT}	INFO	[jepsen worker 0] jepsen.util: 0	:ok	:read	1
2022-08-27 16:38:58,103{GMT}	INFO	[jepsen worker 0] jepsen.util: 0	:invoke	:read	nil
2022-08-27 16:38:58,106{GMT}	INFO	[jepsen worker 0] jepsen.util: 0	:ok	:read	1
2022-08-27 16:38:58,139{GMT}	INFO	[jepsen worker 0] jepsen.util: 0	:invoke	:read	nil
2022-08-27 16:38:58,143{GMT}	INFO	[jepsen worker 0] jepsen.util: 0	:ok	:read	1
2022-08-27 16:38:58,177{GMT}	INFO	[jepsen worker 0] jepsen.util: 0	:invoke	:read	nil
2022-08-27 16:38:58,179{GMT}	INFO	[jepsen worker 0] jepsen.util: 0	:ok	:read	1
2022-08-27 16:38:58,204{GMT}	INFO	[jepsen worker 0] jepsen.util: 0	:invoke	:write	0
2022-08-27 16:38:58,208{GMT}	INFO	[jepsen worker 0] jepsen.util: 0	:ok	:write	0
2022-08-27 16:38:58,215{GMT}	INFO	[jepsen worker 0] jepsen.util: 0	:invoke	:write	1
2022-08-27 16:38:58,218{GMT}	INFO	[jepsen worker 0] jepsen.util: 0	:ok	:write	1
2022-08-27 16:38:58,221{GMT}	INFO	[jepsen worker 0] jepsen.util: 0	:invoke	:cas	[2 1]
2022-08-27 16:38:58,224{GMT}	INFO	[jepsen worker 0] jepsen.util: 0	:fail	:cas	[2 1]
2022-08-27 16:38:58,225{GMT}	INFO	[jepsen worker 0] jepsen.util: 0	:invoke	:read	nil
2022-08-27 16:38:58,227{GMT}	INFO	[jepsen worker 0] jepsen.util: 0	:ok	:read	1
2022-08-27 16:38:58,244{GMT}	INFO	[jepsen worker 0] jepsen.util: 0	:invoke	:write	2
2022-08-27 16:38:58,247{GMT}	INFO	[jepsen worker 0] jepsen.util: 0	:ok	:write	2
2022-08-27 16:38:58,255{GMT}	INFO	[jepsen worker 0] jepsen.util: 0	:invoke	:cas	[3 2]
2022-08-27 16:38:58,259{GMT}	INFO	[jepsen worker 0] jepsen.util: 0	:fail	:cas	[3 2]
2022-08-27 16:38:58,262{GMT}	INFO	[jepsen worker 0] jepsen.util: 0	:invoke	:cas	[4 4]
2022-08-27 16:38:58,265{GMT}	INFO	[jepsen worker 0] jepsen.util: 0	:fail	:cas	[4 4]
2022-08-27 16:38:58,281{GMT}	INFO	[jepsen worker 0] jepsen.util: 0	:invoke	:read	nil
2022-08-27 16:38:58,285{GMT}	INFO	[jepsen worker 0] jepsen.util: 0	:ok	:read	2
2022-08-27 16:38:58,285{GMT}	INFO	[jepsen worker 0] jepsen.util: 0	:invoke	:write	1
2022-08-27 16:38:58,288{GMT}	INFO	[jepsen worker 0] jepsen.util: 0	:ok	:write	1
2022-08-27 16:38:58,296{GMT}	INFO	[jepsen worker 0] jepsen.util: 0	:invoke	:cas	[1 2]
2022-08-27 16:38:58,299{GMT}	INFO	[jepsen worker 0] jepsen.util: 0	:ok	:cas	[1 2]
2022-08-27 16:38:58,321{GMT}	INFO	[jepsen worker 0] jepsen.util: 0	:invoke	:cas	[4 0]
2022-08-27 16:38:58,325{GMT}	INFO	[jepsen worker 0] jepsen.util: 0	:fail	:cas	[4 0]
2022-08-27 16:38:58,333{GMT}	INFO	[jepsen worker 0] jepsen.util: 0	:invoke	:read	nil
2022-08-27 16:38:58,336{GMT}	INFO	[jepsen worker 0] jepsen.util: 0	:ok	:read	2
2022-08-27 16:38:58,343{GMT}	INFO	[jepsen worker 0] jepsen.util: 0	:invoke	:write	0
2022-08-27 16:38:58,346{GMT}	INFO	[jepsen worker 0] jepsen.util: 0	:ok	:write	0
2022-08-27 16:38:58,352{GMT}	INFO	[jepsen worker 0] jepsen.util: 0	:invoke	:write	1
2022-08-27 16:38:58,354{GMT}	INFO	[jepsen worker 0] jepsen.util: 0	:ok	:write	1
2022-08-27 16:38:58,376{GMT}	INFO	[jepsen worker 0] jepsen.util: 0	:invoke	:read	nil
2022-08-27 16:38:58,379{GMT}	INFO	[jepsen worker 0] jepsen.util: 0	:ok	:read	1
2022-08-27 16:38:58,414{GMT}	INFO	[jepsen worker 0] jepsen.util: 0	:invoke	:read	nil
2022-08-27 16:38:58,418{GMT}	INFO	[jepsen worker 0] jepsen.util: 0	:ok	:read	1
2022-08-27 16:38:58,427{GMT}	INFO	[jepsen worker 0] jepsen.util: 0	:invoke	:write	4
2022-08-27 16:38:58,430{GMT}	INFO	[jepsen worker 0] jepsen.util: 0	:ok	:write	4
2022-08-27 16:38:58,459{GMT}	INFO	[jepsen worker 0] jepsen.util: 0	:invoke	:write	1
2022-08-27 16:38:58,462{GMT}	INFO	[jepsen worker 0] jepsen.util: 0	:ok	:write	1
2022-08-27 16:38:58,498{GMT}	INFO	[jepsen worker 0] jepsen.util: 0	:invoke	:read	nil
2022-08-27 16:38:58,501{GMT}	INFO	[jepsen worker 0] jepsen.util: 0	:ok	:read	1
2022-08-27 16:38:58,520{GMT}	INFO	[jepsen worker 0] jepsen.util: 0	:invoke	:read	nil
2022-08-27 16:38:58,524{GMT}	INFO	[jepsen worker 0] jepsen.util: 0	:ok	:read	1
2022-08-27 16:38:58,524{GMT}	INFO	[jepsen worker 0] jepsen.util: 0	:invoke	:write	3
2022-08-27 16:38:58,526{GMT}	INFO	[jepsen worker 0] jepsen.util: 0	:ok	:write	3
2022-08-27 16:38:58,527{GMT}	INFO	[jepsen worker 0] jepsen.util: 0	:invoke	:write	2
2022-08-27 16:38:58,529{GMT}	INFO	[jepsen worker 0] jepsen.util: 0	:ok	:write	2
2022-08-27 16:38:58,533{GMT}	INFO	[jepsen worker 0] jepsen.util: 0	:invoke	:write	3
2022-08-27 16:38:58,535{GMT}	INFO	[jepsen worker 0] jepsen.util: 0	:ok	:write	3
2022-08-27 16:38:58,560{GMT}	INFO	[jepsen worker 0] jepsen.util: 0	:invoke	:cas	[0 0]
2022-08-27 16:38:58,564{GMT}	INFO	[jepsen worker 0] jepsen.util: 0	:fail	:cas	[0 0]
2022-08-27 16:38:58,571{GMT}	INFO	[jepsen worker 0] jepsen.util: 0	:invoke	:cas	[1 1]
2022-08-27 16:38:58,575{GMT}	INFO	[jepsen worker 0] jepsen.util: 0	:fail	:cas	[1 1]
2022-08-27 16:38:58,608{GMT}	INFO	[jepsen worker 0] jepsen.util: 0	:invoke	:read	nil
2022-08-27 16:38:58,611{GMT}	INFO	[jepsen worker 0] jepsen.util: 0	:ok	:read	3
2022-08-27 16:38:58,611{GMT}	INFO	[jepsen worker 0] jepsen.util: 0	:invoke	:cas	[3 4]
2022-08-27 16:38:58,614{GMT}	INFO	[jepsen worker 0] jepsen.util: 0	:ok	:cas	[3 4]
2022-08-27 16:38:58,628{GMT}	INFO	[jepsen worker 0] jepsen.util: 0	:invoke	:read	nil
2022-08-27 16:38:58,631{GMT}	INFO	[jepsen worker 0] jepsen.util: 0	:ok	:read	4
2022-08-27 16:38:58,654{GMT}	INFO	[jepsen worker 0] jepsen.util: 0	:invoke	:write	3
2022-08-27 16:38:58,657{GMT}	INFO	[jepsen worker 0] jepsen.util: 0	:ok	:write	3
2022-08-27 16:38:58,674{GMT}	INFO	[jepsen worker 0] jepsen.util: 0	:invoke	:read	nil
2022-08-27 16:38:58,677{GMT}	INFO	[jepsen worker 0] jepsen.util: 0	:ok	:read	3
2022-08-27 16:38:58,696{GMT}	INFO	[jepsen worker 0] jepsen.util: 0	:invoke	:write	4
2022-08-27 16:38:58,699{GMT}	INFO	[jepsen worker 0] jepsen.util: 0	:ok	:write	4
2022-08-27 16:38:58,716{GMT}	INFO	[jepsen worker 0] jepsen.util: 0	:invoke	:cas	[0 0]
2022-08-27 16:38:58,720{GMT}	INFO	[jepsen worker 0] jepsen.util: 0	:fail	:cas	[0 0]
2022-08-27 16:38:58,737{GMT}	INFO	[jepsen worker 0] jepsen.util: 0	:invoke	:cas	[1 3]
2022-08-27 16:38:58,740{GMT}	INFO	[jepsen worker 0] jepsen.util: 0	:fail	:cas	[1 3]
2022-08-27 16:38:58,774{GMT}	INFO	[jepsen worker 0] jepsen.util: 0	:invoke	:write	0
2022-08-27 16:38:58,777{GMT}	INFO	[jepsen worker 0] jepsen.util: 0	:ok	:write	0
2022-08-27 16:38:58,779{GMT}	INFO	[jepsen worker 0] jepsen.util: 0	:invoke	:cas	[2 0]
2022-08-27 16:38:58,782{GMT}	INFO	[jepsen worker 0] jepsen.util: 0	:fail	:cas	[2 0]
2022-08-27 16:38:58,800{GMT}	INFO	[jepsen worker 0] jepsen.util: 0	:invoke	:write	3
2022-08-27 16:38:58,803{GMT}	INFO	[jepsen worker 0] jepsen.util: 0	:ok	:write	3
2022-08-27 16:38:58,824{GMT}	INFO	[jepsen worker 0] jepsen.util: 0	:invoke	:write	2
2022-08-27 16:38:58,827{GMT}	INFO	[jepsen worker 0] jepsen.util: 0	:ok	:write	2
2022-08-27 16:38:58,844{GMT}	INFO	[jepsen worker 0] jepsen.util: 0	:invoke	:write	1
2022-08-27 16:38:58,847{GMT}	INFO	[jepsen worker 0] jepsen.util: 0	:ok	:write	1
2022-08-27 16:38:58,879{GMT}	INFO	[jepsen worker 0] jepsen.util: 0	:invoke	:read	nil
2022-08-27 16:38:58,883{GMT}	INFO	[jepsen worker 0] jepsen.util: 0	:ok	:read	1
2022-08-27 16:38:58,908{GMT}	INFO	[jepsen worker 0] jepsen.util: 0	:invoke	:cas	[4 0]
2022-08-27 16:38:58,912{GMT}	INFO	[jepsen worker 0] jepsen.util: 0	:fail	:cas	[4 0]
2022-08-27 16:38:58,919{GMT}	INFO	[jepsen worker 0] jepsen.util: 0	:invoke	:write	0
2022-08-27 16:38:58,922{GMT}	INFO	[jepsen worker 0] jepsen.util: 0	:ok	:write	0
2022-08-27 16:38:58,939{GMT}	INFO	[jepsen worker 0] jepsen.util: 0	:invoke	:cas	[1 0]
2022-08-27 16:38:58,943{GMT}	INFO	[jepsen worker 0] jepsen.util: 0	:fail	:cas	[1 0]
2022-08-27 16:38:58,978{GMT}	INFO	[jepsen worker 0] jepsen.util: 0	:invoke	:write	4
2022-08-27 16:38:58,981{GMT}	INFO	[jepsen worker 0] jepsen.util: 0	:ok	:write	4
2022-08-27 16:38:58,994{GMT}	INFO	[jepsen worker 0] jepsen.util: 0	:invoke	:write	3
2022-08-27 16:38:58,998{GMT}	INFO	[jepsen worker 0] jepsen.util: 0	:ok	:write	3
2022-08-27 16:38:59,019{GMT}	INFO	[jepsen worker 0] jepsen.util: 0	:invoke	:write	0
2022-08-27 16:38:59,023{GMT}	INFO	[jepsen worker 0] jepsen.util: 0	:ok	:write	0
2022-08-27 16:38:59,055{GMT}	INFO	[jepsen worker 0] jepsen.util: 0	:invoke	:write	3
2022-08-27 16:38:59,058{GMT}	INFO	[jepsen worker 0] jepsen.util: 0	:ok	:write	3
2022-08-27 16:38:59,094{GMT}	INFO	[jepsen worker 0] jepsen.util: 0	:invoke	:write	3
2022-08-27 16:38:59,096{GMT}	INFO	[jepsen worker 0] jepsen.util: 0	:ok	:write	3
2022-08-27 16:38:59,123{GMT}	INFO	[jepsen worker 0] jepsen.util: 0	:invoke	:write	4
2022-08-27 16:38:59,126{GMT}	INFO	[jepsen worker 0] jepsen.util: 0	:ok	:write	4
2022-08-27 16:38:59,150{GMT}	INFO	[jepsen worker 0] jepsen.util: 0	:invoke	:write	4
2022-08-27 16:38:59,154{GMT}	INFO	[jepsen worker 0] jepsen.util: 0	:ok	:write	4
2022-08-27 16:38:59,170{GMT}	INFO	[jepsen worker 0] jepsen.util: 0	:invoke	:write	1
2022-08-27 16:38:59,174{GMT}	INFO	[jepsen worker 0] jepsen.util: 0	:ok	:write	1
2022-08-27 16:38:59,204{GMT}	INFO	[jepsen worker 0] jepsen.util: 0	:invoke	:write	4
2022-08-27 16:38:59,207{GMT}	INFO	[jepsen worker 0] jepsen.util: 0	:ok	:write	4
2022-08-27 16:38:59,242{GMT}	INFO	[jepsen worker 0] jepsen.util: 0	:invoke	:cas	[0 3]
2022-08-27 16:38:59,246{GMT}	INFO	[jepsen worker 0] jepsen.util: 0	:fail	:cas	[0 3]
2022-08-27 16:38:59,275{GMT}	INFO	[jepsen worker 0] jepsen.util: 0	:invoke	:cas	[2 1]
2022-08-27 16:38:59,279{GMT}	INFO	[jepsen worker 0] jepsen.util: 0	:fail	:cas	[2 1]
2022-08-27 16:38:59,287{GMT}	INFO	[jepsen worker 0] jepsen.util: 0	:invoke	:write	4
2022-08-27 16:38:59,290{GMT}	INFO	[jepsen worker 0] jepsen.util: 0	:ok	:write	4
2022-08-27 16:38:59,319{GMT}	INFO	[jepsen worker 0] jepsen.util: 0	:invoke	:write	4
2022-08-27 16:38:59,323{GMT}	INFO	[jepsen worker 0] jepsen.util: 0	:ok	:write	4
2022-08-27 16:38:59,344{GMT}	INFO	[jepsen worker 0] jepsen.util: 0	:invoke	:read	nil
2022-08-27 16:38:59,348{GMT}	INFO	[jepsen worker 0] jepsen.util: 0	:ok	:read	4
2022-08-27 16:38:59,358{GMT}	INFO	[jepsen worker 0] jepsen.util: 0	:invoke	:cas	[2 1]
2022-08-27 16:38:59,361{GMT}	INFO	[jepsen worker 0] jepsen.util: 0	:fail	:cas	[2 1]
2022-08-27 16:38:59,368{GMT}	INFO	[jepsen worker 0] jepsen.util: 0	:invoke	:cas	[1 0]
2022-08-27 16:38:59,371{GMT}	INFO	[jepsen worker 0] jepsen.util: 0	:fail	:cas	[1 0]
2022-08-27 16:38:59,375{GMT}	INFO	[jepsen worker 0] jepsen.util: 0	:invoke	:read	nil
2022-08-27 16:38:59,378{GMT}	INFO	[jepsen worker 0] jepsen.util: 0	:ok	:read	4
2022-08-27 16:38:59,400{GMT}	INFO	[jepsen worker 0] jepsen.util: 0	:invoke	:read	nil
2022-08-27 16:38:59,403{GMT}	INFO	[jepsen worker 0] jepsen.util: 0	:ok	:read	4
2022-08-27 16:38:59,403{GMT}	INFO	[jepsen worker 0] jepsen.util: 0	:invoke	:cas	[4 2]
2022-08-27 16:38:59,405{GMT}	INFO	[jepsen worker 0] jepsen.util: 0	:ok	:cas	[4 2]
2022-08-27 16:38:59,438{GMT}	INFO	[jepsen worker 0] jepsen.util: 0	:invoke	:cas	[1 1]
2022-08-27 16:38:59,442{GMT}	INFO	[jepsen worker 0] jepsen.util: 0	:fail	:cas	[1 1]
2022-08-27 16:38:59,445{GMT}	INFO	[jepsen worker 0] jepsen.util: 0	:invoke	:write	4
2022-08-27 16:38:59,448{GMT}	INFO	[jepsen worker 0] jepsen.util: 0	:ok	:write	4
2022-08-27 16:38:59,456{GMT}	INFO	[jepsen worker 0] jepsen.util: 0	:invoke	:cas	[0 0]
2022-08-27 16:38:59,460{GMT}	INFO	[jepsen worker 0] jepsen.util: 0	:fail	:cas	[0 0]
2022-08-27 16:38:59,476{GMT}	INFO	[jepsen worker 0] jepsen.util: 0	:invoke	:cas	[4 0]
2022-08-27 16:38:59,480{GMT}	INFO	[jepsen worker 0] jepsen.util: 0	:ok	:cas	[4 0]
2022-08-27 16:38:59,485{GMT}	INFO	[jepsen worker 0] jepsen.util: 0	:invoke	:read	nil
2022-08-27 16:38:59,488{GMT}	INFO	[jepsen worker 0] jepsen.util: 0	:ok	:read	0
2022-08-27 16:38:59,498{GMT}	INFO	[jepsen worker 0] jepsen.util: 0	:invoke	:write	4
2022-08-27 16:38:59,501{GMT}	INFO	[jepsen worker 0] jepsen.util: 0	:ok	:write	4
2022-08-27 16:38:59,517{GMT}	INFO	[jepsen worker 0] jepsen.util: 0	:invoke	:write	4
2022-08-27 16:38:59,520{GMT}	INFO	[jepsen worker 0] jepsen.util: 0	:ok	:write	4
2022-08-27 16:38:59,527{GMT}	INFO	[jepsen worker 0] jepsen.util: 0	:invoke	:read	nil
2022-08-27 16:38:59,529{GMT}	INFO	[jepsen worker 0] jepsen.util: 0	:ok	:read	4
2022-08-27 16:38:59,565{GMT}	INFO	[jepsen worker 0] jepsen.util: 0	:invoke	:read	nil
2022-08-27 16:38:59,568{GMT}	INFO	[jepsen worker 0] jepsen.util: 0	:ok	:read	4
2022-08-27 16:38:59,568{GMT}	INFO	[jepsen worker 0] jepsen.util: 0	:invoke	:write	2
2022-08-27 16:38:59,571{GMT}	INFO	[jepsen worker 0] jepsen.util: 0	:ok	:write	2
2022-08-27 16:38:59,577{GMT}	INFO	[jepsen worker 0] jepsen.util: 0	:invoke	:cas	[0 4]
2022-08-27 16:38:59,580{GMT}	INFO	[jepsen worker 0] jepsen.util: 0	:fail	:cas	[0 4]
2022-08-27 16:38:59,580{GMT}	INFO	[jepsen worker 0] jepsen.util: 0	:invoke	:write	4
2022-08-27 16:38:59,583{GMT}	INFO	[jepsen worker 0] jepsen.util: 0	:ok	:write	4
2022-08-27 16:38:59,583{GMT}	INFO	[jepsen worker 0] jepsen.util: 0	:invoke	:write	2
2022-08-27 16:38:59,586{GMT}	INFO	[jepsen worker 0] jepsen.util: 0	:ok	:write	2
2022-08-27 16:38:59,614{GMT}	INFO	[jepsen worker 0] jepsen.util: 0	:invoke	:cas	[1 2]
2022-08-27 16:38:59,618{GMT}	INFO	[jepsen worker 0] jepsen.util: 0	:fail	:cas	[1 2]
2022-08-27 16:38:59,640{GMT}	INFO	[jepsen worker 0] jepsen.util: 0	:invoke	:cas	[0 1]
2022-08-27 16:38:59,644{GMT}	INFO	[jepsen worker 0] jepsen.util: 0	:fail	:cas	[0 1]
2022-08-27 16:38:59,673{GMT}	INFO	[jepsen worker 0] jepsen.util: 0	:invoke	:cas	[2 2]
2022-08-27 16:38:59,676{GMT}	INFO	[jepsen worker 0] jepsen.util: 0	:ok	:cas	[2 2]
2022-08-27 16:38:59,685{GMT}	INFO	[jepsen worker 0] jepsen.util: 0	:invoke	:read	nil
2022-08-27 16:38:59,688{GMT}	INFO	[jepsen worker 0] jepsen.util: 0	:ok	:read	2
2022-08-27 16:38:59,691{GMT}	INFO	[jepsen worker 0] jepsen.util: 0	:invoke	:read	nil
2022-08-27 16:38:59,694{GMT}	INFO	[jepsen worker 0] jepsen.util: 0	:ok	:read	2
2022-08-27 16:38:59,728{GMT}	INFO	[jepsen worker 0] jepsen.util: 0	:invoke	:read	nil
2022-08-27 16:38:59,731{GMT}	INFO	[jepsen worker 0] jepsen.util: 0	:ok	:read	2
2022-08-27 16:38:59,740{GMT}	INFO	[jepsen worker 0] jepsen.util: 0	:invoke	:write	3
2022-08-27 16:38:59,742{GMT}	INFO	[jepsen worker 0] jepsen.util: 0	:ok	:write	3
2022-08-27 16:38:59,769{GMT}	INFO	[jepsen worker 0] jepsen.util: 0	:invoke	:cas	[3 4]
2022-08-27 16:38:59,772{GMT}	INFO	[jepsen worker 0] jepsen.util: 0	:ok	:cas	[3 4]
2022-08-27 16:38:59,809{GMT}	INFO	[jepsen worker 0] jepsen.util: 0	:invoke	:cas	[4 0]
2022-08-27 16:38:59,812{GMT}	INFO	[jepsen worker 0] jepsen.util: 0	:ok	:cas	[4 0]
2022-08-27 16:38:59,823{GMT}	INFO	[jepsen worker 0] jepsen.util: 0	:invoke	:write	1
2022-08-27 16:38:59,826{GMT}	INFO	[jepsen worker 0] jepsen.util: 0	:ok	:write	1
2022-08-27 16:38:59,848{GMT}	INFO	[jepsen worker 0] jepsen.util: 0	:invoke	:cas	[3 1]
2022-08-27 16:38:59,852{GMT}	INFO	[jepsen worker 0] jepsen.util: 0	:fail	:cas	[3 1]
2022-08-27 16:38:59,858{GMT}	INFO	[jepsen worker 0] jepsen.util: 0	:invoke	:read	nil
2022-08-27 16:38:59,861{GMT}	INFO	[jepsen worker 0] jepsen.util: 0	:ok	:read	1
2022-08-27 16:38:59,863{GMT}	INFO	[jepsen worker 0] jepsen.util: 0	:invoke	:write	4
2022-08-27 16:38:59,866{GMT}	INFO	[jepsen worker 0] jepsen.util: 0	:ok	:write	4
2022-08-27 16:38:59,889{GMT}	INFO	[jepsen worker 0] jepsen.util: 0	:invoke	:write	2
2022-08-27 16:38:59,893{GMT}	INFO	[jepsen worker 0] jepsen.util: 0	:ok	:write	2
2022-08-27 16:38:59,900{GMT}	INFO	[jepsen worker 0] jepsen.util: 0	:invoke	:cas	[4 0]
2022-08-27 16:38:59,904{GMT}	INFO	[jepsen worker 0] jepsen.util: 0	:fail	:cas	[4 0]
2022-08-27 16:38:59,940{GMT}	INFO	[jepsen worker 0] jepsen.util: 0	:invoke	:write	4
2022-08-27 16:38:59,943{GMT}	INFO	[jepsen worker 0] jepsen.util: 0	:ok	:write	4
2022-08-27 16:38:59,970{GMT}	INFO	[jepsen worker 0] jepsen.util: 0	:invoke	:write	4
2022-08-27 16:38:59,973{GMT}	INFO	[jepsen worker 0] jepsen.util: 0	:ok	:write	4
2022-08-27 16:38:59,976{GMT}	INFO	[jepsen worker 0] jepsen.util: 0	:invoke	:write	3
2022-08-27 16:38:59,979{GMT}	INFO	[jepsen worker 0] jepsen.util: 0	:ok	:write	3
2022-08-27 16:39:00,006{GMT}	INFO	[jepsen worker 0] jepsen.util: 0	:invoke	:write	4
2022-08-27 16:39:00,009{GMT}	INFO	[jepsen worker 0] jepsen.util: 0	:ok	:write	4
2022-08-27 16:39:00,025{GMT}	INFO	[jepsen worker 0] jepsen.util: 0	:invoke	:cas	[2 2]
2022-08-27 16:39:00,029{GMT}	INFO	[jepsen worker 0] jepsen.util: 0	:fail	:cas	[2 2]
2022-08-27 16:39:00,057{GMT}	INFO	[jepsen worker 0] jepsen.util: 0	:invoke	:write	2
2022-08-27 16:39:00,060{GMT}	INFO	[jepsen worker 0] jepsen.util: 0	:ok	:write	2
2022-08-27 16:39:00,069{GMT}	INFO	[jepsen worker 0] jepsen.util: 0	:invoke	:write	2
2022-08-27 16:39:00,072{GMT}	INFO	[jepsen worker 0] jepsen.util: 0	:ok	:write	2
2022-08-27 16:39:00,085{GMT}	INFO	[jepsen worker 0] jepsen.util: 0	:invoke	:read	nil
2022-08-27 16:39:00,088{GMT}	INFO	[jepsen worker 0] jepsen.util: 0	:ok	:read	2
2022-08-27 16:39:00,118{GMT}	INFO	[jepsen worker 0] jepsen.util: 0	:invoke	:write	0
2022-08-27 16:39:00,121{GMT}	INFO	[jepsen worker 0] jepsen.util: 0	:ok	:write	0
2022-08-27 16:39:00,133{GMT}	INFO	[jepsen worker 0] jepsen.util: 0	:invoke	:cas	[4 1]
2022-08-27 16:39:00,136{GMT}	INFO	[jepsen worker 0] jepsen.util: 0	:fail	:cas	[4 1]
2022-08-27 16:39:00,138{GMT}	INFO	[jepsen worker 0] jepsen.util: 0	:invoke	:read	nil
2022-08-27 16:39:00,140{GMT}	INFO	[jepsen worker 0] jepsen.util: 0	:ok	:read	0
2022-08-27 16:39:00,159{GMT}	INFO	[jepsen worker 0] jepsen.util: 0	:invoke	:write	4
2022-08-27 16:39:00,163{GMT}	INFO	[jepsen worker 0] jepsen.util: 0	:ok	:write	4
2022-08-27 16:39:00,182{GMT}	INFO	[jepsen worker 0] jepsen.util: 0	:invoke	:cas	[4 1]
2022-08-27 16:39:00,185{GMT}	INFO	[jepsen worker 0] jepsen.util: 0	:ok	:cas	[4 1]
2022-08-27 16:39:00,197{GMT}	INFO	[jepsen worker 0] jepsen.util: 0	:invoke	:cas	[1 0]
2022-08-27 16:39:00,200{GMT}	INFO	[jepsen worker 0] jepsen.util: 0	:ok	:cas	[1 0]
2022-08-27 16:39:00,227{GMT}	INFO	[jepsen worker 0] jepsen.util: 0	:invoke	:write	3
2022-08-27 16:39:00,230{GMT}	INFO	[jepsen worker 0] jepsen.util: 0	:ok	:write	3
2022-08-27 16:39:00,231{GMT}	INFO	[jepsen worker 0] jepsen.util: 0	:invoke	:read	nil
2022-08-27 16:39:00,233{GMT}	INFO	[jepsen worker 0] jepsen.util: 0	:ok	:read	3
2022-08-27 16:39:00,270{GMT}	INFO	[jepsen worker 0] jepsen.util: 0	:invoke	:cas	[1 0]
2022-08-27 16:39:00,274{GMT}	INFO	[jepsen worker 0] jepsen.util: 0	:fail	:cas	[1 0]
2022-08-27 16:39:00,307{GMT}	INFO	[jepsen worker 0] jepsen.util: 0	:invoke	:cas	[0 2]
2022-08-27 16:39:00,311{GMT}	INFO	[jepsen worker 0] jepsen.util: 0	:fail	:cas	[0 2]
2022-08-27 16:39:00,326{GMT}	INFO	[jepsen worker 0] jepsen.util: 0	:invoke	:read	nil
2022-08-27 16:39:00,329{GMT}	INFO	[jepsen worker 0] jepsen.util: 0	:ok	:read	3
2022-08-27 16:39:00,338{GMT}	INFO	[jepsen worker 0] jepsen.util: 0	:invoke	:read	nil
2022-08-27 16:39:00,341{GMT}	INFO	[jepsen worker 0] jepsen.util: 0	:ok	:read	3
2022-08-27 16:39:00,360{GMT}	INFO	[jepsen worker 0] jepsen.util: 0	:invoke	:cas	[4 3]
2022-08-27 16:39:00,365{GMT}	INFO	[jepsen worker 0] jepsen.util: 0	:fail	:cas	[4 3]
2022-08-27 16:39:00,382{GMT}	INFO	[jepsen worker 0] jepsen.util: 0	:invoke	:read	nil
2022-08-27 16:39:00,385{GMT}	INFO	[jepsen worker 0] jepsen.util: 0	:ok	:read	3
2022-08-27 16:39:00,421{GMT}	INFO	[jepsen worker 0] jepsen.util: 0	:invoke	:write	3
2022-08-27 16:39:00,424{GMT}	INFO	[jepsen worker 0] jepsen.util: 0	:ok	:write	3
2022-08-27 16:39:00,443{GMT}	INFO	[jepsen worker 0] jepsen.util: 0	:invoke	:read	nil
2022-08-27 16:39:00,446{GMT}	INFO	[jepsen worker 0] jepsen.util: 0	:ok	:read	3
2022-08-27 16:39:00,446{GMT}	INFO	[jepsen worker 0] jepsen.util: 0	:invoke	:cas	[4 4]
2022-08-27 16:39:00,450{GMT}	INFO	[jepsen worker 0] jepsen.util: 0	:fail	:cas	[4 4]
2022-08-27 16:39:00,455{GMT}	INFO	[jepsen worker 0] jepsen.util: 0	:invoke	:read	nil
2022-08-27 16:39:00,458{GMT}	INFO	[jepsen worker 0] jepsen.util: 0	:ok	:read	3
2022-08-27 16:39:00,470{GMT}	INFO	[jepsen worker 0] jepsen.util: 0	:invoke	:cas	[3 1]
2022-08-27 16:39:00,473{GMT}	INFO	[jepsen worker 0] jepsen.util: 0	:ok	:cas	[3 1]
2022-08-27 16:39:00,509{GMT}	INFO	[jepsen worker 0] jepsen.util: 0	:invoke	:cas	[0 0]
2022-08-27 16:39:00,513{GMT}	INFO	[jepsen worker 0] jepsen.util: 0	:fail	:cas	[0 0]
2022-08-27 16:39:00,519{GMT}	INFO	[jepsen worker 0] jepsen.util: 0	:invoke	:write	1
2022-08-27 16:39:00,522{GMT}	INFO	[jepsen worker 0] jepsen.util: 0	:ok	:write	1
2022-08-27 16:39:00,555{GMT}	INFO	[jepsen worker 0] jepsen.util: 0	:invoke	:write	2
2022-08-27 16:39:00,558{GMT}	INFO	[jepsen worker 0] jepsen.util: 0	:ok	:write	2
2022-08-27 16:39:00,570{GMT}	INFO	[jepsen worker 0] jepsen.util: 0	:invoke	:cas	[4 3]
2022-08-27 16:39:00,574{GMT}	INFO	[jepsen worker 0] jepsen.util: 0	:fail	:cas	[4 3]
2022-08-27 16:39:00,605{GMT}	INFO	[jepsen worker 0] jepsen.util: 0	:invoke	:read	nil
2022-08-27 16:39:00,608{GMT}	INFO	[jepsen worker 0] jepsen.util: 0	:ok	:read	2
2022-08-27 16:39:00,608{GMT}	INFO	[jepsen worker 0] jepsen.util: 0	:invoke	:read	nil
2022-08-27 16:39:00,611{GMT}	INFO	[jepsen worker 0] jepsen.util: 0	:ok	:read	2
2022-08-27 16:39:00,611{GMT}	INFO	[jepsen worker 0] jepsen.util: 0	:invoke	:write	2
2022-08-27 16:39:00,614{GMT}	INFO	[jepsen worker 0] jepsen.util: 0	:ok	:write	2
2022-08-27 16:39:00,614{GMT}	INFO	[jepsen worker 0] jepsen.util: 0	:invoke	:cas	[4 3]
2022-08-27 16:39:00,617{GMT}	INFO	[jepsen worker 0] jepsen.util: 0	:fail	:cas	[4 3]
2022-08-27 16:39:00,618{GMT}	INFO	[jepsen worker nemesis] jepsen.util: :nemesis	:info	:start	nil
2022-08-27 16:39:00,623{GMT}	INFO	[jepsen worker 0] jepsen.util: 0	:invoke	:read	nil
2022-08-27 16:39:00,625{GMT}	INFO	[jepsen worker 0] jepsen.util: 0	:ok	:read	2
2022-08-27 16:39:00,625{GMT}	INFO	[jepsen worker nemesis] jepsen.util: :nemesis	:info	:start	[:isolated {"localhost" #{}}]
2022-08-27 16:39:00,643{GMT}	INFO	[jepsen worker 0] jepsen.util: 0	:invoke	:read	nil
2022-08-27 16:39:00,647{GMT}	INFO	[jepsen worker 0] jepsen.util: 0	:ok	:read	2
2022-08-27 16:39:00,665{GMT}	INFO	[jepsen worker 0] jepsen.util: 0	:invoke	:cas	[4 2]
2022-08-27 16:39:00,669{GMT}	INFO	[jepsen worker 0] jepsen.util: 0	:fail	:cas	[4 2]
2022-08-27 16:39:00,691{GMT}	INFO	[jepsen worker 0] jepsen.util: 0	:invoke	:read	nil
2022-08-27 16:39:00,695{GMT}	INFO	[jepsen worker 0] jepsen.util: 0	:ok	:read	2
2022-08-27 16:39:00,723{GMT}	INFO	[jepsen worker 0] jepsen.util: 0	:invoke	:cas	[2 4]
2022-08-27 16:39:00,729{GMT}	INFO	[jepsen worker 0] jepsen.util: 0	:ok	:cas	[2 4]
2022-08-27 16:39:00,737{GMT}	INFO	[jepsen worker 0] jepsen.util: 0	:invoke	:cas	[3 3]
2022-08-27 16:39:00,740{GMT}	INFO	[jepsen worker 0] jepsen.util: 0	:fail	:cas	[3 3]
2022-08-27 16:39:00,749{GMT}	INFO	[jepsen worker 0] jepsen.util: 0	:invoke	:read	nil
2022-08-27 16:39:00,750{GMT}	INFO	[jepsen worker 0] jepsen.util: 0	:ok	:read	4
2022-08-27 16:39:00,788{GMT}	INFO	[jepsen worker 0] jepsen.util: 0	:invoke	:write	1
2022-08-27 16:39:00,792{GMT}	INFO	[jepsen worker 0] jepsen.util: 0	:ok	:write	1
2022-08-27 16:39:00,817{GMT}	INFO	[jepsen worker 0] jepsen.util: 0	:invoke	:write	2
2022-08-27 16:39:00,821{GMT}	INFO	[jepsen worker 0] jepsen.util: 0	:ok	:write	2
2022-08-27 16:39:00,854{GMT}	INFO	[jepsen worker 0] jepsen.util: 0	:invoke	:cas	[1 4]
2022-08-27 16:39:00,858{GMT}	INFO	[jepsen worker 0] jepsen.util: 0	:fail	:cas	[1 4]
2022-08-27 16:39:00,881{GMT}	INFO	[jepsen worker 0] jepsen.util: 0	:invoke	:write	3
2022-08-27 16:39:00,885{GMT}	INFO	[jepsen worker 0] jepsen.util: 0	:ok	:write	3
2022-08-27 16:39:00,885{GMT}	INFO	[jepsen worker 0] jepsen.util: 0	:invoke	:cas	[2 2]
2022-08-27 16:39:00,888{GMT}	INFO	[jepsen worker 0] jepsen.util: 0	:fail	:cas	[2 2]
2022-08-27 16:39:00,922{GMT}	INFO	[jepsen worker 0] jepsen.util: 0	:invoke	:read	nil
2022-08-27 16:39:00,925{GMT}	INFO	[jepsen worker 0] jepsen.util: 0	:ok	:read	3
2022-08-27 16:39:00,947{GMT}	INFO	[jepsen worker 0] jepsen.util: 0	:invoke	:read	nil
2022-08-27 16:39:00,950{GMT}	INFO	[jepsen worker 0] jepsen.util: 0	:ok	:read	3
2022-08-27 16:39:00,983{GMT}	INFO	[jepsen worker 0] jepsen.util: 0	:invoke	:read	nil
2022-08-27 16:39:00,986{GMT}	INFO	[jepsen worker 0] jepsen.util: 0	:ok	:read	3
2022-08-27 16:39:01,012{GMT}	INFO	[jepsen worker 0] jepsen.util: 0	:invoke	:read	nil
2022-08-27 16:39:01,016{GMT}	INFO	[jepsen worker 0] jepsen.util: 0	:ok	:read	3
2022-08-27 16:39:01,026{GMT}	INFO	[jepsen worker 0] jepsen.util: 0	:invoke	:write	3
2022-08-27 16:39:01,029{GMT}	INFO	[jepsen worker 0] jepsen.util: 0	:ok	:write	3
2022-08-27 16:39:01,033{GMT}	INFO	[jepsen worker 0] jepsen.util: 0	:invoke	:write	4
2022-08-27 16:39:01,036{GMT}	INFO	[jepsen worker 0] jepsen.util: 0	:ok	:write	4
2022-08-27 16:39:01,059{GMT}	INFO	[jepsen worker 0] jepsen.util: 0	:invoke	:read	nil
2022-08-27 16:39:01,062{GMT}	INFO	[jepsen worker 0] jepsen.util: 0	:ok	:read	4
2022-08-27 16:39:01,083{GMT}	INFO	[jepsen worker 0] jepsen.util: 0	:invoke	:write	0
2022-08-27 16:39:01,086{GMT}	INFO	[jepsen worker 0] jepsen.util: 0	:ok	:write	0
2022-08-27 16:39:01,112{GMT}	INFO	[jepsen worker 0] jepsen.util: 0	:invoke	:read	nil
2022-08-27 16:39:01,116{GMT}	INFO	[jepsen worker 0] jepsen.util: 0	:ok	:read	0
2022-08-27 16:39:01,116{GMT}	INFO	[jepsen worker 0] jepsen.util: 0	:invoke	:cas	[4 0]
2022-08-27 16:39:01,119{GMT}	INFO	[jepsen worker 0] jepsen.util: 0	:fail	:cas	[4 0]
2022-08-27 16:39:01,119{GMT}	INFO	[jepsen worker 0] jepsen.util: 0	:invoke	:cas	[4 0]
2022-08-27 16:39:01,122{GMT}	INFO	[jepsen worker 0] jepsen.util: 0	:fail	:cas	[4 0]
2022-08-27 16:39:01,156{GMT}	INFO	[jepsen worker 0] jepsen.util: 0	:invoke	:write	4
2022-08-27 16:39:01,159{GMT}	INFO	[jepsen worker 0] jepsen.util: 0	:ok	:write	4
2022-08-27 16:39:01,187{GMT}	INFO	[jepsen worker 0] jepsen.util: 0	:invoke	:read	nil
2022-08-27 16:39:01,191{GMT}	INFO	[jepsen worker 0] jepsen.util: 0	:ok	:read	4
2022-08-27 16:39:01,213{GMT}	INFO	[jepsen worker 0] jepsen.util: 0	:invoke	:cas	[3 3]
2022-08-27 16:39:01,217{GMT}	INFO	[jepsen worker 0] jepsen.util: 0	:fail	:cas	[3 3]
2022-08-27 16:39:01,238{GMT}	INFO	[jepsen worker 0] jepsen.util: 0	:invoke	:write	1
2022-08-27 16:39:01,241{GMT}	INFO	[jepsen worker 0] jepsen.util: 0	:ok	:write	1
2022-08-27 16:39:01,259{GMT}	INFO	[jepsen worker 0] jepsen.util: 0	:invoke	:read	nil
2022-08-27 16:39:01,263{GMT}	INFO	[jepsen worker 0] jepsen.util: 0	:ok	:read	1
2022-08-27 16:39:01,265{GMT}	INFO	[jepsen worker 0] jepsen.util: 0	:invoke	:read	nil
2022-08-27 16:39:01,267{GMT}	INFO	[jepsen worker 0] jepsen.util: 0	:ok	:read	1
2022-08-27 16:39:01,300{GMT}	INFO	[jepsen worker 0] jepsen.util: 0	:invoke	:write	3
2022-08-27 16:39:01,303{GMT}	INFO	[jepsen worker 0] jepsen.util: 0	:ok	:write	3
2022-08-27 16:39:01,321{GMT}	INFO	[jepsen worker 0] jepsen.util: 0	:invoke	:cas	[3 2]
2022-08-27 16:39:01,324{GMT}	INFO	[jepsen worker 0] jepsen.util: 0	:ok	:cas	[3 2]
2022-08-27 16:39:01,324{GMT}	INFO	[jepsen worker 0] jepsen.util: 0	:invoke	:write	1
2022-08-27 16:39:01,327{GMT}	INFO	[jepsen worker 0] jepsen.util: 0	:ok	:write	1
2022-08-27 16:39:01,352{GMT}	INFO	[jepsen worker 0] jepsen.util: 0	:invoke	:read	nil
2022-08-27 16:39:01,355{GMT}	INFO	[jepsen worker 0] jepsen.util: 0	:ok	:read	1
2022-08-27 16:39:01,355{GMT}	INFO	[jepsen worker 0] jepsen.util: 0	:invoke	:write	0
2022-08-27 16:39:01,357{GMT}	INFO	[jepsen worker 0] jepsen.util: 0	:ok	:write	0
2022-08-27 16:39:01,384{GMT}	INFO	[jepsen worker 0] jepsen.util: 0	:invoke	:cas	[3 2]
2022-08-27 16:39:01,388{GMT}	INFO	[jepsen worker 0] jepsen.util: 0	:fail	:cas	[3 2]
2022-08-27 16:39:01,393{GMT}	INFO	[jepsen worker 0] jepsen.util: 0	:invoke	:write	4
2022-08-27 16:39:01,395{GMT}	INFO	[jepsen worker 0] jepsen.util: 0	:ok	:write	4
2022-08-27 16:39:01,422{GMT}	INFO	[jepsen worker 0] jepsen.util: 0	:invoke	:cas	[1 1]
2022-08-27 16:39:01,426{GMT}	INFO	[jepsen worker 0] jepsen.util: 0	:fail	:cas	[1 1]
2022-08-27 16:39:01,434{GMT}	INFO	[jepsen worker 0] jepsen.util: 0	:invoke	:cas	[1 0]
2022-08-27 16:39:01,439{GMT}	INFO	[jepsen worker 0] jepsen.util: 0	:fail	:cas	[1 0]
2022-08-27 16:39:01,439{GMT}	INFO	[jepsen worker 0] jepsen.util: 0	:invoke	:write	3
2022-08-27 16:39:01,442{GMT}	INFO	[jepsen worker 0] jepsen.util: 0	:ok	:write	3
2022-08-27 16:39:01,442{GMT}	INFO	[jepsen worker 0] jepsen.util: 0	:invoke	:write	3
2022-08-27 16:39:01,445{GMT}	INFO	[jepsen worker 0] jepsen.util: 0	:ok	:write	3
2022-08-27 16:39:01,445{GMT}	INFO	[jepsen worker 0] jepsen.util: 0	:invoke	:cas	[3 3]
2022-08-27 16:39:01,448{GMT}	INFO	[jepsen worker 0] jepsen.util: 0	:ok	:cas	[3 3]
2022-08-27 16:39:01,454{GMT}	INFO	[jepsen worker 0] jepsen.util: 0	:invoke	:read	nil
2022-08-27 16:39:01,455{GMT}	INFO	[jepsen worker 0] jepsen.util: 0	:ok	:read	3
2022-08-27 16:39:01,466{GMT}	INFO	[jepsen worker 0] jepsen.util: 0	:invoke	:cas	[0 0]
2022-08-27 16:39:01,469{GMT}	INFO	[jepsen worker 0] jepsen.util: 0	:fail	:cas	[0 0]
2022-08-27 16:39:01,490{GMT}	INFO	[jepsen worker 0] jepsen.util: 0	:invoke	:write	3
2022-08-27 16:39:01,493{GMT}	INFO	[jepsen worker 0] jepsen.util: 0	:ok	:write	3
2022-08-27 16:39:01,507{GMT}	INFO	[jepsen worker 0] jepsen.util: 0	:invoke	:write	0
2022-08-27 16:39:01,510{GMT}	INFO	[jepsen worker 0] jepsen.util: 0	:ok	:write	0
2022-08-27 16:39:01,537{GMT}	INFO	[jepsen worker 0] jepsen.util: 0	:invoke	:write	1
2022-08-27 16:39:01,540{GMT}	INFO	[jepsen worker 0] jepsen.util: 0	:ok	:write	1
2022-08-27 16:39:01,560{GMT}	INFO	[jepsen worker 0] jepsen.util: 0	:invoke	:write	4
2022-08-27 16:39:01,564{GMT}	INFO	[jepsen worker 0] jepsen.util: 0	:ok	:write	4
2022-08-27 16:39:01,569{GMT}	INFO	[jepsen worker 0] jepsen.util: 0	:invoke	:write	1
2022-08-27 16:39:01,572{GMT}	INFO	[jepsen worker 0] jepsen.util: 0	:ok	:write	1
2022-08-27 16:39:01,572{GMT}	INFO	[jepsen worker 0] jepsen.util: 0	:invoke	:read	nil
2022-08-27 16:39:01,575{GMT}	INFO	[jepsen worker 0] jepsen.util: 0	:ok	:read	1
2022-08-27 16:39:01,575{GMT}	INFO	[jepsen worker 0] jepsen.util: 0	:invoke	:write	2
2022-08-27 16:39:01,577{GMT}	INFO	[jepsen worker 0] jepsen.util: 0	:ok	:write	2
2022-08-27 16:39:01,577{GMT}	INFO	[jepsen worker 0] jepsen.util: 0	:invoke	:cas	[2 3]
2022-08-27 16:39:01,579{GMT}	INFO	[jepsen worker 0] jepsen.util: 0	:ok	:cas	[2 3]
2022-08-27 16:39:01,597{GMT}	INFO	[jepsen worker 0] jepsen.util: 0	:invoke	:cas	[1 3]
2022-08-27 16:39:01,601{GMT}	INFO	[jepsen worker 0] jepsen.util: 0	:fail	:cas	[1 3]
2022-08-27 16:39:01,620{GMT}	INFO	[jepsen worker 0] jepsen.util: 0	:invoke	:read	nil
2022-08-27 16:39:01,623{GMT}	INFO	[jepsen worker 0] jepsen.util: 0	:ok	:read	3
2022-08-27 16:39:01,651{GMT}	INFO	[jepsen worker 0] jepsen.util: 0	:invoke	:write	0
2022-08-27 16:39:01,654{GMT}	INFO	[jepsen worker 0] jepsen.util: 0	:ok	:write	0
2022-08-27 16:39:01,660{GMT}	INFO	[jepsen worker 0] jepsen.util: 0	:invoke	:write	2
2022-08-27 16:39:01,663{GMT}	INFO	[jepsen worker 0] jepsen.util: 0	:ok	:write	2
2022-08-27 16:39:01,672{GMT}	INFO	[jepsen worker 0] jepsen.util: 0	:invoke	:read	nil
2022-08-27 16:39:01,675{GMT}	INFO	[jepsen worker 0] jepsen.util: 0	:ok	:read	2
2022-08-27 16:39:01,707{GMT}	INFO	[jepsen worker 0] jepsen.util: 0	:invoke	:read	nil
2022-08-27 16:39:01,710{GMT}	INFO	[jepsen worker 0] jepsen.util: 0	:ok	:read	2
2022-08-27 16:39:01,725{GMT}	INFO	[jepsen worker 0] jepsen.util: 0	:invoke	:cas	[4 2]
2022-08-27 16:39:01,729{GMT}	INFO	[jepsen worker 0] jepsen.util: 0	:fail	:cas	[4 2]
2022-08-27 16:39:01,741{GMT}	INFO	[jepsen worker 0] jepsen.util: 0	:invoke	:read	nil
2022-08-27 16:39:01,744{GMT}	INFO	[jepsen worker 0] jepsen.util: 0	:ok	:read	2
2022-08-27 16:39:01,745{GMT}	INFO	[jepsen worker 0] jepsen.util: 0	:invoke	:cas	[2 0]
2022-08-27 16:39:01,748{GMT}	INFO	[jepsen worker 0] jepsen.util: 0	:ok	:cas	[2 0]
2022-08-27 16:39:01,769{GMT}	INFO	[jepsen worker 0] jepsen.util: 0	:invoke	:write	4
2022-08-27 16:39:01,772{GMT}	INFO	[jepsen worker 0] jepsen.util: 0	:ok	:write	4
2022-08-27 16:39:01,782{GMT}	INFO	[jepsen worker 0] jepsen.util: 0	:invoke	:cas	[2 2]
2022-08-27 16:39:01,786{GMT}	INFO	[jepsen worker 0] jepsen.util: 0	:fail	:cas	[2 2]
2022-08-27 16:39:01,786{GMT}	INFO	[jepsen worker 0] jepsen.util: 0	:invoke	:cas	[4 3]
2022-08-27 16:39:01,788{GMT}	INFO	[jepsen worker 0] jepsen.util: 0	:ok	:cas	[4 3]
2022-08-27 16:39:01,788{GMT}	INFO	[jepsen worker 0] jepsen.util: 0	:invoke	:read	nil
2022-08-27 16:39:01,791{GMT}	INFO	[jepsen worker 0] jepsen.util: 0	:ok	:read	3
2022-08-27 16:39:01,807{GMT}	INFO	[jepsen worker 0] jepsen.util: 0	:invoke	:cas	[1 0]
2022-08-27 16:39:01,810{GMT}	INFO	[jepsen worker 0] jepsen.util: 0	:fail	:cas	[1 0]
2022-08-27 16:39:01,830{GMT}	INFO	[jepsen worker 0] jepsen.util: 0	:invoke	:cas	[2 1]
2022-08-27 16:39:01,834{GMT}	INFO	[jepsen worker 0] jepsen.util: 0	:fail	:cas	[2 1]
2022-08-27 16:39:01,869{GMT}	INFO	[jepsen worker 0] jepsen.util: 0	:invoke	:write	1
2022-08-27 16:39:01,872{GMT}	INFO	[jepsen worker 0] jepsen.util: 0	:ok	:write	1
2022-08-27 16:39:01,885{GMT}	INFO	[jepsen worker 0] jepsen.util: 0	:invoke	:cas	[2 3]
2022-08-27 16:39:01,889{GMT}	INFO	[jepsen worker 0] jepsen.util: 0	:fail	:cas	[2 3]
2022-08-27 16:39:01,915{GMT}	INFO	[jepsen worker 0] jepsen.util: 0	:invoke	:write	1
2022-08-27 16:39:01,918{GMT}	INFO	[jepsen worker 0] jepsen.util: 0	:ok	:write	1
2022-08-27 16:39:01,918{GMT}	INFO	[jepsen worker 0] jepsen.util: 0	:invoke	:cas	[1 2]
2022-08-27 16:39:01,921{GMT}	INFO	[jepsen worker 0] jepsen.util: 0	:ok	:cas	[1 2]
2022-08-27 16:39:01,930{GMT}	INFO	[jepsen worker 0] jepsen.util: 0	:invoke	:read	nil
2022-08-27 16:39:01,933{GMT}	INFO	[jepsen worker 0] jepsen.util: 0	:ok	:read	2
2022-08-27 16:39:01,969{GMT}	INFO	[jepsen worker 0] jepsen.util: 0	:invoke	:read	nil
2022-08-27 16:39:01,972{GMT}	INFO	[jepsen worker 0] jepsen.util: 0	:ok	:read	2
2022-08-27 16:39:01,992{GMT}	INFO	[jepsen worker 0] jepsen.util: 0	:invoke	:cas	[0 1]
2022-08-27 16:39:01,996{GMT}	INFO	[jepsen worker 0] jepsen.util: 0	:fail	:cas	[0 1]
2022-08-27 16:39:02,024{GMT}	INFO	[jepsen worker 0] jepsen.util: 0	:invoke	:read	nil
2022-08-27 16:39:02,027{GMT}	INFO	[jepsen worker 0] jepsen.util: 0	:ok	:read	2
2022-08-27 16:39:02,057{GMT}	INFO	[jepsen worker 0] jepsen.util: 0	:invoke	:cas	[3 4]
2022-08-27 16:39:02,061{GMT}	INFO	[jepsen worker 0] jepsen.util: 0	:fail	:cas	[3 4]
2022-08-27 16:39:02,093{GMT}	INFO	[jepsen worker 0] jepsen.util: 0	:invoke	:read	nil
2022-08-27 16:39:02,096{GMT}	INFO	[jepsen worker 0] jepsen.util: 0	:ok	:read	2
2022-08-27 16:39:02,128{GMT}	INFO	[jepsen worker 0] jepsen.util: 0	:invoke	:cas	[3 3]
2022-08-27 16:39:02,132{GMT}	INFO	[jepsen worker 0] jepsen.util: 0	:fail	:cas	[3 3]
2022-08-27 16:39:02,161{GMT}	INFO	[jepsen worker 0] jepsen.util: 0	:invoke	:read	nil
2022-08-27 16:39:02,164{GMT}	INFO	[jepsen worker 0] jepsen.util: 0	:ok	:read	2
2022-08-27 16:39:02,183{GMT}	INFO	[jepsen worker 0] jepsen.util: 0	:invoke	:read	nil
2022-08-27 16:39:02,184{GMT}	INFO	[jepsen worker 0] jepsen.util: 0	:ok	:read	2
2022-08-27 16:39:02,202{GMT}	INFO	[jepsen worker 0] jepsen.util: 0	:invoke	:read	nil
2022-08-27 16:39:02,203{GMT}	INFO	[jepsen worker 0] jepsen.util: 0	:ok	:read	2
2022-08-27 16:39:02,229{GMT}	INFO	[jepsen worker 0] jepsen.util: 0	:invoke	:cas	[0 0]
2022-08-27 16:39:02,232{GMT}	INFO	[jepsen worker 0] jepsen.util: 0	:fail	:cas	[0 0]
2022-08-27 16:39:02,256{GMT}	INFO	[jepsen worker 0] jepsen.util: 0	:invoke	:cas	[0 3]
2022-08-27 16:39:02,259{GMT}	INFO	[jepsen worker 0] jepsen.util: 0	:fail	:cas	[0 3]
2022-08-27 16:39:02,263{GMT}	INFO	[jepsen worker 0] jepsen.util: 0	:invoke	:cas	[1 3]
2022-08-27 16:39:02,267{GMT}	INFO	[jepsen worker 0] jepsen.util: 0	:fail	:cas	[1 3]
2022-08-27 16:39:02,300{GMT}	INFO	[jepsen worker 0] jepsen.util: 0	:invoke	:cas	[3 2]
2022-08-27 16:39:02,303{GMT}	INFO	[jepsen worker 0] jepsen.util: 0	:fail	:cas	[3 2]
2022-08-27 16:39:02,339{GMT}	INFO	[jepsen worker 0] jepsen.util: 0	:invoke	:cas	[0 0]
2022-08-27 16:39:02,343{GMT}	INFO	[jepsen worker 0] jepsen.util: 0	:fail	:cas	[0 0]
2022-08-27 16:39:02,354{GMT}	INFO	[jepsen worker 0] jepsen.util: 0	:invoke	:write	3
2022-08-27 16:39:02,357{GMT}	INFO	[jepsen worker 0] jepsen.util: 0	:ok	:write	3
2022-08-27 16:39:02,393{GMT}	INFO	[jepsen worker 0] jepsen.util: 0	:invoke	:cas	[0 1]
2022-08-27 16:39:02,397{GMT}	INFO	[jepsen worker 0] jepsen.util: 0	:fail	:cas	[0 1]
2022-08-27 16:39:02,398{GMT}	INFO	[jepsen worker 0] jepsen.util: 0	:invoke	:write	2
2022-08-27 16:39:02,401{GMT}	INFO	[jepsen worker 0] jepsen.util: 0	:ok	:write	2
2022-08-27 16:39:02,411{GMT}	INFO	[jepsen worker 0] jepsen.util: 0	:invoke	:cas	[1 4]
2022-08-27 16:39:02,415{GMT}	INFO	[jepsen worker 0] jepsen.util: 0	:fail	:cas	[1 4]
2022-08-27 16:39:02,450{GMT}	INFO	[jepsen worker 0] jepsen.util: 0	:invoke	:write	2
2022-08-27 16:39:02,453{GMT}	INFO	[jepsen worker 0] jepsen.util: 0	:ok	:write	2
2022-08-27 16:39:02,474{GMT}	INFO	[jepsen worker 0] jepsen.util: 0	:invoke	:cas	[3 2]
2022-08-27 16:39:02,477{GMT}	INFO	[jepsen worker 0] jepsen.util: 0	:fail	:cas	[3 2]
2022-08-27 16:39:02,486{GMT}	INFO	[jepsen worker 0] jepsen.util: 0	:invoke	:cas	[2 1]
2022-08-27 16:39:02,489{GMT}	INFO	[jepsen worker 0] jepsen.util: 0	:ok	:cas	[2 1]
2022-08-27 16:39:02,498{GMT}	INFO	[jepsen worker 0] jepsen.util: 0	:invoke	:cas	[1 4]
2022-08-27 16:39:02,501{GMT}	INFO	[jepsen worker 0] jepsen.util: 0	:ok	:cas	[1 4]
2022-08-27 16:39:02,521{GMT}	INFO	[jepsen worker 0] jepsen.util: 0	:invoke	:read	nil
2022-08-27 16:39:02,524{GMT}	INFO	[jepsen worker 0] jepsen.util: 0	:ok	:read	4
2022-08-27 16:39:02,552{GMT}	INFO	[jepsen worker 0] jepsen.util: 0	:invoke	:read	nil
2022-08-27 16:39:02,555{GMT}	INFO	[jepsen worker 0] jepsen.util: 0	:ok	:read	4
2022-08-27 16:39:02,558{GMT}	INFO	[jepsen worker 0] jepsen.util: 0	:invoke	:cas	[2 0]
2022-08-27 16:39:02,562{GMT}	INFO	[jepsen worker 0] jepsen.util: 0	:fail	:cas	[2 0]
2022-08-27 16:39:02,567{GMT}	INFO	[jepsen worker 0] jepsen.util: 0	:invoke	:cas	[3 3]
2022-08-27 16:39:02,571{GMT}	INFO	[jepsen worker 0] jepsen.util: 0	:fail	:cas	[3 3]
2022-08-27 16:39:02,593{GMT}	INFO	[jepsen worker 0] jepsen.util: 0	:invoke	:write	0
2022-08-27 16:39:02,596{GMT}	INFO	[jepsen worker 0] jepsen.util: 0	:ok	:write	0
2022-08-27 16:39:02,618{GMT}	INFO	[jepsen worker 0] jepsen.util: 0	:invoke	:read	nil
2022-08-27 16:39:02,621{GMT}	INFO	[jepsen worker 0] jepsen.util: 0	:ok	:read	0
2022-08-27 16:39:02,623{GMT}	INFO	[jepsen worker 0] jepsen.util: 0	:invoke	:write	3
2022-08-27 16:39:02,625{GMT}	INFO	[jepsen worker 0] jepsen.util: 0	:ok	:write	3
2022-08-27 16:39:02,649{GMT}	INFO	[jepsen worker 0] jepsen.util: 0	:invoke	:cas	[0 2]
2022-08-27 16:39:02,653{GMT}	INFO	[jepsen worker 0] jepsen.util: 0	:fail	:cas	[0 2]
2022-08-27 16:39:02,675{GMT}	INFO	[jepsen worker 0] jepsen.util: 0	:invoke	:write	4
2022-08-27 16:39:02,678{GMT}	INFO	[jepsen worker 0] jepsen.util: 0	:ok	:write	4
2022-08-27 16:39:02,696{GMT}	INFO	[jepsen worker 0] jepsen.util: 0	:invoke	:read	nil
2022-08-27 16:39:02,699{GMT}	INFO	[jepsen worker 0] jepsen.util: 0	:ok	:read	4
2022-08-27 16:39:02,707{GMT}	INFO	[jepsen worker 0] jepsen.util: 0	:invoke	:write	0
2022-08-27 16:39:02,709{GMT}	INFO	[jepsen worker 0] jepsen.util: 0	:ok	:write	0
2022-08-27 16:39:02,709{GMT}	INFO	[jepsen worker 0] jepsen.util: 0	:invoke	:write	0
2022-08-27 16:39:02,711{GMT}	INFO	[jepsen worker 0] jepsen.util: 0	:ok	:write	0
2022-08-27 16:39:02,725{GMT}	INFO	[jepsen worker 0] jepsen.util: 0	:invoke	:read	nil
2022-08-27 16:39:02,728{GMT}	INFO	[jepsen worker 0] jepsen.util: 0	:ok	:read	0
2022-08-27 16:39:02,752{GMT}	INFO	[jepsen worker 0] jepsen.util: 0	:invoke	:read	nil
2022-08-27 16:39:02,755{GMT}	INFO	[jepsen worker 0] jepsen.util: 0	:ok	:read	0
2022-08-27 16:39:02,769{GMT}	INFO	[jepsen worker 0] jepsen.util: 0	:invoke	:read	nil
2022-08-27 16:39:02,772{GMT}	INFO	[jepsen worker 0] jepsen.util: 0	:ok	:read	0
2022-08-27 16:39:02,788{GMT}	INFO	[jepsen worker 0] jepsen.util: 0	:invoke	:cas	[3 1]
2022-08-27 16:39:02,792{GMT}	INFO	[jepsen worker 0] jepsen.util: 0	:fail	:cas	[3 1]
2022-08-27 16:39:02,792{GMT}	INFO	[jepsen worker 0] jepsen.util: 0	:invoke	:cas	[4 4]
2022-08-27 16:39:02,795{GMT}	INFO	[jepsen worker 0] jepsen.util: 0	:fail	:cas	[4 4]
2022-08-27 16:39:02,822{GMT}	INFO	[jepsen worker 0] jepsen.util: 0	:invoke	:write	2
2022-08-27 16:39:02,825{GMT}	INFO	[jepsen worker 0] jepsen.util: 0	:ok	:write	2
2022-08-27 16:39:02,828{GMT}	INFO	[jepsen worker 0] jepsen.util: 0	:invoke	:cas	[3 1]
2022-08-27 16:39:02,831{GMT}	INFO	[jepsen worker 0] jepsen.util: 0	:fail	:cas	[3 1]
2022-08-27 16:39:02,842{GMT}	INFO	[jepsen worker 0] jepsen.util: 0	:invoke	:write	0
2022-08-27 16:39:02,845{GMT}	INFO	[jepsen worker 0] jepsen.util: 0	:ok	:write	0
2022-08-27 16:39:02,845{GMT}	INFO	[jepsen worker 0] jepsen.util: 0	:invoke	:cas	[3 3]
2022-08-27 16:39:02,848{GMT}	INFO	[jepsen worker 0] jepsen.util: 0	:fail	:cas	[3 3]
2022-08-27 16:39:02,857{GMT}	INFO	[jepsen worker 0] jepsen.util: 0	:invoke	:read	nil
2022-08-27 16:39:02,860{GMT}	INFO	[jepsen worker 0] jepsen.util: 0	:ok	:read	0
2022-08-27 16:39:02,893{GMT}	INFO	[jepsen worker 0] jepsen.util: 0	:invoke	:cas	[0 0]
2022-08-27 16:39:02,896{GMT}	INFO	[jepsen worker 0] jepsen.util: 0	:ok	:cas	[0 0]
2022-08-27 16:39:02,921{GMT}	INFO	[jepsen worker 0] jepsen.util: 0	:invoke	:write	0
2022-08-27 16:39:02,924{GMT}	INFO	[jepsen worker 0] jepsen.util: 0	:ok	:write	0
2022-08-27 16:39:02,924{GMT}	INFO	[jepsen worker 0] jepsen.util: 0	:invoke	:write	1
2022-08-27 16:39:02,927{GMT}	INFO	[jepsen worker 0] jepsen.util: 0	:ok	:write	1
2022-08-27 16:39:02,954{GMT}	INFO	[jepsen worker 0] jepsen.util: 0	:invoke	:cas	[4 2]
2022-08-27 16:39:02,958{GMT}	INFO	[jepsen worker 0] jepsen.util: 0	:fail	:cas	[4 2]
2022-08-27 16:39:02,976{GMT}	INFO	[jepsen worker 0] jepsen.util: 0	:invoke	:write	2
2022-08-27 16:39:02,979{GMT}	INFO	[jepsen worker 0] jepsen.util: 0	:ok	:write	2
2022-08-27 16:39:02,981{GMT}	INFO	[jepsen worker 0] jepsen.util: 0	:invoke	:read	nil
2022-08-27 16:39:02,984{GMT}	INFO	[jepsen worker 0] jepsen.util: 0	:ok	:read	2
2022-08-27 16:39:03,006{GMT}	INFO	[jepsen worker 0] jepsen.util: 0	:invoke	:cas	[2 3]
2022-08-27 16:39:03,009{GMT}	INFO	[jepsen worker 0] jepsen.util: 0	:ok	:cas	[2 3]
2022-08-27 16:39:03,040{GMT}	INFO	[jepsen worker 0] jepsen.util: 0	:invoke	:read	nil
2022-08-27 16:39:03,043{GMT}	INFO	[jepsen worker 0] jepsen.util: 0	:ok	:read	3
2022-08-27 16:39:03,076{GMT}	INFO	[jepsen worker 0] jepsen.util: 0	:invoke	:cas	[4 4]
2022-08-27 16:39:03,079{GMT}	INFO	[jepsen worker 0] jepsen.util: 0	:fail	:cas	[4 4]
2022-08-27 16:39:03,104{GMT}	INFO	[jepsen worker 0] jepsen.util: 0	:invoke	:cas	[0 2]
2022-08-27 16:39:03,108{GMT}	INFO	[jepsen worker 0] jepsen.util: 0	:fail	:cas	[0 2]
2022-08-27 16:39:03,143{GMT}	INFO	[jepsen worker 0] jepsen.util: 0	:invoke	:cas	[1 0]
2022-08-27 16:39:03,147{GMT}	INFO	[jepsen worker 0] jepsen.util: 0	:fail	:cas	[1 0]
2022-08-27 16:39:03,160{GMT}	INFO	[jepsen worker 0] jepsen.util: 0	:invoke	:read	nil
2022-08-27 16:39:03,163{GMT}	INFO	[jepsen worker 0] jepsen.util: 0	:ok	:read	3
2022-08-27 16:39:03,186{GMT}	INFO	[jepsen worker 0] jepsen.util: 0	:invoke	:read	nil
2022-08-27 16:39:03,189{GMT}	INFO	[jepsen worker 0] jepsen.util: 0	:ok	:read	3
2022-08-27 16:39:03,198{GMT}	INFO	[jepsen worker 0] jepsen.util: 0	:invoke	:cas	[3 3]
2022-08-27 16:39:03,202{GMT}	INFO	[jepsen worker 0] jepsen.util: 0	:ok	:cas	[3 3]
2022-08-27 16:39:03,216{GMT}	INFO	[jepsen worker 0] jepsen.util: 0	:invoke	:write	1
2022-08-27 16:39:03,219{GMT}	INFO	[jepsen worker 0] jepsen.util: 0	:ok	:write	1
2022-08-27 16:39:03,219{GMT}	INFO	[jepsen worker 0] jepsen.util: 0	:invoke	:write	1
2022-08-27 16:39:03,222{GMT}	INFO	[jepsen worker 0] jepsen.util: 0	:ok	:write	1
2022-08-27 16:39:03,250{GMT}	INFO	[jepsen worker 0] jepsen.util: 0	:invoke	:cas	[2 2]
2022-08-27 16:39:03,254{GMT}	INFO	[jepsen worker 0] jepsen.util: 0	:fail	:cas	[2 2]
2022-08-27 16:39:03,277{GMT}	INFO	[jepsen worker 0] jepsen.util: 0	:invoke	:write	3
2022-08-27 16:39:03,280{GMT}	INFO	[jepsen worker 0] jepsen.util: 0	:ok	:write	3
2022-08-27 16:39:03,305{GMT}	INFO	[jepsen worker 0] jepsen.util: 0	:invoke	:read	nil
2022-08-27 16:39:03,309{GMT}	INFO	[jepsen worker 0] jepsen.util: 0	:ok	:read	3
2022-08-27 16:39:03,309{GMT}	INFO	[jepsen worker 0] jepsen.util: 0	:invoke	:cas	[3 0]
2022-08-27 16:39:03,311{GMT}	INFO	[jepsen worker 0] jepsen.util: 0	:ok	:cas	[3 0]
2022-08-27 16:39:03,313{GMT}	INFO	[jepsen worker 0] jepsen.util: 0	:invoke	:write	1
2022-08-27 16:39:03,315{GMT}	INFO	[jepsen worker 0] jepsen.util: 0	:ok	:write	1
2022-08-27 16:39:03,327{GMT}	INFO	[jepsen worker 0] jepsen.util: 0	:invoke	:read	nil
2022-08-27 16:39:03,330{GMT}	INFO	[jepsen worker 0] jepsen.util: 0	:ok	:read	1
2022-08-27 16:39:03,356{GMT}	INFO	[jepsen worker 0] jepsen.util: 0	:invoke	:cas	[2 3]
2022-08-27 16:39:03,360{GMT}	INFO	[jepsen worker 0] jepsen.util: 0	:fail	:cas	[2 3]
2022-08-27 16:39:03,379{GMT}	INFO	[jepsen worker 0] jepsen.util: 0	:invoke	:write	0
2022-08-27 16:39:03,382{GMT}	INFO	[jepsen worker 0] jepsen.util: 0	:ok	:write	0
2022-08-27 16:39:03,382{GMT}	INFO	[jepsen worker 0] jepsen.util: 0	:invoke	:read	nil
2022-08-27 16:39:03,384{GMT}	INFO	[jepsen worker 0] jepsen.util: 0	:ok	:read	0
2022-08-27 16:39:03,412{GMT}	INFO	[jepsen worker 0] jepsen.util: 0	:invoke	:write	2
2022-08-27 16:39:03,415{GMT}	INFO	[jepsen worker 0] jepsen.util: 0	:ok	:write	2
2022-08-27 16:39:03,423{GMT}	INFO	[jepsen worker 0] jepsen.util: 0	:invoke	:read	nil
2022-08-27 16:39:03,425{GMT}	INFO	[jepsen worker 0] jepsen.util: 0	:ok	:read	2
2022-08-27 16:39:03,430{GMT}	INFO	[jepsen worker 0] jepsen.util: 0	:invoke	:cas	[2 3]
2022-08-27 16:39:03,431{GMT}	INFO	[jepsen worker 0] jepsen.util: 0	:ok	:cas	[2 3]
2022-08-27 16:39:03,433{GMT}	INFO	[jepsen worker 0] jepsen.util: 0	:invoke	:read	nil
2022-08-27 16:39:03,434{GMT}	INFO	[jepsen worker 0] jepsen.util: 0	:ok	:read	3
2022-08-27 16:39:03,447{GMT}	INFO	[jepsen worker 0] jepsen.util: 0	:invoke	:cas	[0 4]
2022-08-27 16:39:03,448{GMT}	INFO	[jepsen worker 0] jepsen.util: 0	:fail	:cas	[0 4]
2022-08-27 16:39:03,476{GMT}	INFO	[jepsen worker 0] jepsen.util: 0	:invoke	:read	nil
2022-08-27 16:39:03,477{GMT}	INFO	[jepsen worker 0] jepsen.util: 0	:ok	:read	3
2022-08-27 16:39:03,494{GMT}	INFO	[jepsen worker 0] jepsen.util: 0	:invoke	:write	4
2022-08-27 16:39:03,497{GMT}	INFO	[jepsen worker 0] jepsen.util: 0	:ok	:write	4
2022-08-27 16:39:03,497{GMT}	INFO	[jepsen worker 0] jepsen.util: 0	:invoke	:write	1
2022-08-27 16:39:03,499{GMT}	INFO	[jepsen worker 0] jepsen.util: 0	:ok	:write	1
2022-08-27 16:39:03,511{GMT}	INFO	[jepsen worker 0] jepsen.util: 0	:invoke	:cas	[4 0]
2022-08-27 16:39:03,514{GMT}	INFO	[jepsen worker 0] jepsen.util: 0	:fail	:cas	[4 0]
2022-08-27 16:39:03,538{GMT}	INFO	[jepsen worker 0] jepsen.util: 0	:invoke	:cas	[1 0]
2022-08-27 16:39:03,541{GMT}	INFO	[jepsen worker 0] jepsen.util: 0	:ok	:cas	[1 0]
2022-08-27 16:39:03,562{GMT}	INFO	[jepsen worker 0] jepsen.util: 0	:invoke	:write	0
2022-08-27 16:39:03,564{GMT}	INFO	[jepsen worker 0] jepsen.util: 0	:ok	:write	0
2022-08-27 16:39:03,571{GMT}	INFO	[jepsen worker 0] jepsen.util: 0	:invoke	:cas	[3 1]
2022-08-27 16:39:03,574{GMT}	INFO	[jepsen worker 0] jepsen.util: 0	:fail	:cas	[3 1]
2022-08-27 16:39:03,574{GMT}	INFO	[jepsen worker 0] jepsen.util: 0	:invoke	:read	nil
2022-08-27 16:39:03,576{GMT}	INFO	[jepsen worker 0] jepsen.util: 0	:ok	:read	0
2022-08-27 16:39:03,605{GMT}	INFO	[jepsen worker 0] jepsen.util: 0	:invoke	:cas	[0 2]
2022-08-27 16:39:03,608{GMT}	INFO	[jepsen worker 0] jepsen.util: 0	:ok	:cas	[0 2]
2022-08-27 16:39:03,642{GMT}	INFO	[jepsen worker 0] jepsen.util: 0	:invoke	:read	nil
2022-08-27 16:39:03,645{GMT}	INFO	[jepsen worker 0] jepsen.util: 0	:ok	:read	2
2022-08-27 16:39:03,665{GMT}	INFO	[jepsen worker 0] jepsen.util: 0	:invoke	:read	nil
2022-08-27 16:39:03,668{GMT}	INFO	[jepsen worker 0] jepsen.util: 0	:ok	:read	2
2022-08-27 16:39:03,676{GMT}	INFO	[jepsen worker 0] jepsen.util: 0	:invoke	:read	nil
2022-08-27 16:39:03,678{GMT}	INFO	[jepsen worker 0] jepsen.util: 0	:ok	:read	2
2022-08-27 16:39:03,701{GMT}	INFO	[jepsen worker 0] jepsen.util: 0	:invoke	:read	nil
2022-08-27 16:39:03,704{GMT}	INFO	[jepsen worker 0] jepsen.util: 0	:ok	:read	2
2022-08-27 16:39:03,731{GMT}	INFO	[jepsen worker 0] jepsen.util: 0	:invoke	:cas	[0 2]
2022-08-27 16:39:03,734{GMT}	INFO	[jepsen worker 0] jepsen.util: 0	:fail	:cas	[0 2]
2022-08-27 16:39:03,767{GMT}	INFO	[jepsen worker 0] jepsen.util: 0	:invoke	:read	nil
2022-08-27 16:39:03,770{GMT}	INFO	[jepsen worker 0] jepsen.util: 0	:ok	:read	2
2022-08-27 16:39:03,805{GMT}	INFO	[jepsen worker 0] jepsen.util: 0	:invoke	:read	nil
2022-08-27 16:39:03,808{GMT}	INFO	[jepsen worker 0] jepsen.util: 0	:ok	:read	2
2022-08-27 16:39:03,836{GMT}	INFO	[jepsen worker 0] jepsen.util: 0	:invoke	:write	3
2022-08-27 16:39:03,839{GMT}	INFO	[jepsen worker 0] jepsen.util: 0	:ok	:write	3
2022-08-27 16:39:03,874{GMT}	INFO	[jepsen worker 0] jepsen.util: 0	:invoke	:write	1
2022-08-27 16:39:03,877{GMT}	INFO	[jepsen worker 0] jepsen.util: 0	:ok	:write	1
2022-08-27 16:39:03,880{GMT}	INFO	[jepsen worker 0] jepsen.util: 0	:invoke	:cas	[3 2]
2022-08-27 16:39:03,883{GMT}	INFO	[jepsen worker 0] jepsen.util: 0	:fail	:cas	[3 2]
2022-08-27 16:39:03,891{GMT}	INFO	[jepsen worker 0] jepsen.util: 0	:invoke	:read	nil
2022-08-27 16:39:03,894{GMT}	INFO	[jepsen worker 0] jepsen.util: 0	:ok	:read	1
2022-08-27 16:39:03,921{GMT}	INFO	[jepsen worker 0] jepsen.util: 0	:invoke	:write	2
2022-08-27 16:39:03,924{GMT}	INFO	[jepsen worker 0] jepsen.util: 0	:ok	:write	2
2022-08-27 16:39:03,945{GMT}	INFO	[jepsen worker 0] jepsen.util: 0	:invoke	:write	3
2022-08-27 16:39:03,949{GMT}	INFO	[jepsen worker 0] jepsen.util: 0	:ok	:write	3
2022-08-27 16:39:03,966{GMT}	INFO	[jepsen worker 0] jepsen.util: 0	:invoke	:read	nil
2022-08-27 16:39:03,969{GMT}	INFO	[jepsen worker 0] jepsen.util: 0	:ok	:read	3
2022-08-27 16:39:03,998{GMT}	INFO	[jepsen worker 0] jepsen.util: 0	:invoke	:read	nil
2022-08-27 16:39:04,001{GMT}	INFO	[jepsen worker 0] jepsen.util: 0	:ok	:read	3
2022-08-27 16:39:04,020{GMT}	INFO	[jepsen worker 0] jepsen.util: 0	:invoke	:cas	[1 3]
2022-08-27 16:39:04,023{GMT}	INFO	[jepsen worker 0] jepsen.util: 0	:fail	:cas	[1 3]
2022-08-27 16:39:04,046{GMT}	INFO	[jepsen worker 0] jepsen.util: 0	:invoke	:read	nil
2022-08-27 16:39:04,049{GMT}	INFO	[jepsen worker 0] jepsen.util: 0	:ok	:read	3
2022-08-27 16:39:04,066{GMT}	INFO	[jepsen worker 0] jepsen.util: 0	:invoke	:read	nil
2022-08-27 16:39:04,069{GMT}	INFO	[jepsen worker 0] jepsen.util: 0	:ok	:read	3
2022-08-27 16:39:04,071{GMT}	INFO	[jepsen worker 0] jepsen.util: 0	:invoke	:write	4
2022-08-27 16:39:04,073{GMT}	INFO	[jepsen worker 0] jepsen.util: 0	:ok	:write	4
2022-08-27 16:39:04,096{GMT}	INFO	[jepsen worker 0] jepsen.util: 0	:invoke	:read	nil
2022-08-27 16:39:04,099{GMT}	INFO	[jepsen worker 0] jepsen.util: 0	:ok	:read	4
2022-08-27 16:39:04,136{GMT}	INFO	[jepsen worker 0] jepsen.util: 0	:invoke	:read	nil
2022-08-27 16:39:04,139{GMT}	INFO	[jepsen worker 0] jepsen.util: 0	:ok	:read	4
2022-08-27 16:39:04,165{GMT}	INFO	[jepsen worker 0] jepsen.util: 0	:invoke	:cas	[0 4]
2022-08-27 16:39:04,169{GMT}	INFO	[jepsen worker 0] jepsen.util: 0	:fail	:cas	[0 4]
2022-08-27 16:39:04,198{GMT}	INFO	[jepsen worker 0] jepsen.util: 0	:invoke	:read	nil
2022-08-27 16:39:04,202{GMT}	INFO	[jepsen worker 0] jepsen.util: 0	:ok	:read	4
2022-08-27 16:39:04,214{GMT}	INFO	[jepsen worker 0] jepsen.util: 0	:invoke	:write	3
2022-08-27 16:39:04,217{GMT}	INFO	[jepsen worker 0] jepsen.util: 0	:ok	:write	3
2022-08-27 16:39:04,245{GMT}	INFO	[jepsen worker 0] jepsen.util: 0	:invoke	:cas	[3 2]
2022-08-27 16:39:04,248{GMT}	INFO	[jepsen worker 0] jepsen.util: 0	:ok	:cas	[3 2]
2022-08-27 16:39:04,251{GMT}	INFO	[jepsen worker 0] jepsen.util: 0	:invoke	:cas	[3 4]
2022-08-27 16:39:04,254{GMT}	INFO	[jepsen worker 0] jepsen.util: 0	:fail	:cas	[3 4]
2022-08-27 16:39:04,270{GMT}	INFO	[jepsen worker 0] jepsen.util: 0	:invoke	:cas	[2 4]
2022-08-27 16:39:04,273{GMT}	INFO	[jepsen worker 0] jepsen.util: 0	:ok	:cas	[2 4]
2022-08-27 16:39:04,277{GMT}	INFO	[jepsen worker 0] jepsen.util: 0	:invoke	:write	0
2022-08-27 16:39:04,279{GMT}	INFO	[jepsen worker 0] jepsen.util: 0	:ok	:write	0
2022-08-27 16:39:04,310{GMT}	INFO	[jepsen worker 0] jepsen.util: 0	:invoke	:cas	[4 3]
2022-08-27 16:39:04,314{GMT}	INFO	[jepsen worker 0] jepsen.util: 0	:fail	:cas	[4 3]
2022-08-27 16:39:04,336{GMT}	INFO	[jepsen worker 0] jepsen.util: 0	:invoke	:write	3
2022-08-27 16:39:04,339{GMT}	INFO	[jepsen worker 0] jepsen.util: 0	:ok	:write	3
2022-08-27 16:39:04,353{GMT}	INFO	[jepsen worker 0] jepsen.util: 0	:invoke	:read	nil
2022-08-27 16:39:04,356{GMT}	INFO	[jepsen worker 0] jepsen.util: 0	:ok	:read	3
2022-08-27 16:39:04,378{GMT}	INFO	[jepsen worker 0] jepsen.util: 0	:invoke	:read	nil
2022-08-27 16:39:04,381{GMT}	INFO	[jepsen worker 0] jepsen.util: 0	:ok	:read	3
2022-08-27 16:39:04,398{GMT}	INFO	[jepsen worker 0] jepsen.util: 0	:invoke	:write	1
2022-08-27 16:39:04,402{GMT}	INFO	[jepsen worker 0] jepsen.util: 0	:ok	:write	1
2022-08-27 16:39:04,422{GMT}	INFO	[jepsen worker 0] jepsen.util: 0	:invoke	:write	0
2022-08-27 16:39:04,425{GMT}	INFO	[jepsen worker 0] jepsen.util: 0	:ok	:write	0
2022-08-27 16:39:04,441{GMT}	INFO	[jepsen worker 0] jepsen.util: 0	:invoke	:write	3
2022-08-27 16:39:04,444{GMT}	INFO	[jepsen worker 0] jepsen.util: 0	:ok	:write	3
2022-08-27 16:39:04,444{GMT}	INFO	[jepsen worker 0] jepsen.util: 0	:invoke	:write	1
2022-08-27 16:39:04,447{GMT}	INFO	[jepsen worker 0] jepsen.util: 0	:ok	:write	1
2022-08-27 16:39:04,475{GMT}	INFO	[jepsen worker 0] jepsen.util: 0	:invoke	:cas	[4 4]
2022-08-27 16:39:04,478{GMT}	INFO	[jepsen worker 0] jepsen.util: 0	:fail	:cas	[4 4]
2022-08-27 16:39:04,508{GMT}	INFO	[jepsen worker 0] jepsen.util: 0	:invoke	:cas	[2 1]
2022-08-27 16:39:04,512{GMT}	INFO	[jepsen worker 0] jepsen.util: 0	:fail	:cas	[2 1]
2022-08-27 16:39:04,535{GMT}	INFO	[jepsen worker 0] jepsen.util: 0	:invoke	:cas	[2 0]
2022-08-27 16:39:04,538{GMT}	INFO	[jepsen worker 0] jepsen.util: 0	:fail	:cas	[2 0]
2022-08-27 16:39:04,564{GMT}	INFO	[jepsen worker 0] jepsen.util: 0	:invoke	:read	nil
2022-08-27 16:39:04,567{GMT}	INFO	[jepsen worker 0] jepsen.util: 0	:ok	:read	1
2022-08-27 16:39:04,569{GMT}	INFO	[jepsen worker 0] jepsen.util: 0	:invoke	:cas	[0 3]
2022-08-27 16:39:04,572{GMT}	INFO	[jepsen worker 0] jepsen.util: 0	:fail	:cas	[0 3]
2022-08-27 16:39:04,599{GMT}	INFO	[jepsen worker 0] jepsen.util: 0	:invoke	:cas	[4 0]
2022-08-27 16:39:04,602{GMT}	INFO	[jepsen worker 0] jepsen.util: 0	:fail	:cas	[4 0]
2022-08-27 16:39:04,623{GMT}	INFO	[jepsen worker 0] jepsen.util: 0	:invoke	:cas	[2 4]
2022-08-27 16:39:04,627{GMT}	INFO	[jepsen worker 0] jepsen.util: 0	:fail	:cas	[2 4]
2022-08-27 16:39:04,637{GMT}	INFO	[jepsen worker 0] jepsen.util: 0	:invoke	:read	nil
2022-08-27 16:39:04,640{GMT}	INFO	[jepsen worker 0] jepsen.util: 0	:ok	:read	1
2022-08-27 16:39:04,645{GMT}	INFO	[jepsen worker 0] jepsen.util: 0	:invoke	:write	0
2022-08-27 16:39:04,648{GMT}	INFO	[jepsen worker 0] jepsen.util: 0	:ok	:write	0
2022-08-27 16:39:04,652{GMT}	INFO	[jepsen worker 0] jepsen.util: 0	:invoke	:read	nil
2022-08-27 16:39:04,654{GMT}	INFO	[jepsen worker 0] jepsen.util: 0	:ok	:read	0
2022-08-27 16:39:04,665{GMT}	INFO	[jepsen worker 0] jepsen.util: 0	:invoke	:read	nil
2022-08-27 16:39:04,668{GMT}	INFO	[jepsen worker 0] jepsen.util: 0	:ok	:read	0
2022-08-27 16:39:04,702{GMT}	INFO	[jepsen worker 0] jepsen.util: 0	:invoke	:write	2
2022-08-27 16:39:04,705{GMT}	INFO	[jepsen worker 0] jepsen.util: 0	:ok	:write	2
2022-08-27 16:39:04,709{GMT}	INFO	[jepsen worker 0] jepsen.util: 0	:invoke	:cas	[2 3]
2022-08-27 16:39:04,711{GMT}	INFO	[jepsen worker 0] jepsen.util: 0	:ok	:cas	[2 3]
2022-08-27 16:39:04,735{GMT}	INFO	[jepsen worker 0] jepsen.util: 0	:invoke	:cas	[3 2]
2022-08-27 16:39:04,738{GMT}	INFO	[jepsen worker 0] jepsen.util: 0	:ok	:cas	[3 2]
2022-08-27 16:39:04,757{GMT}	INFO	[jepsen worker 0] jepsen.util: 0	:invoke	:read	nil
2022-08-27 16:39:04,760{GMT}	INFO	[jepsen worker 0] jepsen.util: 0	:ok	:read	2
2022-08-27 16:39:04,782{GMT}	INFO	[jepsen worker 0] jepsen.util: 0	:invoke	:read	nil
2022-08-27 16:39:04,785{GMT}	INFO	[jepsen worker 0] jepsen.util: 0	:ok	:read	2
2022-08-27 16:39:04,790{GMT}	INFO	[jepsen worker 0] jepsen.util: 0	:invoke	:read	nil
2022-08-27 16:39:04,793{GMT}	INFO	[jepsen worker 0] jepsen.util: 0	:ok	:read	2
2022-08-27 16:39:04,813{GMT}	INFO	[jepsen worker 0] jepsen.util: 0	:invoke	:cas	[4 3]
2022-08-27 16:39:04,817{GMT}	INFO	[jepsen worker 0] jepsen.util: 0	:fail	:cas	[4 3]
2022-08-27 16:39:04,838{GMT}	INFO	[jepsen worker 0] jepsen.util: 0	:invoke	:cas	[4 4]
2022-08-27 16:39:04,842{GMT}	INFO	[jepsen worker 0] jepsen.util: 0	:fail	:cas	[4 4]
2022-08-27 16:39:04,844{GMT}	INFO	[jepsen worker 0] jepsen.util: 0	:invoke	:write	3
2022-08-27 16:39:04,847{GMT}	INFO	[jepsen worker 0] jepsen.util: 0	:ok	:write	3
2022-08-27 16:39:04,879{GMT}	INFO	[jepsen worker 0] jepsen.util: 0	:invoke	:cas	[1 3]
2022-08-27 16:39:04,883{GMT}	INFO	[jepsen worker 0] jepsen.util: 0	:fail	:cas	[1 3]
2022-08-27 16:39:04,892{GMT}	INFO	[jepsen worker 0] jepsen.util: 0	:invoke	:write	2
2022-08-27 16:39:04,895{GMT}	INFO	[jepsen worker 0] jepsen.util: 0	:ok	:write	2
2022-08-27 16:39:04,919{GMT}	INFO	[jepsen worker 0] jepsen.util: 0	:invoke	:write	4
2022-08-27 16:39:04,922{GMT}	INFO	[jepsen worker 0] jepsen.util: 0	:ok	:write	4
2022-08-27 16:39:04,940{GMT}	INFO	[jepsen worker 0] jepsen.util: 0	:invoke	:cas	[1 1]
2022-08-27 16:39:04,945{GMT}	INFO	[jepsen worker 0] jepsen.util: 0	:fail	:cas	[1 1]
2022-08-27 16:39:04,964{GMT}	INFO	[jepsen worker 0] jepsen.util: 0	:invoke	:cas	[2 0]
2022-08-27 16:39:04,969{GMT}	INFO	[jepsen worker 0] jepsen.util: 0	:fail	:cas	[2 0]
2022-08-27 16:39:04,991{GMT}	INFO	[jepsen worker 0] jepsen.util: 0	:invoke	:write	0
2022-08-27 16:39:04,994{GMT}	INFO	[jepsen worker 0] jepsen.util: 0	:ok	:write	0
2022-08-27 16:39:05,028{GMT}	INFO	[jepsen worker 0] jepsen.util: 0	:invoke	:read	nil
2022-08-27 16:39:05,031{GMT}	INFO	[jepsen worker 0] jepsen.util: 0	:ok	:read	0
2022-08-27 16:39:05,039{GMT}	INFO	[jepsen worker 0] jepsen.util: 0	:invoke	:read	nil
2022-08-27 16:39:05,041{GMT}	INFO	[jepsen worker 0] jepsen.util: 0	:ok	:read	0
2022-08-27 16:39:05,041{GMT}	INFO	[jepsen worker 0] jepsen.util: 0	:invoke	:write	0
2022-08-27 16:39:05,044{GMT}	INFO	[jepsen worker 0] jepsen.util: 0	:ok	:write	0
2022-08-27 16:39:05,060{GMT}	INFO	[jepsen worker 0] jepsen.util: 0	:invoke	:cas	[4 2]
2022-08-27 16:39:05,064{GMT}	INFO	[jepsen worker 0] jepsen.util: 0	:fail	:cas	[4 2]
2022-08-27 16:39:05,072{GMT}	INFO	[jepsen worker 0] jepsen.util: 0	:invoke	:write	3
2022-08-27 16:39:05,075{GMT}	INFO	[jepsen worker 0] jepsen.util: 0	:ok	:write	3
2022-08-27 16:39:05,081{GMT}	INFO	[jepsen worker 0] jepsen.util: 0	:invoke	:write	1
2022-08-27 16:39:05,083{GMT}	INFO	[jepsen worker 0] jepsen.util: 0	:ok	:write	1
2022-08-27 16:39:05,092{GMT}	INFO	[jepsen worker 0] jepsen.util: 0	:invoke	:write	3
2022-08-27 16:39:05,094{GMT}	INFO	[jepsen worker 0] jepsen.util: 0	:ok	:write	3
2022-08-27 16:39:05,128{GMT}	INFO	[jepsen worker 0] jepsen.util: 0	:invoke	:write	4
2022-08-27 16:39:05,131{GMT}	INFO	[jepsen worker 0] jepsen.util: 0	:ok	:write	4
2022-08-27 16:39:05,162{GMT}	INFO	[jepsen worker 0] jepsen.util: 0	:invoke	:write	1
2022-08-27 16:39:05,165{GMT}	INFO	[jepsen worker 0] jepsen.util: 0	:ok	:write	1
2022-08-27 16:39:05,200{GMT}	INFO	[jepsen worker 0] jepsen.util: 0	:invoke	:write	0
2022-08-27 16:39:05,203{GMT}	INFO	[jepsen worker 0] jepsen.util: 0	:ok	:write	0
2022-08-27 16:39:05,203{GMT}	INFO	[jepsen worker 0] jepsen.util: 0	:invoke	:cas	[3 1]
2022-08-27 16:39:05,206{GMT}	INFO	[jepsen worker 0] jepsen.util: 0	:fail	:cas	[3 1]
2022-08-27 16:39:05,214{GMT}	INFO	[jepsen worker 0] jepsen.util: 0	:invoke	:cas	[2 3]
2022-08-27 16:39:05,217{GMT}	INFO	[jepsen worker 0] jepsen.util: 0	:fail	:cas	[2 3]
2022-08-27 16:39:05,236{GMT}	INFO	[jepsen worker 0] jepsen.util: 0	:invoke	:read	nil
2022-08-27 16:39:05,239{GMT}	INFO	[jepsen worker 0] jepsen.util: 0	:ok	:read	0
2022-08-27 16:39:05,275{GMT}	INFO	[jepsen worker 0] jepsen.util: 0	:invoke	:cas	[1 3]
2022-08-27 16:39:05,279{GMT}	INFO	[jepsen worker 0] jepsen.util: 0	:fail	:cas	[1 3]
2022-08-27 16:39:05,307{GMT}	INFO	[jepsen worker 0] jepsen.util: 0	:invoke	:read	nil
2022-08-27 16:39:05,310{GMT}	INFO	[jepsen worker 0] jepsen.util: 0	:ok	:read	0
2022-08-27 16:39:05,328{GMT}	INFO	[jepsen worker 0] jepsen.util: 0	:invoke	:cas	[4 3]
2022-08-27 16:39:05,331{GMT}	INFO	[jepsen worker 0] jepsen.util: 0	:fail	:cas	[4 3]
2022-08-27 16:39:05,331{GMT}	INFO	[jepsen worker 0] jepsen.util: 0	:invoke	:cas	[1 1]
2022-08-27 16:39:05,334{GMT}	INFO	[jepsen worker 0] jepsen.util: 0	:fail	:cas	[1 1]
2022-08-27 16:39:05,360{GMT}	INFO	[jepsen worker 0] jepsen.util: 0	:invoke	:cas	[4 0]
2022-08-27 16:39:05,364{GMT}	INFO	[jepsen worker 0] jepsen.util: 0	:fail	:cas	[4 0]
2022-08-27 16:39:05,367{GMT}	INFO	[jepsen worker 0] jepsen.util: 0	:invoke	:read	nil
2022-08-27 16:39:05,370{GMT}	INFO	[jepsen worker 0] jepsen.util: 0	:ok	:read	0
2022-08-27 16:39:05,371{GMT}	INFO	[jepsen worker 0] jepsen.util: 0	:invoke	:cas	[0 3]
2022-08-27 16:39:05,373{GMT}	INFO	[jepsen worker 0] jepsen.util: 0	:ok	:cas	[0 3]
2022-08-27 16:39:05,382{GMT}	INFO	[jepsen worker 0] jepsen.util: 0	:invoke	:write	1
2022-08-27 16:39:05,384{GMT}	INFO	[jepsen worker 0] jepsen.util: 0	:ok	:write	1
2022-08-27 16:39:05,389{GMT}	INFO	[jepsen worker 0] jepsen.util: 0	:invoke	:write	3
2022-08-27 16:39:05,392{GMT}	INFO	[jepsen worker 0] jepsen.util: 0	:ok	:write	3
2022-08-27 16:39:05,393{GMT}	INFO	[jepsen worker 0] jepsen.util: 0	:invoke	:cas	[2 2]
2022-08-27 16:39:05,396{GMT}	INFO	[jepsen worker 0] jepsen.util: 0	:fail	:cas	[2 2]
2022-08-27 16:39:05,402{GMT}	INFO	[jepsen worker 0] jepsen.util: 0	:invoke	:write	2
2022-08-27 16:39:05,405{GMT}	INFO	[jepsen worker 0] jepsen.util: 0	:ok	:write	2
2022-08-27 16:39:05,417{GMT}	INFO	[jepsen worker 0] jepsen.util: 0	:invoke	:write	0
2022-08-27 16:39:05,420{GMT}	INFO	[jepsen worker 0] jepsen.util: 0	:ok	:write	0
2022-08-27 16:39:05,441{GMT}	INFO	[jepsen worker 0] jepsen.util: 0	:invoke	:cas	[3 0]
2022-08-27 16:39:05,445{GMT}	INFO	[jepsen worker 0] jepsen.util: 0	:fail	:cas	[3 0]
2022-08-27 16:39:05,479{GMT}	INFO	[jepsen worker 0] jepsen.util: 0	:invoke	:cas	[1 3]
2022-08-27 16:39:05,483{GMT}	INFO	[jepsen worker 0] jepsen.util: 0	:fail	:cas	[1 3]
2022-08-27 16:39:05,487{GMT}	INFO	[jepsen worker 0] jepsen.util: 0	:invoke	:cas	[2 4]
2022-08-27 16:39:05,490{GMT}	INFO	[jepsen worker 0] jepsen.util: 0	:fail	:cas	[2 4]
2022-08-27 16:39:05,512{GMT}	INFO	[jepsen worker 0] jepsen.util: 0	:invoke	:read	nil
2022-08-27 16:39:05,515{GMT}	INFO	[jepsen worker 0] jepsen.util: 0	:ok	:read	0
2022-08-27 16:39:05,522{GMT}	INFO	[jepsen worker 0] jepsen.util: 0	:invoke	:cas	[4 1]
2022-08-27 16:39:05,525{GMT}	INFO	[jepsen worker 0] jepsen.util: 0	:fail	:cas	[4 1]
2022-08-27 16:39:05,555{GMT}	INFO	[jepsen worker 0] jepsen.util: 0	:invoke	:cas	[3 0]
2022-08-27 16:39:05,559{GMT}	INFO	[jepsen worker 0] jepsen.util: 0	:fail	:cas	[3 0]
2022-08-27 16:39:05,581{GMT}	INFO	[jepsen worker 0] jepsen.util: 0	:invoke	:cas	[2 4]
2022-08-27 16:39:05,584{GMT}	INFO	[jepsen worker 0] jepsen.util: 0	:fail	:cas	[2 4]
2022-08-27 16:39:05,588{GMT}	INFO	[jepsen worker 0] jepsen.util: 0	:invoke	:read	nil
2022-08-27 16:39:05,591{GMT}	INFO	[jepsen worker 0] jepsen.util: 0	:ok	:read	0
2022-08-27 16:39:05,831{GMT}	INFO	[jepsen test runner] jepsen.core: Run complete, writing
2022-08-27 16:39:05,862{GMT}	INFO	[jepsen test runner] jepsen.core: Analyzing...
2022-08-27 16:39:05,900{GMT}	INFO	[jepsen test runner] jepsen.core: Analysis complete
2022-08-27 16:39:05,905{GMT}	INFO	[jepsen results] jepsen.store: Wrote /home/codedump/source/jepsen.etcdemo/store/etcd/20220827T163842.000+0800/results.edn
2022-08-27 16:39:05,913{GMT}	INFO	[jepsen node localhost] jepsen.etcdemo: localhost tearing down etcd
2022-08-27 16:39:05,913{GMT}	INFO	[jepsen node localhost] jepsen.control.util: Stopping etcd
2022-08-27 16:39:06,244{GMT}	INFO	[jepsen test runner] jepsen.core: {:valid? true,
 :configs
 ({:model {:value 0},
   :last-op
   {:process 0,
    :type :ok,
    :f :read,
    :value 0,
    :index 1001,
    :time 10195814300},
   :pending []}),
 :analyzer :linear,
 :final-paths ()}


Everything looks good! (`)
