2022-08-27 16:12:38,043{GMT}	INFO	[jepsen test runner] jepsen.core: Command line:
lein run test --node localhost --username codedump --password 123456
2022-08-27 16:12:38,068{GMT}	INFO	[jepsen test runner] jepsen.core: Running test:
{:remote #jepsen.control.SSHRemote{:session nil}
 :concurrency 1
 :db
 #object[jepsen.etcdemo$db$reify__2461
         "0x634d56eb"
         "jepsen.etcdemo$db$reify__2461@634d56eb"]
 :leave-db-running? false
 :name "etcd"
 :logging-json? false
 :start-time
 #object[org.joda.time.DateTime "0x45dfb6a4" "2022-08-27T16:12:38.000+08:00"]
 :net
 #object[jepsen.net$reify__9085 "0x202ba60a" "jepsen.net$reify__9085@202ba60a"]
 :client #jepsen.etcdemo.Client{:conn nil}
 :barrier
 #object[java.util.concurrent.CyclicBarrier
         "0x12ebcdf6"
         "java.util.concurrent.CyclicBarrier@12ebcdf6"]
 :pure-generators true
 :ssh
 {:dummy? false,
  :username "codedump",
  :password "123456",
  :strict-host-key-checking false,
  :private-key-path nil}
 :checker
 #object[jepsen.checker$linearizable$reify__8632
         "0x30dd23e2"
         "jepsen.checker$linearizable$reify__8632@30dd23e2"]
 :argv
 ("test" "--node" "localhost" "--username" "codedump" "--password" "123456")
 :nemesis
 #object[jepsen.nemesis$reify__9186
         "0x88fc9cb"
         "jepsen.nemesis$reify__9186@88fc9cb"]
 :active-histories
 #object[clojure.lang.Atom "0x160d68b8" {:status :ready, :val #{}}]
 :nodes ["localhost"]
 :test-count 1
 :generator
 (jepsen.generator.TimeLimit
  {:limit 15000000000,
   :cutoff nil,
   :gen (jepsen.generator.Any
         {:gens [(jepsen.generator.OnThreads {:f #{:nemesis}, :gen nil})
                 (jepsen.generator.OnThreads
                  {:f #object[clojure.core$complement$fn__5654
                              "0x768f2398"
                              "clojure.core$complement$fn__5654@768f2398"],
                   :gen (jepsen.generator.Stagger
                         {:dt 2000000000,
                          :next-time nil,
                          :gen (jepsen.generator.Mix
                                {:i 2,
                                 :gens [#object[jepsen.etcdemo$r
                                                "0x1f4fa465"
                                                "jepsen.etcdemo$r@1f4fa465"]
                                        #object[jepsen.etcdemo$w
                                                "0x1e65c4d"
                                                "jepsen.etcdemo$w@1e65c4d"]
                                        #object[jepsen.etcdemo$cas
                                                "0x6b888692"
                                                "jepsen.etcdemo$cas@6b888692"]]})})})]})})
 :os
 #object[jepsen.os.ubuntu.Ubuntu
         "0x6414eb98"
         "jepsen.os.ubuntu.Ubuntu@6414eb98"]
 :time-limit 60}

2022-08-27 16:12:38,168{GMT}	INFO	[jepsen node localhost] jepsen.os.ubuntu: localhost setting up ubuntu
2022-08-27 16:12:38,947{GMT}	INFO	[jepsen test runner] jepsen.db: Tearing down DB
2022-08-27 16:12:38,949{GMT}	INFO	[jepsen node localhost] jepsen.etcdemo: localhost tearing down etcd
2022-08-27 16:12:38,949{GMT}	INFO	[jepsen node localhost] jepsen.control.util: Stopping etcd
2022-08-27 16:12:39,258{GMT}	INFO	[jepsen test runner] jepsen.db: Setting up DB
2022-08-27 16:12:39,259{GMT}	INFO	[jepsen node localhost] jepsen.etcdemo: localhost installing etcd v3.1.5
2022-08-27 16:12:40,481{GMT}	INFO	[jepsen node localhost] jepsen.control.util: starting etcd
2022-08-27 16:12:50,687{GMT}	INFO	[jepsen test runner] jepsen.core: Relative time begins now
2022-08-27 16:12:50,713{GMT}	INFO	[jepsen worker 0] jepsen.util: 0	:invoke	:cas	[3 1]
2022-08-27 16:12:50,760{GMT}	INFO	[jepsen worker 0] jepsen.util: 0	:fail	:cas	[3 1]	:not-found
2022-08-27 16:12:50,936{GMT}	INFO	[jepsen worker 0] jepsen.util: 0	:invoke	:read	nil
2022-08-27 16:12:50,939{GMT}	INFO	[jepsen worker 0] jepsen.util: 0	:ok	:read	nil
2022-08-27 16:12:51,748{GMT}	INFO	[jepsen worker 0] jepsen.util: 0	:invoke	:cas	[0 2]
2022-08-27 16:12:51,755{GMT}	INFO	[jepsen worker 0] jepsen.util: 0	:fail	:cas	[0 2]	:not-found
2022-08-27 16:12:52,796{GMT}	INFO	[jepsen worker 0] jepsen.util: 0	:invoke	:read	nil
2022-08-27 16:12:52,802{GMT}	INFO	[jepsen worker 0] jepsen.util: 0	:ok	:read	nil
2022-08-27 16:12:54,753{GMT}	INFO	[jepsen worker 0] jepsen.util: 0	:invoke	:read	nil
2022-08-27 16:12:54,759{GMT}	INFO	[jepsen worker 0] jepsen.util: 0	:ok	:read	nil
2022-08-27 16:12:56,086{GMT}	INFO	[jepsen worker 0] jepsen.util: 0	:invoke	:read	nil
2022-08-27 16:12:56,091{GMT}	INFO	[jepsen worker 0] jepsen.util: 0	:ok	:read	nil
2022-08-27 16:12:57,609{GMT}	INFO	[jepsen worker 0] jepsen.util: 0	:invoke	:cas	[4 2]
2022-08-27 16:12:57,614{GMT}	INFO	[jepsen worker 0] jepsen.util: 0	:fail	:cas	[4 2]	:not-found
2022-08-27 16:12:58,296{GMT}	INFO	[jepsen worker 0] jepsen.util: 0	:invoke	:write	2
2022-08-27 16:12:58,301{GMT}	INFO	[jepsen worker 0] jepsen.util: 0	:ok	:write	2
2022-08-27 16:12:59,099{GMT}	INFO	[jepsen worker 0] jepsen.util: 0	:invoke	:cas	[4 1]
2022-08-27 16:12:59,105{GMT}	INFO	[jepsen worker 0] jepsen.util: 0	:fail	:cas	[4 1]
2022-08-27 16:13:00,433{GMT}	INFO	[jepsen worker 0] jepsen.util: 0	:invoke	:read	nil
2022-08-27 16:13:00,437{GMT}	INFO	[jepsen worker 0] jepsen.util: 0	:ok	:read	2
2022-08-27 16:13:02,389{GMT}	INFO	[jepsen worker 0] jepsen.util: 0	:invoke	:write	4
2022-08-27 16:13:02,394{GMT}	INFO	[jepsen worker 0] jepsen.util: 0	:ok	:write	4
2022-08-27 16:13:03,446{GMT}	INFO	[jepsen worker 0] jepsen.util: 0	:invoke	:read	nil
2022-08-27 16:13:03,450{GMT}	INFO	[jepsen worker 0] jepsen.util: 0	:ok	:read	4
2022-08-27 16:13:05,130{GMT}	INFO	[jepsen worker 0] jepsen.util: 0	:invoke	:write	3
2022-08-27 16:13:05,134{GMT}	INFO	[jepsen worker 0] jepsen.util: 0	:ok	:write	3
2022-08-27 16:13:05,136{GMT}	INFO	[jepsen test runner] jepsen.core: Run complete, writing
2022-08-27 16:13:05,147{GMT}	INFO	[jepsen test runner] jepsen.core: Analyzing...
2022-08-27 16:13:05,181{GMT}	INFO	[jepsen test runner] jepsen.core: Analysis complete
2022-08-27 16:13:05,187{GMT}	INFO	[jepsen results] jepsen.store: Wrote /home/codedump/source/jepsen.etcdemo/store/etcd/20220827T161238.000+0800/results.edn
2022-08-27 16:13:05,189{GMT}	INFO	[jepsen node localhost] jepsen.etcdemo: localhost tearing down etcd
2022-08-27 16:13:05,189{GMT}	INFO	[jepsen node localhost] jepsen.control.util: Stopping etcd
2022-08-27 16:13:05,508{GMT}	INFO	[jepsen test runner] jepsen.core: {:valid? true,
 :configs
 ({:model {:value 3},
   :last-op
   {:process 0,
    :type :ok,
    :f :write,
    :value 3,
    :index 25,
    :time 14448174408},
   :pending []}),
 :analyzer :linear,
 :final-paths ()}


Everything looks good! ヽ(‘ー`)ノ
