2022-08-25 18:47:30,898{GMT}	INFO	[jepsen test runner] jepsen.core: Command line:
lein run test --node localhost --username codedump --password 123456
2022-08-25 18:47:30,912{GMT}	INFO	[jepsen test runner] jepsen.core: Running test:
{:remote #jepsen.control.SSHRemote{:session nil}
 :concurrency 1
 :db
 #object[jepsen.etcdemo$db$reify__346
         "0x6f9a3325"
         "jepsen.etcdemo$db$reify__346@6f9a3325"]
 :leave-db-running? false
 :name "etcd"
 :logging-json? false
 :start-time
 #object[org.joda.time.DateTime "0xecf028c" "2022-08-25T18:47:30.000+08:00"]
 :net
 #object[jepsen.net$reify__9085 "0x7b64bbad" "jepsen.net$reify__9085@7b64bbad"]
 :client
 #object[jepsen.client$reify__8924
         "0x71eff6a3"
         "jepsen.client$reify__8924@71eff6a3"]
 :barrier
 #object[java.util.concurrent.CyclicBarrier
         "0x574218f"
         "java.util.concurrent.CyclicBarrier@574218f"]
 :pure-generators true
 :ssh
 {:dummy? false,
  :username "codedump",
  :password "123456",
  :strict-host-key-checking false,
  :private-key-path nil}
 :checker
 #object[jepsen.checker$unbridled_optimism$reify__8609
         "0x735988cf"
         "jepsen.checker$unbridled_optimism$reify__8609@735988cf"]
 :argv
 ("test" "--node" "localhost" "--username" "codedump" "--password" "123456")
 :nemesis
 #object[jepsen.nemesis$reify__9186
         "0x2d3eecda"
         "jepsen.nemesis$reify__9186@2d3eecda"]
 :active-histories
 #object[clojure.lang.Atom "0x6294e4a6" {:status :ready, :val #{}}]
 :nodes ["localhost"]
 :test-count 1
 :generator nil
 :os
 #object[jepsen.os.ubuntu.Ubuntu
         "0x6ef4297d"
         "jepsen.os.ubuntu.Ubuntu@6ef4297d"]
 :time-limit 60}

2022-08-25 18:47:31,054{GMT}	INFO	[jepsen node localhost] jepsen.os.ubuntu: localhost setting up ubuntu
2022-08-25 18:47:31,821{GMT}	INFO	[jepsen test runner] jepsen.db: Tearing down DB
2022-08-25 18:47:31,822{GMT}	INFO	[jepsen node localhost] jepsen.etcdemo: localhost tearing down etcd
2022-08-25 18:47:31,824{GMT}	INFO	[jepsen test runner] jepsen.db: Setting up DB
2022-08-25 18:47:31,826{GMT}	INFO	[jepsen node localhost] jepsen.etcdemo: localhost installing etcd v3.1.5
2022-08-25 18:47:31,936{GMT}	INFO	[jepsen node localhost] jepsen.control.util: Downloading https://storage.googleapis.com/etcd/v3.1.5/etcd-v3.1.5-linux-amd64.tar.gz
2022-08-25 18:47:34,762{GMT}	INFO	[jepsen test runner] jepsen.core: Relative time begins now
2022-08-25 18:47:34,794{GMT}	INFO	[jepsen test runner] jepsen.core: Run complete, writing
2022-08-25 18:47:34,806{GMT}	INFO	[jepsen test runner] jepsen.core: Analyzing...
2022-08-25 18:47:34,807{GMT}	INFO	[jepsen test runner] jepsen.core: Analysis complete
2022-08-25 18:47:34,809{GMT}	INFO	[jepsen results] jepsen.store: Wrote /home/codedump/source/jepsen.etcdemo/store/etcd/20220825T184730.000+0800/results.edn
2022-08-25 18:47:34,811{GMT}	INFO	[jepsen node localhost] jepsen.etcdemo: localhost tearing down etcd
2022-08-25 18:47:34,817{GMT}	INFO	[jepsen test runner] jepsen.core: {:valid? true}


Everything looks good! ヽ(‘ー`)ノ
