2022-08-27 16:27:18,183{GMT}	INFO	[jepsen test runner] jepsen.core: Command line:
lein run test --node localhost --username codedump --password 123456
2022-08-27 16:27:18,208{GMT}	INFO	[jepsen test runner] jepsen.core: Running test:
{:remote #jepsen.control.SSHRemote{:session nil}
 :concurrency 1
 :db
 #object[jepsen.etcdemo$db$reify__2513
         "0x4509414e"
         "jepsen.etcdemo$db$reify__2513@4509414e"]
 :leave-db-running? false
 :name "etcd"
 :logging-json? false
 :start-time
 #object[org.joda.time.DateTime "0x3f7a7ce6" "2022-08-27T16:27:18.000+08:00"]
 :net
 #object[jepsen.net$reify__9085 "0x1de6689c" "jepsen.net$reify__9085@1de6689c"]
 :client #jepsen.etcdemo.Client{:conn nil}
 :barrier
 #object[java.util.concurrent.CyclicBarrier
         "0x3d8512e9"
         "java.util.concurrent.CyclicBarrier@3d8512e9"]
 :pure-generators true
 :ssh
 {:dummy? false,
  :username "codedump",
  :password "123456",
  :strict-host-key-checking false,
  :private-key-path nil}
 :checker
 #object[jepsen.checker$linearizable$reify__8632
         "0x46f597f1"
         "jepsen.checker$linearizable$reify__8632@46f597f1"]
 :argv
 ("test" "--node" "localhost" "--username" "codedump" "--password" "123456")
 :nemesis
 #object[jepsen.nemesis$reify__9186
         "0x2a045e85"
         "jepsen.nemesis$reify__9186@2a045e85"]
 :active-histories
 #object[clojure.lang.Atom "0x73d7e7aa" {:status :ready, :val #{}}]
 :nodes ["localhost"]
 :test-count 1
 :generator
 (jepsen.generator.TimeLimit
  {:limit 15000000000,
   :cutoff nil,
   :gen (jepsen.generator.Any
         {:gens [(jepsen.generator.OnThreads {:f #{:nemesis}, :gen nil})
                 (jepsen.generator.OnThreads
                  {:f #object[clojure.core$complement$fn__5654
                              "0x2ac0cb64"
                              "clojure.core$complement$fn__5654@2ac0cb64"],
                   :gen (jepsen.generator.Stagger
                         {:dt 2000000000,
                          :next-time nil,
                          :gen (jepsen.generator.Mix
                                {:i 2,
                                 :gens [#object[jepsen.etcdemo$r
                                                "0x7be3a837"
                                                "jepsen.etcdemo$r@7be3a837"]
                                        #object[jepsen.etcdemo$w
                                                "0x247d44b4"
                                                "jepsen.etcdemo$w@247d44b4"]
                                        #object[jepsen.etcdemo$cas
                                                "0x640028f2"
                                                "jepsen.etcdemo$cas@640028f2"]]})})})]})})
 :os
 #object[jepsen.os.ubuntu.Ubuntu
         "0x48b744fd"
         "jepsen.os.ubuntu.Ubuntu@48b744fd"]
 :time-limit 60}

2022-08-27 16:27:18,322{GMT}	INFO	[jepsen node localhost] jepsen.os.ubuntu: localhost setting up ubuntu
2022-08-27 16:27:19,080{GMT}	INFO	[jepsen test runner] jepsen.db: Tearing down DB
2022-08-27 16:27:19,081{GMT}	INFO	[jepsen node localhost] jepsen.etcdemo: localhost tearing down etcd
2022-08-27 16:27:19,082{GMT}	INFO	[jepsen node localhost] jepsen.control.util: Stopping etcd
2022-08-27 16:27:19,390{GMT}	INFO	[jepsen test runner] jepsen.db: Setting up DB
2022-08-27 16:27:19,392{GMT}	INFO	[jepsen node localhost] jepsen.etcdemo: localhost installing etcd v3.1.5
2022-08-27 16:27:20,612{GMT}	INFO	[jepsen node localhost] jepsen.control.util: starting etcd
2022-08-27 16:27:30,818{GMT}	INFO	[jepsen test runner] jepsen.core: Relative time begins now
2022-08-27 16:27:30,838{GMT}	INFO	[jepsen worker 0] jepsen.util: 0	:invoke	:cas	[0 0]
2022-08-27 16:27:30,887{GMT}	INFO	[jepsen worker 0] jepsen.util: 0	:fail	:cas	[0 0]	:not-found
2022-08-27 16:27:32,066{GMT}	INFO	[jepsen worker 0] jepsen.util: 0	:invoke	:write	4
2022-08-27 16:27:32,071{GMT}	INFO	[jepsen worker 0] jepsen.util: 0	:ok	:write	4
2022-08-27 16:27:33,848{GMT}	INFO	[jepsen worker 0] jepsen.util: 0	:invoke	:cas	[3 3]
2022-08-27 16:27:33,854{GMT}	INFO	[jepsen worker 0] jepsen.util: 0	:fail	:cas	[3 3]
2022-08-27 16:27:35,663{GMT}	INFO	[jepsen worker 0] jepsen.util: 0	:invoke	:read	nil
2022-08-27 16:27:35,668{GMT}	INFO	[jepsen worker 0] jepsen.util: 0	:ok	:read	4
2022-08-27 16:27:37,110{GMT}	INFO	[jepsen worker 0] jepsen.util: 0	:invoke	:write	3
2022-08-27 16:27:37,115{GMT}	INFO	[jepsen worker 0] jepsen.util: 0	:ok	:write	3
2022-08-27 16:27:37,507{GMT}	INFO	[jepsen worker 0] jepsen.util: 0	:invoke	:cas	[4 4]
2022-08-27 16:27:37,510{GMT}	INFO	[jepsen worker 0] jepsen.util: 0	:fail	:cas	[4 4]
2022-08-27 16:27:38,932{GMT}	INFO	[jepsen worker 0] jepsen.util: 0	:invoke	:read	nil
2022-08-27 16:27:38,936{GMT}	INFO	[jepsen worker 0] jepsen.util: 0	:ok	:read	3
2022-08-27 16:27:39,169{GMT}	INFO	[jepsen worker 0] jepsen.util: 0	:invoke	:cas	[4 4]
2022-08-27 16:27:39,175{GMT}	INFO	[jepsen worker 0] jepsen.util: 0	:fail	:cas	[4 4]
2022-08-27 16:27:40,724{GMT}	INFO	[jepsen worker 0] jepsen.util: 0	:invoke	:write	2
2022-08-27 16:27:40,729{GMT}	INFO	[jepsen worker 0] jepsen.util: 0	:ok	:write	2
2022-08-27 16:27:41,282{GMT}	INFO	[jepsen worker 0] jepsen.util: 0	:invoke	:write	1
2022-08-27 16:27:41,287{GMT}	INFO	[jepsen worker 0] jepsen.util: 0	:ok	:write	1
2022-08-27 16:27:41,749{GMT}	INFO	[jepsen worker 0] jepsen.util: 0	:invoke	:write	4
2022-08-27 16:27:41,754{GMT}	INFO	[jepsen worker 0] jepsen.util: 0	:ok	:write	4
2022-08-27 16:27:43,580{GMT}	INFO	[jepsen worker 0] jepsen.util: 0	:invoke	:read	nil
2022-08-27 16:27:43,584{GMT}	INFO	[jepsen worker 0] jepsen.util: 0	:ok	:read	4
2022-08-27 16:27:45,176{GMT}	INFO	[jepsen worker 0] jepsen.util: 0	:invoke	:read	nil
2022-08-27 16:27:45,180{GMT}	INFO	[jepsen worker 0] jepsen.util: 0	:ok	:read	4
2022-08-27 16:27:45,579{GMT}	INFO	[jepsen worker 0] jepsen.util: 0	:invoke	:write	3
2022-08-27 16:27:45,584{GMT}	INFO	[jepsen worker 0] jepsen.util: 0	:ok	:write	3
2022-08-27 16:27:45,587{GMT}	INFO	[jepsen test runner] jepsen.core: Run complete, writing
2022-08-27 16:27:45,602{GMT}	INFO	[jepsen test runner] jepsen.core: Analyzing...
2022-08-27 16:27:45,624{GMT}	INFO	[jepsen test runner] jepsen.core: Analysis complete
2022-08-27 16:27:45,630{GMT}	INFO	[jepsen results] jepsen.store: Wrote /home/codedump/source/jepsen.etcdemo/store/etcd/20220827T162718.000+0800/results.edn
2022-08-27 16:27:45,631{GMT}	INFO	[jepsen node localhost] jepsen.etcdemo: localhost tearing down etcd
2022-08-27 16:27:45,631{GMT}	INFO	[jepsen node localhost] jepsen.control.util: Stopping etcd
2022-08-27 16:27:45,950{GMT}	INFO	[jepsen test runner] jepsen.core: {:valid? true,
 :configs
 ({:model {:value 3},
   :last-op
   {:process 0,
    :type :ok,
    :f :write,
    :value 3,
    :index 27,
    :time 14766514166},
   :pending []}),
 :analyzer :linear,
 :final-paths ()}


Everything looks good! ヽ(‘ー`)ノ
